<?xml version="1.0" encoding="UTF-8"?><testsuite errors="0" failures="1" name="Login into the application" skipped="0" tests="2" time="61.67" timestamp="2021-09-03 11:32:47"><testcase name="successful login"/><testcase name="failed login"><failure message="&#13;&#10;Expected: an element that is visible&#13;&#10;     but: no matching element found by id: txtDocumentNumber" type="java.lang.AssertionError">&#13;
Expected: an element that is visible&#13;
     but: no matching element found by id: txtDocumentNumber</failure><system-err>&#13;
Expected: an element that is visible&#13;
     but: no matching element found by id: txtDocumentNumber&#13;
serenity.scrennplay@1.0-SNAPSHOT/steps.LoginSD.sends_invalid_document(LoginSD.java:58)&#13;
io.cucumber.java.Invoker.doInvoke(Invoker.java:66)&#13;
io.cucumber.java.Invoker.invoke(Invoker.java:24)&#13;
io.cucumber.java.AbstractGlueDefinition.invokeMethod(AbstractGlueDefinition.java:47)&#13;
io.cucumber.java.JavaStepDefinition.execute(JavaStepDefinition.java:29)&#13;
io.cucumber.core.runner.CoreStepDefinition.execute(CoreStepDefinition.java:66)&#13;
io.cucumber.core.runner.PickleStepDefinitionMatch.runStep(PickleStepDefinitionMatch.java:63)&#13;
io.cucumber.core.runner.TestStep.executeStep(TestStep.java:92)&#13;
io.cucumber.core.runner.TestStep.run(TestStep.java:64)&#13;
io.cucumber.core.runner.PickleStepTestStep.run(PickleStepTestStep.java:51)&#13;
io.cucumber.core.runner.TestCase.run(TestCase.java:104)&#13;
io.cucumber.core.runner.Runner.runPickle(Runner.java:73)&#13;
io.cucumber.junit.FeatureRunner.runChild(FeatureRunner.java:135)&#13;
io.cucumber.junit.FeatureRunner.runChild(FeatureRunner.java:27)&#13;
io.cucumber.junit.CucumberSerenityRunner.runChild(CucumberSerenityRunner.java:258)&#13;
io.cucumber.junit.CucumberSerenityRunner.runChild(CucumberSerenityRunner.java:57)&#13;
</system-err></testcase></testsuite>