<?xml version="1.0" encoding="UTF-8"?>
<testsuite xmlns:xsi="http://www.w3.org/2001/XMLSchema-instance" xsi:noNamespaceSchemaLocation="https://maven.apache.org/surefire/maven-failsafe-plugin/xsd/failsafe-test-report-3.0.xsd" version="3.0" name="Login into the application" time="124.281" tests="3" errors="0" skipped="0" failures="0">
  <properties>
[...]
</properties>
  <testcase name="successful login" classname="Login into the application" time="29.552">
    <system-out><![CDATA[10:55:06.289 [main] DEBUG n.t.c.u.PropertiesFileLocalPreferences - LOADING LOCAL PROPERTIES FROM C:\Users\Usuario\Desktop\AUTOMATIZACIONES\automation-cuponero-v2\serenity.properties 

10:55:06.346 [main] DEBUG n.t.c.u.PropertiesFileLocalPreferences - LOADING LOCAL PROPERTIES FROM C:\Users\Usuario\Desktop\AUTOMATIZACIONES\automation-cuponero-v2\serenity.properties 

10:55:06.346 [main] DEBUG n.t.c.u.PropertiesFileLocalPreferences - LOADING LOCAL PROPERTIES FROM C:\Users\Usuario\Desktop\AUTOMATIZACIONES\automation-cuponero-v2\serenity.properties 

10:55:06.355 [main] DEBUG n.t.c.u.PropertiesFileLocalPreferences - serenity.outputDirectory=src/target/site/reports

10:55:06.355 [main] DEBUG n.t.c.u.PropertiesFileLocalPreferences - serenity.test.root="net.serenitybdd.demos.todos.features"

10:55:06.355 [main] DEBUG n.t.c.u.PropertiesFileLocalPreferences - serenity.project.name="My Special Project"

10:55:06.355 [main] DEBUG n.t.c.u.PropertiesFileLocalPreferences - browserstack.name=[Serenity] Sample Test

10:55:06.355 [main] DEBUG n.t.c.u.PropertiesFileLocalPreferences - serenity.timeouts.fluentwait=10000

10:55:06.355 [main] DEBUG n.t.c.u.PropertiesFileLocalPreferences - chrome_experimental_options.excludeSwitches=enable-automation

10:55:06.355 [main] DEBUG n.t.c.u.PropertiesFileLocalPreferences - environments.PROD.home.page=https://cupomania-qa05.cindibyinkafarma.com/login

10:55:06.355 [main] DEBUG n.t.c.u.PropertiesFileLocalPreferences - serenity.reports.show.step.details=true

10:55:06.355 [main] DEBUG n.t.c.u.PropertiesFileLocalPreferences - webdriver.autodownload=true

10:55:06.356 [main] DEBUG n.t.c.u.PropertiesFileLocalPreferences - chrome_preferences.password_manager_enabled=false

10:55:06.356 [main] DEBUG n.t.c.u.PropertiesFileLocalPreferences - environments.UAT.home.page=https://cupomania-qa05.cindibyinkafarma.com/login

10:55:06.356 [main] DEBUG n.t.c.u.PropertiesFileLocalPreferences - chrome_preferences.profile.default_content_settings.popups=0

10:55:06.356 [main] DEBUG n.t.c.u.PropertiesFileLocalPreferences - serenity.report.show.manual.tests=true

10:55:06.356 [main] DEBUG n.t.c.u.PropertiesFileLocalPreferences - serenity.wait.for.timeout=10000

10:55:06.356 [main] DEBUG n.t.c.u.PropertiesFileLocalPreferences - environments.UAT.home.page1=https://conveniosci04.cindibyinkafarma.com/

10:55:06.356 [main] DEBUG n.t.c.u.PropertiesFileLocalPreferences - firefox.preferences=browser.download.dir=/tmp;browser.helperApps.alwaysAsk.force=false;browser.download.manager.showWhenStarting=false;browser.download.useDownloadDir=true;browser.download.folderList=2;permissions.default.desktop-notification=1

10:55:06.356 [main] DEBUG n.t.c.u.PropertiesFileLocalPreferences - serenity.browser.width=1920

10:55:06.356 [main] DEBUG n.t.c.u.PropertiesFileLocalPreferences - chrome_preferences.profile.default_content_setting_values.notifications=1

10:55:06.356 [main] DEBUG n.t.c.u.PropertiesFileLocalPreferences - serenity.verbose.screenshots.for.tasks=AFTER_EACH_STEP

10:55:06.356 [main] DEBUG n.t.c.u.PropertiesFileLocalPreferences - serenity.max.retries=2

10:55:06.356 [main] DEBUG n.t.c.u.PropertiesFileLocalPreferences - environments.default.home.page=https://cupomania-qa05.cindibyinkafarma.com/login

10:55:06.357 [main] DEBUG n.t.c.u.PropertiesFileLocalPreferences - serenity.take.screenshots.for.tasks=FOR_EACH_ACTION

10:55:06.357 [main] DEBUG n.t.c.u.PropertiesFileLocalPreferences - chrome_experimental_options.useAutomationExtension=false

10:55:06.357 [main] DEBUG n.t.c.u.PropertiesFileLocalPreferences - chrome.switches=--start-maximized;--test-type;--no-sandbox;--ignore-certificate-errors;--disable-popup-blocking;--disable-default-apps;--disable-extensions-file-access-check;--disable-download-notification;--disable-infobars,--disable-gpu

10:55:06.357 [main] DEBUG n.t.c.u.PropertiesFileLocalPreferences - serenity.console.headings=normal

10:55:06.357 [main] DEBUG n.t.c.u.PropertiesFileLocalPreferences - serenity.console.colors=true

10:55:06.357 [main] DEBUG n.t.c.u.PropertiesFileLocalPreferences - serenity.restart.browser.for.each=NEVER

10:55:06.357 [main] DEBUG n.t.c.u.PropertiesFileLocalPreferences - serenity.use.unique.browser=true

10:55:06.357 [main] DEBUG n.t.c.u.PropertiesFileLocalPreferences - serenity.junit.retry.tests=true

10:55:06.358 [main] DEBUG n.t.c.u.PropertiesFileLocalPreferences - chrome_preferences.credentials_enable_service=false

10:55:06.358 [main] DEBUG n.t.c.u.PropertiesFileLocalPreferences - serenity.timeouts.implicitlywait=5000

10:55:06.358 [main] DEBUG n.t.c.u.PropertiesFileLocalPreferences - webdriver.driver=chrome

10:55:06.358 [main] DEBUG n.t.c.u.PropertiesFileLocalPreferences - chrome_preferences.download.default_directory=/my/downloads/

10:55:06.358 [main] DEBUG n.t.c.u.PropertiesFileLocalPreferences - serenity.logging=VERBOSE

10:55:06.358 [main] DEBUG n.t.c.u.PropertiesFileLocalPreferences - serenity.browser.height=1080

10:55:06.358 [main] DEBUG n.t.c.u.PropertiesFileLocalPreferences - environment=UAT

10:55:06.358 [main] DEBUG n.t.c.u.PropertiesFileLocalPreferences - chrome_preferences.profile.default_content_setting_values.geolocation=1

10:55:06.358 [main] DEBUG n.t.c.u.PropertiesFileLocalPreferences - headless.mode=false

10:55:06.694 [main] DEBUG n.t.c.u.PropertiesFileLocalPreferences - LOADING LOCAL PROPERTIES FROM C:\Users\Usuario\Desktop\AUTOMATIZACIONES\automation-cuponero-v2\serenity.properties 

10:55:06.710 [main] DEBUG n.t.c.u.PropertiesFileLocalPreferences - LOADING LOCAL PROPERTIES FROM C:\Users\Usuario\Desktop\AUTOMATIZACIONES\automation-cuponero-v2\serenity.properties 

10:55:06.711 [main] DEBUG n.t.c.u.PropertiesFileLocalPreferences - LOADING LOCAL PROPERTIES FROM C:\Users\Usuario\Desktop\AUTOMATIZACIONES\automation-cuponero-v2\serenity.properties 

10:55:06.711 [main] DEBUG n.t.c.u.PropertiesFileLocalPreferences - serenity.outputDirectory=src/target/site/reports

10:55:06.712 [main] DEBUG n.t.c.u.PropertiesFileLocalPreferences - serenity.test.root="net.serenitybdd.demos.todos.features"

10:55:06.712 [main] DEBUG n.t.c.u.PropertiesFileLocalPreferences - serenity.project.name="My Special Project"

10:55:06.712 [main] DEBUG n.t.c.u.PropertiesFileLocalPreferences - browserstack.name=[Serenity] Sample Test

10:55:06.712 [main] DEBUG n.t.c.u.PropertiesFileLocalPreferences - serenity.timeouts.fluentwait=10000

10:55:06.712 [main] DEBUG n.t.c.u.PropertiesFileLocalPreferences - chrome_experimental_options.excludeSwitches=enable-automation

10:55:06.712 [main] DEBUG n.t.c.u.PropertiesFileLocalPreferences - environments.PROD.home.page=https://cupomania-qa05.cindibyinkafarma.com/login

10:55:06.712 [main] DEBUG n.t.c.u.PropertiesFileLocalPreferences - serenity.reports.show.step.details=true

10:55:06.712 [main] DEBUG n.t.c.u.PropertiesFileLocalPreferences - webdriver.autodownload=true

10:55:06.712 [main] DEBUG n.t.c.u.PropertiesFileLocalPreferences - chrome_preferences.password_manager_enabled=false

10:55:06.712 [main] DEBUG n.t.c.u.PropertiesFileLocalPreferences - environments.UAT.home.page=https://cupomania-qa05.cindibyinkafarma.com/login

10:55:06.712 [main] DEBUG n.t.c.u.PropertiesFileLocalPreferences - chrome_preferences.profile.default_content_settings.popups=0

10:55:06.712 [main] DEBUG n.t.c.u.PropertiesFileLocalPreferences - serenity.report.show.manual.tests=true

10:55:06.713 [main] DEBUG n.t.c.u.PropertiesFileLocalPreferences - serenity.wait.for.timeout=10000

10:55:06.713 [main] DEBUG n.t.c.u.PropertiesFileLocalPreferences - environments.UAT.home.page1=https://conveniosci04.cindibyinkafarma.com/

10:55:06.713 [main] DEBUG n.t.c.u.PropertiesFileLocalPreferences - firefox.preferences=browser.download.dir=/tmp;browser.helperApps.alwaysAsk.force=false;browser.download.manager.showWhenStarting=false;browser.download.useDownloadDir=true;browser.download.folderList=2;permissions.default.desktop-notification=1

10:55:06.713 [main] DEBUG n.t.c.u.PropertiesFileLocalPreferences - serenity.browser.width=1920

10:55:06.713 [main] DEBUG n.t.c.u.PropertiesFileLocalPreferences - chrome_preferences.profile.default_content_setting_values.notifications=1

10:55:06.713 [main] DEBUG n.t.c.u.PropertiesFileLocalPreferences - serenity.verbose.screenshots.for.tasks=AFTER_EACH_STEP

10:55:06.713 [main] DEBUG n.t.c.u.PropertiesFileLocalPreferences - serenity.max.retries=2

10:55:06.713 [main] DEBUG n.t.c.u.PropertiesFileLocalPreferences - environments.default.home.page=https://cupomania-qa05.cindibyinkafarma.com/login

10:55:06.713 [main] DEBUG n.t.c.u.PropertiesFileLocalPreferences - serenity.take.screenshots.for.tasks=FOR_EACH_ACTION

10:55:06.713 [main] DEBUG n.t.c.u.PropertiesFileLocalPreferences - chrome_experimental_options.useAutomationExtension=false

10:55:06.713 [main] DEBUG n.t.c.u.PropertiesFileLocalPreferences - chrome.switches=--start-maximized;--test-type;--no-sandbox;--ignore-certificate-errors;--disable-popup-blocking;--disable-default-apps;--disable-extensions-file-access-check;--disable-download-notification;--disable-infobars,--disable-gpu

10:55:06.713 [main] DEBUG n.t.c.u.PropertiesFileLocalPreferences - serenity.console.headings=normal

10:55:06.713 [main] DEBUG n.t.c.u.PropertiesFileLocalPreferences - serenity.console.colors=true

10:55:06.713 [main] DEBUG n.t.c.u.PropertiesFileLocalPreferences - serenity.restart.browser.for.each=NEVER

10:55:06.713 [main] DEBUG n.t.c.u.PropertiesFileLocalPreferences - serenity.use.unique.browser=true

10:55:06.713 [main] DEBUG n.t.c.u.PropertiesFileLocalPreferences - serenity.junit.retry.tests=true

10:55:06.713 [main] DEBUG n.t.c.u.PropertiesFileLocalPreferences - chrome_preferences.credentials_enable_service=false

10:55:06.714 [main] DEBUG n.t.c.u.PropertiesFileLocalPreferences - serenity.timeouts.implicitlywait=5000

10:55:06.714 [main] DEBUG n.t.c.u.PropertiesFileLocalPreferences - webdriver.driver=chrome

10:55:06.714 [main] DEBUG n.t.c.u.PropertiesFileLocalPreferences - chrome_preferences.download.default_directory=/my/downloads/

10:55:06.714 [main] DEBUG n.t.c.u.PropertiesFileLocalPreferences - serenity.logging=VERBOSE

10:55:06.714 [main] DEBUG n.t.c.u.PropertiesFileLocalPreferences - serenity.browser.height=1080

10:55:06.714 [main] DEBUG n.t.c.u.PropertiesFileLocalPreferences - environment=UAT

10:55:06.714 [main] DEBUG n.t.c.u.PropertiesFileLocalPreferences - chrome_preferences.profile.default_content_setting_values.geolocation=1

10:55:06.714 [main] DEBUG n.t.c.u.PropertiesFileLocalPreferences - headless.mode=false

10:55:06.739 [main] INFO  i.c.core.plugin.SerenityReporter - Running feature from file:///C:/Users/Usuario/Desktop/AUTOMATIZACIONES/automation-cuponero-v2/src/test/resources/features/Coupons/categoryCoupon.feature

10:55:06.862 [main] DEBUG n.t.c.u.PropertiesFileLocalPreferences - LOADING LOCAL PROPERTIES FROM C:\Users\Usuario\Desktop\AUTOMATIZACIONES\automation-cuponero-v2\serenity.properties 

10:55:06.872 [main] DEBUG n.t.c.u.PropertiesFileLocalPreferences - LOADING LOCAL PROPERTIES FROM C:\Users\Usuario\Desktop\AUTOMATIZACIONES\automation-cuponero-v2\serenity.properties 

10:55:06.873 [main] DEBUG n.t.c.u.PropertiesFileLocalPreferences - LOADING LOCAL PROPERTIES FROM C:\Users\Usuario\Desktop\AUTOMATIZACIONES\automation-cuponero-v2\serenity.properties 

10:55:06.873 [main] DEBUG n.t.c.u.PropertiesFileLocalPreferences - serenity.outputDirectory=src/target/site/reports

10:55:06.874 [main] DEBUG n.t.c.u.PropertiesFileLocalPreferences - serenity.test.root="net.serenitybdd.demos.todos.features"

10:55:06.874 [main] DEBUG n.t.c.u.PropertiesFileLocalPreferences - serenity.project.name="My Special Project"

10:55:06.874 [main] DEBUG n.t.c.u.PropertiesFileLocalPreferences - browserstack.name=[Serenity] Sample Test

10:55:06.874 [main] DEBUG n.t.c.u.PropertiesFileLocalPreferences - serenity.timeouts.fluentwait=10000

10:55:06.874 [main] DEBUG n.t.c.u.PropertiesFileLocalPreferences - chrome_experimental_options.excludeSwitches=enable-automation

10:55:06.874 [main] DEBUG n.t.c.u.PropertiesFileLocalPreferences - environments.PROD.home.page=https://cupomania-qa05.cindibyinkafarma.com/login

10:55:06.874 [main] DEBUG n.t.c.u.PropertiesFileLocalPreferences - serenity.reports.show.step.details=true

10:55:06.874 [main] DEBUG n.t.c.u.PropertiesFileLocalPreferences - webdriver.autodownload=true

10:55:06.874 [main] DEBUG n.t.c.u.PropertiesFileLocalPreferences - chrome_preferences.password_manager_enabled=false

10:55:06.874 [main] DEBUG n.t.c.u.PropertiesFileLocalPreferences - environments.UAT.home.page=https://cupomania-qa05.cindibyinkafarma.com/login

10:55:06.874 [main] DEBUG n.t.c.u.PropertiesFileLocalPreferences - chrome_preferences.profile.default_content_settings.popups=0

10:55:06.874 [main] DEBUG n.t.c.u.PropertiesFileLocalPreferences - serenity.report.show.manual.tests=true

10:55:06.874 [main] DEBUG n.t.c.u.PropertiesFileLocalPreferences - serenity.wait.for.timeout=10000

10:55:06.874 [main] DEBUG n.t.c.u.PropertiesFileLocalPreferences - environments.UAT.home.page1=https://conveniosci04.cindibyinkafarma.com/

10:55:06.875 [main] DEBUG n.t.c.u.PropertiesFileLocalPreferences - firefox.preferences=browser.download.dir=/tmp;browser.helperApps.alwaysAsk.force=false;browser.download.manager.showWhenStarting=false;browser.download.useDownloadDir=true;browser.download.folderList=2;permissions.default.desktop-notification=1

10:55:06.875 [main] DEBUG n.t.c.u.PropertiesFileLocalPreferences - serenity.browser.width=1920

10:55:06.875 [main] DEBUG n.t.c.u.PropertiesFileLocalPreferences - chrome_preferences.profile.default_content_setting_values.notifications=1

10:55:06.875 [main] DEBUG n.t.c.u.PropertiesFileLocalPreferences - serenity.verbose.screenshots.for.tasks=AFTER_EACH_STEP

10:55:06.875 [main] DEBUG n.t.c.u.PropertiesFileLocalPreferences - serenity.max.retries=2

10:55:06.875 [main] DEBUG n.t.c.u.PropertiesFileLocalPreferences - environments.default.home.page=https://cupomania-qa05.cindibyinkafarma.com/login

10:55:06.875 [main] DEBUG n.t.c.u.PropertiesFileLocalPreferences - serenity.take.screenshots.for.tasks=FOR_EACH_ACTION

10:55:06.875 [main] DEBUG n.t.c.u.PropertiesFileLocalPreferences - chrome_experimental_options.useAutomationExtension=false

10:55:06.875 [main] DEBUG n.t.c.u.PropertiesFileLocalPreferences - chrome.switches=--start-maximized;--test-type;--no-sandbox;--ignore-certificate-errors;--disable-popup-blocking;--disable-default-apps;--disable-extensions-file-access-check;--disable-download-notification;--disable-infobars,--disable-gpu

10:55:06.875 [main] DEBUG n.t.c.u.PropertiesFileLocalPreferences - serenity.console.headings=normal

10:55:06.875 [main] DEBUG n.t.c.u.PropertiesFileLocalPreferences - serenity.console.colors=true

10:55:06.875 [main] DEBUG n.t.c.u.PropertiesFileLocalPreferences - serenity.restart.browser.for.each=NEVER

10:55:06.875 [main] DEBUG n.t.c.u.PropertiesFileLocalPreferences - serenity.use.unique.browser=true

10:55:06.875 [main] DEBUG n.t.c.u.PropertiesFileLocalPreferences - serenity.junit.retry.tests=true

10:55:06.875 [main] DEBUG n.t.c.u.PropertiesFileLocalPreferences - chrome_preferences.credentials_enable_service=false

10:55:06.875 [main] DEBUG n.t.c.u.PropertiesFileLocalPreferences - serenity.timeouts.implicitlywait=5000

10:55:06.875 [main] DEBUG n.t.c.u.PropertiesFileLocalPreferences - webdriver.driver=chrome

10:55:06.875 [main] DEBUG n.t.c.u.PropertiesFileLocalPreferences - chrome_preferences.download.default_directory=/my/downloads/

10:55:06.875 [main] DEBUG n.t.c.u.PropertiesFileLocalPreferences - serenity.logging=VERBOSE

10:55:06.875 [main] DEBUG n.t.c.u.PropertiesFileLocalPreferences - serenity.browser.height=1080

10:55:06.876 [main] DEBUG n.t.c.u.PropertiesFileLocalPreferences - environment=UAT

10:55:06.876 [main] DEBUG n.t.c.u.PropertiesFileLocalPreferences - chrome_preferences.profile.default_content_setting_values.geolocation=1

10:55:06.876 [main] DEBUG n.t.c.u.PropertiesFileLocalPreferences - headless.mode=false

10:55:06.882 [main] INFO   - &amp#27;[96m

-------------------------------------------------------------------------------------
     _______. _______ .______       _______ .__   __.  __  .___________.____    ____ 
    /       ||   ____||   _  \     |   ____||  \ |  | |  | |           |\   \  /   / 
   |   (----`|  |__   |  |_)  |    |  |__   |   \|  | |  | `---|  |----` \   \/   /  
    \   \    |   __|  |      /     |   __|  |  . `  | |  |     |  |       \_    _/   
.----)   |   |  |____ |  |\  \----.|  |____ |  |\   | |  |     |  |         |  |     
|_______/    |_______|| _| `._____||_______||__| \__| |__|     |__|         |__|    
                                                                                     
 News and tutorials at http://www.serenity-bdd.info                                  
 Documentation at https://wakaleo.gitbooks.io/the-serenity-book/content/             
 Join the Serenity Community on Gitter: https://gitter.im/serenity-bdd/serenity-core 
 Serenity BDD Support and Training at http://serenity-bdd.info/#/trainingandsupport  
-------------------------------------------------------------------------------------
&amp#27;[0m

10:55:06.885 [main] DEBUG n.thucydides.core.steps.StepEventBus - Test suite started for story net.thucydides.core.model.Story@5372edb0

10:55:06.886 [main] INFO   - Test Suite Started: category coupons

10:55:06.900 [main] INFO  i.c.core.plugin.SerenityReporter - Running feature from file:///C:/Users/Usuario/Desktop/AUTOMATIZACIONES/automation-cuponero-v2/src/test/resources/features/Coupons/couponBicanal.feature

10:55:06.904 [main] DEBUG n.thucydides.core.steps.StepEventBus - Test suite started for story net.thucydides.core.model.Story@75f8c307

10:55:06.907 [main] INFO   - Test Suite Started: Coupons

10:55:06.907 [main] INFO  i.c.core.plugin.SerenityReporter - Running feature from file:///C:/Users/Usuario/Desktop/AUTOMATIZACIONES/automation-cuponero-v2/src/test/resources/features/Coupons/couponFlash.feature

10:55:06.911 [main] DEBUG n.thucydides.core.steps.StepEventBus - Test suite started for story net.thucydides.core.model.Story@29deace3

10:55:06.911 [main] INFO   - Test Suite Started: Coupons

10:55:06.912 [main] INFO  i.c.core.plugin.SerenityReporter - Running feature from file:///C:/Users/Usuario/Desktop/AUTOMATIZACIONES/automation-cuponero-v2/src/test/resources/features/Coupons/couponMultiHook.feature

10:55:06.916 [main] DEBUG n.thucydides.core.steps.StepEventBus - Test suite started for story net.thucydides.core.model.Story@74dd7eef

10:55:06.916 [main] INFO   - Test Suite Started: Coupons

10:55:06.916 [main] INFO  i.c.core.plugin.SerenityReporter - Running feature from file:///C:/Users/Usuario/Desktop/AUTOMATIZACIONES/automation-cuponero-v2/src/test/resources/features/Coupons/couponNormal.feature

10:55:06.920 [main] DEBUG n.thucydides.core.steps.StepEventBus - Test suite started for story net.thucydides.core.model.Story@4406e32a

10:55:06.920 [main] INFO   - Test Suite Started: Coupons

10:55:06.920 [main] INFO  i.c.core.plugin.SerenityReporter - Running feature from file:///C:/Users/Usuario/Desktop/AUTOMATIZACIONES/automation-cuponero-v2/src/test/resources/features/Coupons/couponRecommend.feature

10:55:06.924 [main] DEBUG n.thucydides.core.steps.StepEventBus - Test suite started for story net.thucydides.core.model.Story@60a6d5af

10:55:06.924 [main] INFO   - Test Suite Started: Coupons

10:55:06.924 [main] INFO  i.c.core.plugin.SerenityReporter - Running feature from file:///C:/Users/Usuario/Desktop/AUTOMATIZACIONES/automation-cuponero-v2/src/test/resources/features/Coupons/searchCoupon.feature

10:55:06.930 [main] DEBUG n.thucydides.core.steps.StepEventBus - Test suite started for story net.thucydides.core.model.Story@1a5ea4d

10:55:06.930 [main] INFO   - Test Suite Started: Search Coupon

10:55:06.931 [main] INFO  i.c.core.plugin.SerenityReporter - Running feature from file:///C:/Users/Usuario/Desktop/AUTOMATIZACIONES/automation-cuponero-v2/src/test/resources/features/footer/footer.feature

10:55:06.934 [main] DEBUG n.thucydides.core.steps.StepEventBus - Test suite started for story net.thucydides.core.model.Story@5e33f65c

10:55:06.935 [main] INFO   - Test Suite Started: FOOTER

10:55:06.935 [main] INFO  i.c.core.plugin.SerenityReporter - Running feature from file:///C:/Users/Usuario/Desktop/AUTOMATIZACIONES/automation-cuponero-v2/src/test/resources/features/login/login.feature

10:55:06.941 [main] DEBUG n.thucydides.core.steps.StepEventBus - Test suite started for story net.thucydides.core.model.Story@94cad640

10:55:06.941 [main] INFO   - Test Suite Started: Login into the application

10:55:06.941 [main] INFO  i.c.core.plugin.SerenityReporter - Running feature from file:///C:/Users/Usuario/Desktop/AUTOMATIZACIONES/automation-cuponero-v2/src/test/resources/features/update/update.feature

10:55:06.946 [main] DEBUG n.thucydides.core.steps.StepEventBus - Test suite started for story net.thucydides.core.model.Story@877b492e

10:55:06.946 [main] INFO   - Test Suite Started: Update



3
 Scenarios (
&amp#27;[32m3 passed&amp#27;[0m
)

9
 Steps (
&amp#27;[32m9 passed&amp#27;[0m
)

2m
4.497s





10:57:11.234 [main] DEBUG n.t.core.reports.ReportService - Reporting formats: [JSON, HTML]

10:57:11.286 [main] DEBUG n.t.core.reports.ReportService - Reporting formats: [JSON, HTML]

10:57:11.297 [main] DEBUG n.t.core.reports.ReportService - Generating reports for 3 test outcomes using: net.thucydides.core.reports.json.JSONTestOutcomeReporter@66c83fc8

10:57:11.298 [pool-2-thread-1] DEBUG n.t.core.reports.ReportService - Processing test outcome Login into the application:successful login

10:57:11.298 [pool-2-thread-3] DEBUG n.t.core.reports.ReportService - Processing test outcome Login into the application:user not registered

10:57:11.298 [pool-2-thread-2] DEBUG n.t.core.reports.ReportService - Processing test outcome Login into the application:failed login

10:57:11.298 [pool-2-thread-3] INFO  n.t.core.reports.ReportService - net.thucydides.core.reports.json.JSONTestOutcomeReporter@66c83fc8: Generating report for test outcome: Login into the application:user not registered

10:57:11.298 [pool-2-thread-2] INFO  n.t.core.reports.ReportService - net.thucydides.core.reports.json.JSONTestOutcomeReporter@66c83fc8: Generating report for test outcome: Login into the application:failed login

10:57:11.298 [pool-2-thread-1] INFO  n.t.core.reports.ReportService - net.thucydides.core.reports.json.JSONTestOutcomeReporter@66c83fc8: Generating report for test outcome: Login into the application:successful login

10:57:11.301 [pool-2-thread-1] DEBUG n.t.c.r.json.JSONTestOutcomeReporter - Generating JSON report for successful login to file C:\Users\Usuario\Desktop\AUTOMATIZACIONES\automation-cuponero-v2\src\target\site\reports\187298ed932aa665ffb2485ff61c6540ca57808b33fdcdde8e1f508e15f27d8f.json (using temp file C:\Users\Usuario\Desktop\AUTOMATIZACIONES\automation-cuponero-v2\src\target\site\reports\187298ed932aa665ffb2485ff61c6540ca57808b33fdcdde8e1f508e15f27d8f.jsonff966762-2720-4551-89dd-bca64b373690)

10:57:11.301 [pool-2-thread-2] DEBUG n.t.c.r.json.JSONTestOutcomeReporter - Generating JSON report for failed login to file C:\Users\Usuario\Desktop\AUTOMATIZACIONES\automation-cuponero-v2\src\target\site\reports\ab71c13ef555b3593dbf8f9c2b5addc5f41d41145c422119aed1dceb64576d75.json (using temp file C:\Users\Usuario\Desktop\AUTOMATIZACIONES\automation-cuponero-v2\src\target\site\reports\ab71c13ef555b3593dbf8f9c2b5addc5f41d41145c422119aed1dceb64576d75.json76c45736-0e62-4846-be21-72d8a631758a)

10:57:11.301 [pool-2-thread-3] DEBUG n.t.c.r.json.JSONTestOutcomeReporter - Generating JSON report for user not registered to file C:\Users\Usuario\Desktop\AUTOMATIZACIONES\automation-cuponero-v2\src\target\site\reports\d8b9535ca69ca8caf88dc5246d5cfbfae814efb91b5216ec34ba3e1360419100.json (using temp file C:\Users\Usuario\Desktop\AUTOMATIZACIONES\automation-cuponero-v2\src\target\site\reports\d8b9535ca69ca8caf88dc5246d5cfbfae814efb91b5216ec34ba3e1360419100.jsoncc294319-5ce8-41f6-b9de-d4b048e1c504)

10:57:11.330 [pool-2-thread-3] DEBUG n.t.core.reports.ReportService - Processing test outcome Login into the application:user not registered done

10:57:11.331 [pool-2-thread-1] DEBUG n.t.core.reports.ReportService - Processing test outcome Login into the application:successful login done

10:57:11.331 [pool-2-thread-2] DEBUG n.t.core.reports.ReportService - Processing test outcome Login into the application:failed login done

10:57:11.331 [main] DEBUG n.t.core.reports.ReportService - Shutting down executor service

10:57:11.331 [main] DEBUG n.t.core.reports.ReportService - Reports generated in: 34 ms

10:57:11.331 [main] DEBUG n.t.core.reports.ReportService - Generating reports for 3 test outcomes using: net.thucydides.core.reports.html.HtmlAcceptanceTestReporter@2125ad3

10:57:11.331 [pool-3-thread-1] DEBUG n.t.core.reports.ReportService - Processing test outcome Login into the application:successful login

10:57:11.332 [pool-3-thread-1] INFO  n.t.core.reports.ReportService - net.thucydides.core.reports.html.HtmlAcceptanceTestReporter@2125ad3: Generating report for test outcome: Login into the application:successful login

10:57:11.332 [pool-3-thread-2] DEBUG n.t.core.reports.ReportService - Processing test outcome Login into the application:failed login

10:57:11.332 [pool-3-thread-3] DEBUG n.t.core.reports.ReportService - Processing test outcome Login into the application:user not registered

10:57:11.332 [pool-3-thread-2] INFO  n.t.core.reports.ReportService - net.thucydides.core.reports.html.HtmlAcceptanceTestReporter@2125ad3: Generating report for test outcome: Login into the application:failed login

10:57:11.332 [pool-3-thread-3] INFO  n.t.core.reports.ReportService - net.thucydides.core.reports.html.HtmlAcceptanceTestReporter@2125ad3: Generating report for test outcome: Login into the application:user not registered

10:57:11.356 [pool-3-thread-3] DEBUG n.t.c.r.PackageRequirementsTagProvider - Loading requirements from package requirements at: "net.serenitybdd.demos.todos.features"

10:57:11.358 [pool-3-thread-2] DEBUG n.t.c.r.PackageRequirementsTagProvider - Loading requirements from package requirements at: "net.serenitybdd.demos.todos.features"

10:57:11.359 [pool-3-thread-1] DEBUG n.t.c.r.PackageRequirementsTagProvider - Loading requirements from package requirements at: "net.serenitybdd.demos.todos.features"

10:57:11.986 [pool-3-thread-3] DEBUG n.t.c.r.m.cucumber.CucumberParser - Added feature category coupons

10:57:11.986 [pool-3-thread-2] DEBUG n.t.c.r.m.cucumber.CucumberParser - Added feature category coupons

10:57:11.990 [pool-3-thread-2] DEBUG n.t.c.r.m.cucumber.CucumberParser - Added feature Coupons

10:57:11.990 [pool-3-thread-3] DEBUG n.t.c.r.m.cucumber.CucumberParser - Added feature Coupons

10:57:11.991 [pool-3-thread-1] DEBUG n.t.c.r.m.cucumber.CucumberParser - Added feature category coupons

10:57:11.993 [pool-3-thread-3] DEBUG n.t.c.r.m.cucumber.CucumberParser - Added feature Coupons

10:57:11.994 [pool-3-thread-2] DEBUG n.t.c.r.m.cucumber.CucumberParser - Added feature Coupons

10:57:11.995 [pool-3-thread-1] DEBUG n.t.c.r.m.cucumber.CucumberParser - Added feature Coupons

10:57:11.996 [pool-3-thread-3] DEBUG n.t.c.r.m.cucumber.CucumberParser - Added feature Coupons

10:57:11.998 [pool-3-thread-2] DEBUG n.t.c.r.m.cucumber.CucumberParser - Added feature Coupons

10:57:12.000 [pool-3-thread-1] DEBUG n.t.c.r.m.cucumber.CucumberParser - Added feature Coupons

10:57:12.002 [pool-3-thread-3] DEBUG n.t.c.r.m.cucumber.CucumberParser - Added feature Coupons

10:57:12.002 [pool-3-thread-2] DEBUG n.t.c.r.m.cucumber.CucumberParser - Added feature Coupons

10:57:12.004 [pool-3-thread-1] DEBUG n.t.c.r.m.cucumber.CucumberParser - Added feature Coupons

10:57:12.005 [pool-3-thread-3] DEBUG n.t.c.r.m.cucumber.CucumberParser - Added feature Coupons

10:57:12.005 [pool-3-thread-2] DEBUG n.t.c.r.m.cucumber.CucumberParser - Added feature Coupons

10:57:12.008 [pool-3-thread-1] DEBUG n.t.c.r.m.cucumber.CucumberParser - Added feature Coupons

10:57:12.010 [pool-3-thread-3] DEBUG n.t.c.r.m.cucumber.CucumberParser - Added feature Search Coupon

10:57:12.011 [pool-3-thread-2] DEBUG n.t.c.r.m.cucumber.CucumberParser - Added feature Search Coupon

10:57:12.012 [pool-3-thread-1] DEBUG n.t.c.r.m.cucumber.CucumberParser - Added feature Coupons

10:57:12.017 [pool-3-thread-1] DEBUG n.t.c.r.m.cucumber.CucumberParser - Added feature Search Coupon

10:57:12.018 [pool-3-thread-3] DEBUG n.t.c.r.m.cucumber.CucumberParser - Added feature FOOTER

10:57:12.021 [pool-3-thread-2] DEBUG n.t.c.r.m.cucumber.CucumberParser - Added feature FOOTER

10:57:12.026 [pool-3-thread-1] DEBUG n.t.c.r.m.cucumber.CucumberParser - Added feature FOOTER

10:57:12.027 [pool-3-thread-3] DEBUG n.t.c.r.m.cucumber.CucumberParser - Added feature Login into the application

10:57:12.033 [pool-3-thread-2] DEBUG n.t.c.r.m.cucumber.CucumberParser - Added feature Login into the application

10:57:12.035 [pool-3-thread-3] DEBUG n.t.c.r.m.cucumber.CucumberParser - Added feature Update

10:57:12.038 [pool-3-thread-1] DEBUG n.t.c.r.m.cucumber.CucumberParser - Added feature Login into the application

10:57:12.047 [pool-3-thread-2] DEBUG n.t.c.r.m.cucumber.CucumberParser - Added feature Update

10:57:12.054 [pool-3-thread-1] DEBUG n.t.c.r.m.cucumber.CucumberParser - Added feature Update

10:57:12.064 [pool-3-thread-3] DEBUG n.t.c.r.BaseRequirementsService - Requirement found for test outcome user not registered-[]: Optional[Requirement{name='Login into the application', type='feature' parent = 'Login', cardNumber='null'}]

10:57:12.064 [pool-3-thread-2] DEBUG n.t.c.r.BaseRequirementsService - Requirement found for test outcome failed login-[]: Optional[Requirement{name='Login into the application', type='feature' parent = 'Login', cardNumber='null'}]

10:57:12.065 [pool-3-thread-1] DEBUG n.t.c.r.BaseRequirementsService - Requirement found for test outcome successful login-[]: Optional[Requirement{name='Login into the application', type='feature' parent = 'Login', cardNumber='null'}]

10:57:12.068 [pool-3-thread-2] DEBUG n.t.c.r.BaseRequirementsService - Requirement found for test outcome failed login-[]: Optional[Requirement{name='Login into the application', type='feature' parent = 'Login', cardNumber='null'}]

10:57:12.068 [pool-3-thread-1] DEBUG n.t.c.r.BaseRequirementsService - Requirement found for test outcome successful login-[]: Optional[Requirement{name='Login into the application', type='feature' parent = 'Login', cardNumber='null'}]

10:57:12.069 [pool-3-thread-3] DEBUG n.t.c.r.BaseRequirementsService - Requirement found for test outcome user not registered-[]: Optional[Requirement{name='Login into the application', type='feature' parent = 'Login', cardNumber='null'}]

10:57:12.086 [pool-3-thread-2] DEBUG n.t.c.r.BaseRequirementsService - Requirement found for test outcome failed login-[]: Optional[Requirement{name='Login into the application', type='feature' parent = 'Login', cardNumber='null'}]

10:57:12.086 [pool-3-thread-1] DEBUG n.t.c.r.BaseRequirementsService - Requirement found for test outcome successful login-[]: Optional[Requirement{name='Login into the application', type='feature' parent = 'Login', cardNumber='null'}]

10:57:12.087 [pool-3-thread-3] DEBUG n.t.c.r.BaseRequirementsService - Requirement found for test outcome user not registered-[]: Optional[Requirement{name='Login into the application', type='feature' parent = 'Login', cardNumber='null'}]

10:57:12.088 [pool-3-thread-2] DEBUG n.t.c.r.BaseRequirementsService - Requirement found for test outcome failed login-[]: Optional[Requirement{name='Login into the application', type='feature' parent = 'Login', cardNumber='null'}]

10:57:12.088 [pool-3-thread-1] DEBUG n.t.c.r.BaseRequirementsService - Requirement found for test outcome successful login-[]: Optional[Requirement{name='Login into the application', type='feature' parent = 'Login', cardNumber='null'}]

10:57:12.088 [pool-3-thread-3] DEBUG n.t.c.r.BaseRequirementsService - Requirement found for test outcome user not registered-[]: Optional[Requirement{name='Login into the application', type='feature' parent = 'Login', cardNumber='null'}]

10:57:12.090 [pool-3-thread-1] DEBUG serenity.reporting - Generating report in 187298ed932aa665ffb2485ff61c6540ca57808b33fdcdde8e1f508e15f27d8f_screenshots.html

10:57:12.090 [pool-3-thread-3] DEBUG serenity.reporting - Generating report in d8b9535ca69ca8caf88dc5246d5cfbfae814efb91b5216ec34ba3e1360419100_screenshots.html

10:57:12.090 [pool-3-thread-2] DEBUG serenity.reporting - Generating report in ab71c13ef555b3593dbf8f9c2b5addc5f41d41145c422119aed1dceb64576d75_screenshots.html

10:57:12.456 [pool-3-thread-3] DEBUG serenity.reporting - Generated report d8b9535ca69ca8caf88dc5246d5cfbfae814efb91b5216ec34ba3e1360419100_screenshots.html in 366 ms

10:57:12.456 [pool-3-thread-1] DEBUG serenity.reporting - Generated report 187298ed932aa665ffb2485ff61c6540ca57808b33fdcdde8e1f508e15f27d8f_screenshots.html in 366 ms

10:57:12.456 [pool-3-thread-2] DEBUG serenity.reporting - Generated report ab71c13ef555b3593dbf8f9c2b5addc5f41d41145c422119aed1dceb64576d75_screenshots.html in 366 ms

10:57:12.458 [pool-3-thread-2] INFO  serenity.reporting - 
---------------------------
| TEST NAME:   &amp#27;[1mfailed login&amp#27;[0m
| RESULT:      &amp#27;[92mPassing&amp#27;[0m
| REQUIREMENT: Login into the application
| REPORT:      &amp#27;[96mfile:///C:/Users/Usuario/Desktop/AUTOMATIZACIONES/automation-cuponero-v2/src/target/site/reports/ab71c13ef555b3593dbf8f9c2b5addc5f41d41145c422119aed1dceb64576d75.html&amp#27;[0m
---------------------------

10:57:12.458 [pool-3-thread-3] INFO  serenity.reporting - 
----------------------------------
| TEST NAME:   &amp#27;[1muser not registered&amp#27;[0m
| RESULT:      &amp#27;[92mPassing&amp#27;[0m
| REQUIREMENT: Login into the application
| REPORT:      &amp#27;[96mfile:///C:/Users/Usuario/Desktop/AUTOMATIZACIONES/automation-cuponero-v2/src/target/site/reports/d8b9535ca69ca8caf88dc5246d5cfbfae814efb91b5216ec34ba3e1360419100.html&amp#27;[0m
----------------------------------

10:57:12.458 [pool-3-thread-1] INFO  serenity.reporting - 
-------------------------------
| TEST NAME:   &amp#27;[1msuccessful login&amp#27;[0m
| RESULT:      &amp#27;[92mPassing&amp#27;[0m
| REQUIREMENT: Login into the application
| REPORT:      &amp#27;[96mfile:///C:/Users/Usuario/Desktop/AUTOMATIZACIONES/automation-cuponero-v2/src/target/site/reports/187298ed932aa665ffb2485ff61c6540ca57808b33fdcdde8e1f508e15f27d8f.html&amp#27;[0m
-------------------------------

10:57:12.462 [pool-3-thread-3] DEBUG serenity.reporting - Generating report in d8b9535ca69ca8caf88dc5246d5cfbfae814efb91b5216ec34ba3e1360419100.html

10:57:12.462 [pool-3-thread-2] DEBUG serenity.reporting - Generating report in ab71c13ef555b3593dbf8f9c2b5addc5f41d41145c422119aed1dceb64576d75.html

10:57:12.462 [pool-3-thread-1] DEBUG serenity.reporting - Generating report in 187298ed932aa665ffb2485ff61c6540ca57808b33fdcdde8e1f508e15f27d8f.html

10:57:12.795 [pool-3-thread-2] DEBUG serenity.reporting - Generated report ab71c13ef555b3593dbf8f9c2b5addc5f41d41145c422119aed1dceb64576d75.html in 332 ms

10:57:12.795 [pool-3-thread-2] DEBUG n.t.core.reports.ReportService - Processing test outcome Login into the application:failed login done

10:57:12.843 [pool-3-thread-1] DEBUG serenity.reporting - Generated report 187298ed932aa665ffb2485ff61c6540ca57808b33fdcdde8e1f508e15f27d8f.html in 381 ms

10:57:12.844 [pool-3-thread-1] DEBUG n.t.core.reports.ReportService - Processing test outcome Login into the application:successful login done

10:57:12.864 [pool-3-thread-3] DEBUG serenity.reporting - Generated report d8b9535ca69ca8caf88dc5246d5cfbfae814efb91b5216ec34ba3e1360419100.html in 402 ms

10:57:12.864 [pool-3-thread-3] DEBUG n.t.core.reports.ReportService - Processing test outcome Login into the application:user not registered done

10:57:12.864 [main] DEBUG n.t.core.reports.ReportService - Shutting down executor service

10:57:12.865 [main] DEBUG n.t.core.reports.ReportService - Reports generated in: 1533 ms

10:57:13.009 [main] INFO  i.c.core.plugin.SerenityReporter - Cleanup test resources for URI file:///C:/Users/Usuario/Desktop/AUTOMATIZACIONES/automation-cuponero-v2/src/test/resources/features/login/login.feature

10:57:13.010 [main] DEBUG n.s.core.photography.Darkroom - Closing darkroom


@login @loginSuccess
Scenario Outline: successful login        &amp#27;[90m# src/test/resources/features/login/login.feature:16&amp#27;[0m
10:55:07.249 [pool-2-thread-1] INFO  i.c.core.plugin.SerenityReporter - Running feature from file:///C:/Users/Usuario/Desktop/AUTOMATIZACIONES/automation-cuponero-v2/src/test/resources/features/login/login.feature
10:55:07.357 [pool-2-thread-1] INFO   - ----------------
- TEST STARTED -
----------------

successful login(login-into-the-application;successful-login)
----------------
10:55:07.438 [pool-2-thread-1] DEBUG n.t.c.r.m.cucumber.CucumberParser - Added feature category coupons
10:55:07.452 [pool-2-thread-1] DEBUG n.t.c.r.m.cucumber.CucumberParser - Added feature Coupons
10:55:07.457 [pool-2-thread-1] DEBUG n.t.c.r.m.cucumber.CucumberParser - Added feature Coupons
10:55:07.462 [pool-2-thread-1] DEBUG n.t.c.r.m.cucumber.CucumberParser - Added feature Coupons
10:55:07.467 [pool-2-thread-1] DEBUG n.t.c.r.m.cucumber.CucumberParser - Added feature Coupons
10:55:07.471 [pool-2-thread-1] DEBUG n.t.c.r.m.cucumber.CucumberParser - Added feature Coupons
10:55:07.478 [pool-2-thread-1] DEBUG n.t.c.r.m.cucumber.CucumberParser - Added feature Search Coupon
10:55:07.491 [pool-2-thread-1] DEBUG n.t.c.r.m.cucumber.CucumberParser - Added feature FOOTER
10:55:07.505 [pool-2-thread-1] DEBUG n.t.c.r.m.cucumber.CucumberParser - Added feature Login into the application
10:55:07.517 [pool-2-thread-1] DEBUG n.t.c.r.m.cucumber.CucumberParser - Added feature Update
&amp#27;[92m|-- 1: successful login ({number=72209308})&amp#27;[0m
&amp#27;[92m|---- Given User enters the coupon website&amp#27;[0m
&amp#27;[92m|------ User opens the home page&amp#27;[0m
10:55:07.942 [pool-2-thread-1] DEBUG n.t.core.steps.StepInterceptor - STARTING STEP: LoginSD.user_enters_the_coupon_website - !#title
&amp#27;[92m|-------- User opens the home.page page&amp#27;[0m
10:55:07.957 [pool-2-thread-1] DEBUG n.t.core.steps.StepInterceptor - STARTING STEP: LoginSD.user_enters_the_coupon_website - {0} opens the #pageName page
10:55:07.990 [pool-2-thread-1] INFO  n.s.c.w.d.ChromeDriverProvider - Using automatically driver download
10:55:08.257 [pool-2-thread-1] DEBUG i.g.b.wdm.cache.ResolutionCache - Resolution chrome=93 in cache (valid until 11:48:58 08/09/2021 COT)
10:55:08.258 [pool-2-thread-1] DEBUG i.g.b.wdm.cache.ResolutionCache - Resolution chrome93=93.0.4577.15 in cache (valid until 09:48:07 09/09/2021 COT)
10:55:08.259 [pool-2-thread-1] INFO  i.g.bonigarcia.wdm.WebDriverManager - Using chromedriver 93.0.4577.15 (resolved driver for Chrome 93)
10:55:08.265 [pool-2-thread-1] DEBUG i.g.bonigarcia.wdm.WebDriverManager - Driver chromedriver 93.0.4577.15 found in cache
10:55:08.266 [pool-2-thread-1] INFO  i.g.bonigarcia.wdm.WebDriverManager - Exporting webdriver.chrome.driver as C:\Users\Usuario\.cache\selenium\chromedriver\win32\93.0.4577.15\chromedriver.exe
10:55:09.103 [pool-2-thread-1] INFO  n.s.c.w.d.ProvideNewDriver - Instantiating driver
10:55:09.105 [pool-2-thread-1] INFO  n.s.c.w.d.ProvideNewDriver - Driver capabilities: Capabilities {acceptInsecureCerts: false, browserName: chrome, chrome.switches: --start-maximized;--test-ty..., goog:chromeOptions: {args: [--start-maximized, --test-type, --no-sandbox, --ignore-certificate-errors, --disable-popup-blocking, --disable-default-apps, --disable-extensions-file-a..., --disable-download-notifica..., --disable-infobars, --disable-gpu], excludeSwitches: [--enable-automation], extensions: [], prefs: {credentials_enable_service: false, download.default_directory: /my/downloads/, password_manager_enabled: false, profile.default_content_setting_values.geolocation: 1, profile.default_content_setting_values.notifications: 1, profile.default_content_settings.popups: 0}, useAutomationExtension: false}, loggingPrefs: org.openqa.selenium.logging...}
10:55:14.597 [pool-2-thread-1] DEBUG n.s.core.photography.Darkroom - Opening darkroom
10:55:14.598 [Darkroom Processing Line] DEBUG n.s.c.p.DarkroomProcessingLine - Darkroom processing line starting up
10:55:14.987 [pool-2-thread-1] DEBUG n.s.core.photography.Darkroom - Send negative for processing for src\target\site\reports\19e2794d9775e38b09e235fed3a6b814035705e7d389fc8ec9f597f42ce12518.png
10:55:14.988 [Darkroom Processing Line] DEBUG n.s.c.p.DarkroomProcessingLine - Processing screenshot image in /var/screenshots/screenshot-7495270308987207633
10:55:14.988 [Darkroom Processing Line] DEBUG n.s.c.p.DarkroomProcessingLine - Saving screenshot to src\target\site\reports\19e2794d9775e38b09e235fed3a6b814035705e7d389fc8ec9f597f42ce12518.png
10:55:14.990 [pool-2-thread-1] DEBUG n.t.core.steps.StepInterceptor - STEP DONE: {0} opens the #pageName page
10:55:14.998 [pool-2-thread-1] DEBUG n.t.core.steps.StepInterceptor - STEP DONE: !#title
  &amp#27;[32mGiven &amp#27;[0m&amp#27;[32m&amp#27;[0m&amp#27;[32m&amp#27;[1mUser&amp#27;[0m&amp#27;[32m enters the coupon website&amp#27;[0m    &amp#27;[90m# steps.LoginSD.user_enters_the_coupon_website(net.serenitybdd.screenplay.Actor)&amp#27;[0m
10:55:25.443 [pool-2-thread-1] DEBUG n.s.core.photography.Darkroom - Send negative for processing for src\target\site\reports\1737397d82c02ac8ba947e270809f9981644762f315f523aee79a2f4bf0579f5.png
10:55:25.443 [Darkroom Processing Line] DEBUG n.s.c.p.DarkroomProcessingLine - Processing screenshot image in /var/screenshots/screenshot-17136226283554897632
10:55:25.443 [Darkroom Processing Line] DEBUG n.s.c.p.DarkroomProcessingLine - Saving screenshot to src\target\site\reports\1737397d82c02ac8ba947e270809f9981644762f315f523aee79a2f4bf0579f5.png
&amp#27;[92m|---- When sends number document 72209308&amp#27;[0m
&amp#27;[92m|------ Login&amp#27;[0m
10:55:25.488 [pool-2-thread-1] DEBUG n.t.core.steps.StepInterceptor - STARTING STEP: LoginSD.sends_number_document - !#title
10:55:25.494 [pool-2-thread-1] DEBUG n.s.s.targets.IFrameSwitcher - default content already selected for Input de numero de documento
10:55:26.005 [pool-2-thread-1] DEBUG n.s.core.photography.Darkroom - Send negative for processing for src\target\site\reports\1737397d82c02ac8ba947e270809f9981644762f315f523aee79a2f4bf0579f5.png
&amp#27;[92m|-------- User enters '72209308' into Input de numero de documento&amp#27;[0m
10:55:26.005 [pool-2-thread-1] DEBUG n.t.core.steps.StepInterceptor - STARTING STEP: LoginSD.sends_number_document - {0} enters #theTextAsAString into #target
10:55:26.006 [pool-2-thread-1] DEBUG n.s.s.targets.IFrameSwitcher - default content already selected for Input de numero de documento
10:55:26.692 [pool-2-thread-1] DEBUG n.s.core.photography.Darkroom - Send negative for processing for src\target\site\reports\1860514a9e69c31c6b3724a4b746ca62f4615405e578c58b93f1e116be47cfe1.png
10:55:26.693 [pool-2-thread-1] DEBUG n.t.core.steps.StepInterceptor - STEP DONE: {0} enters #theTextAsAString into #target
10:55:26.693 [Darkroom Processing Line] DEBUG n.s.c.p.DarkroomProcessingLine - Processing screenshot image in /var/screenshots/screenshot-7587575793465104694
10:55:26.693 [Darkroom Processing Line] DEBUG n.s.c.p.DarkroomProcessingLine - Saving screenshot to src\target\site\reports\1860514a9e69c31c6b3724a4b746ca62f4615405e578c58b93f1e116be47cfe1.png
10:55:26.694 [pool-2-thread-1] DEBUG n.s.s.targets.IFrameSwitcher - default content already selected for Boton ingresar
10:55:27.257 [pool-2-thread-1] DEBUG n.s.core.photography.Darkroom - Send negative for processing for src\target\site\reports\d1c29103728cf01a335fd670a4d6346cf90b43e4d632139f92f1a5a9580828e7.png
&amp#27;[92m|-------- User clicks on Boton ingresar&amp#27;[0m
10:55:27.258 [Darkroom Processing Line] DEBUG n.s.c.p.DarkroomProcessingLine - Processing screenshot image in /var/screenshots/screenshot-17064508869758768561
10:55:27.258 [Darkroom Processing Line] DEBUG n.s.c.p.DarkroomProcessingLine - Saving screenshot to src\target\site\reports\d1c29103728cf01a335fd670a4d6346cf90b43e4d632139f92f1a5a9580828e7.png
10:55:27.258 [pool-2-thread-1] DEBUG n.t.core.steps.StepInterceptor - STARTING STEP: LoginSD.sends_number_document - {0} clicks on #target
10:55:27.259 [pool-2-thread-1] DEBUG n.s.s.targets.IFrameSwitcher - default content already selected for Boton ingresar
10:55:27.923 [pool-2-thread-1] DEBUG n.s.core.photography.Darkroom - Send negative for processing for src\target\site\reports\6435e20da5ed62a5d28f9e3594bc3acc13e41b963d33289db01ff7048b648707.png
10:55:27.924 [pool-2-thread-1] DEBUG n.t.core.steps.StepInterceptor - STEP DONE: {0} clicks on #target
10:55:27.924 [Darkroom Processing Line] DEBUG n.s.c.p.DarkroomProcessingLine - Processing screenshot image in /var/screenshots/screenshot-15249037095565420209
10:55:27.924 [Darkroom Processing Line] DEBUG n.s.c.p.DarkroomProcessingLine - Saving screenshot to src\target\site\reports\6435e20da5ed62a5d28f9e3594bc3acc13e41b963d33289db01ff7048b648707.png
10:55:27.925 [pool-2-thread-1] DEBUG n.s.s.targets.IFrameSwitcher - default content already selected for NOMBRE DEL CLIENTE
10:55:29.612 [pool-2-thread-1] DEBUG n.s.core.photography.Darkroom - Send negative for processing for src\target\site\reports\84cea541ea485e9c7446a174c9ab8522b709ff7bb700cdc24a16cfa114887228.png
10:55:29.613 [pool-2-thread-1] DEBUG n.t.core.steps.StepInterceptor - STEP DONE: !#title
10:55:29.613 [Darkroom Processing Line] DEBUG n.s.c.p.DarkroomProcessingLine - Processing screenshot image in /var/screenshots/screenshot-13862280458540077858
10:55:29.613 [Darkroom Processing Line] DEBUG n.s.c.p.DarkroomProcessingLine - Saving screenshot to src\target\site\reports\84cea541ea485e9c7446a174c9ab8522b709ff7bb700cdc24a16cfa114887228.png
  &amp#27;[32mWhen &amp#27;[0m&amp#27;[32msends number document &amp#27;[0m&amp#27;[32m&amp#27;[1m72209308&amp#27;[0m     &amp#27;[90m# steps.LoginSD.sends_number_document(java.lang.String)&amp#27;[0m
&amp#27;[92m|---- Then should be able to view her coupons&amp#27;[0m
10:55:29.622 [pool-2-thread-1] DEBUG n.s.s.targets.IFrameSwitcher - default content already selected for NOMBRE DEL CLIENTE
****MENSAJE DE BIENVENIDA*****:¡Hola Jose!
10:55:30.066 [pool-2-thread-1] DEBUG n.s.core.photography.Darkroom - Send negative for processing for src\target\site\reports\3a19d29c71ee516f1dff52044d8bfc7378edafbb796e970283d5602660c771ed.png
&amp#27;[92m|------ Then MENSAJE DE BIENVENIDA should be Predicates.equalTo(&iexcl;Hola Jose!)&amp#27;[0m
10:55:30.067 [Darkroom Processing Line] DEBUG n.s.c.p.DarkroomProcessingLine - Processing screenshot image in /var/screenshots/screenshot-15333751387542698474
10:55:30.067 [Darkroom Processing Line] DEBUG n.s.c.p.DarkroomProcessingLine - Saving screenshot to src\target\site\reports\3a19d29c71ee516f1dff52044d8bfc7378edafbb796e970283d5602660c771ed.png
10:55:30.068 [pool-2-thread-1] DEBUG n.s.s.targets.IFrameSwitcher - default content already selected for NOMBRE DEL CLIENTE
10:55:30.469 [pool-2-thread-1] DEBUG n.s.core.photography.Darkroom - Send negative for processing for src\target\site\reports\d009c3365989559dbc9a2742945cf967dccc45b3795d62079ed256ce98eb555f.png
10:55:30.470 [Darkroom Processing Line] DEBUG n.s.c.p.DarkroomProcessingLine - Processing screenshot image in /var/screenshots/screenshot-2269690801030356075
10:55:30.470 [Darkroom Processing Line] DEBUG n.s.c.p.DarkroomProcessingLine - Saving screenshot to src\target\site\reports\d009c3365989559dbc9a2742945cf967dccc45b3795d62079ed256ce98eb555f.png
10:55:35.684 [pool-2-thread-1] DEBUG n.s.core.photography.Darkroom - Send negative for processing for src\target\site\reports\8a0d7ba63ecf082c066115935c6e92fcab72aa5f790c380ae2385efc4edc8ec6.png
&amp#27;[92m|------ cerrar sesion&amp#27;[0m
10:55:35.685 [Darkroom Processing Line] DEBUG n.s.c.p.DarkroomProcessingLine - Processing screenshot image in /var/screenshots/screenshot-11616867636599389690
10:55:35.685 [Darkroom Processing Line] DEBUG n.s.c.p.DarkroomProcessingLine - Saving screenshot to src\target\site\reports\8a0d7ba63ecf082c066115935c6e92fcab72aa5f790c380ae2385efc4edc8ec6.png
10:55:35.685 [pool-2-thread-1] DEBUG n.t.core.steps.StepInterceptor - STARTING STEP: LoginSD.should_be_able_to_view_her_coupons - !#title
10:55:35.689 [pool-2-thread-1] DEBUG n.s.s.targets.IFrameSwitcher - default content already selected for Cerrar sesion
10:55:36.030 [pool-2-thread-1] DEBUG n.s.core.photography.Darkroom - Send negative for processing for src\target\site\reports\c5a65371ea97e1040eb108c1a420d8b6dcf138a421d5812c886c13ac5bc11197.png
&amp#27;[92m|-------- User clicks on Cerrar sesion&amp#27;[0m
10:55:36.030 [Darkroom Processing Line] DEBUG n.s.c.p.DarkroomProcessingLine - Processing screenshot image in /var/screenshots/screenshot-3709663146893308406
10:55:36.030 [Darkroom Processing Line] DEBUG n.s.c.p.DarkroomProcessingLine - Saving screenshot to src\target\site\reports\c5a65371ea97e1040eb108c1a420d8b6dcf138a421d5812c886c13ac5bc11197.png
10:55:36.030 [pool-2-thread-1] DEBUG n.t.core.steps.StepInterceptor - STARTING STEP: LoginSD.should_be_able_to_view_her_coupons - {0} clicks on #target
10:55:36.030 [pool-2-thread-1] DEBUG n.s.s.targets.IFrameSwitcher - default content already selected for Cerrar sesion
10:55:36.392 [pool-2-thread-1] DEBUG n.s.core.photography.Darkroom - Send negative for processing for src\target\site\reports\9e2f03dad285fe88b82dadc6b72845f6e024aa13f93e6ea8c5963b57e5ca7d17.png
10:55:36.393 [pool-2-thread-1] DEBUG n.t.core.steps.StepInterceptor - STEP DONE: {0} clicks on #target
10:55:36.393 [Darkroom Processing Line] DEBUG n.s.c.p.DarkroomProcessingLine - Processing screenshot image in /var/screenshots/screenshot-2561476094779485074
10:55:36.393 [Darkroom Processing Line] DEBUG n.s.c.p.DarkroomProcessingLine - Saving screenshot to src\target\site\reports\9e2f03dad285fe88b82dadc6b72845f6e024aa13f93e6ea8c5963b57e5ca7d17.png
10:55:36.396 [pool-2-thread-1] DEBUG n.t.core.steps.StepInterceptor - STEP DONE: !#title
  &amp#27;[32mThen &amp#27;[0m&amp#27;[32mshould be able to view her coupons&amp#27;[0m &amp#27;[90m# steps.LoginSD.should_be_able_to_view_her_coupons()&amp#27;[0m
10:55:36.499 [pool-2-thread-1] INFO   - &amp#27;[92m---------------
- TEST PASSED -
---------------

successful login
---------------&amp#27;[0m
10:55:36.743 [Darkroom Processing Line] DEBUG n.s.c.p.DarkroomProcessingLine - Processing screenshot image in /var/screenshots/screenshot-14909615778655781890
10:55:36.743 [Darkroom Processing Line] DEBUG n.s.c.p.DarkroomProcessingLine - Saving screenshot to src\target\site\reports\c8910fb8130b83d3baf03e97784abc3e7d6c10ace1c97bbe5c7954f3aed8459c.png
10:55:40.936 [Darkroom Processing Line] DEBUG n.s.c.p.DarkroomProcessingLine - Processing screenshot image in /var/screenshots/screenshot-14075135232905603028
10:55:40.937 [Darkroom Processing Line] DEBUG n.s.c.p.DarkroomProcessingLine - Saving screenshot to src\target\site\reports\1ff05398ca0f317f45b1331f2a3d6e8fa258560251c13f1c2a6cde5ef6b0dfde.png
10:55:52.163 [Darkroom Processing Line] DEBUG n.s.c.p.DarkroomProcessingLine - Processing screenshot image in /var/screenshots/screenshot-915157538440849687
10:55:52.163 [Darkroom Processing Line] DEBUG n.s.c.p.DarkroomProcessingLine - Saving screenshot to src\target\site\reports\01e37db300d0a790c849478d797b93b859b8f5374bf74cfec32683f3b06f0a19.png
10:56:04.044 [Darkroom Processing Line] DEBUG n.s.c.p.DarkroomProcessingLine - Processing screenshot image in /var/screenshots/screenshot-601544810344463759
10:56:04.044 [Darkroom Processing Line] DEBUG n.s.c.p.DarkroomProcessingLine - Saving screenshot to src\target\site\reports\0ae9e8dda9ce6710a231ba90b6bde5c44f6459600584e9778000b51e3a8b5240.png
10:56:17.487 [Darkroom Processing Line] DEBUG n.s.c.p.DarkroomProcessingLine - Processing screenshot image in /var/screenshots/screenshot-12052060466459877670
10:56:17.487 [Darkroom Processing Line] DEBUG n.s.c.p.DarkroomProcessingLine - Saving screenshot to src\target\site\reports\879622f925fe2e81030fcea4b18b83377c99403c3884656604904e7570a25bc4.png
10:57:13.010 [Darkroom Processing Line] DEBUG n.s.c.p.DarkroomProcessingLine - Darkroom processing line shutting down
]]></system-out>
    <system-err><![CDATA[Starting ChromeDriver 93.0.4577.15 (660fc11082ba57405eca2e8c49c3e1af756fbfae-refs/branch-heads/4577@{#203}) on port 17540
Only local connections are allowed.
Please see https://chromedriver.chromium.org/security-considerations for suggestions on keeping ChromeDriver safe.
ChromeDriver was started successfully.
[1631116509.391][WARNING]: Deprecated chrome option is ignored: useAutomationExtension
[1631116509.391][WARNING]: Deprecated chrome option is ignored: useAutomationExtension
set. 08, 2021 10:55:09 A. M. org.openqa.selenium.remote.ProtocolHandshake createSession
INFO: Detected dialect: W3C
]]></system-err>
  </testcase>
  <testcase name="failed login" classname="Login into the application" time="26.524">
    <system-out><![CDATA[
@login @loginFailed
Scenario Outline: failed login             &amp#27;[90m# src/test/resources/features/login/login.feature:25&amp#27;[0m
10:55:36.505 [pool-2-thread-1] INFO  i.c.core.plugin.SerenityReporter - Running feature from file:///C:/Users/Usuario/Desktop/AUTOMATIZACIONES/automation-cuponero-v2/src/test/resources/features/login/login.feature
10:55:36.507 [pool-2-thread-1] INFO   - ----------------
- TEST STARTED -
----------------

failed login(login-into-the-application;failed-login)
----------------
10:55:36.743 [pool-2-thread-1] DEBUG n.s.core.photography.Darkroom - Send negative for processing for src\target\site\reports\c8910fb8130b83d3baf03e97784abc3e7d6c10ace1c97bbe5c7954f3aed8459c.png
&amp#27;[92m|-- 1: failed login ({number=000000})&amp#27;[0m
&amp#27;[92m|---- Given User enters the coupon website&amp#27;[0m
&amp#27;[92m|------ User opens the home page&amp#27;[0m
10:55:36.761 [pool-2-thread-1] DEBUG n.t.core.steps.StepInterceptor - STARTING STEP: LoginSD.user_enters_the_coupon_website - !#title
&amp#27;[92m|-------- User opens the home.page page&amp#27;[0m
10:55:36.768 [pool-2-thread-1] DEBUG n.t.core.steps.StepInterceptor - STARTING STEP: LoginSD.user_enters_the_coupon_website - {0} opens the #pageName page
10:55:40.936 [pool-2-thread-1] DEBUG n.s.core.photography.Darkroom - Send negative for processing for src\target\site\reports\1ff05398ca0f317f45b1331f2a3d6e8fa258560251c13f1c2a6cde5ef6b0dfde.png
10:55:40.936 [pool-2-thread-1] DEBUG n.t.core.steps.StepInterceptor - STEP DONE: {0} opens the #pageName page
10:55:40.940 [pool-2-thread-1] DEBUG n.t.core.steps.StepInterceptor - STEP DONE: !#title
  &amp#27;[32mGiven &amp#27;[0m&amp#27;[32m&amp#27;[0m&amp#27;[32m&amp#27;[1mUser&amp#27;[0m&amp#27;[32m enters the coupon website&amp#27;[0m     &amp#27;[90m# steps.LoginSD.user_enters_the_coupon_website(net.serenitybdd.screenplay.Actor)&amp#27;[0m
10:55:51.209 [pool-2-thread-1] DEBUG n.s.core.photography.Darkroom - Send negative for processing for src\target\site\reports\e701afa4b5490f207803e5332c0990082c79d96eab53ccd6a2e3c042b27a763e.png
&amp#27;[92m|---- When sends invalid document 000000&amp#27;[0m
&amp#27;[92m|------ login invalid&amp#27;[0m
10:55:51.216 [pool-2-thread-1] DEBUG n.t.core.steps.StepInterceptor - STARTING STEP: LoginSD.sends_invalid_document - !#title
10:55:51.217 [pool-2-thread-1] DEBUG n.s.s.targets.IFrameSwitcher - default content already selected for Input de numero de documento
10:55:51.618 [pool-2-thread-1] DEBUG n.s.core.photography.Darkroom - Send negative for processing for src\target\site\reports\e701afa4b5490f207803e5332c0990082c79d96eab53ccd6a2e3c042b27a763e.png
&amp#27;[92m|-------- User enters '000000' into Input de numero de documento&amp#27;[0m
10:55:51.619 [pool-2-thread-1] DEBUG n.t.core.steps.StepInterceptor - STARTING STEP: LoginSD.sends_invalid_document - {0} enters #theTextAsAString into #target
10:55:51.620 [pool-2-thread-1] DEBUG n.s.s.targets.IFrameSwitcher - default content already selected for Input de numero de documento
10:55:52.163 [pool-2-thread-1] DEBUG n.s.core.photography.Darkroom - Send negative for processing for src\target\site\reports\01e37db300d0a790c849478d797b93b859b8f5374bf74cfec32683f3b06f0a19.png
10:55:52.163 [pool-2-thread-1] DEBUG n.t.core.steps.StepInterceptor - STEP DONE: {0} enters #theTextAsAString into #target
10:55:52.166 [pool-2-thread-1] DEBUG n.t.core.steps.StepInterceptor - STEP DONE: !#title
  &amp#27;[32mWhen &amp#27;[0m&amp#27;[32msends invalid document &amp#27;[0m&amp#27;[32m&amp#27;[1m000000&amp#27;[0m       &amp#27;[90m# steps.LoginSD.sends_invalid_document(java.lang.String)&amp#27;[0m
10:56:02.556 [pool-2-thread-1] DEBUG n.s.core.photography.Darkroom - Send negative for processing for src\target\site\reports\71fd6604a6147cb37f36de4bd15691e6d97826d7e3754306f673306586568960.png
&amp#27;[92m|---- Then should be able to see error message&amp#27;[0m
10:56:02.559 [pool-2-thread-1] DEBUG n.s.s.targets.IFrameSwitcher - default content already selected for Número de documento inválido
****MENSAJE DE ERROR*****:Número de documento inválido
10:56:02.982 [pool-2-thread-1] DEBUG n.s.core.photography.Darkroom - Send negative for processing for src\target\site\reports\02c5f5b25f888f3404b3b2fa34249f7fe2306b463ac41d52a2f8c4975fa14e52.png
&amp#27;[92m|------ Then MENSAJE DE ERROR should be Predicates.equalTo(N&uacute;mero de documento inv&aacute;lido)&amp#27;[0m
10:56:02.983 [pool-2-thread-1] DEBUG n.s.s.targets.IFrameSwitcher - default content already selected for Número de documento inválido
  &amp#27;[32mThen &amp#27;[0m&amp#27;[32mshould be able to see error message&amp#27;[0m &amp#27;[90m# steps.LoginSD.should_be_able_to_see_error_message()&amp#27;[0m
10:56:03.026 [pool-2-thread-1] INFO   - &amp#27;[92m---------------
- TEST PASSED -
---------------

failed login
---------------&amp#27;[0m
]]></system-out>
  </testcase>
  <testcase name="user not registered" classname="Login into the application" time="68.205">
    <system-out><![CDATA[
@login @userNotRegistered
Scenario Outline: user not registered               &amp#27;[90m# src/test/resources/features/login/login.feature:36&amp#27;[0m
10:56:03.030 [pool-2-thread-1] INFO  i.c.core.plugin.SerenityReporter - Running feature from file:///C:/Users/Usuario/Desktop/AUTOMATIZACIONES/automation-cuponero-v2/src/test/resources/features/login/login.feature
10:56:03.031 [pool-2-thread-1] INFO   - ----------------
- TEST STARTED -
----------------

user not registered(login-into-the-application;user-not-registered)
----------------
10:56:03.411 [pool-2-thread-1] DEBUG n.s.core.photography.Darkroom - Send negative for processing for src\target\site\reports\71fd6604a6147cb37f36de4bd15691e6d97826d7e3754306f673306586568960.png
&amp#27;[92m|-- 1: user not registered ({number=00447711})&amp#27;[0m
&amp#27;[92m|---- Given User enters the coupon website&amp#27;[0m
&amp#27;[92m|------ User opens the home page&amp#27;[0m
10:56:03.420 [pool-2-thread-1] DEBUG n.t.core.steps.StepInterceptor - STARTING STEP: LoginSD.user_enters_the_coupon_website - !#title
&amp#27;[92m|-------- User opens the home.page page&amp#27;[0m
10:56:03.425 [pool-2-thread-1] DEBUG n.t.core.steps.StepInterceptor - STARTING STEP: LoginSD.user_enters_the_coupon_website - {0} opens the #pageName page
10:56:04.044 [pool-2-thread-1] DEBUG n.s.core.photography.Darkroom - Send negative for processing for src\target\site\reports\0ae9e8dda9ce6710a231ba90b6bde5c44f6459600584e9778000b51e3a8b5240.png
10:56:04.044 [pool-2-thread-1] DEBUG n.t.core.steps.StepInterceptor - STEP DONE: {0} opens the #pageName page
10:56:04.049 [pool-2-thread-1] DEBUG n.t.core.steps.StepInterceptor - STEP DONE: !#title
  &amp#27;[32mGiven &amp#27;[0m&amp#27;[32m&amp#27;[0m&amp#27;[32m&amp#27;[1mUser&amp#27;[0m&amp#27;[32m enters the coupon website&amp#27;[0m              &amp#27;[90m# steps.LoginSD.user_enters_the_coupon_website(net.serenitybdd.screenplay.Actor)&amp#27;[0m
10:56:14.331 [pool-2-thread-1] DEBUG n.s.core.photography.Darkroom - Send negative for processing for src\target\site\reports\e701afa4b5490f207803e5332c0990082c79d96eab53ccd6a2e3c042b27a763e.png
&amp#27;[92m|---- When sends  document 00447711&amp#27;[0m
&amp#27;[92m|------ user no registred&amp#27;[0m
10:56:14.345 [pool-2-thread-1] DEBUG n.t.core.steps.StepInterceptor - STARTING STEP: LoginSD.sends_document - !#title
10:56:14.346 [pool-2-thread-1] DEBUG n.s.s.targets.IFrameSwitcher - default content already selected for Input de numero de documento
10:56:14.767 [pool-2-thread-1] DEBUG n.s.core.photography.Darkroom - Send negative for processing for src\target\site\reports\e701afa4b5490f207803e5332c0990082c79d96eab53ccd6a2e3c042b27a763e.png
&amp#27;[92m|-------- User enters '00447711' into Input de numero de documento&amp#27;[0m
10:56:14.768 [pool-2-thread-1] DEBUG n.t.core.steps.StepInterceptor - STARTING STEP: LoginSD.sends_document - {0} enters #theTextAsAString into #target
10:56:14.769 [pool-2-thread-1] DEBUG n.s.s.targets.IFrameSwitcher - default content already selected for Input de numero de documento
10:56:15.346 [pool-2-thread-1] DEBUG n.s.core.photography.Darkroom - Send negative for processing for src\target\site\reports\2b2bb5b6da1b326ee3430385da8dba2b023464e3b06151cb38b50879f25ad9b5.png
10:56:15.347 [pool-2-thread-1] DEBUG n.t.core.steps.StepInterceptor - STEP DONE: {0} enters #theTextAsAString into #target
10:56:15.348 [pool-2-thread-1] DEBUG n.s.s.targets.IFrameSwitcher - default content already selected for Boton ingresar
10:56:15.733 [pool-2-thread-1] DEBUG n.s.core.photography.Darkroom - Send negative for processing for src\target\site\reports\2b2bb5b6da1b326ee3430385da8dba2b023464e3b06151cb38b50879f25ad9b5.png
&amp#27;[92m|-------- User clicks on Boton ingresar&amp#27;[0m
10:56:15.733 [pool-2-thread-1] DEBUG n.t.core.steps.StepInterceptor - STARTING STEP: LoginSD.sends_document - {0} clicks on #target
10:56:15.733 [pool-2-thread-1] DEBUG n.s.s.targets.IFrameSwitcher - default content already selected for Boton ingresar
10:56:16.209 [pool-2-thread-1] DEBUG n.s.core.photography.Darkroom - Send negative for processing for src\target\site\reports\057da4e177a20849f279465317f77d4aba2e2c4b60a85387f0b64dcea914cca3.png
10:56:16.209 [pool-2-thread-1] DEBUG n.t.core.steps.StepInterceptor - STEP DONE: {0} clicks on #target
10:56:16.210 [pool-2-thread-1] DEBUG n.s.s.targets.IFrameSwitcher - default content already selected for MODAL DE REGISTRO A CUPONERO
10:56:17.486 [pool-2-thread-1] DEBUG n.s.core.photography.Darkroom - Send negative for processing for src\target\site\reports\879622f925fe2e81030fcea4b18b83377c99403c3884656604904e7570a25bc4.png
&amp#27;[92m|-------- User clicks on Link de registro a cuponero&amp#27;[0m
10:56:17.487 [pool-2-thread-1] DEBUG n.t.core.steps.StepInterceptor - STARTING STEP: LoginSD.sends_document - {0} clicks on #target
10:56:17.487 [pool-2-thread-1] DEBUG n.s.s.targets.IFrameSwitcher - default content already selected for Link de registro a cuponero
10:56:17.923 [pool-2-thread-1] DEBUG n.s.core.photography.Darkroom - Send negative for processing for src\target\site\reports\4b631f1437d64b0a4b866b57470534d359a2daa39d5e45ac0602bb9aca821016.png
10:56:17.924 [pool-2-thread-1] DEBUG n.t.core.steps.StepInterceptor - STEP DONE: {0} clicks on #target
10:56:17.926 [pool-2-thread-1] DEBUG n.t.core.steps.StepInterceptor - STEP DONE: !#title
  &amp#27;[32mWhen &amp#27;[0m&amp#27;[32msends  document &amp#27;[0m&amp#27;[32m&amp#27;[1m00447711&amp#27;[0m                     &amp#27;[90m# steps.LoginSD.sends_document(java.lang.String)&amp#27;[0m
&amp#27;[92m|---- Then should be able to see the registration modal&amp#27;[0m
10:56:17.931 [pool-2-thread-1] DEBUG n.s.s.targets.IFrameSwitcher - default content already selected for MODAL DE REGISTRO A CUPONERO
******DESCRIPCION DE MODAL DE REGISTRO************:Para ver tus cupones, debes ser Socio del Monedero del Ahorro. Ingresa a Registro de afiliación para afiliarte.
10:56:18.248 [pool-2-thread-1] DEBUG n.s.core.photography.Darkroom - Send negative for processing for src\target\site\reports\4b631f1437d64b0a4b866b57470534d359a2daa39d5e45ac0602bb9aca821016.png
&amp#27;[92m|------ Then DESCRIPCION MODAL DE REGISTRO***** should be Predicates.equalTo(Para ver tus cupones, debes ser Socio del Monedero del Ahorro. Ingresa a Registro de afiliaci&oacute;n para afiliarte.)&amp#27;[0m
10:56:18.249 [pool-2-thread-1] DEBUG n.s.s.targets.IFrameSwitcher - default content already selected for MODAL DE REGISTRO A CUPONERO
10:56:23.564 [pool-2-thread-1] DEBUG n.s.core.photography.Darkroom - Send negative for processing for src\target\site\reports\b139bd8ac8a7324e4aefc0eb250f3b6dbad63138c16aef0cc62f4144ab98e7ff.png
&amp#27;[92m|------ User switches to new window&amp#27;[0m
10:56:23.564 [pool-2-thread-1] DEBUG n.t.core.steps.StepInterceptor - STARTING STEP: LoginSD.should_be_able_to_see_the_registration_modal - {0} switches to new window
10:56:23.576 [pool-2-thread-1] DEBUG n.s.s.actions.SwitchToNewWindow - open windows: 2
10:56:23.618 [pool-2-thread-1] DEBUG n.s.s.actions.SwitchToNewWindow - current window: Mifarma | Cuponero del ahorro, at: https://cupomania-qa05.cindibyinkafarma.com/login
10:57:10.772 [pool-2-thread-1] DEBUG n.s.s.actions.SwitchToNewWindow - new window: Ahorrando en Mifarma, at: https://mifarmapromos.com.pe/afiliate
10:57:11.226 [pool-2-thread-1] DEBUG n.s.core.photography.Darkroom - Send negative for processing for src\target\site\reports\f7a664ad44252f95a3477f777ddacd17b9e01111957156cf889f2040c7300d48.png
10:57:11.226 [pool-2-thread-1] DEBUG n.t.core.steps.StepInterceptor - STEP DONE: {0} switches to new window
  &amp#27;[32mThen &amp#27;[0m&amp#27;[32mshould be able to see the registration modal&amp#27;[0m &amp#27;[90m# steps.LoginSD.should_be_able_to_see_the_registration_modal()&amp#27;[0m
10:57:11.230 [pool-2-thread-1] INFO   - &amp#27;[92m---------------
- TEST PASSED -
---------------

user not registered
---------------&amp#27;[0m
]]></system-out>
  </testcase>
</testsuite>