<?xml version="1.0" encoding="UTF-8"?>
<testsuite xmlns:xsi="http://www.w3.org/2001/XMLSchema-instance" xsi:noNamespaceSchemaLocation="https://maven.apache.org/surefire/maven-failsafe-plugin/xsd/failsafe-test-report-3.0.xsd" version="3.0" name="Login into the application" time="130.444" tests="3" errors="0" skipped="0" failures="0">
  <properties>
[...]
</properties>
  <testcase name="successful login" classname="Login into the application" time="48.509">
    <system-out><![CDATA[15:09:57.729 [main] DEBUG n.t.c.u.PropertiesFileLocalPreferences - LOADING LOCAL PROPERTIES FROM C:\Users\Usuario\Desktop\AUTOMATIZACIONES\automation-cuponero-v2\serenity.properties 

15:09:57.795 [main] DEBUG n.t.c.u.PropertiesFileLocalPreferences - LOADING LOCAL PROPERTIES FROM C:\Users\Usuario\Desktop\AUTOMATIZACIONES\automation-cuponero-v2\serenity.properties 

15:09:57.796 [main] DEBUG n.t.c.u.PropertiesFileLocalPreferences - LOADING LOCAL PROPERTIES FROM C:\Users\Usuario\Desktop\AUTOMATIZACIONES\automation-cuponero-v2\serenity.properties 

15:09:57.806 [main] DEBUG n.t.c.u.PropertiesFileLocalPreferences - serenity.test.root="net.serenitybdd.demos.todos.features"

15:09:57.806 [main] DEBUG n.t.c.u.PropertiesFileLocalPreferences - serenity.project.name="My Special Project"

15:09:57.806 [main] DEBUG n.t.c.u.PropertiesFileLocalPreferences - browserstack.name=[Serenity] Sample Test

15:09:57.807 [main] DEBUG n.t.c.u.PropertiesFileLocalPreferences - serenity.timeouts.fluentwait=10000

15:09:57.807 [main] DEBUG n.t.c.u.PropertiesFileLocalPreferences - chrome_experimental_options.excludeSwitches=enable-automation

15:09:57.807 [main] DEBUG n.t.c.u.PropertiesFileLocalPreferences - environments.PROD.home.page=https://cupomania-qa05.cindibyinkafarma.com/login

15:09:57.807 [main] DEBUG n.t.c.u.PropertiesFileLocalPreferences - serenity.reports.show.step.details=true

15:09:57.807 [main] DEBUG n.t.c.u.PropertiesFileLocalPreferences - webdriver.autodownload=true

15:09:57.807 [main] DEBUG n.t.c.u.PropertiesFileLocalPreferences - chrome_preferences.password_manager_enabled=false

15:09:57.807 [main] DEBUG n.t.c.u.PropertiesFileLocalPreferences - environments.UAT.home.page=https://cupomania-qa05.cindibyinkafarma.com/login

15:09:57.808 [main] DEBUG n.t.c.u.PropertiesFileLocalPreferences - chrome_preferences.profile.default_content_settings.popups=0

15:09:57.808 [main] DEBUG n.t.c.u.PropertiesFileLocalPreferences - serenity.report.show.manual.tests=true

15:09:57.808 [main] DEBUG n.t.c.u.PropertiesFileLocalPreferences - serenity.wait.for.timeout=10000

15:09:57.808 [main] DEBUG n.t.c.u.PropertiesFileLocalPreferences - environments.UAT.home.page1=https://conveniosci04.cindibyinkafarma.com/

15:09:57.808 [main] DEBUG n.t.c.u.PropertiesFileLocalPreferences - firefox.preferences=browser.download.dir=/tmp;browser.helperApps.alwaysAsk.force=false;browser.download.manager.showWhenStarting=false;browser.download.useDownloadDir=true;browser.download.folderList=2;permissions.default.desktop-notification=1

15:09:57.808 [main] DEBUG n.t.c.u.PropertiesFileLocalPreferences - serenity.browser.width=1920

15:09:57.808 [main] DEBUG n.t.c.u.PropertiesFileLocalPreferences - chrome_preferences.profile.default_content_setting_values.notifications=1

15:09:57.808 [main] DEBUG n.t.c.u.PropertiesFileLocalPreferences - serenity.verbose.screenshots.for.tasks=AFTER_EACH_STEP

15:09:57.808 [main] DEBUG n.t.c.u.PropertiesFileLocalPreferences - serenity.max.retries=2

15:09:57.808 [main] DEBUG n.t.c.u.PropertiesFileLocalPreferences - environments.default.home.page=https://cupomania-qa05.cindibyinkafarma.com/login

15:09:57.808 [main] DEBUG n.t.c.u.PropertiesFileLocalPreferences - serenity.take.screenshots.for.tasks=FOR_EACH_ACTION

15:09:57.808 [main] DEBUG n.t.c.u.PropertiesFileLocalPreferences - chrome_experimental_options.useAutomationExtension=false

15:09:57.808 [main] DEBUG n.t.c.u.PropertiesFileLocalPreferences - chrome.switches=--start-maximized;--test-type;--no-sandbox;--ignore-certificate-errors;--disable-popup-blocking;--disable-default-apps;--disable-extensions-file-access-check;--disable-download-notification;--disable-infobars,--disable-gpu

15:09:57.809 [main] DEBUG n.t.c.u.PropertiesFileLocalPreferences - serenity.console.headings=normal

15:09:57.809 [main] DEBUG n.t.c.u.PropertiesFileLocalPreferences - serenity.console.colors=true

15:09:57.809 [main] DEBUG n.t.c.u.PropertiesFileLocalPreferences - serenity.restart.browser.for.each=NEVER

15:09:57.809 [main] DEBUG n.t.c.u.PropertiesFileLocalPreferences - serenity.use.unique.browser=true

15:09:57.809 [main] DEBUG n.t.c.u.PropertiesFileLocalPreferences - serenity.junit.retry.tests=true

15:09:57.809 [main] DEBUG n.t.c.u.PropertiesFileLocalPreferences - chrome_preferences.credentials_enable_service=false

15:09:57.809 [main] DEBUG n.t.c.u.PropertiesFileLocalPreferences - serenity.timeouts.implicitlywait=5000

15:09:57.809 [main] DEBUG n.t.c.u.PropertiesFileLocalPreferences - webdriver.driver=chrome

15:09:57.809 [main] DEBUG n.t.c.u.PropertiesFileLocalPreferences - chrome_preferences.download.default_directory=/my/downloads/

15:09:57.809 [main] DEBUG n.t.c.u.PropertiesFileLocalPreferences - serenity.logging=VERBOSE

15:09:57.809 [main] DEBUG n.t.c.u.PropertiesFileLocalPreferences - serenity.browser.height=1080

15:09:57.809 [main] DEBUG n.t.c.u.PropertiesFileLocalPreferences - environment=UAT

15:09:57.809 [main] DEBUG n.t.c.u.PropertiesFileLocalPreferences - chrome_preferences.profile.default_content_setting_values.geolocation=1

15:09:57.809 [main] DEBUG n.t.c.u.PropertiesFileLocalPreferences - headless.mode=false

15:09:58.267 [main] DEBUG n.t.c.u.PropertiesFileLocalPreferences - LOADING LOCAL PROPERTIES FROM C:\Users\Usuario\Desktop\AUTOMATIZACIONES\automation-cuponero-v2\serenity.properties 

15:09:58.286 [main] DEBUG n.t.c.u.PropertiesFileLocalPreferences - LOADING LOCAL PROPERTIES FROM C:\Users\Usuario\Desktop\AUTOMATIZACIONES\automation-cuponero-v2\serenity.properties 

15:09:58.287 [main] DEBUG n.t.c.u.PropertiesFileLocalPreferences - LOADING LOCAL PROPERTIES FROM C:\Users\Usuario\Desktop\AUTOMATIZACIONES\automation-cuponero-v2\serenity.properties 

15:09:58.288 [main] DEBUG n.t.c.u.PropertiesFileLocalPreferences - serenity.test.root="net.serenitybdd.demos.todos.features"

15:09:58.288 [main] DEBUG n.t.c.u.PropertiesFileLocalPreferences - serenity.project.name="My Special Project"

15:09:58.288 [main] DEBUG n.t.c.u.PropertiesFileLocalPreferences - browserstack.name=[Serenity] Sample Test

15:09:58.288 [main] DEBUG n.t.c.u.PropertiesFileLocalPreferences - serenity.timeouts.fluentwait=10000

15:09:58.288 [main] DEBUG n.t.c.u.PropertiesFileLocalPreferences - chrome_experimental_options.excludeSwitches=enable-automation

15:09:58.288 [main] DEBUG n.t.c.u.PropertiesFileLocalPreferences - environments.PROD.home.page=https://cupomania-qa05.cindibyinkafarma.com/login

15:09:58.288 [main] DEBUG n.t.c.u.PropertiesFileLocalPreferences - serenity.reports.show.step.details=true

15:09:58.289 [main] DEBUG n.t.c.u.PropertiesFileLocalPreferences - webdriver.autodownload=true

15:09:58.289 [main] DEBUG n.t.c.u.PropertiesFileLocalPreferences - chrome_preferences.password_manager_enabled=false

15:09:58.289 [main] DEBUG n.t.c.u.PropertiesFileLocalPreferences - environments.UAT.home.page=https://cupomania-qa05.cindibyinkafarma.com/login

15:09:58.289 [main] DEBUG n.t.c.u.PropertiesFileLocalPreferences - chrome_preferences.profile.default_content_settings.popups=0

15:09:58.289 [main] DEBUG n.t.c.u.PropertiesFileLocalPreferences - serenity.report.show.manual.tests=true

15:09:58.289 [main] DEBUG n.t.c.u.PropertiesFileLocalPreferences - serenity.wait.for.timeout=10000

15:09:58.289 [main] DEBUG n.t.c.u.PropertiesFileLocalPreferences - environments.UAT.home.page1=https://conveniosci04.cindibyinkafarma.com/

15:09:58.289 [main] DEBUG n.t.c.u.PropertiesFileLocalPreferences - firefox.preferences=browser.download.dir=/tmp;browser.helperApps.alwaysAsk.force=false;browser.download.manager.showWhenStarting=false;browser.download.useDownloadDir=true;browser.download.folderList=2;permissions.default.desktop-notification=1

15:09:58.289 [main] DEBUG n.t.c.u.PropertiesFileLocalPreferences - serenity.browser.width=1920

15:09:58.289 [main] DEBUG n.t.c.u.PropertiesFileLocalPreferences - chrome_preferences.profile.default_content_setting_values.notifications=1

15:09:58.289 [main] DEBUG n.t.c.u.PropertiesFileLocalPreferences - serenity.verbose.screenshots.for.tasks=AFTER_EACH_STEP

15:09:58.289 [main] DEBUG n.t.c.u.PropertiesFileLocalPreferences - serenity.max.retries=2

15:09:58.289 [main] DEBUG n.t.c.u.PropertiesFileLocalPreferences - environments.default.home.page=https://cupomania-qa05.cindibyinkafarma.com/login

15:09:58.290 [main] DEBUG n.t.c.u.PropertiesFileLocalPreferences - serenity.take.screenshots.for.tasks=FOR_EACH_ACTION

15:09:58.290 [main] DEBUG n.t.c.u.PropertiesFileLocalPreferences - chrome_experimental_options.useAutomationExtension=false

15:09:58.290 [main] DEBUG n.t.c.u.PropertiesFileLocalPreferences - chrome.switches=--start-maximized;--test-type;--no-sandbox;--ignore-certificate-errors;--disable-popup-blocking;--disable-default-apps;--disable-extensions-file-access-check;--disable-download-notification;--disable-infobars,--disable-gpu

15:09:58.290 [main] DEBUG n.t.c.u.PropertiesFileLocalPreferences - serenity.console.headings=normal

15:09:58.290 [main] DEBUG n.t.c.u.PropertiesFileLocalPreferences - serenity.console.colors=true

15:09:58.290 [main] DEBUG n.t.c.u.PropertiesFileLocalPreferences - serenity.restart.browser.for.each=NEVER

15:09:58.290 [main] DEBUG n.t.c.u.PropertiesFileLocalPreferences - serenity.use.unique.browser=true

15:09:58.290 [main] DEBUG n.t.c.u.PropertiesFileLocalPreferences - serenity.junit.retry.tests=true

15:09:58.290 [main] DEBUG n.t.c.u.PropertiesFileLocalPreferences - chrome_preferences.credentials_enable_service=false

15:09:58.290 [main] DEBUG n.t.c.u.PropertiesFileLocalPreferences - serenity.timeouts.implicitlywait=5000

15:09:58.290 [main] DEBUG n.t.c.u.PropertiesFileLocalPreferences - webdriver.driver=chrome

15:09:58.290 [main] DEBUG n.t.c.u.PropertiesFileLocalPreferences - chrome_preferences.download.default_directory=/my/downloads/

15:09:58.290 [main] DEBUG n.t.c.u.PropertiesFileLocalPreferences - serenity.logging=VERBOSE

15:09:58.290 [main] DEBUG n.t.c.u.PropertiesFileLocalPreferences - serenity.browser.height=1080

15:09:58.290 [main] DEBUG n.t.c.u.PropertiesFileLocalPreferences - environment=UAT

15:09:58.290 [main] DEBUG n.t.c.u.PropertiesFileLocalPreferences - chrome_preferences.profile.default_content_setting_values.geolocation=1

15:09:58.291 [main] DEBUG n.t.c.u.PropertiesFileLocalPreferences - headless.mode=false

15:09:58.331 [main] INFO  i.c.core.plugin.SerenityReporter - Running feature from file:///C:/Users/Usuario/Desktop/AUTOMATIZACIONES/automation-cuponero-v2/src/test/resources/features/Coupons/categoryCoupon.feature

15:09:58.558 [main] DEBUG n.t.c.u.PropertiesFileLocalPreferences - LOADING LOCAL PROPERTIES FROM C:\Users\Usuario\Desktop\AUTOMATIZACIONES\automation-cuponero-v2\serenity.properties 

15:09:58.570 [main] DEBUG n.t.c.u.PropertiesFileLocalPreferences - LOADING LOCAL PROPERTIES FROM C:\Users\Usuario\Desktop\AUTOMATIZACIONES\automation-cuponero-v2\serenity.properties 

15:09:58.570 [main] DEBUG n.t.c.u.PropertiesFileLocalPreferences - LOADING LOCAL PROPERTIES FROM C:\Users\Usuario\Desktop\AUTOMATIZACIONES\automation-cuponero-v2\serenity.properties 

15:09:58.572 [main] DEBUG n.t.c.u.PropertiesFileLocalPreferences - serenity.test.root="net.serenitybdd.demos.todos.features"

15:09:58.572 [main] DEBUG n.t.c.u.PropertiesFileLocalPreferences - serenity.project.name="My Special Project"

15:09:58.572 [main] DEBUG n.t.c.u.PropertiesFileLocalPreferences - browserstack.name=[Serenity] Sample Test

15:09:58.573 [main] DEBUG n.t.c.u.PropertiesFileLocalPreferences - serenity.timeouts.fluentwait=10000

15:09:58.573 [main] DEBUG n.t.c.u.PropertiesFileLocalPreferences - chrome_experimental_options.excludeSwitches=enable-automation

15:09:58.573 [main] DEBUG n.t.c.u.PropertiesFileLocalPreferences - environments.PROD.home.page=https://cupomania-qa05.cindibyinkafarma.com/login

15:09:58.573 [main] DEBUG n.t.c.u.PropertiesFileLocalPreferences - serenity.reports.show.step.details=true

15:09:58.573 [main] DEBUG n.t.c.u.PropertiesFileLocalPreferences - webdriver.autodownload=true

15:09:58.573 [main] DEBUG n.t.c.u.PropertiesFileLocalPreferences - chrome_preferences.password_manager_enabled=false

15:09:58.573 [main] DEBUG n.t.c.u.PropertiesFileLocalPreferences - environments.UAT.home.page=https://cupomania-qa05.cindibyinkafarma.com/login

15:09:58.573 [main] DEBUG n.t.c.u.PropertiesFileLocalPreferences - chrome_preferences.profile.default_content_settings.popups=0

15:09:58.573 [main] DEBUG n.t.c.u.PropertiesFileLocalPreferences - serenity.report.show.manual.tests=true

15:09:58.573 [main] DEBUG n.t.c.u.PropertiesFileLocalPreferences - serenity.wait.for.timeout=10000

15:09:58.573 [main] DEBUG n.t.c.u.PropertiesFileLocalPreferences - environments.UAT.home.page1=https://conveniosci04.cindibyinkafarma.com/

15:09:58.574 [main] DEBUG n.t.c.u.PropertiesFileLocalPreferences - firefox.preferences=browser.download.dir=/tmp;browser.helperApps.alwaysAsk.force=false;browser.download.manager.showWhenStarting=false;browser.download.useDownloadDir=true;browser.download.folderList=2;permissions.default.desktop-notification=1

15:09:58.574 [main] DEBUG n.t.c.u.PropertiesFileLocalPreferences - serenity.browser.width=1920

15:09:58.574 [main] DEBUG n.t.c.u.PropertiesFileLocalPreferences - chrome_preferences.profile.default_content_setting_values.notifications=1

15:09:58.574 [main] DEBUG n.t.c.u.PropertiesFileLocalPreferences - serenity.verbose.screenshots.for.tasks=AFTER_EACH_STEP

15:09:58.574 [main] DEBUG n.t.c.u.PropertiesFileLocalPreferences - serenity.max.retries=2

15:09:58.574 [main] DEBUG n.t.c.u.PropertiesFileLocalPreferences - environments.default.home.page=https://cupomania-qa05.cindibyinkafarma.com/login

15:09:58.574 [main] DEBUG n.t.c.u.PropertiesFileLocalPreferences - serenity.take.screenshots.for.tasks=FOR_EACH_ACTION

15:09:58.574 [main] DEBUG n.t.c.u.PropertiesFileLocalPreferences - chrome_experimental_options.useAutomationExtension=false

15:09:58.574 [main] DEBUG n.t.c.u.PropertiesFileLocalPreferences - chrome.switches=--start-maximized;--test-type;--no-sandbox;--ignore-certificate-errors;--disable-popup-blocking;--disable-default-apps;--disable-extensions-file-access-check;--disable-download-notification;--disable-infobars,--disable-gpu

15:09:58.574 [main] DEBUG n.t.c.u.PropertiesFileLocalPreferences - serenity.console.headings=normal

15:09:58.574 [main] DEBUG n.t.c.u.PropertiesFileLocalPreferences - serenity.console.colors=true

15:09:58.574 [main] DEBUG n.t.c.u.PropertiesFileLocalPreferences - serenity.restart.browser.for.each=NEVER

15:09:58.574 [main] DEBUG n.t.c.u.PropertiesFileLocalPreferences - serenity.use.unique.browser=true

15:09:58.574 [main] DEBUG n.t.c.u.PropertiesFileLocalPreferences - serenity.junit.retry.tests=true

15:09:58.575 [main] DEBUG n.t.c.u.PropertiesFileLocalPreferences - chrome_preferences.credentials_enable_service=false

15:09:58.575 [main] DEBUG n.t.c.u.PropertiesFileLocalPreferences - serenity.timeouts.implicitlywait=5000

15:09:58.575 [main] DEBUG n.t.c.u.PropertiesFileLocalPreferences - webdriver.driver=chrome

15:09:58.575 [main] DEBUG n.t.c.u.PropertiesFileLocalPreferences - chrome_preferences.download.default_directory=/my/downloads/

15:09:58.575 [main] DEBUG n.t.c.u.PropertiesFileLocalPreferences - serenity.logging=VERBOSE

15:09:58.575 [main] DEBUG n.t.c.u.PropertiesFileLocalPreferences - serenity.browser.height=1080

15:09:58.575 [main] DEBUG n.t.c.u.PropertiesFileLocalPreferences - environment=UAT

15:09:58.575 [main] DEBUG n.t.c.u.PropertiesFileLocalPreferences - chrome_preferences.profile.default_content_setting_values.geolocation=1

15:09:58.575 [main] DEBUG n.t.c.u.PropertiesFileLocalPreferences - headless.mode=false

15:09:58.582 [main] INFO   - &amp#27;[96m

-------------------------------------------------------------------------------------
     _______. _______ .______       _______ .__   __.  __  .___________.____    ____ 
    /       ||   ____||   _  \     |   ____||  \ |  | |  | |           |\   \  /   / 
   |   (----`|  |__   |  |_)  |    |  |__   |   \|  | |  | `---|  |----` \   \/   /  
    \   \    |   __|  |      /     |   __|  |  . `  | |  |     |  |       \_    _/   
.----)   |   |  |____ |  |\  \----.|  |____ |  |\   | |  |     |  |         |  |     
|_______/    |_______|| _| `._____||_______||__| \__| |__|     |__|         |__|    
                                                                                     
 News and tutorials at http://www.serenity-bdd.info                                  
 Documentation at https://wakaleo.gitbooks.io/the-serenity-book/content/             
 Join the Serenity Community on Gitter: https://gitter.im/serenity-bdd/serenity-core 
 Serenity BDD Support and Training at http://serenity-bdd.info/#/trainingandsupport  
-------------------------------------------------------------------------------------
&amp#27;[0m

15:09:58.585 [main] DEBUG n.thucydides.core.steps.StepEventBus - Test suite started for story net.thucydides.core.model.Story@5372edb0

15:09:58.587 [main] INFO   - Test Suite Started: category coupons

15:09:58.601 [main] INFO  i.c.core.plugin.SerenityReporter - Running feature from file:///C:/Users/Usuario/Desktop/AUTOMATIZACIONES/automation-cuponero-v2/src/test/resources/features/Coupons/couponBicanal.feature

15:09:58.608 [main] DEBUG n.thucydides.core.steps.StepEventBus - Test suite started for story net.thucydides.core.model.Story@75f8c307

15:09:58.615 [main] INFO   - Test Suite Started: Coupons

15:09:58.616 [main] INFO  i.c.core.plugin.SerenityReporter - Running feature from file:///C:/Users/Usuario/Desktop/AUTOMATIZACIONES/automation-cuponero-v2/src/test/resources/features/Coupons/couponFlash.feature

15:09:58.621 [main] DEBUG n.thucydides.core.steps.StepEventBus - Test suite started for story net.thucydides.core.model.Story@29deace3

15:09:58.622 [main] INFO   - Test Suite Started: Coupons

15:09:58.622 [main] INFO  i.c.core.plugin.SerenityReporter - Running feature from file:///C:/Users/Usuario/Desktop/AUTOMATIZACIONES/automation-cuponero-v2/src/test/resources/features/Coupons/couponMultiHook.feature

15:09:58.627 [main] DEBUG n.thucydides.core.steps.StepEventBus - Test suite started for story net.thucydides.core.model.Story@74dd7eef

15:09:58.628 [main] INFO   - Test Suite Started: Coupons

15:09:58.628 [main] INFO  i.c.core.plugin.SerenityReporter - Running feature from file:///C:/Users/Usuario/Desktop/AUTOMATIZACIONES/automation-cuponero-v2/src/test/resources/features/Coupons/couponNormal.feature

15:09:58.634 [main] DEBUG n.thucydides.core.steps.StepEventBus - Test suite started for story net.thucydides.core.model.Story@4406e32a

15:09:58.634 [main] INFO   - Test Suite Started: Coupons

15:09:58.634 [main] INFO  i.c.core.plugin.SerenityReporter - Running feature from file:///C:/Users/Usuario/Desktop/AUTOMATIZACIONES/automation-cuponero-v2/src/test/resources/features/Coupons/couponRecommend.feature

15:09:58.638 [main] DEBUG n.thucydides.core.steps.StepEventBus - Test suite started for story net.thucydides.core.model.Story@60a6d5af

15:09:58.639 [main] INFO   - Test Suite Started: Coupons

15:09:58.639 [main] INFO  i.c.core.plugin.SerenityReporter - Running feature from file:///C:/Users/Usuario/Desktop/AUTOMATIZACIONES/automation-cuponero-v2/src/test/resources/features/Coupons/searchCoupon.feature

15:09:58.645 [main] DEBUG n.thucydides.core.steps.StepEventBus - Test suite started for story net.thucydides.core.model.Story@1a5ea4d

15:09:58.646 [main] INFO   - Test Suite Started: Search Coupon

15:09:58.646 [main] INFO  i.c.core.plugin.SerenityReporter - Running feature from file:///C:/Users/Usuario/Desktop/AUTOMATIZACIONES/automation-cuponero-v2/src/test/resources/features/footer/footer.feature

15:09:58.650 [main] DEBUG n.thucydides.core.steps.StepEventBus - Test suite started for story net.thucydides.core.model.Story@5e33f65c

15:09:58.651 [main] INFO   - Test Suite Started: FOOTER

15:09:58.651 [main] INFO  i.c.core.plugin.SerenityReporter - Running feature from file:///C:/Users/Usuario/Desktop/AUTOMATIZACIONES/automation-cuponero-v2/src/test/resources/features/login/login.feature

15:09:58.657 [main] DEBUG n.thucydides.core.steps.StepEventBus - Test suite started for story net.thucydides.core.model.Story@94cad640

15:09:58.657 [main] INFO   - Test Suite Started: Login into the application

15:09:58.657 [main] INFO  i.c.core.plugin.SerenityReporter - Running feature from file:///C:/Users/Usuario/Desktop/AUTOMATIZACIONES/automation-cuponero-v2/src/test/resources/features/update/update.feature

15:09:58.663 [main] DEBUG n.thucydides.core.steps.StepEventBus - Test suite started for story net.thucydides.core.model.Story@877b492e

15:09:58.663 [main] INFO   - Test Suite Started: Update



3
 Scenarios (
&amp#27;[32m3 passed&amp#27;[0m
)

9
 Steps (
&amp#27;[32m9 passed&amp#27;[0m
)

2m
10.792s





15:12:09.115 [main] DEBUG n.t.core.reports.ReportService - Reporting formats: [JSON, HTML]

15:12:09.205 [main] DEBUG n.t.core.reports.ReportService - Reporting formats: [JSON, HTML]

15:12:09.226 [main] DEBUG n.t.core.reports.ReportService - Generating reports for 3 test outcomes using: net.thucydides.core.reports.json.JSONTestOutcomeReporter@66c83fc8

15:12:09.228 [pool-2-thread-1] DEBUG n.t.core.reports.ReportService - Processing test outcome Login into the application:successful login

15:12:09.228 [pool-2-thread-1] INFO  n.t.core.reports.ReportService - net.thucydides.core.reports.json.JSONTestOutcomeReporter@66c83fc8: Generating report for test outcome: Login into the application:successful login

15:12:09.228 [pool-2-thread-3] DEBUG n.t.core.reports.ReportService - Processing test outcome Login into the application:user not registered

15:12:09.228 [pool-2-thread-2] DEBUG n.t.core.reports.ReportService - Processing test outcome Login into the application:failed login

15:12:09.228 [pool-2-thread-3] INFO  n.t.core.reports.ReportService - net.thucydides.core.reports.json.JSONTestOutcomeReporter@66c83fc8: Generating report for test outcome: Login into the application:user not registered

15:12:09.228 [pool-2-thread-2] INFO  n.t.core.reports.ReportService - net.thucydides.core.reports.json.JSONTestOutcomeReporter@66c83fc8: Generating report for test outcome: Login into the application:failed login

15:12:09.233 [pool-2-thread-1] DEBUG n.t.c.r.json.JSONTestOutcomeReporter - Generating JSON report for successful login to file C:\Users\Usuario\Desktop\AUTOMATIZACIONES\automation-cuponero-v2\target\site\serenity\187298ed932aa665ffb2485ff61c6540ca57808b33fdcdde8e1f508e15f27d8f.json (using temp file C:\Users\Usuario\Desktop\AUTOMATIZACIONES\automation-cuponero-v2\target\site\serenity\187298ed932aa665ffb2485ff61c6540ca57808b33fdcdde8e1f508e15f27d8f.json8b8c35e2-9e61-4d41-81b0-908d63c2c563)

15:12:09.234 [pool-2-thread-3] DEBUG n.t.c.r.json.JSONTestOutcomeReporter - Generating JSON report for user not registered to file C:\Users\Usuario\Desktop\AUTOMATIZACIONES\automation-cuponero-v2\target\site\serenity\d8b9535ca69ca8caf88dc5246d5cfbfae814efb91b5216ec34ba3e1360419100.json (using temp file C:\Users\Usuario\Desktop\AUTOMATIZACIONES\automation-cuponero-v2\target\site\serenity\d8b9535ca69ca8caf88dc5246d5cfbfae814efb91b5216ec34ba3e1360419100.json431b7622-f0f6-44ca-9c45-ff3d7b2456d0)

15:12:09.234 [pool-2-thread-2] DEBUG n.t.c.r.json.JSONTestOutcomeReporter - Generating JSON report for failed login to file C:\Users\Usuario\Desktop\AUTOMATIZACIONES\automation-cuponero-v2\target\site\serenity\ab71c13ef555b3593dbf8f9c2b5addc5f41d41145c422119aed1dceb64576d75.json (using temp file C:\Users\Usuario\Desktop\AUTOMATIZACIONES\automation-cuponero-v2\target\site\serenity\ab71c13ef555b3593dbf8f9c2b5addc5f41d41145c422119aed1dceb64576d75.json43b656c4-8024-4e43-8de4-153e8fe7d13c)

15:12:09.290 [pool-2-thread-1] DEBUG n.t.core.reports.ReportService - Processing test outcome Login into the application:successful login done

15:12:09.291 [pool-2-thread-3] DEBUG n.t.core.reports.ReportService - Processing test outcome Login into the application:user not registered done

15:12:09.291 [pool-2-thread-2] DEBUG n.t.core.reports.ReportService - Processing test outcome Login into the application:failed login done

15:12:09.291 [main] DEBUG n.t.core.reports.ReportService - Shutting down executor service

15:12:09.291 [main] DEBUG n.t.core.reports.ReportService - Reports generated in: 65 ms

15:12:09.291 [main] DEBUG n.t.core.reports.ReportService - Generating reports for 3 test outcomes using: net.thucydides.core.reports.html.HtmlAcceptanceTestReporter@2125ad3

15:12:09.292 [pool-3-thread-1] DEBUG n.t.core.reports.ReportService - Processing test outcome Login into the application:successful login

15:12:09.292 [pool-3-thread-2] DEBUG n.t.core.reports.ReportService - Processing test outcome Login into the application:failed login

15:12:09.292 [pool-3-thread-3] DEBUG n.t.core.reports.ReportService - Processing test outcome Login into the application:user not registered

15:12:09.292 [pool-3-thread-3] INFO  n.t.core.reports.ReportService - net.thucydides.core.reports.html.HtmlAcceptanceTestReporter@2125ad3: Generating report for test outcome: Login into the application:user not registered

15:12:09.292 [pool-3-thread-1] INFO  n.t.core.reports.ReportService - net.thucydides.core.reports.html.HtmlAcceptanceTestReporter@2125ad3: Generating report for test outcome: Login into the application:successful login

15:12:09.292 [pool-3-thread-2] INFO  n.t.core.reports.ReportService - net.thucydides.core.reports.html.HtmlAcceptanceTestReporter@2125ad3: Generating report for test outcome: Login into the application:failed login

15:12:09.328 [pool-3-thread-2] DEBUG n.t.c.r.PackageRequirementsTagProvider - Loading requirements from package requirements at: "net.serenitybdd.demos.todos.features"

15:12:09.328 [pool-3-thread-1] DEBUG n.t.c.r.PackageRequirementsTagProvider - Loading requirements from package requirements at: "net.serenitybdd.demos.todos.features"

15:12:09.329 [pool-3-thread-3] DEBUG n.t.c.r.PackageRequirementsTagProvider - Loading requirements from package requirements at: "net.serenitybdd.demos.todos.features"

15:12:10.341 [pool-3-thread-1] DEBUG n.t.c.r.m.cucumber.CucumberParser - Added feature category coupons

15:12:10.341 [pool-3-thread-3] DEBUG n.t.c.r.m.cucumber.CucumberParser - Added feature category coupons

15:12:10.341 [pool-3-thread-2] DEBUG n.t.c.r.m.cucumber.CucumberParser - Added feature category coupons

15:12:10.363 [pool-3-thread-1] DEBUG n.t.c.r.m.cucumber.CucumberParser - Added feature Coupons

15:12:10.363 [pool-3-thread-2] DEBUG n.t.c.r.m.cucumber.CucumberParser - Added feature Coupons

15:12:10.363 [pool-3-thread-3] DEBUG n.t.c.r.m.cucumber.CucumberParser - Added feature Coupons

15:12:10.373 [pool-3-thread-1] DEBUG n.t.c.r.m.cucumber.CucumberParser - Added feature Coupons

15:12:10.374 [pool-3-thread-2] DEBUG n.t.c.r.m.cucumber.CucumberParser - Added feature Coupons

15:12:10.379 [pool-3-thread-1] DEBUG n.t.c.r.m.cucumber.CucumberParser - Added feature Coupons

15:12:10.379 [pool-3-thread-2] DEBUG n.t.c.r.m.cucumber.CucumberParser - Added feature Coupons

15:12:10.380 [pool-3-thread-3] DEBUG n.t.c.r.m.cucumber.CucumberParser - Added feature Coupons

15:12:10.385 [pool-3-thread-2] DEBUG n.t.c.r.m.cucumber.CucumberParser - Added feature Coupons

15:12:10.386 [pool-3-thread-3] DEBUG n.t.c.r.m.cucumber.CucumberParser - Added feature Coupons

15:12:10.385 [pool-3-thread-1] DEBUG n.t.c.r.m.cucumber.CucumberParser - Added feature Coupons

15:12:10.391 [pool-3-thread-2] DEBUG n.t.c.r.m.cucumber.CucumberParser - Added feature Coupons

15:12:10.391 [pool-3-thread-1] DEBUG n.t.c.r.m.cucumber.CucumberParser - Added feature Coupons

15:12:10.391 [pool-3-thread-3] DEBUG n.t.c.r.m.cucumber.CucumberParser - Added feature Coupons

15:12:10.402 [pool-3-thread-2] DEBUG n.t.c.r.m.cucumber.CucumberParser - Added feature Search Coupon

15:12:10.402 [pool-3-thread-1] DEBUG n.t.c.r.m.cucumber.CucumberParser - Added feature Search Coupon

15:12:10.413 [pool-3-thread-3] DEBUG n.t.c.r.m.cucumber.CucumberParser - Added feature Coupons

15:12:10.416 [pool-3-thread-2] DEBUG n.t.c.r.m.cucumber.CucumberParser - Added feature FOOTER

15:12:10.416 [pool-3-thread-1] DEBUG n.t.c.r.m.cucumber.CucumberParser - Added feature FOOTER

15:12:10.429 [pool-3-thread-3] DEBUG n.t.c.r.m.cucumber.CucumberParser - Added feature Search Coupon

15:12:10.435 [pool-3-thread-2] DEBUG n.t.c.r.m.cucumber.CucumberParser - Added feature Login into the application

15:12:10.443 [pool-3-thread-1] DEBUG n.t.c.r.m.cucumber.CucumberParser - Added feature Login into the application

15:12:10.449 [pool-3-thread-3] DEBUG n.t.c.r.m.cucumber.CucumberParser - Added feature FOOTER

15:12:10.453 [pool-3-thread-2] DEBUG n.t.c.r.m.cucumber.CucumberParser - Added feature Update

15:12:10.466 [pool-3-thread-1] DEBUG n.t.c.r.m.cucumber.CucumberParser - Added feature Update

15:12:10.492 [pool-3-thread-3] DEBUG n.t.c.r.m.cucumber.CucumberParser - Added feature Login into the application

15:12:10.505 [pool-3-thread-3] DEBUG n.t.c.r.m.cucumber.CucumberParser - Added feature Update

15:12:10.516 [pool-3-thread-2] DEBUG n.t.c.r.BaseRequirementsService - Requirement found for test outcome failed login-[]: Optional[Requirement{name='Login into the application', type='feature' parent = 'Login', cardNumber='null'}]

15:12:10.516 [pool-3-thread-1] DEBUG n.t.c.r.BaseRequirementsService - Requirement found for test outcome successful login-[]: Optional[Requirement{name='Login into the application', type='feature' parent = 'Login', cardNumber='null'}]

15:12:10.519 [pool-3-thread-1] DEBUG n.t.c.r.BaseRequirementsService - Requirement found for test outcome successful login-[]: Optional[Requirement{name='Login into the application', type='feature' parent = 'Login', cardNumber='null'}]

15:12:10.519 [pool-3-thread-2] DEBUG n.t.c.r.BaseRequirementsService - Requirement found for test outcome failed login-[]: Optional[Requirement{name='Login into the application', type='feature' parent = 'Login', cardNumber='null'}]

15:12:10.521 [pool-3-thread-3] DEBUG n.t.c.r.BaseRequirementsService - Requirement found for test outcome user not registered-[]: Optional[Requirement{name='Login into the application', type='feature' parent = 'Login', cardNumber='null'}]

15:12:10.524 [pool-3-thread-3] DEBUG n.t.c.r.BaseRequirementsService - Requirement found for test outcome user not registered-[]: Optional[Requirement{name='Login into the application', type='feature' parent = 'Login', cardNumber='null'}]

15:12:10.543 [pool-3-thread-2] DEBUG n.t.c.r.BaseRequirementsService - Requirement found for test outcome failed login-[]: Optional[Requirement{name='Login into the application', type='feature' parent = 'Login', cardNumber='null'}]

15:12:10.544 [pool-3-thread-2] DEBUG n.t.c.r.BaseRequirementsService - Requirement found for test outcome failed login-[]: Optional[Requirement{name='Login into the application', type='feature' parent = 'Login', cardNumber='null'}]

15:12:10.544 [pool-3-thread-1] DEBUG n.t.c.r.BaseRequirementsService - Requirement found for test outcome successful login-[]: Optional[Requirement{name='Login into the application', type='feature' parent = 'Login', cardNumber='null'}]

15:12:10.545 [pool-3-thread-1] DEBUG n.t.c.r.BaseRequirementsService - Requirement found for test outcome successful login-[]: Optional[Requirement{name='Login into the application', type='feature' parent = 'Login', cardNumber='null'}]

15:12:10.545 [pool-3-thread-3] DEBUG n.t.c.r.BaseRequirementsService - Requirement found for test outcome user not registered-[]: Optional[Requirement{name='Login into the application', type='feature' parent = 'Login', cardNumber='null'}]

15:12:10.549 [pool-3-thread-3] DEBUG n.t.c.r.BaseRequirementsService - Requirement found for test outcome user not registered-[]: Optional[Requirement{name='Login into the application', type='feature' parent = 'Login', cardNumber='null'}]

15:12:10.549 [pool-3-thread-2] DEBUG serenity.reporting - Generating report in ab71c13ef555b3593dbf8f9c2b5addc5f41d41145c422119aed1dceb64576d75_screenshots.html

15:12:10.549 [pool-3-thread-1] DEBUG serenity.reporting - Generating report in 187298ed932aa665ffb2485ff61c6540ca57808b33fdcdde8e1f508e15f27d8f_screenshots.html

15:12:10.553 [pool-3-thread-3] DEBUG serenity.reporting - Generating report in d8b9535ca69ca8caf88dc5246d5cfbfae814efb91b5216ec34ba3e1360419100_screenshots.html

15:12:11.045 [pool-3-thread-2] DEBUG serenity.reporting - Generated report ab71c13ef555b3593dbf8f9c2b5addc5f41d41145c422119aed1dceb64576d75_screenshots.html in 496 ms

15:12:11.046 [pool-3-thread-1] DEBUG serenity.reporting - Generated report 187298ed932aa665ffb2485ff61c6540ca57808b33fdcdde8e1f508e15f27d8f_screenshots.html in 497 ms

15:12:11.046 [pool-3-thread-3] DEBUG serenity.reporting - Generated report d8b9535ca69ca8caf88dc5246d5cfbfae814efb91b5216ec34ba3e1360419100_screenshots.html in 493 ms

15:12:11.048 [pool-3-thread-2] INFO  serenity.reporting - 
---------------------------
| TEST NAME:   &amp#27;[1mfailed login&amp#27;[0m
| RESULT:      &amp#27;[92mPassing&amp#27;[0m
| REQUIREMENT: Login into the application
| REPORT:      &amp#27;[96mfile:///C:/Users/Usuario/Desktop/AUTOMATIZACIONES/automation-cuponero-v2/target/site/serenity/ab71c13ef555b3593dbf8f9c2b5addc5f41d41145c422119aed1dceb64576d75.html&amp#27;[0m
---------------------------

15:12:11.048 [pool-3-thread-3] INFO  serenity.reporting - 
----------------------------------
| TEST NAME:   &amp#27;[1muser not registered&amp#27;[0m
| RESULT:      &amp#27;[92mPassing&amp#27;[0m
| REQUIREMENT: Login into the application
| REPORT:      &amp#27;[96mfile:///C:/Users/Usuario/Desktop/AUTOMATIZACIONES/automation-cuponero-v2/target/site/serenity/d8b9535ca69ca8caf88dc5246d5cfbfae814efb91b5216ec34ba3e1360419100.html&amp#27;[0m
----------------------------------

15:12:11.048 [pool-3-thread-1] INFO  serenity.reporting - 
-------------------------------
| TEST NAME:   &amp#27;[1msuccessful login&amp#27;[0m
| RESULT:      &amp#27;[92mPassing&amp#27;[0m
| REQUIREMENT: Login into the application
| REPORT:      &amp#27;[96mfile:///C:/Users/Usuario/Desktop/AUTOMATIZACIONES/automation-cuponero-v2/target/site/serenity/187298ed932aa665ffb2485ff61c6540ca57808b33fdcdde8e1f508e15f27d8f.html&amp#27;[0m
-------------------------------

15:12:11.782 [pool-3-thread-1] DEBUG serenity.reporting - Generating report in 187298ed932aa665ffb2485ff61c6540ca57808b33fdcdde8e1f508e15f27d8f.html

15:12:11.782 [pool-3-thread-2] DEBUG serenity.reporting - Generating report in ab71c13ef555b3593dbf8f9c2b5addc5f41d41145c422119aed1dceb64576d75.html

15:12:11.782 [pool-3-thread-3] DEBUG serenity.reporting - Generating report in d8b9535ca69ca8caf88dc5246d5cfbfae814efb91b5216ec34ba3e1360419100.html

15:12:12.141 [pool-3-thread-2] DEBUG serenity.reporting - Generated report ab71c13ef555b3593dbf8f9c2b5addc5f41d41145c422119aed1dceb64576d75.html in 359 ms

15:12:12.141 [pool-3-thread-2] DEBUG n.t.core.reports.ReportService - Processing test outcome Login into the application:failed login done

15:12:12.220 [pool-3-thread-1] DEBUG serenity.reporting - Generated report 187298ed932aa665ffb2485ff61c6540ca57808b33fdcdde8e1f508e15f27d8f.html in 438 ms

15:12:12.220 [pool-3-thread-1] DEBUG n.t.core.reports.ReportService - Processing test outcome Login into the application:successful login done

15:12:12.413 [pool-3-thread-3] DEBUG serenity.reporting - Generated report d8b9535ca69ca8caf88dc5246d5cfbfae814efb91b5216ec34ba3e1360419100.html in 631 ms

15:12:12.413 [pool-3-thread-3] DEBUG n.t.core.reports.ReportService - Processing test outcome Login into the application:user not registered done

15:12:12.413 [main] DEBUG n.t.core.reports.ReportService - Shutting down executor service

15:12:12.414 [main] DEBUG n.t.core.reports.ReportService - Reports generated in: 3122 ms

15:12:12.620 [main] INFO  i.c.core.plugin.SerenityReporter - Cleanup test resources for URI file:///C:/Users/Usuario/Desktop/AUTOMATIZACIONES/automation-cuponero-v2/src/test/resources/features/login/login.feature

15:12:12.621 [main] DEBUG n.s.core.photography.Darkroom - Closing darkroom


@login @loginSuccess
Scenario Outline: successful login        &amp#27;[90m# src/test/resources/features/login/login.feature:16&amp#27;[0m
15:09:59.045 [pool-2-thread-1] INFO  i.c.core.plugin.SerenityReporter - Running feature from file:///C:/Users/Usuario/Desktop/AUTOMATIZACIONES/automation-cuponero-v2/src/test/resources/features/login/login.feature
15:09:59.143 [pool-2-thread-1] INFO   - ----------------
- TEST STARTED -
----------------

successful login(login-into-the-application;successful-login)
----------------
15:09:59.234 [pool-2-thread-1] DEBUG n.t.c.r.m.cucumber.CucumberParser - Added feature category coupons
15:09:59.250 [pool-2-thread-1] DEBUG n.t.c.r.m.cucumber.CucumberParser - Added feature Coupons
15:09:59.257 [pool-2-thread-1] DEBUG n.t.c.r.m.cucumber.CucumberParser - Added feature Coupons
15:09:59.264 [pool-2-thread-1] DEBUG n.t.c.r.m.cucumber.CucumberParser - Added feature Coupons
15:09:59.271 [pool-2-thread-1] DEBUG n.t.c.r.m.cucumber.CucumberParser - Added feature Coupons
15:09:59.278 [pool-2-thread-1] DEBUG n.t.c.r.m.cucumber.CucumberParser - Added feature Coupons
15:09:59.289 [pool-2-thread-1] DEBUG n.t.c.r.m.cucumber.CucumberParser - Added feature Search Coupon
15:09:59.307 [pool-2-thread-1] DEBUG n.t.c.r.m.cucumber.CucumberParser - Added feature FOOTER
15:09:59.329 [pool-2-thread-1] DEBUG n.t.c.r.m.cucumber.CucumberParser - Added feature Login into the application
15:09:59.354 [pool-2-thread-1] DEBUG n.t.c.r.m.cucumber.CucumberParser - Added feature Update
&amp#27;[92m|-- 1: successful login ({number=72209308})&amp#27;[0m
&amp#27;[92m|---- Given User enters the coupon website&amp#27;[0m
&amp#27;[92m|------ User opens the home page&amp#27;[0m
15:09:59.917 [pool-2-thread-1] DEBUG n.t.core.steps.StepInterceptor - STARTING STEP: LoginSD.user_enters_the_coupon_website - !#title
&amp#27;[92m|-------- User opens the home.page page&amp#27;[0m
15:09:59.935 [pool-2-thread-1] DEBUG n.t.core.steps.StepInterceptor - STARTING STEP: LoginSD.user_enters_the_coupon_website - {0} opens the #pageName page
15:09:59.980 [pool-2-thread-1] INFO  n.s.c.w.d.ChromeDriverProvider - Using automatically driver download
15:10:00.431 [pool-2-thread-1] DEBUG i.g.b.wdm.cache.ResolutionCache - Removing resolution chrome=94 from cache (expired on Mon Oct 04 12:41:50 PET 2021)
15:10:00.450 [pool-2-thread-1] DEBUG o.a.h.c.h.i.c.InternalHttpClient - ex-00000001: preparing request execution
15:10:00.455 [pool-2-thread-1] DEBUG o.a.h.c.h.protocol.RequestAddCookies - Cookie spec selected: strict
15:10:00.460 [pool-2-thread-1] DEBUG o.a.h.c.h.protocol.RequestAuthCache - Auth cache not set in the context
15:10:00.461 [pool-2-thread-1] DEBUG o.a.h.c.h.impl.classic.ProtocolExec - ex-00000001: target auth state: UNCHALLENGED
15:10:00.461 [pool-2-thread-1] DEBUG o.a.h.c.h.impl.classic.ProtocolExec - ex-00000001: proxy auth state: UNCHALLENGED
15:10:00.461 [pool-2-thread-1] DEBUG o.a.h.c.h.impl.classic.ConnectExec - ex-00000001: acquiring connection with route {s}->https://raw.githubusercontent.com:443
15:10:00.462 [pool-2-thread-1] DEBUG o.a.h.c.h.i.c.InternalHttpClient - ex-00000001: acquiring endpoint (3 MINUTES)
15:10:00.464 [pool-2-thread-1] DEBUG o.a.h.c.h.i.i.PoolingHttpClientConnectionManager - ex-00000001: endpoint lease request (3 MINUTES) [route: {s}->https://raw.githubusercontent.com:443][total available: 0; route allocated: 0 of 5; total allocated: 0 of 25]
15:10:00.469 [pool-2-thread-1] DEBUG o.a.h.c.h.i.i.PoolingHttpClientConnectionManager - ex-00000001: endpoint leased [route: {s}->https://raw.githubusercontent.com:443][total available: 0; route allocated: 1 of 5; total allocated: 1 of 25]
15:10:00.481 [pool-2-thread-1] DEBUG o.a.h.c.h.i.i.PoolingHttpClientConnectionManager - ex-00000001: acquired ep-00000000
15:10:00.481 [pool-2-thread-1] DEBUG o.a.h.c.h.i.c.InternalHttpClient - ex-00000001: acquired endpoint ep-00000000
15:10:00.481 [pool-2-thread-1] DEBUG o.a.h.c.h.impl.classic.ConnectExec - ex-00000001: opening connection {s}->https://raw.githubusercontent.com:443
15:10:00.482 [pool-2-thread-1] DEBUG o.a.h.c.h.i.c.InternalHttpClient - ep-00000000: connecting endpoint (30 SECONDS)
15:10:00.482 [pool-2-thread-1] DEBUG o.a.h.c.h.i.i.PoolingHttpClientConnectionManager - ep-00000000: connecting endpoint to https://raw.githubusercontent.com:443 (30 SECONDS)
15:10:00.682 [pool-2-thread-1] DEBUG o.a.h.c.h.i.i.DefaultHttpClientConnectionOperator - http-outgoing-0: connecting to raw.githubusercontent.com/185.199.111.133:443
15:10:00.683 [pool-2-thread-1] DEBUG o.a.h.c.h.s.SSLConnectionSocketFactory - Connecting socket to raw.githubusercontent.com/185.199.111.133:443 with timeout 30 SECONDS
15:10:00.840 [pool-2-thread-1] DEBUG o.a.h.c.h.s.SSLConnectionSocketFactory - Enabled protocols: [TLSv1.3, TLSv1.2]
15:10:00.840 [pool-2-thread-1] DEBUG o.a.h.c.h.s.SSLConnectionSocketFactory - Enabled cipher suites: [TLS_AES_256_GCM_SHA384, TLS_AES_128_GCM_SHA256, TLS_CHACHA20_POLY1305_SHA256, TLS_ECDHE_ECDSA_WITH_AES_256_GCM_SHA384, TLS_ECDHE_ECDSA_WITH_AES_128_GCM_SHA256, TLS_ECDHE_ECDSA_WITH_CHACHA20_POLY1305_SHA256, TLS_ECDHE_RSA_WITH_AES_256_GCM_SHA384, TLS_ECDHE_RSA_WITH_CHACHA20_POLY1305_SHA256, TLS_ECDHE_RSA_WITH_AES_128_GCM_SHA256, TLS_DHE_RSA_WITH_AES_256_GCM_SHA384, TLS_DHE_RSA_WITH_CHACHA20_POLY1305_SHA256, TLS_DHE_DSS_WITH_AES_256_GCM_SHA384, TLS_DHE_RSA_WITH_AES_128_GCM_SHA256, TLS_DHE_DSS_WITH_AES_128_GCM_SHA256, TLS_ECDHE_ECDSA_WITH_AES_256_CBC_SHA384, TLS_ECDHE_RSA_WITH_AES_256_CBC_SHA384, TLS_ECDHE_ECDSA_WITH_AES_128_CBC_SHA256, TLS_ECDHE_RSA_WITH_AES_128_CBC_SHA256, TLS_DHE_RSA_WITH_AES_256_CBC_SHA256, TLS_DHE_DSS_WITH_AES_256_CBC_SHA256, TLS_DHE_RSA_WITH_AES_128_CBC_SHA256, TLS_DHE_DSS_WITH_AES_128_CBC_SHA256, TLS_ECDH_ECDSA_WITH_AES_256_GCM_SHA384, TLS_ECDH_RSA_WITH_AES_256_GCM_SHA384, TLS_ECDH_ECDSA_WITH_AES_128_GCM_SHA256, TLS_ECDH_RSA_WITH_AES_128_GCM_SHA256, TLS_ECDH_ECDSA_WITH_AES_256_CBC_SHA384, TLS_ECDH_RSA_WITH_AES_256_CBC_SHA384, TLS_ECDH_ECDSA_WITH_AES_128_CBC_SHA256, TLS_ECDH_RSA_WITH_AES_128_CBC_SHA256, TLS_ECDHE_ECDSA_WITH_AES_256_CBC_SHA, TLS_ECDHE_RSA_WITH_AES_256_CBC_SHA, TLS_ECDHE_ECDSA_WITH_AES_128_CBC_SHA, TLS_ECDHE_RSA_WITH_AES_128_CBC_SHA, TLS_DHE_RSA_WITH_AES_256_CBC_SHA, TLS_DHE_DSS_WITH_AES_256_CBC_SHA, TLS_DHE_RSA_WITH_AES_128_CBC_SHA, TLS_DHE_DSS_WITH_AES_128_CBC_SHA, TLS_ECDH_ECDSA_WITH_AES_256_CBC_SHA, TLS_ECDH_RSA_WITH_AES_256_CBC_SHA, TLS_ECDH_ECDSA_WITH_AES_128_CBC_SHA, TLS_ECDH_RSA_WITH_AES_128_CBC_SHA, TLS_RSA_WITH_AES_256_GCM_SHA384, TLS_RSA_WITH_AES_128_GCM_SHA256, TLS_RSA_WITH_AES_256_CBC_SHA256, TLS_RSA_WITH_AES_128_CBC_SHA256, TLS_RSA_WITH_AES_256_CBC_SHA, TLS_RSA_WITH_AES_128_CBC_SHA, TLS_EMPTY_RENEGOTIATION_INFO_SCSV]
15:10:00.840 [pool-2-thread-1] DEBUG o.a.h.c.h.s.SSLConnectionSocketFactory - Starting handshake
15:10:01.385 [pool-2-thread-1] DEBUG o.a.h.c.h.s.SSLConnectionSocketFactory - Secure session established
15:10:01.385 [pool-2-thread-1] DEBUG o.a.h.c.h.s.SSLConnectionSocketFactory -  negotiated protocol: TLSv1.3
15:10:01.385 [pool-2-thread-1] DEBUG o.a.h.c.h.s.SSLConnectionSocketFactory -  negotiated cipher suite: TLS_AES_256_GCM_SHA384
15:10:01.387 [pool-2-thread-1] DEBUG o.a.h.c.h.s.SSLConnectionSocketFactory -  peer principal: CN=www.github.com, O="GitHub, Inc.", L=San Francisco, ST=California, C=US
15:10:01.388 [pool-2-thread-1] DEBUG o.a.h.c.h.s.SSLConnectionSocketFactory -  peer alternative names: [www.github.com, *.github.com, github.com, *.github.io, github.io, *.githubusercontent.com, githubusercontent.com]
15:10:01.388 [pool-2-thread-1] DEBUG o.a.h.c.h.s.SSLConnectionSocketFactory -  issuer principal: CN=DigiCert SHA2 High Assurance Server CA, OU=www.digicert.com, O=DigiCert Inc, C=US
15:10:01.389 [pool-2-thread-1] DEBUG o.a.h.c.h.i.i.DefaultHttpClientConnectionOperator - http-outgoing-0: connection established 192.168.1.7:58343<->185.199.111.133:443
15:10:01.389 [pool-2-thread-1] DEBUG o.a.h.c.h.i.i.PoolingHttpClientConnectionManager - ep-00000000: connected http-outgoing-0
15:10:01.389 [pool-2-thread-1] DEBUG o.a.h.c.h.i.c.InternalHttpClient - ep-00000000: endpoint connected
15:10:01.390 [pool-2-thread-1] DEBUG o.a.h.c.h.i.classic.MainClientExec - ex-00000001: executing GET /bonigarcia/webdrivermanager/master/src/main/resources/commands.properties HTTP/1.1
15:10:01.391 [pool-2-thread-1] DEBUG o.a.h.c.h.i.c.InternalHttpClient - ep-00000000: start execution ex-00000001
15:10:01.391 [pool-2-thread-1] DEBUG o.a.h.c.h.i.i.PoolingHttpClientConnectionManager - ep-00000000: executing exchange ex-00000001 over http-outgoing-0
15:10:01.392 [pool-2-thread-1] DEBUG org.apache.hc.client5.http.headers - http-outgoing-0 >> GET /bonigarcia/webdrivermanager/master/src/main/resources/commands.properties HTTP/1.1
15:10:01.392 [pool-2-thread-1] DEBUG org.apache.hc.client5.http.headers - http-outgoing-0 >> user-agent: Apache-HttpClient/5.0
15:10:01.392 [pool-2-thread-1] DEBUG org.apache.hc.client5.http.headers - http-outgoing-0 >> accept-encoding: gzip, deflate, br
15:10:01.392 [pool-2-thread-1] DEBUG org.apache.hc.client5.http.headers - http-outgoing-0 >> cache-control: max-age=0
15:10:01.392 [pool-2-thread-1] DEBUG org.apache.hc.client5.http.headers - http-outgoing-0 >> connection: keep-alive
15:10:01.392 [pool-2-thread-1] DEBUG org.apache.hc.client5.http.headers - http-outgoing-0 >> Host: raw.githubusercontent.com
15:10:01.392 [pool-2-thread-1] DEBUG org.apache.hc.client5.http.wire - http-outgoing-0 >> "GET /bonigarcia/webdrivermanager/master/src/main/resources/commands.properties HTTP/1.1[\r][\n]"
15:10:01.392 [pool-2-thread-1] DEBUG org.apache.hc.client5.http.wire - http-outgoing-0 >> "user-agent: Apache-HttpClient/5.0[\r][\n]"
15:10:01.392 [pool-2-thread-1] DEBUG org.apache.hc.client5.http.wire - http-outgoing-0 >> "accept-encoding: gzip, deflate, br[\r][\n]"
15:10:01.392 [pool-2-thread-1] DEBUG org.apache.hc.client5.http.wire - http-outgoing-0 >> "cache-control: max-age=0[\r][\n]"
15:10:01.392 [pool-2-thread-1] DEBUG org.apache.hc.client5.http.wire - http-outgoing-0 >> "connection: keep-alive[\r][\n]"
15:10:01.392 [pool-2-thread-1] DEBUG org.apache.hc.client5.http.wire - http-outgoing-0 >> "Host: raw.githubusercontent.com[\r][\n]"
15:10:01.392 [pool-2-thread-1] DEBUG org.apache.hc.client5.http.wire - http-outgoing-0 >> "[\r][\n]"
15:10:02.107 [pool-2-thread-1] DEBUG org.apache.hc.client5.http.wire - http-outgoing-0 << "HTTP/1.1 200 OK[\r][\n]"
15:10:02.107 [pool-2-thread-1] DEBUG org.apache.hc.client5.http.wire - http-outgoing-0 << "Connection: keep-alive[\r][\n]"
15:10:02.107 [pool-2-thread-1] DEBUG org.apache.hc.client5.http.wire - http-outgoing-0 << "Content-Length: 728[\r][\n]"
15:10:02.107 [pool-2-thread-1] DEBUG org.apache.hc.client5.http.wire - http-outgoing-0 << "Cache-Control: max-age=300[\r][\n]"
15:10:02.107 [pool-2-thread-1] DEBUG org.apache.hc.client5.http.wire - http-outgoing-0 << "Content-Security-Policy: default-src 'none'; style-src 'unsafe-inline'; sandbox[\r][\n]"
15:10:02.107 [pool-2-thread-1] DEBUG org.apache.hc.client5.http.wire - http-outgoing-0 << "Content-Type: text/plain; charset=utf-8[\r][\n]"
15:10:02.107 [pool-2-thread-1] DEBUG org.apache.hc.client5.http.wire - http-outgoing-0 << "ETag: W/"f670816d6bfbef80584dadbb549bb9c4ccd5de869d5b63cc2a694a74613014b5"[\r][\n]"
15:10:02.107 [pool-2-thread-1] DEBUG org.apache.hc.client5.http.wire - http-outgoing-0 << "Strict-Transport-Security: max-age=31536000[\r][\n]"
15:10:02.107 [pool-2-thread-1] DEBUG org.apache.hc.client5.http.wire - http-outgoing-0 << "X-Content-Type-Options: nosniff[\r][\n]"
15:10:02.108 [pool-2-thread-1] DEBUG org.apache.hc.client5.http.wire - http-outgoing-0 << "X-Frame-Options: deny[\r][\n]"
15:10:02.108 [pool-2-thread-1] DEBUG org.apache.hc.client5.http.wire - http-outgoing-0 << "X-XSS-Protection: 1; mode=block[\r][\n]"
15:10:02.108 [pool-2-thread-1] DEBUG org.apache.hc.client5.http.wire - http-outgoing-0 << "X-GitHub-Request-Id: 9F9A:673F:342F11:41FC7D:615B5735[\r][\n]"
15:10:02.108 [pool-2-thread-1] DEBUG org.apache.hc.client5.http.wire - http-outgoing-0 << "Content-Encoding: gzip[\r][\n]"
15:10:02.108 [pool-2-thread-1] DEBUG org.apache.hc.client5.http.wire - http-outgoing-0 << "Accept-Ranges: bytes[\r][\n]"
15:10:02.108 [pool-2-thread-1] DEBUG org.apache.hc.client5.http.wire - http-outgoing-0 << "Date: Mon, 04 Oct 2021 20:10:01 GMT[\r][\n]"
15:10:02.108 [pool-2-thread-1] DEBUG org.apache.hc.client5.http.wire - http-outgoing-0 << "Via: 1.1 varnish[\r][\n]"
15:10:02.108 [pool-2-thread-1] DEBUG org.apache.hc.client5.http.wire - http-outgoing-0 << "X-Served-By: cache-lim12124-LIM[\r][\n]"
15:10:02.108 [pool-2-thread-1] DEBUG org.apache.hc.client5.http.wire - http-outgoing-0 << "X-Cache: MISS[\r][\n]"
15:10:02.108 [pool-2-thread-1] DEBUG org.apache.hc.client5.http.wire - http-outgoing-0 << "X-Cache-Hits: 0[\r][\n]"
15:10:02.108 [pool-2-thread-1] DEBUG org.apache.hc.client5.http.wire - http-outgoing-0 << "X-Timer: S1633378201.305003,VS0,VE356[\r][\n]"
15:10:02.108 [pool-2-thread-1] DEBUG org.apache.hc.client5.http.wire - http-outgoing-0 << "Vary: Authorization,Accept-Encoding,Origin[\r][\n]"
15:10:02.108 [pool-2-thread-1] DEBUG org.apache.hc.client5.http.wire - http-outgoing-0 << "Access-Control-Allow-Origin: *[\r][\n]"
15:10:02.108 [pool-2-thread-1] DEBUG org.apache.hc.client5.http.wire - http-outgoing-0 << "X-Fastly-Request-ID: 95671e29ed1e8cb4e5767644174f293f87e7fcca[\r][\n]"
15:10:02.108 [pool-2-thread-1] DEBUG org.apache.hc.client5.http.wire - http-outgoing-0 << "Expires: Mon, 04 Oct 2021 20:15:01 GMT[\r][\n]"
15:10:02.108 [pool-2-thread-1] DEBUG org.apache.hc.client5.http.wire - http-outgoing-0 << "Source-Age: 0[\r][\n]"
15:10:02.108 [pool-2-thread-1] DEBUG org.apache.hc.client5.http.wire - http-outgoing-0 << "[\r][\n]"
15:10:02.110 [pool-2-thread-1] DEBUG org.apache.hc.client5.http.headers - http-outgoing-0 << HTTP/1.1 200 OK
15:10:02.110 [pool-2-thread-1] DEBUG org.apache.hc.client5.http.headers - http-outgoing-0 << Connection: keep-alive
15:10:02.110 [pool-2-thread-1] DEBUG org.apache.hc.client5.http.headers - http-outgoing-0 << Content-Length: 728
15:10:02.110 [pool-2-thread-1] DEBUG org.apache.hc.client5.http.headers - http-outgoing-0 << Cache-Control: max-age=300
15:10:02.110 [pool-2-thread-1] DEBUG org.apache.hc.client5.http.headers - http-outgoing-0 << Content-Security-Policy: default-src 'none'; style-src 'unsafe-inline'; sandbox
15:10:02.110 [pool-2-thread-1] DEBUG org.apache.hc.client5.http.headers - http-outgoing-0 << Content-Type: text/plain; charset=utf-8
15:10:02.110 [pool-2-thread-1] DEBUG org.apache.hc.client5.http.headers - http-outgoing-0 << ETag: W/"f670816d6bfbef80584dadbb549bb9c4ccd5de869d5b63cc2a694a74613014b5"
15:10:02.110 [pool-2-thread-1] DEBUG org.apache.hc.client5.http.headers - http-outgoing-0 << Strict-Transport-Security: max-age=31536000
15:10:02.110 [pool-2-thread-1] DEBUG org.apache.hc.client5.http.headers - http-outgoing-0 << X-Content-Type-Options: nosniff
15:10:02.110 [pool-2-thread-1] DEBUG org.apache.hc.client5.http.headers - http-outgoing-0 << X-Frame-Options: deny
15:10:02.110 [pool-2-thread-1] DEBUG org.apache.hc.client5.http.headers - http-outgoing-0 << X-XSS-Protection: 1; mode=block
15:10:02.110 [pool-2-thread-1] DEBUG org.apache.hc.client5.http.headers - http-outgoing-0 << X-GitHub-Request-Id: 9F9A:673F:342F11:41FC7D:615B5735
15:10:02.110 [pool-2-thread-1] DEBUG org.apache.hc.client5.http.headers - http-outgoing-0 << Content-Encoding: gzip
15:10:02.110 [pool-2-thread-1] DEBUG org.apache.hc.client5.http.headers - http-outgoing-0 << Accept-Ranges: bytes
15:10:02.110 [pool-2-thread-1] DEBUG org.apache.hc.client5.http.headers - http-outgoing-0 << Date: Mon, 04 Oct 2021 20:10:01 GMT
15:10:02.110 [pool-2-thread-1] DEBUG org.apache.hc.client5.http.headers - http-outgoing-0 << Via: 1.1 varnish
15:10:02.110 [pool-2-thread-1] DEBUG org.apache.hc.client5.http.headers - http-outgoing-0 << X-Served-By: cache-lim12124-LIM
15:10:02.110 [pool-2-thread-1] DEBUG org.apache.hc.client5.http.headers - http-outgoing-0 << X-Cache: MISS
15:10:02.110 [pool-2-thread-1] DEBUG org.apache.hc.client5.http.headers - http-outgoing-0 << X-Cache-Hits: 0
15:10:02.110 [pool-2-thread-1] DEBUG org.apache.hc.client5.http.headers - http-outgoing-0 << X-Timer: S1633378201.305003,VS0,VE356
15:10:02.110 [pool-2-thread-1] DEBUG org.apache.hc.client5.http.headers - http-outgoing-0 << Vary: Authorization,Accept-Encoding,Origin
15:10:02.110 [pool-2-thread-1] DEBUG org.apache.hc.client5.http.headers - http-outgoing-0 << Access-Control-Allow-Origin: *
15:10:02.110 [pool-2-thread-1] DEBUG org.apache.hc.client5.http.headers - http-outgoing-0 << X-Fastly-Request-ID: 95671e29ed1e8cb4e5767644174f293f87e7fcca
15:10:02.110 [pool-2-thread-1] DEBUG org.apache.hc.client5.http.headers - http-outgoing-0 << Expires: Mon, 04 Oct 2021 20:15:01 GMT
15:10:02.110 [pool-2-thread-1] DEBUG org.apache.hc.client5.http.headers - http-outgoing-0 << Source-Age: 0
15:10:02.113 [pool-2-thread-1] DEBUG o.a.h.c.h.i.classic.MainClientExec - ex-00000001: connection can be kept alive for 3 MINUTES
15:10:02.116 [pool-2-thread-1] DEBUG org.apache.hc.client5.http.wire - http-outgoing-0 << "[0x1f][0xffffff8b][0x8][0x0][0x0][0x0][0x0][0x0][0x0][0x3][0xffffffb5]V]o[0xffffffda]0[0x14]}[0xffffffe7]W\[0xffffff81]*[0xffffffb5][0x12][0x1f][[M[0xffffffd3]$[0x1e]hF[0xffffffbb]i [0x18][0xffffffb4][0xffffffdd]&[0xfffffff9][0xffffffc5]Mn[0xffffff82][0xffffffa5]$Fv([0xffffffed]~[0xfffffffd]l[0xffffffe7]c$u[0x6]k[0xffffffe8][l_[0xffffff9f]s|[0xffffffef]q|;[0xffffffe0][0xfffffff0]([0xffffffa2][0xffffffb1]'[0xffffffc1][0xffffffa3][0x9]}[0xffffffa0][0x12][[0x1d][0xffffffb8]]1[0x9]>[0xb][0x11]\[0x1e]'[0xffffff94][0xffffffc5][0x12][0xffffff92][0xffffff95][0x1e]d[0xffffffa1][0x9][0xffffff87][0x7][0x4]|Bw[0xffffff93][0xffffffa0][0x7],6[0xffffffcb]r[0xffffff85]a[0xffffffa8][0x7]\x(t[0xffffff90][0xffffff87][0x9][0xffffffba][0xffffff89]Y|D![0x19]Wk>[0xffffffa0][0xfffffffa][0xe][0x4]b[0xc][0xf][0xffffff82]o[0xffffffa5]ZP[0xffffff94][0xffffffa7][0xffffffce]J[0xfffffff0][0x8][0xffffffbb]p[0xffffffcd][0x4][0xfffffffa][0xfffffffc][0xffffffa9][0xb][0xffffffb3]5[\n]"
15:10:02.116 [pool-2-thread-1] DEBUG org.apache.hc.client5.http.wire - http-outgoing-0 << "[0xffffffda][0xffffff85][0xffffffb1][0x17][0xffffffa8]Y[0xffffffb3][0xffffffca]6[0xffffffd1][0xffffff99][0xffffffc6][0xfffffff7][0xffffff98][0xffffffef][0xffffffa3][0xffffffc0]8[0x1][0xffffffae]c[0x12][0x16][0x7] [0xffffff9f]e[0xffffff82][0xffffff91][0xffffff84][0xffffffd3][0x1f],[0xfffffff6][0x14]j[0x17]&,[0xffffffde]([0xffffff98])ua[0xffffffb6]<k)[0xffffff8e][0xffffff94][0xffffffa2][0xffffff95][0x1d][0xffffffa3][0xffffffef][0xffffff9a]a[0x7f][0xffffff9b]n[0xffffffe8][0xffffffbf]{?t#[0xffffffaf][0xffffffaf]N[0x5][0x3][0x7][0xffffffb6][0x11]sMJL[0x1a][0xffffffb6]+[0xffffffc5][0x7]1[0xffffff8d]p[0xffffffd8]>[0xffffff99]/f7[0xffffff8b][0xffffffd1][0xfffffff4][0xfffffffa][0xffffffeb]d[0xffffffbc]<[0xfffffffd][0xfffffff9][0xfffffff1][0xffffffc3][0xffffffd9]'2$[0xffffffe4][0xffffff84][0xffffff90][0x1b][0xffffffce][0xffffff83][0x10][0x9]Iy[0x8][0x19][0xffffffad][0xffffffd7]!s[0xffffff95]>[0x1e][0x13][0xffffff92][0xffffffb1])[0xfffffff8]6[0x4][0xffffff98][0xffffffc0]}[0xffffff96][0xffffff90][0xffffffc1]#[\r]7[0xfffffff5][0xffffffa2][0xffffffce][0xf][0x14]5[0xffffff99]9[0xffffffa3][0xffffffc9]h>[0xffffffff]<[0xffffffba][0x1d][0xffffffbd][0xffffffa5][0xffffff9e][0xffffff8b]W$[0xffffffe9]-[0xfffffff5]\[0xe][0x17][0xffffffe3][0x1b][0xfffffff8]~7^[0xfffffffc][0xffffff82]/[0xffffffdf][0xffffff9c];[0xffffffb2][0xffffffe4]~[0xffffffb2][0xffffffa5][0x2]s[0xffffffb6][0xffffff8c][0xffffffec]jr[0xffffff85][0xffffffd4]5x[0xffffffb9][0x17][U[0xffffffd0]P;F[0xfffffffb] 0[{[0xffffffe9]4[0xfffffff4]zu[0x1b]"[0xffffffea][0xffffffea][0xfffffff0][0xffffffc1][0xffffffce]A[0xffffffe4] [0xffffffe5][0xffffffcd][0xffffffcc][0xffffffd6][0xffffffa7][0xffffffeb][0xfffffff5][0xffffffc0]Q[0xffffff97]H[0xffffffb9]U[0xe][0xffffff94][0x17]g[0xffffffcb]r[0xffffffc0].[0xffffffba][0xffffffb2]h[0xffffffe6][0xfffffffe][0xffffff82][0xffffffc8]O[0xffffffc7][0xffffffcd]L[0xffffff9a][0xffffffe7][0x7f][0xffffffca][0x7f][0xffffffb3]0[0xffffffa4]9[0x9]!9[0xfffffffa][0xffffffbe][0xffffffa4][0xffffffbf]Pq[0xffffffa8]+k[0xffffffaf][0xffffffca][0xfffffff1][0xffffffa4]\[0xffffffec][0x18][0xffffffa0]]v@FR%kk[0xf]8[0x1b][0xffffffa1][0xffffffff] [0xfffffff7][0xffffffd5][0xffffffca][0xffffffe6][0xfffffff8][0xffffff85][0x17][0xffffffb2][0x9][0xffffffe8]=[0xffffffbe][0xc][0xffffffb2][0xffffffd6]?c[0xffffffb1]U~[0x17]K[0x15][[0xffffffff][0xffffffda][\n]"
15:10:02.116 [pool-2-thread-1] DEBUG org.apache.hc.client5.http.wire - http-outgoing-0 << "LT[0xffffff83]#[0xfffffffe][0xffffff8b][0xffffffa6][0xffffffcc][0x15]\[0xffffffaa]L[0x10][0xffffffa2]i*[0xffffff97]-[0xffffff92][0xffffff86]n_[0xffffffb2][0xffffffcb][0xffffff9a]^S[0xfffffff4]7[0xffffff94]sQ{[0xfffffff3][0xffffffff][0xffffff92][0x19][0xffffffae][0x7f]^}[0xffffff83]Y[0x14];[0xffffffca]w[0xfffffff6][0xfffffff4][0xffffffbc][0xffffffed][0xffffffe6][0xffffff9b]xk[0xffffffdd][0xb]VSW[[0xfffffff9][0xffffffcb][0x11]P[0xffffffba][0xfffffff8][0xffffffe6][0xffffffb5]+X[0xffffffcc][0xffffffbb][0xfffffff6][0xffffffff]n[0xffffffb0]=[0x2]s[0xffffffc1][0x3]A#I[0xffffff88][0xffffffa1] $[0xffffffa4][0xffffff9b][0xffffffd8]U[0xffffffbb][0xfffffff6][0xffffffa6][0xffffffbb]"[0xffffffa2]I[0xfffffff9][0xffffff8f]&[0xffffffe2][0xffffffd0][0xffffffe7][0xffffffc7][0xffffff96][0xffffff89][0xffffff86][0xffffffd4][0xffffff97][\r][0xffffffce][0x7f](u[0xffffff85][0xffffffbb][0xfffffff0][0xffffffa5][0x19][0xffffffda][0xffffffec][0xffffff98][0xffffffc6]Y[0xfffffffd]h8m6[0xffffff9c]U[0xffffffc1][0xfffffff2][0xffffffd6]H[0xfffffff5]W[0xffffffe5][0x17]NM[0x1c][0xffffffc7][0xffffff84]9|[0xffffff83]7[0xffffffbf][0xffffffa4][0xffffffa5][0xfffffff1][0xfffffffb]slAM[0xffffffda][0xffffffa2]ck[0xffffffa9]o[0xffffff89][\n]"
15:10:02.116 [pool-2-thread-1] DEBUG org.apache.hc.client5.http.wire - http-outgoing-0 << "[0xffffffa6][0xfffffffd][0xffffffdd][0xffffff90]F,[0xffffffec][0xffffff97][0xffffffcf][0xfffffff4][0xffffffb2][0xffffff86]}[0xffffffc7]<u[0xffffff9b][0xffffffce][0xffffff8b]M[0xffffffb5][0xfffffffd][0xffffff93][0xffffff8e][0xffffffb6]:7[0xffffff97]i3[0xffffffaf]cA[0xffffffed][0xffffffc0][0xffffff92][0xfffffffa]T[0xffffffb0][0x2]^[0xffffff9a][0xffffffa1][0x1d]<[\r][0xffffffb5]A[0xffffffa7]+;[0xffffffc0][0x7f][0x0][0xffffffb2]$|[0xffffff88][0x1d][\r][0x0][0x0]"
15:10:02.118 [pool-2-thread-1] DEBUG o.a.h.c.h.i.c.InternalHttpClient - ep-00000000: releasing valid endpoint
15:10:02.118 [pool-2-thread-1] DEBUG o.a.h.c.h.i.i.PoolingHttpClientConnectionManager - ep-00000000: releasing endpoint
15:10:02.118 [pool-2-thread-1] DEBUG o.a.h.c.h.i.i.PoolingHttpClientConnectionManager - ep-00000000: connection http-outgoing-0 can be kept alive for 3 MINUTES
15:10:02.119 [pool-2-thread-1] DEBUG o.a.h.c.h.i.i.PoolingHttpClientConnectionManager - ep-00000000: connection released [route: {s}->https://raw.githubusercontent.com:443][total available: 1; route allocated: 1 of 5; total allocated: 1 of 25]
15:10:02.119 [pool-2-thread-1] DEBUG i.g.b.wdm.versions.VersionDetector - Detecting chrome version using online commands.properties
15:10:02.121 [pool-2-thread-1] DEBUG i.g.bonigarcia.wdm.versions.Shell - Running command on the shell: [cmd.exe, /C, wmic, datafile, where, name="%PROGRAMFILES(X86):\=\\%\\Google\\Chrome\\Application\\chrome.exe", get, Version, /value]
15:10:02.413 [pool-2-thread-1] DEBUG i.g.bonigarcia.wdm.versions.Shell - Result: 
15:10:02.414 [pool-2-thread-1] DEBUG i.g.bonigarcia.wdm.versions.Shell - Running command on the shell: [cmd.exe, /C, wmic, datafile, where, name="%LOCALAPPDATA:\=\\%\\Google\\Chrome\\Application\\chrome.exe", get, Version, /value]
15:10:02.683 [pool-2-thread-1] DEBUG i.g.bonigarcia.wdm.versions.Shell - Result: 
15:10:02.683 [pool-2-thread-1] DEBUG i.g.bonigarcia.wdm.versions.Shell - Running command on the shell: [cmd.exe, /C, wmic, datafile, where, name="%PROGRAMFILES:\=\\%\\Google\\Chrome\\Application\\chrome.exe", get, Version, /value]
15:10:02.915 [pool-2-thread-1] DEBUG i.g.bonigarcia.wdm.versions.Shell - Result: Version=94.0.4606.71
15:10:02.918 [pool-2-thread-1] DEBUG i.g.b.wdm.cache.ResolutionCache - Resolution chrome94=94.0.4606.61 in cache (valid until 11:41:50 05/10/2021 COT)
15:10:02.918 [pool-2-thread-1] INFO  i.g.bonigarcia.wdm.WebDriverManager - Using chromedriver 94.0.4606.61 (resolved driver for Chrome 94)
15:10:02.922 [pool-2-thread-1] DEBUG i.g.b.wdm.cache.ResolutionCache - Storing resolution chrome=94 in cache (valid until 16:10:02 04/10/2021 COT)
15:10:02.939 [pool-2-thread-1] DEBUG i.g.bonigarcia.wdm.WebDriverManager - Driver chromedriver 94.0.4606.61 found in cache
15:10:02.940 [pool-2-thread-1] INFO  i.g.bonigarcia.wdm.WebDriverManager - Exporting webdriver.chrome.driver as C:\Users\Usuario\.cache\selenium\chromedriver\win32\94.0.4606.61\chromedriver.exe
15:10:03.931 [pool-2-thread-1] INFO  n.s.c.w.d.ProvideNewDriver - Instantiating driver
15:10:03.933 [pool-2-thread-1] INFO  n.s.c.w.d.ProvideNewDriver - Driver capabilities: Capabilities {acceptInsecureCerts: false, browserName: chrome, chrome.switches: --start-maximized;--test-ty..., goog:chromeOptions: {args: [--start-maximized, --test-type, --no-sandbox, --ignore-certificate-errors, --disable-popup-blocking, --disable-default-apps, --disable-extensions-file-a..., --disable-download-notifica..., --disable-infobars, --disable-gpu], excludeSwitches: [--enable-automation], extensions: [], prefs: {credentials_enable_service: false, download.default_directory: /my/downloads/, password_manager_enabled: false, profile.default_content_setting_values.geolocation: 1, profile.default_content_setting_values.notifications: 1, profile.default_content_settings.popups: 0}, useAutomationExtension: false}, loggingPrefs: org.openqa.selenium.logging...}
15:10:22.554 [pool-2-thread-1] DEBUG n.s.core.photography.Darkroom - Opening darkroom
15:10:22.555 [Darkroom Processing Line] DEBUG n.s.c.p.DarkroomProcessingLine - Darkroom processing line starting up
15:10:23.179 [pool-2-thread-1] DEBUG n.s.core.photography.Darkroom - Send negative for processing for target\site\serenity\921f96c16ea83e82012c2c04096c6e10ae0095b9d7d0039de882487cf75be9c4.png
15:10:23.179 [Darkroom Processing Line] DEBUG n.s.c.p.DarkroomProcessingLine - Processing screenshot image in /var/screenshots/screenshot-16197938424184686073
15:10:23.179 [Darkroom Processing Line] DEBUG n.s.c.p.DarkroomProcessingLine - Saving screenshot to target\site\serenity\921f96c16ea83e82012c2c04096c6e10ae0095b9d7d0039de882487cf75be9c4.png
15:10:23.182 [pool-2-thread-1] DEBUG n.t.core.steps.StepInterceptor - STEP DONE: {0} opens the #pageName page
15:10:23.192 [pool-2-thread-1] DEBUG n.t.core.steps.StepInterceptor - STEP DONE: !#title
  &amp#27;[32mGiven &amp#27;[0m&amp#27;[32m&amp#27;[0m&amp#27;[32m&amp#27;[1mUser&amp#27;[0m&amp#27;[32m enters the coupon website&amp#27;[0m    &amp#27;[90m# steps.LoginSD.user_enters_the_coupon_website(net.serenitybdd.screenplay.Actor)&amp#27;[0m
15:10:33.461 [pool-2-thread-1] DEBUG n.s.core.photography.Darkroom - Send negative for processing for target\site\serenity\8aed1e81bb5f086565f7f96eaa73b9be4b0b0426f61234eb6c0bca30f6dd132f.png
15:10:33.461 [Darkroom Processing Line] DEBUG n.s.c.p.DarkroomProcessingLine - Processing screenshot image in /var/screenshots/screenshot-15179217232425385391
15:10:33.461 [Darkroom Processing Line] DEBUG n.s.c.p.DarkroomProcessingLine - Saving screenshot to target\site\serenity\8aed1e81bb5f086565f7f96eaa73b9be4b0b0426f61234eb6c0bca30f6dd132f.png
&amp#27;[92m|---- When sends number document 72209308&amp#27;[0m
&amp#27;[92m|------ Login&amp#27;[0m
15:10:33.510 [pool-2-thread-1] DEBUG n.t.core.steps.StepInterceptor - STARTING STEP: LoginSD.sends_number_document - !#title
15:10:33.517 [pool-2-thread-1] DEBUG n.s.s.targets.IFrameSwitcher - default content already selected for Input de numero de documento
15:10:33.891 [pool-2-thread-1] DEBUG n.s.core.photography.Darkroom - Send negative for processing for target\site\serenity\ad2b16b5ee50ace2233a571b7d8529143ce54a155f07a2459af6f1b07638aefa.png
&amp#27;[92m|-------- User enters '72209308' into Input de numero de documento&amp#27;[0m
15:10:33.892 [Darkroom Processing Line] DEBUG n.s.c.p.DarkroomProcessingLine - Processing screenshot image in /var/screenshots/screenshot-396965109982303912
15:10:33.892 [Darkroom Processing Line] DEBUG n.s.c.p.DarkroomProcessingLine - Saving screenshot to target\site\serenity\ad2b16b5ee50ace2233a571b7d8529143ce54a155f07a2459af6f1b07638aefa.png
15:10:33.892 [pool-2-thread-1] DEBUG n.t.core.steps.StepInterceptor - STARTING STEP: LoginSD.sends_number_document - {0} enters #theTextAsAString into #target
15:10:33.893 [pool-2-thread-1] DEBUG n.s.s.targets.IFrameSwitcher - default content already selected for Input de numero de documento
15:10:34.427 [pool-2-thread-1] DEBUG n.s.core.photography.Darkroom - Send negative for processing for target\site\serenity\c01b5c481d7540f3b904fecb30026b1b59e135875c2388bd15bc05f12bc05db2.png
15:10:34.427 [pool-2-thread-1] DEBUG n.t.core.steps.StepInterceptor - STEP DONE: {0} enters #theTextAsAString into #target
15:10:34.427 [Darkroom Processing Line] DEBUG n.s.c.p.DarkroomProcessingLine - Processing screenshot image in /var/screenshots/screenshot-13467377238045086834
15:10:34.427 [Darkroom Processing Line] DEBUG n.s.c.p.DarkroomProcessingLine - Saving screenshot to target\site\serenity\c01b5c481d7540f3b904fecb30026b1b59e135875c2388bd15bc05f12bc05db2.png
15:10:34.429 [pool-2-thread-1] DEBUG n.s.s.targets.IFrameSwitcher - default content already selected for Boton ingresar
15:10:34.779 [pool-2-thread-1] DEBUG n.s.core.photography.Darkroom - Send negative for processing for target\site\serenity\5bea1273adac57172f51e213f42cbd76d66a00fe0ce0126faf8b7118949f4a09.png
&amp#27;[92m|-------- User clicks on Boton ingresar&amp#27;[0m
15:10:34.780 [Darkroom Processing Line] DEBUG n.s.c.p.DarkroomProcessingLine - Processing screenshot image in /var/screenshots/screenshot-1657834047339003071
15:10:34.780 [Darkroom Processing Line] DEBUG n.s.c.p.DarkroomProcessingLine - Saving screenshot to target\site\serenity\5bea1273adac57172f51e213f42cbd76d66a00fe0ce0126faf8b7118949f4a09.png
15:10:34.780 [pool-2-thread-1] DEBUG n.t.core.steps.StepInterceptor - STARTING STEP: LoginSD.sends_number_document - {0} clicks on #target
15:10:34.780 [pool-2-thread-1] DEBUG n.s.s.targets.IFrameSwitcher - default content already selected for Boton ingresar
15:10:35.155 [pool-2-thread-1] DEBUG n.s.core.photography.Darkroom - Send negative for processing for target\site\serenity\2f255ac5e24b1c807bb5fa277fe0c846a07e322b2e8f74dec55f72a2f390273f.png
15:10:35.155 [pool-2-thread-1] DEBUG n.t.core.steps.StepInterceptor - STEP DONE: {0} clicks on #target
15:10:35.155 [Darkroom Processing Line] DEBUG n.s.c.p.DarkroomProcessingLine - Processing screenshot image in /var/screenshots/screenshot-14161532335743772592
15:10:35.155 [Darkroom Processing Line] DEBUG n.s.c.p.DarkroomProcessingLine - Saving screenshot to target\site\serenity\2f255ac5e24b1c807bb5fa277fe0c846a07e322b2e8f74dec55f72a2f390273f.png
15:10:35.157 [pool-2-thread-1] DEBUG n.s.s.targets.IFrameSwitcher - default content already selected for NOMBRE DEL CLIENTE
15:10:39.163 [pool-2-thread-1] DEBUG n.s.s.targets.IFrameSwitcher - default content already selected for NOMBRE DEL CLIENTE
15:10:39.645 [pool-2-thread-1] DEBUG n.s.core.photography.Darkroom - Send negative for processing for target\site\serenity\30a8435c2c490ec0464d228753561574a03dd6df54fd8b952ac5bd6e05e10873.png
15:10:39.646 [pool-2-thread-1] DEBUG n.t.core.steps.StepInterceptor - STEP DONE: !#title
15:10:39.646 [Darkroom Processing Line] DEBUG n.s.c.p.DarkroomProcessingLine - Processing screenshot image in /var/screenshots/screenshot-2275755578242811592
15:10:39.646 [Darkroom Processing Line] DEBUG n.s.c.p.DarkroomProcessingLine - Saving screenshot to target\site\serenity\30a8435c2c490ec0464d228753561574a03dd6df54fd8b952ac5bd6e05e10873.png
  &amp#27;[32mWhen &amp#27;[0m&amp#27;[32msends number document &amp#27;[0m&amp#27;[32m&amp#27;[1m72209308&amp#27;[0m     &amp#27;[90m# steps.LoginSD.sends_number_document(java.lang.String)&amp#27;[0m
&amp#27;[92m|---- Then should be able to view her coupons&amp#27;[0m
15:10:39.660 [pool-2-thread-1] DEBUG n.s.s.targets.IFrameSwitcher - default content already selected for NOMBRE DEL CLIENTE
****MENSAJE DE BIENVENIDA*****:¡Hola !
15:10:40.122 [pool-2-thread-1] DEBUG n.s.core.photography.Darkroom - Send negative for processing for target\site\serenity\42043c10d8a4ba171601a63dbbcae50fe83fb4e0787c89a92e2f87ddb789c384.png
&amp#27;[92m|------ Then MENSAJE DE BIENVENIDA should be Predicates.equalTo(&iexcl;Hola !)&amp#27;[0m
15:10:40.130 [Darkroom Processing Line] DEBUG n.s.c.p.DarkroomProcessingLine - Processing screenshot image in /var/screenshots/screenshot-1566061502332150628
15:10:40.130 [Darkroom Processing Line] DEBUG n.s.c.p.DarkroomProcessingLine - Saving screenshot to target\site\serenity\42043c10d8a4ba171601a63dbbcae50fe83fb4e0787c89a92e2f87ddb789c384.png
15:10:40.131 [pool-2-thread-1] DEBUG n.s.s.targets.IFrameSwitcher - default content already selected for NOMBRE DEL CLIENTE
15:10:40.545 [pool-2-thread-1] DEBUG n.s.core.photography.Darkroom - Send negative for processing for target\site\serenity\1f570240aa361abf5483b35fa8d41beee3f64ad0eca0357be13be6e9c77af9fd.png
15:10:40.545 [Darkroom Processing Line] DEBUG n.s.c.p.DarkroomProcessingLine - Processing screenshot image in /var/screenshots/screenshot-13707895621010862563
15:10:40.545 [Darkroom Processing Line] DEBUG n.s.c.p.DarkroomProcessingLine - Saving screenshot to target\site\serenity\1f570240aa361abf5483b35fa8d41beee3f64ad0eca0357be13be6e9c77af9fd.png
15:10:45.925 [pool-2-thread-1] DEBUG n.s.core.photography.Darkroom - Send negative for processing for target\site\serenity\20056055eed11b498bd01829a99c53c783643c096eb654fa0ec3569f5bfa5c1d.png
&amp#27;[92m|------ cerrar sesion&amp#27;[0m
15:10:45.925 [Darkroom Processing Line] DEBUG n.s.c.p.DarkroomProcessingLine - Processing screenshot image in /var/screenshots/screenshot-10241676013441089215
15:10:45.925 [Darkroom Processing Line] DEBUG n.s.c.p.DarkroomProcessingLine - Saving screenshot to target\site\serenity\20056055eed11b498bd01829a99c53c783643c096eb654fa0ec3569f5bfa5c1d.png
15:10:45.926 [pool-2-thread-1] DEBUG n.t.core.steps.StepInterceptor - STARTING STEP: LoginSD.should_be_able_to_view_her_coupons - !#title
15:10:45.930 [pool-2-thread-1] DEBUG n.s.s.targets.IFrameSwitcher - default content already selected for Cerrar sesion
15:10:46.456 [pool-2-thread-1] DEBUG n.s.core.photography.Darkroom - Send negative for processing for target\site\serenity\6096fe13de9bfb170c9316c4a132a223c891f00e7aa5ed6c84d30c512cc38b95.png
&amp#27;[92m|-------- User clicks on Cerrar sesion&amp#27;[0m
15:10:46.457 [Darkroom Processing Line] DEBUG n.s.c.p.DarkroomProcessingLine - Processing screenshot image in /var/screenshots/screenshot-16221174733784547618
15:10:46.457 [Darkroom Processing Line] DEBUG n.s.c.p.DarkroomProcessingLine - Saving screenshot to target\site\serenity\6096fe13de9bfb170c9316c4a132a223c891f00e7aa5ed6c84d30c512cc38b95.png
15:10:46.457 [pool-2-thread-1] DEBUG n.t.core.steps.StepInterceptor - STARTING STEP: LoginSD.should_be_able_to_view_her_coupons - {0} clicks on #target
15:10:46.459 [pool-2-thread-1] DEBUG n.s.s.targets.IFrameSwitcher - default content already selected for Cerrar sesion
15:10:47.036 [pool-2-thread-1] DEBUG n.s.core.photography.Darkroom - Send negative for processing for target\site\serenity\ad98c489e6bb0c5419dd663a7815c9679d9a013eba0eedac1984e5a362d9e325.png
15:10:47.036 [pool-2-thread-1] DEBUG n.t.core.steps.StepInterceptor - STEP DONE: {0} clicks on #target
15:10:47.037 [Darkroom Processing Line] DEBUG n.s.c.p.DarkroomProcessingLine - Processing screenshot image in /var/screenshots/screenshot-1778693395908273703
15:10:47.037 [Darkroom Processing Line] DEBUG n.s.c.p.DarkroomProcessingLine - Saving screenshot to target\site\serenity\ad98c489e6bb0c5419dd663a7815c9679d9a013eba0eedac1984e5a362d9e325.png
15:10:47.042 [pool-2-thread-1] DEBUG n.t.core.steps.StepInterceptor - STEP DONE: !#title
  &amp#27;[32mThen &amp#27;[0m&amp#27;[32mshould be able to view her coupons&amp#27;[0m &amp#27;[90m# steps.LoginSD.should_be_able_to_view_her_coupons()&amp#27;[0m
15:10:47.173 [pool-2-thread-1] INFO   - &amp#27;[92m---------------
- TEST PASSED -
---------------

successful login
---------------&amp#27;[0m
15:10:47.417 [Darkroom Processing Line] DEBUG n.s.c.p.DarkroomProcessingLine - Processing screenshot image in /var/screenshots/screenshot-11229829748043388050
15:10:47.417 [Darkroom Processing Line] DEBUG n.s.c.p.DarkroomProcessingLine - Saving screenshot to target\site\serenity\b398a90c1115e2eab095c0be325ef3fd9e33b3e066ef18e3390e5ca482a0177c.png
15:10:48.590 [Darkroom Processing Line] DEBUG n.s.c.p.DarkroomProcessingLine - Processing screenshot image in /var/screenshots/screenshot-13335675540160827613
15:10:48.590 [Darkroom Processing Line] DEBUG n.s.c.p.DarkroomProcessingLine - Saving screenshot to target\site\serenity\1d73da756e5e6d37ebb346342713c4e594401f3b1df779266cdd3bc2474bfd98.png
15:11:00.132 [Darkroom Processing Line] DEBUG n.s.c.p.DarkroomProcessingLine - Processing screenshot image in /var/screenshots/screenshot-7877611368980147930
15:11:00.132 [Darkroom Processing Line] DEBUG n.s.c.p.DarkroomProcessingLine - Saving screenshot to target\site\serenity\90b6a16282b763622b552f3e3e5ddcb477b19e745f53e434f79557e3afe45e65.png
15:11:10.444 [Darkroom Processing Line] DEBUG n.s.c.p.DarkroomProcessingLine - Processing screenshot image in /var/screenshots/screenshot-4865446466327104617
15:11:10.444 [Darkroom Processing Line] DEBUG n.s.c.p.DarkroomProcessingLine - Saving screenshot to target\site\serenity\ed1f46db5acb7ae0a1aa537b037903f5a719094813f66e18ad7f58fe58b9fa5e.png
15:11:10.836 [Darkroom Processing Line] DEBUG n.s.c.p.DarkroomProcessingLine - Processing screenshot image in /var/screenshots/screenshot-18145250652785789923
15:11:10.836 [Darkroom Processing Line] DEBUG n.s.c.p.DarkroomProcessingLine - Saving screenshot to target\site\serenity\df367db06373b7229803cd179d9e8c3dd392ab5650e5934428f72abbb55369a3.png
15:11:12.386 [Darkroom Processing Line] DEBUG n.s.c.p.DarkroomProcessingLine - Processing screenshot image in /var/screenshots/screenshot-9698920115429359258
15:11:12.386 [Darkroom Processing Line] DEBUG n.s.c.p.DarkroomProcessingLine - Saving screenshot to target\site\serenity\39e05e5b8608e14189bdbf49fa4580031ef853f626918582ed557f2217d7a519.png
15:11:23.726 [Darkroom Processing Line] DEBUG n.s.c.p.DarkroomProcessingLine - Processing screenshot image in /var/screenshots/screenshot-17589596828340617684
15:11:23.726 [Darkroom Processing Line] DEBUG n.s.c.p.DarkroomProcessingLine - Saving screenshot to target\site\serenity\a8d577b0c9818b49319edc101016e7c6dbbafbac2cb88930ccf183cfee802dd4.png
15:11:24.805 [Darkroom Processing Line] DEBUG n.s.c.p.DarkroomProcessingLine - Processing screenshot image in /var/screenshots/screenshot-5301095820978071656
15:11:24.805 [Darkroom Processing Line] DEBUG n.s.c.p.DarkroomProcessingLine - Saving screenshot to target\site\serenity\68db25b4d56f6a082a729a9bf020706ea4d9755e7c9c4b1e47e6cba0f665c4b6.png
15:11:26.180 [Darkroom Processing Line] DEBUG n.s.c.p.DarkroomProcessingLine - Processing screenshot image in /var/screenshots/screenshot-8802055588467993680
15:11:26.180 [Darkroom Processing Line] DEBUG n.s.c.p.DarkroomProcessingLine - Saving screenshot to target\site\serenity\ae05ef8e5bb197bd55e68bc112c6a3b8919d7788642e8211efd3813aaf6b143b.png
15:11:26.724 [Darkroom Processing Line] DEBUG n.s.c.p.DarkroomProcessingLine - Processing screenshot image in /var/screenshots/screenshot-6614355034155592008
15:11:26.724 [Darkroom Processing Line] DEBUG n.s.c.p.DarkroomProcessingLine - Saving screenshot to target\site\serenity\ee81aea3e056e2deb709f4a83c91381a83b1cde85611f588842dad9980cb106a.png
15:12:09.104 [Darkroom Processing Line] DEBUG n.s.c.p.DarkroomProcessingLine - Processing screenshot image in /var/screenshots/screenshot-407220354058301676
15:12:09.104 [Darkroom Processing Line] DEBUG n.s.c.p.DarkroomProcessingLine - Saving screenshot to target\site\serenity\fa2588b1f1b328e9734c37b955cc71bd473ba4320ac210e10004a77cdc474192.png
15:12:12.621 [Darkroom Processing Line] DEBUG n.s.c.p.DarkroomProcessingLine - Darkroom processing line shutting down
]]></system-out>
    <system-err><![CDATA[Starting ChromeDriver 94.0.4606.61 (418b78f5838ed0b1c69bb4e51ea0252171854915-refs/branch-heads/4606@{#1204}) on port 6739
Only local connections are allowed.
Please see https://chromedriver.chromium.org/security-considerations for suggestions on keeping ChromeDriver safe.
ChromeDriver was started successfully.
[1633378204.450][WARNING]: Deprecated chrome option is ignored: useAutomationExtension
[1633378204.450][WARNING]: Deprecated chrome option is ignored: useAutomationExtension
oct. 04, 2021 3:10:05 P. M. org.openqa.selenium.remote.ProtocolHandshake createSession
INFO: Detected dialect: W3C
]]></system-err>
  </testcase>
  <testcase name="failed login" classname="Login into the application" time="24.051">
    <system-out><![CDATA[
@login @loginFailed
Scenario Outline: failed login             &amp#27;[90m# src/test/resources/features/login/login.feature:25&amp#27;[0m
15:10:47.181 [pool-2-thread-1] INFO  i.c.core.plugin.SerenityReporter - Running feature from file:///C:/Users/Usuario/Desktop/AUTOMATIZACIONES/automation-cuponero-v2/src/test/resources/features/login/login.feature
15:10:47.183 [pool-2-thread-1] INFO   - ----------------
- TEST STARTED -
----------------

failed login(login-into-the-application;failed-login)
----------------
15:10:47.417 [pool-2-thread-1] DEBUG n.s.core.photography.Darkroom - Send negative for processing for target\site\serenity\b398a90c1115e2eab095c0be325ef3fd9e33b3e066ef18e3390e5ca482a0177c.png
&amp#27;[92m|-- 1: failed login ({number=000000})&amp#27;[0m
&amp#27;[92m|---- Given User enters the coupon website&amp#27;[0m
&amp#27;[92m|------ User opens the home page&amp#27;[0m
15:10:47.431 [pool-2-thread-1] DEBUG n.t.core.steps.StepInterceptor - STARTING STEP: LoginSD.user_enters_the_coupon_website - !#title
&amp#27;[92m|-------- User opens the home.page page&amp#27;[0m
15:10:47.436 [pool-2-thread-1] DEBUG n.t.core.steps.StepInterceptor - STARTING STEP: LoginSD.user_enters_the_coupon_website - {0} opens the #pageName page
15:10:48.589 [pool-2-thread-1] DEBUG n.s.core.photography.Darkroom - Send negative for processing for target\site\serenity\1d73da756e5e6d37ebb346342713c4e594401f3b1df779266cdd3bc2474bfd98.png
15:10:48.589 [pool-2-thread-1] DEBUG n.t.core.steps.StepInterceptor - STEP DONE: {0} opens the #pageName page
15:10:48.593 [pool-2-thread-1] DEBUG n.t.core.steps.StepInterceptor - STEP DONE: !#title
  &amp#27;[32mGiven &amp#27;[0m&amp#27;[32m&amp#27;[0m&amp#27;[32m&amp#27;[1mUser&amp#27;[0m&amp#27;[32m enters the coupon website&amp#27;[0m     &amp#27;[90m# steps.LoginSD.user_enters_the_coupon_website(net.serenitybdd.screenplay.Actor)&amp#27;[0m
15:10:58.883 [pool-2-thread-1] DEBUG n.s.core.photography.Darkroom - Send negative for processing for target\site\serenity\b398a90c1115e2eab095c0be325ef3fd9e33b3e066ef18e3390e5ca482a0177c.png
&amp#27;[92m|---- When sends invalid document 000000&amp#27;[0m
&amp#27;[92m|------ login invalid&amp#27;[0m
15:10:58.897 [pool-2-thread-1] DEBUG n.t.core.steps.StepInterceptor - STARTING STEP: LoginSD.sends_invalid_document - !#title
15:10:58.898 [pool-2-thread-1] DEBUG n.s.s.targets.IFrameSwitcher - default content already selected for Input de numero de documento
15:10:59.368 [pool-2-thread-1] DEBUG n.s.core.photography.Darkroom - Send negative for processing for target\site\serenity\b398a90c1115e2eab095c0be325ef3fd9e33b3e066ef18e3390e5ca482a0177c.png
&amp#27;[92m|-------- User enters '000000' into Input de numero de documento&amp#27;[0m
15:10:59.368 [pool-2-thread-1] DEBUG n.t.core.steps.StepInterceptor - STARTING STEP: LoginSD.sends_invalid_document - {0} enters #theTextAsAString into #target
15:10:59.370 [pool-2-thread-1] DEBUG n.s.s.targets.IFrameSwitcher - default content already selected for Input de numero de documento
15:11:00.132 [pool-2-thread-1] DEBUG n.s.core.photography.Darkroom - Send negative for processing for target\site\serenity\90b6a16282b763622b552f3e3e5ddcb477b19e745f53e434f79557e3afe45e65.png
15:11:00.132 [pool-2-thread-1] DEBUG n.t.core.steps.StepInterceptor - STEP DONE: {0} enters #theTextAsAString into #target
15:11:00.136 [pool-2-thread-1] DEBUG n.t.core.steps.StepInterceptor - STEP DONE: !#title
  &amp#27;[32mWhen &amp#27;[0m&amp#27;[32msends invalid document &amp#27;[0m&amp#27;[32m&amp#27;[1m000000&amp#27;[0m       &amp#27;[90m# steps.LoginSD.sends_invalid_document(java.lang.String)&amp#27;[0m
15:11:10.443 [pool-2-thread-1] DEBUG n.s.core.photography.Darkroom - Send negative for processing for target\site\serenity\ed1f46db5acb7ae0a1aa537b037903f5a719094813f66e18ad7f58fe58b9fa5e.png
&amp#27;[92m|---- Then should be able to see error message&amp#27;[0m
15:11:10.451 [pool-2-thread-1] DEBUG n.s.s.targets.IFrameSwitcher - default content already selected for Número de documento inválido
****MENSAJE DE ERROR*****:Número de documento inválido
15:11:10.835 [pool-2-thread-1] DEBUG n.s.core.photography.Darkroom - Send negative for processing for target\site\serenity\df367db06373b7229803cd179d9e8c3dd392ab5650e5934428f72abbb55369a3.png
&amp#27;[92m|------ Then MENSAJE DE ERROR should be Predicates.equalTo(N&uacute;mero de documento inv&aacute;lido)&amp#27;[0m
15:11:10.839 [pool-2-thread-1] DEBUG n.s.s.targets.IFrameSwitcher - default content already selected for Número de documento inválido
  &amp#27;[32mThen &amp#27;[0m&amp#27;[32mshould be able to see error message&amp#27;[0m &amp#27;[90m# steps.LoginSD.should_be_able_to_see_error_message()&amp#27;[0m
15:11:11.223 [pool-2-thread-1] DEBUG n.s.core.photography.Darkroom - Send negative for processing for target\site\serenity\df367db06373b7229803cd179d9e8c3dd392ab5650e5934428f72abbb55369a3.png
15:11:11.227 [pool-2-thread-1] INFO   - &amp#27;[92m---------------
- TEST PASSED -
---------------

failed login
---------------&amp#27;[0m
]]></system-out>
  </testcase>
  <testcase name="user not registered" classname="Login into the application" time="57.884">
    <system-out><![CDATA[
@login @userNotRegistered
Scenario Outline: user not registered               &amp#27;[90m# src/test/resources/features/login/login.feature:36&amp#27;[0m
15:11:11.231 [pool-2-thread-1] INFO  i.c.core.plugin.SerenityReporter - Running feature from file:///C:/Users/Usuario/Desktop/AUTOMATIZACIONES/automation-cuponero-v2/src/test/resources/features/login/login.feature
15:11:11.233 [pool-2-thread-1] INFO   - ----------------
- TEST STARTED -
----------------

user not registered(login-into-the-application;user-not-registered)
----------------
&amp#27;[92m|-- 1: user not registered ({number=00447711})&amp#27;[0m
&amp#27;[92m|---- Given User enters the coupon website&amp#27;[0m
&amp#27;[92m|------ User opens the home page&amp#27;[0m
15:11:11.253 [pool-2-thread-1] DEBUG n.t.core.steps.StepInterceptor - STARTING STEP: LoginSD.user_enters_the_coupon_website - !#title
&amp#27;[92m|-------- User opens the home.page page&amp#27;[0m
15:11:11.258 [pool-2-thread-1] DEBUG n.t.core.steps.StepInterceptor - STARTING STEP: LoginSD.user_enters_the_coupon_website - {0} opens the #pageName page
15:11:12.385 [pool-2-thread-1] DEBUG n.s.core.photography.Darkroom - Send negative for processing for target\site\serenity\39e05e5b8608e14189bdbf49fa4580031ef853f626918582ed557f2217d7a519.png
15:11:12.385 [pool-2-thread-1] DEBUG n.t.core.steps.StepInterceptor - STEP DONE: {0} opens the #pageName page
15:11:12.389 [pool-2-thread-1] DEBUG n.t.core.steps.StepInterceptor - STEP DONE: !#title
  &amp#27;[32mGiven &amp#27;[0m&amp#27;[32m&amp#27;[0m&amp#27;[32m&amp#27;[1mUser&amp#27;[0m&amp#27;[32m enters the coupon website&amp#27;[0m              &amp#27;[90m# steps.LoginSD.user_enters_the_coupon_website(net.serenitybdd.screenplay.Actor)&amp#27;[0m
15:11:22.707 [pool-2-thread-1] DEBUG n.s.core.photography.Darkroom - Send negative for processing for target\site\serenity\b398a90c1115e2eab095c0be325ef3fd9e33b3e066ef18e3390e5ca482a0177c.png
&amp#27;[92m|---- When sends  document 00447711&amp#27;[0m
&amp#27;[92m|------ user no registred&amp#27;[0m
15:11:22.728 [pool-2-thread-1] DEBUG n.t.core.steps.StepInterceptor - STARTING STEP: LoginSD.sends_document - !#title
15:11:22.730 [pool-2-thread-1] DEBUG n.s.s.targets.IFrameSwitcher - default content already selected for Input de numero de documento
15:11:23.157 [pool-2-thread-1] DEBUG n.s.core.photography.Darkroom - Send negative for processing for target\site\serenity\b398a90c1115e2eab095c0be325ef3fd9e33b3e066ef18e3390e5ca482a0177c.png
&amp#27;[92m|-------- User enters '00447711' into Input de numero de documento&amp#27;[0m
15:11:23.157 [pool-2-thread-1] DEBUG n.t.core.steps.StepInterceptor - STARTING STEP: LoginSD.sends_document - {0} enters #theTextAsAString into #target
15:11:23.158 [pool-2-thread-1] DEBUG n.s.s.targets.IFrameSwitcher - default content already selected for Input de numero de documento
15:11:23.725 [pool-2-thread-1] DEBUG n.s.core.photography.Darkroom - Send negative for processing for target\site\serenity\a8d577b0c9818b49319edc101016e7c6dbbafbac2cb88930ccf183cfee802dd4.png
15:11:23.726 [pool-2-thread-1] DEBUG n.t.core.steps.StepInterceptor - STEP DONE: {0} enters #theTextAsAString into #target
15:11:23.727 [pool-2-thread-1] DEBUG n.s.s.targets.IFrameSwitcher - default content already selected for Boton ingresar
15:11:24.182 [pool-2-thread-1] DEBUG n.s.core.photography.Darkroom - Send negative for processing for target\site\serenity\a8d577b0c9818b49319edc101016e7c6dbbafbac2cb88930ccf183cfee802dd4.png
&amp#27;[92m|-------- User clicks on Boton ingresar&amp#27;[0m
15:11:24.183 [pool-2-thread-1] DEBUG n.t.core.steps.StepInterceptor - STARTING STEP: LoginSD.sends_document - {0} clicks on #target
15:11:24.183 [pool-2-thread-1] DEBUG n.s.s.targets.IFrameSwitcher - default content already selected for Boton ingresar
15:11:24.805 [pool-2-thread-1] DEBUG n.s.core.photography.Darkroom - Send negative for processing for target\site\serenity\68db25b4d56f6a082a729a9bf020706ea4d9755e7c9c4b1e47e6cba0f665c4b6.png
15:11:24.805 [pool-2-thread-1] DEBUG n.t.core.steps.StepInterceptor - STEP DONE: {0} clicks on #target
15:11:24.807 [pool-2-thread-1] DEBUG n.s.s.targets.IFrameSwitcher - default content already selected for MODAL DE REGISTRO A CUPONERO
15:11:26.179 [pool-2-thread-1] DEBUG n.s.core.photography.Darkroom - Send negative for processing for target\site\serenity\ae05ef8e5bb197bd55e68bc112c6a3b8919d7788642e8211efd3813aaf6b143b.png
&amp#27;[92m|-------- User clicks on Link de registro a cuponero&amp#27;[0m
15:11:26.180 [pool-2-thread-1] DEBUG n.t.core.steps.StepInterceptor - STARTING STEP: LoginSD.sends_document - {0} clicks on #target
15:11:26.180 [pool-2-thread-1] DEBUG n.s.s.targets.IFrameSwitcher - default content already selected for Link de registro a cuponero
15:11:26.724 [pool-2-thread-1] DEBUG n.s.core.photography.Darkroom - Send negative for processing for target\site\serenity\ee81aea3e056e2deb709f4a83c91381a83b1cde85611f588842dad9980cb106a.png
15:11:26.724 [pool-2-thread-1] DEBUG n.t.core.steps.StepInterceptor - STEP DONE: {0} clicks on #target
15:11:26.726 [pool-2-thread-1] DEBUG n.t.core.steps.StepInterceptor - STEP DONE: !#title
  &amp#27;[32mWhen &amp#27;[0m&amp#27;[32msends  document &amp#27;[0m&amp#27;[32m&amp#27;[1m00447711&amp#27;[0m                     &amp#27;[90m# steps.LoginSD.sends_document(java.lang.String)&amp#27;[0m
&amp#27;[92m|---- Then should be able to see the registration modal&amp#27;[0m
15:11:26.732 [pool-2-thread-1] DEBUG n.s.s.targets.IFrameSwitcher - default content already selected for MODAL DE REGISTRO A CUPONERO
******DESCRIPCION DE MODAL DE REGISTRO************:Para ver tus cupones, debes ser Socio del Monedero del Ahorro. Ingresa a Registro de afiliación para afiliarte.
15:11:27.052 [pool-2-thread-1] DEBUG n.s.core.photography.Darkroom - Send negative for processing for target\site\serenity\ee81aea3e056e2deb709f4a83c91381a83b1cde85611f588842dad9980cb106a.png
&amp#27;[92m|------ Then DESCRIPCION MODAL DE REGISTRO***** should be Predicates.equalTo(Para ver tus cupones, debes ser Socio del Monedero del Ahorro. Ingresa a Registro de afiliaci&oacute;n para afiliarte.)&amp#27;[0m
15:11:27.053 [pool-2-thread-1] DEBUG n.s.s.targets.IFrameSwitcher - default content already selected for MODAL DE REGISTRO A CUPONERO
15:11:27.381 [pool-2-thread-1] DEBUG n.s.core.photography.Darkroom - Send negative for processing for target\site\serenity\ee81aea3e056e2deb709f4a83c91381a83b1cde85611f588842dad9980cb106a.png
15:11:32.726 [pool-2-thread-1] DEBUG n.s.core.photography.Darkroom - Send negative for processing for target\site\serenity\ee81aea3e056e2deb709f4a83c91381a83b1cde85611f588842dad9980cb106a.png
&amp#27;[92m|------ User switches to new window&amp#27;[0m
15:11:32.727 [pool-2-thread-1] DEBUG n.t.core.steps.StepInterceptor - STARTING STEP: LoginSD.should_be_able_to_see_the_registration_modal - {0} switches to new window
15:11:32.738 [pool-2-thread-1] DEBUG n.s.s.actions.SwitchToNewWindow - open windows: 2
15:11:32.781 [pool-2-thread-1] DEBUG n.s.s.actions.SwitchToNewWindow - current window: Mifarma | Cuponero del ahorro, at: https://cupomania-qa05.cindibyinkafarma.com/login
15:12:08.345 [pool-2-thread-1] DEBUG n.s.s.actions.SwitchToNewWindow - new window: Ahorrando en Mifarma, at: https://mifarmapromos.com.pe/afiliate
15:12:09.104 [pool-2-thread-1] DEBUG n.s.core.photography.Darkroom - Send negative for processing for target\site\serenity\fa2588b1f1b328e9734c37b955cc71bd473ba4320ac210e10004a77cdc474192.png
15:12:09.104 [pool-2-thread-1] DEBUG n.t.core.steps.StepInterceptor - STEP DONE: {0} switches to new window
  &amp#27;[32mThen &amp#27;[0m&amp#27;[32mshould be able to see the registration modal&amp#27;[0m &amp#27;[90m# steps.LoginSD.should_be_able_to_see_the_registration_modal()&amp#27;[0m
15:12:09.110 [pool-2-thread-1] INFO   - &amp#27;[92m---------------
- TEST PASSED -
---------------

user not registered
---------------&amp#27;[0m
]]></system-out>
  </testcase>
</testsuite>