<?xml version="1.0" encoding="UTF-8"?>
<testsuite xmlns:xsi="http://www.w3.org/2001/XMLSchema-instance" xsi:noNamespaceSchemaLocation="https://maven.apache.org/surefire/maven-failsafe-plugin/xsd/failsafe-test-report-3.0.xsd" version="3.0" name="category coupons" time="53.772" tests="1" errors="0" skipped="0" failures="0">
  <properties>
[...]
</properties>
  <testcase name="category coupons" classname="category coupons" time="53.772">
    <system-out><![CDATA[10:16:17.462 [main] DEBUG n.t.c.u.PropertiesFileLocalPreferences - LOADING LOCAL PROPERTIES FROM C:\Users\Usuario\Desktop\AUTOMATIZACIONES\automation-cuponero-v2\serenity.properties 

10:16:17.528 [main] DEBUG n.t.c.u.PropertiesFileLocalPreferences - LOADING LOCAL PROPERTIES FROM C:\Users\Usuario\Desktop\AUTOMATIZACIONES\automation-cuponero-v2\serenity.properties 

10:16:17.529 [main] DEBUG n.t.c.u.PropertiesFileLocalPreferences - LOADING LOCAL PROPERTIES FROM C:\Users\Usuario\Desktop\AUTOMATIZACIONES\automation-cuponero-v2\serenity.properties 

10:16:17.539 [main] DEBUG n.t.c.u.PropertiesFileLocalPreferences - serenity.outputDirectory=src/target/site/reports

10:16:17.539 [main] DEBUG n.t.c.u.PropertiesFileLocalPreferences - serenity.test.root="net.serenitybdd.demos.todos.features"

10:16:17.539 [main] DEBUG n.t.c.u.PropertiesFileLocalPreferences - serenity.project.name="My Special Project"

10:16:17.540 [main] DEBUG n.t.c.u.PropertiesFileLocalPreferences - serenity.timeouts.fluentwait=10000

10:16:17.540 [main] DEBUG n.t.c.u.PropertiesFileLocalPreferences - chrome_experimental_options.excludeSwitches=enable-automation

10:16:17.540 [main] DEBUG n.t.c.u.PropertiesFileLocalPreferences - environments.PROD.home.page=https://cupomania-qa05.cindibyinkafarma.com/login

10:16:17.540 [main] DEBUG n.t.c.u.PropertiesFileLocalPreferences - serenity.reports.show.step.details=true

10:16:17.540 [main] DEBUG n.t.c.u.PropertiesFileLocalPreferences - webdriver.autodownload=true

10:16:17.540 [main] DEBUG n.t.c.u.PropertiesFileLocalPreferences - chrome_preferences.password_manager_enabled=false

10:16:17.540 [main] DEBUG n.t.c.u.PropertiesFileLocalPreferences - environments.UAT.home.page=https://cupomania-qa05.cindibyinkafarma.com/login

10:16:17.541 [main] DEBUG n.t.c.u.PropertiesFileLocalPreferences - chrome_preferences.profile.default_content_settings.popups=0

10:16:17.541 [main] DEBUG n.t.c.u.PropertiesFileLocalPreferences - serenity.report.show.manual.tests=true

10:16:17.541 [main] DEBUG n.t.c.u.PropertiesFileLocalPreferences - serenity.wait.for.timeout=10000

10:16:17.541 [main] DEBUG n.t.c.u.PropertiesFileLocalPreferences - environments.UAT.home.page1=https://conveniosci04.cindibyinkafarma.com/

10:16:17.541 [main] DEBUG n.t.c.u.PropertiesFileLocalPreferences - firefox.preferences=browser.download.dir=/tmp;browser.helperApps.alwaysAsk.force=false;browser.download.manager.showWhenStarting=false;browser.download.useDownloadDir=true;browser.download.folderList=2;permissions.default.desktop-notification=1

10:16:17.541 [main] DEBUG n.t.c.u.PropertiesFileLocalPreferences - serenity.browser.width=1920

10:16:17.541 [main] DEBUG n.t.c.u.PropertiesFileLocalPreferences - chrome_preferences.profile.default_content_setting_values.notifications=1

10:16:17.541 [main] DEBUG n.t.c.u.PropertiesFileLocalPreferences - serenity.verbose.screenshots.for.tasks=AFTER_EACH_STEP

10:16:17.542 [main] DEBUG n.t.c.u.PropertiesFileLocalPreferences - serenity.max.retries=2

10:16:17.542 [main] DEBUG n.t.c.u.PropertiesFileLocalPreferences - environments.default.home.page=https://cupomania-qa05.cindibyinkafarma.com/login

10:16:17.542 [main] DEBUG n.t.c.u.PropertiesFileLocalPreferences - serenity.take.screenshots.for.tasks=FOR_EACH_ACTION

10:16:17.542 [main] DEBUG n.t.c.u.PropertiesFileLocalPreferences - chrome_experimental_options.useAutomationExtension=false

10:16:17.542 [main] DEBUG n.t.c.u.PropertiesFileLocalPreferences - chrome.switches=--start-maximized;--test-type;--no-sandbox;--ignore-certificate-errors;--disable-popup-blocking;--disable-default-apps;--disable-extensions-file-access-check;--disable-download-notification;--disable-infobars,--disable-gpu

10:16:17.542 [main] DEBUG n.t.c.u.PropertiesFileLocalPreferences - serenity.console.headings=normal

10:16:17.542 [main] DEBUG n.t.c.u.PropertiesFileLocalPreferences - serenity.console.colors=true

10:16:17.542 [main] DEBUG n.t.c.u.PropertiesFileLocalPreferences - serenity.restart.browser.for.each=NEVER

10:16:17.542 [main] DEBUG n.t.c.u.PropertiesFileLocalPreferences - serenity.use.unique.browser=true

10:16:17.543 [main] DEBUG n.t.c.u.PropertiesFileLocalPreferences - serenity.junit.retry.tests=true

10:16:17.543 [main] DEBUG n.t.c.u.PropertiesFileLocalPreferences - chrome_preferences.credentials_enable_service=false

10:16:17.543 [main] DEBUG n.t.c.u.PropertiesFileLocalPreferences - serenity.timeouts.implicitlywait=5000

10:16:17.543 [main] DEBUG n.t.c.u.PropertiesFileLocalPreferences - webdriver.driver=chrome

10:16:17.543 [main] DEBUG n.t.c.u.PropertiesFileLocalPreferences - chrome_preferences.download.default_directory=/my/downloads/

10:16:17.543 [main] DEBUG n.t.c.u.PropertiesFileLocalPreferences - serenity.logging=VERBOSE

10:16:17.543 [main] DEBUG n.t.c.u.PropertiesFileLocalPreferences - serenity.browser.height=1080

10:16:17.543 [main] DEBUG n.t.c.u.PropertiesFileLocalPreferences - environment=UAT

10:16:17.543 [main] DEBUG n.t.c.u.PropertiesFileLocalPreferences - chrome_preferences.profile.default_content_setting_values.geolocation=1

10:16:17.543 [main] DEBUG n.t.c.u.PropertiesFileLocalPreferences - headless.mode=false

10:16:17.934 [main] INFO  i.c.core.plugin.SerenityReporter - Running feature from file:///C:/Users/Usuario/Desktop/AUTOMATIZACIONES/automation-cuponero-v2/src/test/resources/features/Coupons/categoryCoupon.feature

10:16:18.085 [main] DEBUG n.t.c.u.PropertiesFileLocalPreferences - LOADING LOCAL PROPERTIES FROM C:\Users\Usuario\Desktop\AUTOMATIZACIONES\automation-cuponero-v2\serenity.properties 

10:16:18.108 [main] DEBUG n.t.c.u.PropertiesFileLocalPreferences - LOADING LOCAL PROPERTIES FROM C:\Users\Usuario\Desktop\AUTOMATIZACIONES\automation-cuponero-v2\serenity.properties 

10:16:18.108 [main] DEBUG n.t.c.u.PropertiesFileLocalPreferences - LOADING LOCAL PROPERTIES FROM C:\Users\Usuario\Desktop\AUTOMATIZACIONES\automation-cuponero-v2\serenity.properties 

10:16:18.109 [main] DEBUG n.t.c.u.PropertiesFileLocalPreferences - serenity.outputDirectory=src/target/site/reports

10:16:18.109 [main] DEBUG n.t.c.u.PropertiesFileLocalPreferences - serenity.test.root="net.serenitybdd.demos.todos.features"

10:16:18.110 [main] DEBUG n.t.c.u.PropertiesFileLocalPreferences - serenity.project.name="My Special Project"

10:16:18.110 [main] DEBUG n.t.c.u.PropertiesFileLocalPreferences - serenity.timeouts.fluentwait=10000

10:16:18.110 [main] DEBUG n.t.c.u.PropertiesFileLocalPreferences - chrome_experimental_options.excludeSwitches=enable-automation

10:16:18.110 [main] DEBUG n.t.c.u.PropertiesFileLocalPreferences - environments.PROD.home.page=https://cupomania-qa05.cindibyinkafarma.com/login

10:16:18.110 [main] DEBUG n.t.c.u.PropertiesFileLocalPreferences - serenity.reports.show.step.details=true

10:16:18.110 [main] DEBUG n.t.c.u.PropertiesFileLocalPreferences - webdriver.autodownload=true

10:16:18.111 [main] DEBUG n.t.c.u.PropertiesFileLocalPreferences - chrome_preferences.password_manager_enabled=false

10:16:18.111 [main] DEBUG n.t.c.u.PropertiesFileLocalPreferences - environments.UAT.home.page=https://cupomania-qa05.cindibyinkafarma.com/login

10:16:18.111 [main] DEBUG n.t.c.u.PropertiesFileLocalPreferences - chrome_preferences.profile.default_content_settings.popups=0

10:16:18.111 [main] DEBUG n.t.c.u.PropertiesFileLocalPreferences - serenity.report.show.manual.tests=true

10:16:18.111 [main] DEBUG n.t.c.u.PropertiesFileLocalPreferences - serenity.wait.for.timeout=10000

10:16:18.111 [main] DEBUG n.t.c.u.PropertiesFileLocalPreferences - environments.UAT.home.page1=https://conveniosci04.cindibyinkafarma.com/

10:16:18.111 [main] DEBUG n.t.c.u.PropertiesFileLocalPreferences - firefox.preferences=browser.download.dir=/tmp;browser.helperApps.alwaysAsk.force=false;browser.download.manager.showWhenStarting=false;browser.download.useDownloadDir=true;browser.download.folderList=2;permissions.default.desktop-notification=1

10:16:18.111 [main] DEBUG n.t.c.u.PropertiesFileLocalPreferences - serenity.browser.width=1920

10:16:18.111 [main] DEBUG n.t.c.u.PropertiesFileLocalPreferences - chrome_preferences.profile.default_content_setting_values.notifications=1

10:16:18.112 [main] DEBUG n.t.c.u.PropertiesFileLocalPreferences - serenity.verbose.screenshots.for.tasks=AFTER_EACH_STEP

10:16:18.112 [main] DEBUG n.t.c.u.PropertiesFileLocalPreferences - serenity.max.retries=2

10:16:18.112 [main] DEBUG n.t.c.u.PropertiesFileLocalPreferences - environments.default.home.page=https://cupomania-qa05.cindibyinkafarma.com/login

10:16:18.112 [main] DEBUG n.t.c.u.PropertiesFileLocalPreferences - serenity.take.screenshots.for.tasks=FOR_EACH_ACTION

10:16:18.112 [main] DEBUG n.t.c.u.PropertiesFileLocalPreferences - chrome_experimental_options.useAutomationExtension=false

10:16:18.112 [main] DEBUG n.t.c.u.PropertiesFileLocalPreferences - chrome.switches=--start-maximized;--test-type;--no-sandbox;--ignore-certificate-errors;--disable-popup-blocking;--disable-default-apps;--disable-extensions-file-access-check;--disable-download-notification;--disable-infobars,--disable-gpu

10:16:18.112 [main] DEBUG n.t.c.u.PropertiesFileLocalPreferences - serenity.console.headings=normal

10:16:18.112 [main] DEBUG n.t.c.u.PropertiesFileLocalPreferences - serenity.console.colors=true

10:16:18.112 [main] DEBUG n.t.c.u.PropertiesFileLocalPreferences - serenity.restart.browser.for.each=NEVER

10:16:18.113 [main] DEBUG n.t.c.u.PropertiesFileLocalPreferences - serenity.use.unique.browser=true

10:16:18.113 [main] DEBUG n.t.c.u.PropertiesFileLocalPreferences - serenity.junit.retry.tests=true

10:16:18.113 [main] DEBUG n.t.c.u.PropertiesFileLocalPreferences - chrome_preferences.credentials_enable_service=false

10:16:18.113 [main] DEBUG n.t.c.u.PropertiesFileLocalPreferences - serenity.timeouts.implicitlywait=5000

10:16:18.113 [main] DEBUG n.t.c.u.PropertiesFileLocalPreferences - webdriver.driver=chrome

10:16:18.113 [main] DEBUG n.t.c.u.PropertiesFileLocalPreferences - chrome_preferences.download.default_directory=/my/downloads/

10:16:18.113 [main] DEBUG n.t.c.u.PropertiesFileLocalPreferences - serenity.logging=VERBOSE

10:16:18.113 [main] DEBUG n.t.c.u.PropertiesFileLocalPreferences - serenity.browser.height=1080

10:16:18.113 [main] DEBUG n.t.c.u.PropertiesFileLocalPreferences - environment=UAT

10:16:18.113 [main] DEBUG n.t.c.u.PropertiesFileLocalPreferences - chrome_preferences.profile.default_content_setting_values.geolocation=1

10:16:18.114 [main] DEBUG n.t.c.u.PropertiesFileLocalPreferences - headless.mode=false

10:16:18.122 [main] INFO   - &amp#27;[96m

-------------------------------------------------------------------------------------
     _______. _______ .______       _______ .__   __.  __  .___________.____    ____ 
    /       ||   ____||   _  \     |   ____||  \ |  | |  | |           |\   \  /   / 
   |   (----`|  |__   |  |_)  |    |  |__   |   \|  | |  | `---|  |----` \   \/   /  
    \   \    |   __|  |      /     |   __|  |  . `  | |  |     |  |       \_    _/   
.----)   |   |  |____ |  |\  \----.|  |____ |  |\   | |  |     |  |         |  |     
|_______/    |_______|| _| `._____||_______||__| \__| |__|     |__|         |__|    
                                                                                     
 News and tutorials at http://www.serenity-bdd.info                                  
 Documentation at https://wakaleo.gitbooks.io/the-serenity-book/content/             
 Join the Serenity Community on Gitter: https://gitter.im/serenity-bdd/serenity-core 
 Serenity BDD Support and Training at http://serenity-bdd.info/#/trainingandsupport  
-------------------------------------------------------------------------------------
&amp#27;[0m

10:16:18.126 [main] DEBUG n.thucydides.core.steps.StepEventBus - Test suite started for story net.thucydides.core.model.Story@5372edb0

10:16:18.127 [main] INFO   - Test Suite Started: category coupons

10:16:18.141 [main] INFO  i.c.core.plugin.SerenityReporter - Running feature from file:///C:/Users/Usuario/Desktop/AUTOMATIZACIONES/automation-cuponero-v2/src/test/resources/features/Coupons/couponBicanal.feature

10:16:18.147 [main] DEBUG n.thucydides.core.steps.StepEventBus - Test suite started for story net.thucydides.core.model.Story@75f8c307

10:16:18.149 [main] INFO   - Test Suite Started: Coupons

10:16:18.150 [main] INFO  i.c.core.plugin.SerenityReporter - Running feature from file:///C:/Users/Usuario/Desktop/AUTOMATIZACIONES/automation-cuponero-v2/src/test/resources/features/Coupons/couponFlash.feature

10:16:18.153 [main] DEBUG n.thucydides.core.steps.StepEventBus - Test suite started for story net.thucydides.core.model.Story@29deace3

10:16:18.154 [main] INFO   - Test Suite Started: Coupons

10:16:18.154 [main] INFO  i.c.core.plugin.SerenityReporter - Running feature from file:///C:/Users/Usuario/Desktop/AUTOMATIZACIONES/automation-cuponero-v2/src/test/resources/features/Coupons/couponMultiHook.feature

10:16:18.158 [main] DEBUG n.thucydides.core.steps.StepEventBus - Test suite started for story net.thucydides.core.model.Story@74dd7eef

10:16:18.159 [main] INFO   - Test Suite Started: Coupons

10:16:18.159 [main] INFO  i.c.core.plugin.SerenityReporter - Running feature from file:///C:/Users/Usuario/Desktop/AUTOMATIZACIONES/automation-cuponero-v2/src/test/resources/features/Coupons/couponNormal.feature

10:16:18.166 [main] DEBUG n.thucydides.core.steps.StepEventBus - Test suite started for story net.thucydides.core.model.Story@4406e32a

10:16:18.166 [main] INFO   - Test Suite Started: Coupons

10:16:18.167 [main] INFO  i.c.core.plugin.SerenityReporter - Running feature from file:///C:/Users/Usuario/Desktop/AUTOMATIZACIONES/automation-cuponero-v2/src/test/resources/features/Coupons/couponRecommend.feature

10:16:18.171 [main] DEBUG n.thucydides.core.steps.StepEventBus - Test suite started for story net.thucydides.core.model.Story@60a6d5af

10:16:18.171 [main] INFO   - Test Suite Started: Coupons

10:16:18.171 [main] INFO  i.c.core.plugin.SerenityReporter - Running feature from file:///C:/Users/Usuario/Desktop/AUTOMATIZACIONES/automation-cuponero-v2/src/test/resources/features/Coupons/searchCoupon.feature

10:16:18.179 [main] DEBUG n.thucydides.core.steps.StepEventBus - Test suite started for story net.thucydides.core.model.Story@1a5ea4d

10:16:18.179 [main] INFO   - Test Suite Started: Search Coupon

10:16:18.179 [main] INFO  i.c.core.plugin.SerenityReporter - Running feature from file:///C:/Users/Usuario/Desktop/AUTOMATIZACIONES/automation-cuponero-v2/src/test/resources/features/footer/footer.feature

10:16:18.184 [main] DEBUG n.thucydides.core.steps.StepEventBus - Test suite started for story net.thucydides.core.model.Story@5e33f65c

10:16:18.185 [main] INFO   - Test Suite Started: FOOTER

10:16:18.185 [main] INFO  i.c.core.plugin.SerenityReporter - Running feature from file:///C:/Users/Usuario/Desktop/AUTOMATIZACIONES/automation-cuponero-v2/src/test/resources/features/login/login.feature

10:16:18.191 [main] DEBUG n.thucydides.core.steps.StepEventBus - Test suite started for story net.thucydides.core.model.Story@94cad640

10:16:18.192 [main] INFO   - Test Suite Started: Login into the application

10:16:18.192 [main] INFO  i.c.core.plugin.SerenityReporter - Running feature from file:///C:/Users/Usuario/Desktop/AUTOMATIZACIONES/automation-cuponero-v2/src/test/resources/features/update/update.feature

10:16:18.197 [main] DEBUG n.thucydides.core.steps.StepEventBus - Test suite started for story net.thucydides.core.model.Story@877b492e

10:16:18.198 [main] INFO   - Test Suite Started: Update



1
 Scenarios (
&amp#27;[32m1 passed&amp#27;[0m
)

3
 Steps (
&amp#27;[32m3 passed&amp#27;[0m
)

0m
54.045s





10:17:11.977 [main] DEBUG n.t.core.reports.ReportService - Reporting formats: [JSON, HTML]

10:17:12.031 [main] DEBUG n.t.core.reports.ReportService - Reporting formats: [JSON, HTML]

10:17:12.042 [main] DEBUG n.t.core.reports.ReportService - Generating reports for 1 test outcomes using: net.thucydides.core.reports.json.JSONTestOutcomeReporter@4c2869a9

10:17:12.043 [pool-2-thread-1] DEBUG n.t.core.reports.ReportService - Processing test outcome category coupons:category coupons

10:17:12.043 [pool-2-thread-1] INFO  n.t.core.reports.ReportService - net.thucydides.core.reports.json.JSONTestOutcomeReporter@4c2869a9: Generating report for test outcome: category coupons:category coupons

10:17:12.046 [pool-2-thread-1] DEBUG n.t.c.r.json.JSONTestOutcomeReporter - Generating JSON report for category coupons to file C:\Users\Usuario\Desktop\AUTOMATIZACIONES\automation-cuponero-v2\src\target\site\reports\b7dc247ad84e9c4386e7fbae271324f2d2cb8f8fcd163e129d1021bc582c4ce3.json (using temp file C:\Users\Usuario\Desktop\AUTOMATIZACIONES\automation-cuponero-v2\src\target\site\reports\b7dc247ad84e9c4386e7fbae271324f2d2cb8f8fcd163e129d1021bc582c4ce3.jsone450e643-1ff2-4334-aa8c-518fb067104a)

10:17:12.073 [pool-2-thread-1] DEBUG n.t.core.reports.ReportService - Processing test outcome category coupons:category coupons done

10:17:12.073 [main] DEBUG n.t.core.reports.ReportService - Shutting down executor service

10:17:12.073 [main] DEBUG n.t.core.reports.ReportService - Reports generated in: 31 ms

10:17:12.073 [main] DEBUG n.t.core.reports.ReportService - Generating reports for 1 test outcomes using: net.thucydides.core.reports.html.HtmlAcceptanceTestReporter@33f98231

10:17:12.073 [pool-3-thread-1] DEBUG n.t.core.reports.ReportService - Processing test outcome category coupons:category coupons

10:17:12.073 [pool-3-thread-1] INFO  n.t.core.reports.ReportService - net.thucydides.core.reports.html.HtmlAcceptanceTestReporter@33f98231: Generating report for test outcome: category coupons:category coupons

10:17:12.095 [pool-3-thread-1] DEBUG n.t.c.r.PackageRequirementsTagProvider - Loading requirements from package requirements at: "net.serenitybdd.demos.todos.features"

10:17:12.433 [pool-3-thread-1] DEBUG n.t.c.r.m.cucumber.CucumberParser - Added feature category coupons

10:17:12.437 [pool-3-thread-1] DEBUG n.t.c.r.m.cucumber.CucumberParser - Added feature Coupons

10:17:12.440 [pool-3-thread-1] DEBUG n.t.c.r.m.cucumber.CucumberParser - Added feature Coupons

10:17:12.444 [pool-3-thread-1] DEBUG n.t.c.r.m.cucumber.CucumberParser - Added feature Coupons

10:17:12.448 [pool-3-thread-1] DEBUG n.t.c.r.m.cucumber.CucumberParser - Added feature Coupons

10:17:12.451 [pool-3-thread-1] DEBUG n.t.c.r.m.cucumber.CucumberParser - Added feature Coupons

10:17:12.456 [pool-3-thread-1] DEBUG n.t.c.r.m.cucumber.CucumberParser - Added feature Search Coupon

10:17:12.465 [pool-3-thread-1] DEBUG n.t.c.r.m.cucumber.CucumberParser - Added feature FOOTER

10:17:12.474 [pool-3-thread-1] DEBUG n.t.c.r.m.cucumber.CucumberParser - Added feature Login into the application

10:17:12.483 [pool-3-thread-1] DEBUG n.t.c.r.m.cucumber.CucumberParser - Added feature Update

10:17:12.489 [pool-3-thread-1] DEBUG n.t.c.r.BaseRequirementsService - Requirement found for test outcome category coupons-[]: Optional[Requirement{name='category coupons', type='feature' parent = 'Coupons', cardNumber='null'}]

10:17:12.491 [pool-3-thread-1] DEBUG n.t.c.r.BaseRequirementsService - Requirement found for test outcome category coupons-[]: Optional[Requirement{name='category coupons', type='feature' parent = 'Coupons', cardNumber='null'}]

10:17:12.503 [pool-3-thread-1] DEBUG n.t.c.r.BaseRequirementsService - Requirement found for test outcome category coupons-[]: Optional[Requirement{name='category coupons', type='feature' parent = 'Coupons', cardNumber='null'}]

10:17:12.504 [pool-3-thread-1] DEBUG n.t.c.r.BaseRequirementsService - Requirement found for test outcome category coupons-[]: Optional[Requirement{name='category coupons', type='feature' parent = 'Coupons', cardNumber='null'}]

10:17:12.551 [pool-3-thread-1] DEBUG serenity.reporting - Generating report in b7dc247ad84e9c4386e7fbae271324f2d2cb8f8fcd163e129d1021bc582c4ce3_screenshots.html

10:17:12.946 [pool-3-thread-1] DEBUG serenity.reporting - Generated report b7dc247ad84e9c4386e7fbae271324f2d2cb8f8fcd163e129d1021bc582c4ce3_screenshots.html in 395 ms

10:17:12.949 [pool-3-thread-1] INFO  serenity.reporting - 
-------------------------------
| TEST NAME:   &amp#27;[1mcategory coupons&amp#27;[0m
| RESULT:      &amp#27;[92mPassing&amp#27;[0m
| REQUIREMENT: category coupons
| REPORT:      &amp#27;[96mfile:///C:/Users/Usuario/Desktop/AUTOMATIZACIONES/automation-cuponero-v2/src/target/site/reports/b7dc247ad84e9c4386e7fbae271324f2d2cb8f8fcd163e129d1021bc582c4ce3.html&amp#27;[0m
-------------------------------

10:17:12.951 [pool-3-thread-1] DEBUG serenity.reporting - Generating report in b7dc247ad84e9c4386e7fbae271324f2d2cb8f8fcd163e129d1021bc582c4ce3.html

10:17:13.258 [pool-3-thread-1] DEBUG serenity.reporting - Generated report b7dc247ad84e9c4386e7fbae271324f2d2cb8f8fcd163e129d1021bc582c4ce3.html in 307 ms

10:17:13.258 [pool-3-thread-1] DEBUG n.t.core.reports.ReportService - Processing test outcome category coupons:category coupons done

10:17:13.258 [main] DEBUG n.t.core.reports.ReportService - Shutting down executor service

10:17:13.258 [main] DEBUG n.t.core.reports.ReportService - Reports generated in: 1185 ms

10:17:13.388 [main] INFO  i.c.core.plugin.SerenityReporter - Cleanup test resources for URI file:///C:/Users/Usuario/Desktop/AUTOMATIZACIONES/automation-cuponero-v2/src/test/resources/features/Coupons/categoryCoupon.feature

10:17:13.389 [main] DEBUG n.s.core.photography.Darkroom - Closing darkroom


@categoryCoupons
Scenario Outline: category coupons               &amp#27;[90m# src/test/resources/features/Coupons/categoryCoupon.feature:10&amp#27;[0m
10:16:18.521 [pool-2-thread-1] INFO  i.c.core.plugin.SerenityReporter - Running feature from file:///C:/Users/Usuario/Desktop/AUTOMATIZACIONES/automation-cuponero-v2/src/test/resources/features/Coupons/categoryCoupon.feature
10:16:18.625 [pool-2-thread-1] INFO   - ----------------
- TEST STARTED -
----------------

category coupons(category-coupons;category-coupons)
----------------
10:16:18.710 [pool-2-thread-1] DEBUG n.t.c.r.m.cucumber.CucumberParser - Added feature category coupons
10:16:18.729 [pool-2-thread-1] DEBUG n.t.c.r.m.cucumber.CucumberParser - Added feature Coupons
10:16:18.734 [pool-2-thread-1] DEBUG n.t.c.r.m.cucumber.CucumberParser - Added feature Coupons
10:16:18.740 [pool-2-thread-1] DEBUG n.t.c.r.m.cucumber.CucumberParser - Added feature Coupons
10:16:18.746 [pool-2-thread-1] DEBUG n.t.c.r.m.cucumber.CucumberParser - Added feature Coupons
10:16:18.752 [pool-2-thread-1] DEBUG n.t.c.r.m.cucumber.CucumberParser - Added feature Coupons
10:16:18.760 [pool-2-thread-1] DEBUG n.t.c.r.m.cucumber.CucumberParser - Added feature Search Coupon
10:16:18.777 [pool-2-thread-1] DEBUG n.t.c.r.m.cucumber.CucumberParser - Added feature FOOTER
10:16:18.795 [pool-2-thread-1] DEBUG n.t.c.r.m.cucumber.CucumberParser - Added feature Login into the application
10:16:18.810 [pool-2-thread-1] DEBUG n.t.c.r.m.cucumber.CucumberParser - Added feature Update
&amp#27;[92m|-- 1: category coupons ({user=72209308})&amp#27;[0m
&amp#27;[92m|---- Given User enters the coupon website&amp#27;[0m
&amp#27;[92m|------ User opens the home page&amp#27;[0m
10:16:19.282 [pool-2-thread-1] DEBUG n.t.core.steps.StepInterceptor - STARTING STEP: LoginSD.user_enters_the_coupon_website - !#title
&amp#27;[92m|-------- User opens the home.page page&amp#27;[0m
10:16:19.294 [pool-2-thread-1] DEBUG n.t.core.steps.StepInterceptor - STARTING STEP: LoginSD.user_enters_the_coupon_website - {0} opens the #pageName page
10:16:19.325 [pool-2-thread-1] INFO  n.s.c.w.d.ChromeDriverProvider - Using automatically driver download
10:16:19.608 [pool-2-thread-1] DEBUG i.g.b.wdm.cache.ResolutionCache - Resolution chrome=93 in cache (valid until 10:45:02 07/09/2021 COT)
10:16:19.610 [pool-2-thread-1] DEBUG i.g.b.wdm.cache.ResolutionCache - Resolution chrome93=93.0.4577.15 in cache (valid until 09:45:02 08/09/2021 COT)
10:16:19.610 [pool-2-thread-1] INFO  i.g.bonigarcia.wdm.WebDriverManager - Using chromedriver 93.0.4577.15 (resolved driver for Chrome 93)
10:16:19.617 [pool-2-thread-1] DEBUG i.g.bonigarcia.wdm.WebDriverManager - Driver chromedriver 93.0.4577.15 found in cache
10:16:19.618 [pool-2-thread-1] INFO  i.g.bonigarcia.wdm.WebDriverManager - Exporting webdriver.chrome.driver as C:\Users\Usuario\.cache\selenium\chromedriver\win32\93.0.4577.15\chromedriver.exe
10:16:20.513 [pool-2-thread-1] INFO  n.s.c.w.d.ProvideNewDriver - Instantiating driver
10:16:20.515 [pool-2-thread-1] INFO  n.s.c.w.d.ProvideNewDriver - Driver capabilities: Capabilities {acceptInsecureCerts: false, browserName: chrome, chrome.switches: --start-maximized;--test-ty..., goog:chromeOptions: {args: [--start-maximized, --test-type, --no-sandbox, --ignore-certificate-errors, --disable-popup-blocking, --disable-default-apps, --disable-extensions-file-a..., --disable-download-notifica..., --disable-infobars, --disable-gpu], excludeSwitches: [--enable-automation], extensions: [], prefs: {credentials_enable_service: false, download.default_directory: /my/downloads/, password_manager_enabled: false, profile.default_content_setting_values.geolocation: 1, profile.default_content_setting_values.notifications: 1, profile.default_content_settings.popups: 0}, useAutomationExtension: false}, loggingPrefs: org.openqa.selenium.logging...}
10:16:40.202 [pool-2-thread-1] DEBUG n.s.core.photography.Darkroom - Opening darkroom
10:16:40.203 [Darkroom Processing Line] DEBUG n.s.c.p.DarkroomProcessingLine - Darkroom processing line starting up
10:16:40.591 [pool-2-thread-1] DEBUG n.s.core.photography.Darkroom - Send negative for processing for src\target\site\reports\576dfb2e329bb523d7f0acb0a6ff56fcd39b906e73731c6823f68fefaf8b1e24.png
10:16:40.592 [Darkroom Processing Line] DEBUG n.s.c.p.DarkroomProcessingLine - Processing screenshot image in /var/screenshots/screenshot-13984828104453000819
10:16:40.592 [Darkroom Processing Line] DEBUG n.s.c.p.DarkroomProcessingLine - Saving screenshot to src\target\site\reports\576dfb2e329bb523d7f0acb0a6ff56fcd39b906e73731c6823f68fefaf8b1e24.png
10:16:40.595 [pool-2-thread-1] DEBUG n.t.core.steps.StepInterceptor - STEP DONE: {0} opens the #pageName page
10:16:40.603 [pool-2-thread-1] DEBUG n.t.core.steps.StepInterceptor - STEP DONE: !#title
  &amp#27;[32mGiven &amp#27;[0m&amp#27;[32m&amp#27;[0m&amp#27;[32m&amp#27;[1mUser&amp#27;[0m&amp#27;[32m enters the coupon website&amp#27;[0m           &amp#27;[90m# steps.LoginSD.user_enters_the_coupon_website(net.serenitybdd.screenplay.Actor)&amp#27;[0m
10:16:50.837 [pool-2-thread-1] DEBUG n.s.core.photography.Darkroom - Send negative for processing for src\target\site\reports\5954da8df7f365d1aabfb6e5233897ebc42c420464830b252be80c2f8a38b61a.png
10:16:50.837 [Darkroom Processing Line] DEBUG n.s.c.p.DarkroomProcessingLine - Processing screenshot image in /var/screenshots/screenshot-8112799225742546279
10:16:50.837 [Darkroom Processing Line] DEBUG n.s.c.p.DarkroomProcessingLine - Saving screenshot to src\target\site\reports\5954da8df7f365d1aabfb6e5233897ebc42c420464830b252be80c2f8a38b61a.png
&amp#27;[92m|---- When 72209308 selects a coupon category&amp#27;[0m
10:16:56.092 [pool-2-thread-1] DEBUG n.s.core.photography.Darkroom - Send negative for processing for src\target\site\reports\2333753befcf45e7fcf51240236adef1130ac992a2ba53b795d32852f880f940.png
&amp#27;[92m|------ Login&amp#27;[0m
10:16:56.093 [Darkroom Processing Line] DEBUG n.s.c.p.DarkroomProcessingLine - Processing screenshot image in /var/screenshots/screenshot-9896764846989960102
10:16:56.093 [Darkroom Processing Line] DEBUG n.s.c.p.DarkroomProcessingLine - Saving screenshot to src\target\site\reports\2333753befcf45e7fcf51240236adef1130ac992a2ba53b795d32852f880f940.png
10:16:56.093 [pool-2-thread-1] DEBUG n.t.core.steps.StepInterceptor - STARTING STEP: CategoryCouponSD.selects_a_coupon_category - !#title
10:16:56.098 [pool-2-thread-1] DEBUG n.s.s.targets.IFrameSwitcher - default content already selected for Input de numero de documento
10:16:56.427 [pool-2-thread-1] DEBUG n.s.core.photography.Darkroom - Send negative for processing for src\target\site\reports\2333753befcf45e7fcf51240236adef1130ac992a2ba53b795d32852f880f940.png
&amp#27;[92m|-------- User enters '72209308' into Input de numero de documento&amp#27;[0m
10:16:56.428 [pool-2-thread-1] DEBUG n.t.core.steps.StepInterceptor - STARTING STEP: CategoryCouponSD.selects_a_coupon_category - {0} enters #theTextAsAString into #target
10:16:56.429 [pool-2-thread-1] DEBUG n.s.s.targets.IFrameSwitcher - default content already selected for Input de numero de documento
10:16:56.967 [pool-2-thread-1] DEBUG n.s.core.photography.Darkroom - Send negative for processing for src\target\site\reports\03443cc4d28888863c84462239cad86bfc0966ad96389e72181b5fff58448e12.png
10:16:56.968 [pool-2-thread-1] DEBUG n.t.core.steps.StepInterceptor - STEP DONE: {0} enters #theTextAsAString into #target
10:16:56.968 [Darkroom Processing Line] DEBUG n.s.c.p.DarkroomProcessingLine - Processing screenshot image in /var/screenshots/screenshot-16359140566636338706
10:16:56.968 [Darkroom Processing Line] DEBUG n.s.c.p.DarkroomProcessingLine - Saving screenshot to src\target\site\reports\03443cc4d28888863c84462239cad86bfc0966ad96389e72181b5fff58448e12.png
10:16:56.969 [pool-2-thread-1] DEBUG n.s.s.targets.IFrameSwitcher - default content already selected for Boton ingresar
10:16:57.274 [pool-2-thread-1] DEBUG n.s.core.photography.Darkroom - Send negative for processing for src\target\site\reports\ad113a9ab714ac45c75120dd7af404710642f15e3519cc71e29305bc422e60cf.png
&amp#27;[92m|-------- User clicks on Boton ingresar&amp#27;[0m
10:16:57.274 [Darkroom Processing Line] DEBUG n.s.c.p.DarkroomProcessingLine - Processing screenshot image in /var/screenshots/screenshot-15148800723890760903
10:16:57.274 [Darkroom Processing Line] DEBUG n.s.c.p.DarkroomProcessingLine - Saving screenshot to src\target\site\reports\ad113a9ab714ac45c75120dd7af404710642f15e3519cc71e29305bc422e60cf.png
10:16:57.275 [pool-2-thread-1] DEBUG n.t.core.steps.StepInterceptor - STARTING STEP: CategoryCouponSD.selects_a_coupon_category - {0} clicks on #target
10:16:57.275 [pool-2-thread-1] DEBUG n.s.s.targets.IFrameSwitcher - default content already selected for Boton ingresar
10:16:57.605 [pool-2-thread-1] DEBUG n.s.core.photography.Darkroom - Send negative for processing for src\target\site\reports\6698aba3f7990a91c8e057124eed64b2f76ef7f952a9beaaf3fa58349aa93e4a.png
10:16:57.606 [pool-2-thread-1] DEBUG n.t.core.steps.StepInterceptor - STEP DONE: {0} clicks on #target
10:16:57.606 [Darkroom Processing Line] DEBUG n.s.c.p.DarkroomProcessingLine - Processing screenshot image in /var/screenshots/screenshot-11093883032252182276
10:16:57.606 [Darkroom Processing Line] DEBUG n.s.c.p.DarkroomProcessingLine - Saving screenshot to src\target\site\reports\6698aba3f7990a91c8e057124eed64b2f76ef7f952a9beaaf3fa58349aa93e4a.png
10:16:57.608 [pool-2-thread-1] DEBUG n.s.s.targets.IFrameSwitcher - default content already selected for NOMBRE DEL CLIENTE
10:17:01.860 [pool-2-thread-1] DEBUG n.s.s.targets.IFrameSwitcher - default content already selected for NOMBRE DEL CLIENTE
10:17:06.081 [pool-2-thread-1] DEBUG n.s.s.targets.IFrameSwitcher - default content already selected for NOMBRE DEL CLIENTE
10:17:07.128 [pool-2-thread-1] DEBUG n.s.core.photography.Darkroom - Send negative for processing for src\target\site\reports\209d1cba0a4eb83416b6886103d58623b4dadecb06f3cf7c203d9f353efbdd41.png
10:17:07.129 [Darkroom Processing Line] DEBUG n.s.c.p.DarkroomProcessingLine - Processing screenshot image in /var/screenshots/screenshot-5762251517521431064
10:17:07.129 [Darkroom Processing Line] DEBUG n.s.c.p.DarkroomProcessingLine - Saving screenshot to src\target\site\reports\209d1cba0a4eb83416b6886103d58623b4dadecb06f3cf7c203d9f353efbdd41.png
10:17:07.129 [pool-2-thread-1] DEBUG n.t.core.steps.StepInterceptor - STEP DONE: !#title
&amp#27;[92m|------ category coupons&amp#27;[0m
10:17:07.140 [pool-2-thread-1] DEBUG n.t.core.steps.StepInterceptor - STARTING STEP: CategoryCouponSD.selects_a_coupon_category - !#title
10:17:07.142 [pool-2-thread-1] DEBUG n.s.s.targets.IFrameSwitcher - default content already selected for CATEGORIA 1
10:17:09.609 [pool-2-thread-1] DEBUG n.s.core.photography.Darkroom - Send negative for processing for src\target\site\reports\16169a83a39f713975035e911e6dbd923af779020ef879a28fe1d40f7714d8b1.png
&amp#27;[92m|-------- User clicks on CATEGORIA 1&amp#27;[0m
10:17:09.610 [Darkroom Processing Line] DEBUG n.s.c.p.DarkroomProcessingLine - Processing screenshot image in /var/screenshots/screenshot-2253543740442725808
10:17:09.610 [Darkroom Processing Line] DEBUG n.s.c.p.DarkroomProcessingLine - Saving screenshot to src\target\site\reports\16169a83a39f713975035e911e6dbd923af779020ef879a28fe1d40f7714d8b1.png
10:17:09.611 [pool-2-thread-1] DEBUG n.t.core.steps.StepInterceptor - STARTING STEP: CategoryCouponSD.selects_a_coupon_category - {0} clicks on #target
10:17:09.612 [pool-2-thread-1] DEBUG n.s.s.targets.IFrameSwitcher - default content already selected for CATEGORIA 1
10:17:10.201 [pool-2-thread-1] DEBUG n.s.core.photography.Darkroom - Send negative for processing for src\target\site\reports\a13e087bb6e4da05408deda2525bf3f7bcf987980c202b1a2f15abd1cb5a6ae3.png
10:17:10.201 [pool-2-thread-1] DEBUG n.t.core.steps.StepInterceptor - STEP DONE: {0} clicks on #target
10:17:10.201 [Darkroom Processing Line] DEBUG n.s.c.p.DarkroomProcessingLine - Processing screenshot image in /var/screenshots/screenshot-10660202575682385897
10:17:10.202 [Darkroom Processing Line] DEBUG n.s.c.p.DarkroomProcessingLine - Saving screenshot to src\target\site\reports\a13e087bb6e4da05408deda2525bf3f7bcf987980c202b1a2f15abd1cb5a6ae3.png
10:17:10.203 [pool-2-thread-1] DEBUG n.s.s.targets.IFrameSwitcher - default content already selected for CATEGORIA 2
10:17:10.558 [pool-2-thread-1] DEBUG n.s.core.photography.Darkroom - Send negative for processing for src\target\site\reports\a5ecdf48ecc72fcb2160bd4b5a08b742f0aced1a352edff4a8a6f8660dd24d57.png
&amp#27;[92m|-------- User clicks on CATEGORIA 2&amp#27;[0m
10:17:10.558 [Darkroom Processing Line] DEBUG n.s.c.p.DarkroomProcessingLine - Processing screenshot image in /var/screenshots/screenshot-8772388714091070093
10:17:10.558 [Darkroom Processing Line] DEBUG n.s.c.p.DarkroomProcessingLine - Saving screenshot to src\target\site\reports\a5ecdf48ecc72fcb2160bd4b5a08b742f0aced1a352edff4a8a6f8660dd24d57.png
10:17:10.558 [pool-2-thread-1] DEBUG n.t.core.steps.StepInterceptor - STARTING STEP: CategoryCouponSD.selects_a_coupon_category - {0} clicks on #target
10:17:10.559 [pool-2-thread-1] DEBUG n.s.s.targets.IFrameSwitcher - default content already selected for CATEGORIA 2
10:17:11.005 [pool-2-thread-1] DEBUG n.s.core.photography.Darkroom - Send negative for processing for src\target\site\reports\e55879f8b77b478dc4cbc2d8793d871927d8a7deb9dc2d4d137dca8ea42e7bf6.png
10:17:11.005 [pool-2-thread-1] DEBUG n.t.core.steps.StepInterceptor - STEP DONE: {0} clicks on #target
10:17:11.005 [Darkroom Processing Line] DEBUG n.s.c.p.DarkroomProcessingLine - Processing screenshot image in /var/screenshots/screenshot-11905409557241445649
10:17:11.005 [Darkroom Processing Line] DEBUG n.s.c.p.DarkroomProcessingLine - Saving screenshot to src\target\site\reports\e55879f8b77b478dc4cbc2d8793d871927d8a7deb9dc2d4d137dca8ea42e7bf6.png
10:17:11.006 [pool-2-thread-1] DEBUG n.s.s.targets.IFrameSwitcher - default content already selected for CATEGORIA 3
10:17:11.387 [pool-2-thread-1] DEBUG n.s.core.photography.Darkroom - Send negative for processing for src\target\site\reports\d6a82912e48965dcb9cd5e7bfeb22b75f838cf0137cd8bca118cfd199e30020f.png
&amp#27;[92m|-------- User clicks on CATEGORIA 3&amp#27;[0m
10:17:11.388 [pool-2-thread-1] DEBUG n.t.core.steps.StepInterceptor - STARTING STEP: CategoryCouponSD.selects_a_coupon_category - {0} clicks on #target
10:17:11.388 [pool-2-thread-1] DEBUG n.s.s.targets.IFrameSwitcher - default content already selected for CATEGORIA 3
10:17:11.861 [pool-2-thread-1] DEBUG n.s.core.photography.Darkroom - Send negative for processing for src\target\site\reports\df17dedf45e7e68f09ef81187273a0dd0d83b5e35b740173375dc70d0b0f1262.png
10:17:11.861 [pool-2-thread-1] DEBUG n.t.core.steps.StepInterceptor - STEP DONE: {0} clicks on #target
10:17:11.861 [Darkroom Processing Line] DEBUG n.s.c.p.DarkroomProcessingLine - Processing screenshot image in /var/screenshots/screenshot-5338709765930287698
10:17:11.861 [Darkroom Processing Line] DEBUG n.s.c.p.DarkroomProcessingLine - Saving screenshot to src\target\site\reports\df17dedf45e7e68f09ef81187273a0dd0d83b5e35b740173375dc70d0b0f1262.png
10:17:11.865 [pool-2-thread-1] DEBUG n.t.core.steps.StepInterceptor - STEP DONE: !#title
  &amp#27;[32mWhen &amp#27;[0m&amp#27;[32m&amp#27;[0m&amp#27;[32m&amp#27;[1m72209308&amp#27;[0m&amp#27;[32m selects a coupon category&amp#27;[0m        &amp#27;[90m# steps.CategoryCouponSD.selects_a_coupon_category(java.lang.String)&amp#27;[0m
&amp#27;[92m|---- Then view the coupons of the selected category&amp#27;[0m
hola mundo  &amp#27;[32mThen &amp#27;[0m&amp#27;[32mview the coupons of the selected category&amp#27;[0m &amp#27;[90m# steps.CategoryCouponSD.view_the_coupons_of_the_selected_category()&amp#27;[0m
10:17:11.970 [pool-2-thread-1] INFO   - &amp#27;[92m---------------
- TEST PASSED -
---------------

category coupons
---------------&amp#27;[0m
10:17:13.389 [Darkroom Processing Line] DEBUG n.s.c.p.DarkroomProcessingLine - Darkroom processing line shutting down
]]></system-out>
    <system-err><![CDATA[Starting ChromeDriver 93.0.4577.15 (660fc11082ba57405eca2e8c49c3e1af756fbfae-refs/branch-heads/4577@{#203}) on port 37464
Only local connections are allowed.
Please see https://chromedriver.chromium.org/security-considerations for suggestions on keeping ChromeDriver safe.
ChromeDriver was started successfully.
[1631027780.946][WARNING]: Deprecated chrome option is ignored: useAutomationExtension
[1631027780.946][WARNING]: Deprecated chrome option is ignored: useAutomationExtension
set. 07, 2021 10:16:21 A. M. org.openqa.selenium.remote.ProtocolHandshake createSession
INFO: Detected dialect: W3C
]]></system-err>
  </testcase>
</testsuite>