<?xml version="1.0" encoding="UTF-8"?>
<testsuite xmlns:xsi="http://www.w3.org/2001/XMLSchema-instance" xsi:noNamespaceSchemaLocation="https://maven.apache.org/surefire/maven-failsafe-plugin/xsd/failsafe-test-report-3.0.xsd" version="3.0" name="Login into the application" time="57.34" tests="1" errors="0" skipped="0" failures="0">
  <properties>
[...]
</properties>
  <testcase name="successful login" classname="Login into the application" time="57.34">
    <system-out><![CDATA[09:48:01.003 [main] DEBUG n.t.c.u.PropertiesFileLocalPreferences - LOADING LOCAL PROPERTIES FROM C:\Users\Usuario\Desktop\AUTOMATIZACIONES\automation-cuponero-v2\serenity.properties 

09:48:01.095 [main] DEBUG n.t.c.u.PropertiesFileLocalPreferences - LOADING LOCAL PROPERTIES FROM C:\Users\Usuario\Desktop\AUTOMATIZACIONES\automation-cuponero-v2\serenity.properties 

09:48:01.096 [main] DEBUG n.t.c.u.PropertiesFileLocalPreferences - LOADING LOCAL PROPERTIES FROM C:\Users\Usuario\Desktop\AUTOMATIZACIONES\automation-cuponero-v2\serenity.properties 

09:48:01.112 [main] DEBUG n.t.c.u.PropertiesFileLocalPreferences - serenity.outputDirectory=src/target/site/reports

09:48:01.112 [main] DEBUG n.t.c.u.PropertiesFileLocalPreferences - serenity.test.root="net.serenitybdd.demos.todos.features"

09:48:01.112 [main] DEBUG n.t.c.u.PropertiesFileLocalPreferences - serenity.project.name="My Special Project"

09:48:01.112 [main] DEBUG n.t.c.u.PropertiesFileLocalPreferences - browserstack.name=[Serenity] Sample Test

09:48:01.113 [main] DEBUG n.t.c.u.PropertiesFileLocalPreferences - serenity.timeouts.fluentwait=10000

09:48:01.113 [main] DEBUG n.t.c.u.PropertiesFileLocalPreferences - chrome_experimental_options.excludeSwitches=enable-automation

09:48:01.113 [main] DEBUG n.t.c.u.PropertiesFileLocalPreferences - environments.PROD.home.page=https://cupomania-qa05.cindibyinkafarma.com/login

09:48:01.114 [main] DEBUG n.t.c.u.PropertiesFileLocalPreferences - serenity.reports.show.step.details=true

09:48:01.114 [main] DEBUG n.t.c.u.PropertiesFileLocalPreferences - webdriver.autodownload=true

09:48:01.114 [main] DEBUG n.t.c.u.PropertiesFileLocalPreferences - chrome_preferences.password_manager_enabled=false

09:48:01.114 [main] DEBUG n.t.c.u.PropertiesFileLocalPreferences - environments.UAT.home.page=https://cupomania-qa05.cindibyinkafarma.com/login

09:48:01.114 [main] DEBUG n.t.c.u.PropertiesFileLocalPreferences - chrome_preferences.profile.default_content_settings.popups=0

09:48:01.114 [main] DEBUG n.t.c.u.PropertiesFileLocalPreferences - serenity.report.show.manual.tests=true

09:48:01.114 [main] DEBUG n.t.c.u.PropertiesFileLocalPreferences - serenity.wait.for.timeout=10000

09:48:01.114 [main] DEBUG n.t.c.u.PropertiesFileLocalPreferences - environments.UAT.home.page1=https://conveniosci04.cindibyinkafarma.com/

09:48:01.115 [main] DEBUG n.t.c.u.PropertiesFileLocalPreferences - firefox.preferences=browser.download.dir=/tmp;browser.helperApps.alwaysAsk.force=false;browser.download.manager.showWhenStarting=false;browser.download.useDownloadDir=true;browser.download.folderList=2;permissions.default.desktop-notification=1

09:48:01.115 [main] DEBUG n.t.c.u.PropertiesFileLocalPreferences - serenity.browser.width=1920

09:48:01.115 [main] DEBUG n.t.c.u.PropertiesFileLocalPreferences - chrome_preferences.profile.default_content_setting_values.notifications=1

09:48:01.115 [main] DEBUG n.t.c.u.PropertiesFileLocalPreferences - serenity.verbose.screenshots.for.tasks=AFTER_EACH_STEP

09:48:01.115 [main] DEBUG n.t.c.u.PropertiesFileLocalPreferences - serenity.max.retries=2

09:48:01.115 [main] DEBUG n.t.c.u.PropertiesFileLocalPreferences - environments.default.home.page=https://cupomania-qa05.cindibyinkafarma.com/login

09:48:01.116 [main] DEBUG n.t.c.u.PropertiesFileLocalPreferences - serenity.take.screenshots.for.tasks=FOR_EACH_ACTION

09:48:01.116 [main] DEBUG n.t.c.u.PropertiesFileLocalPreferences - chrome_experimental_options.useAutomationExtension=false

09:48:01.116 [main] DEBUG n.t.c.u.PropertiesFileLocalPreferences - chrome.switches=--start-maximized;--test-type;--no-sandbox;--ignore-certificate-errors;--disable-popup-blocking;--disable-default-apps;--disable-extensions-file-access-check;--disable-download-notification;--disable-infobars,--disable-gpu

09:48:01.116 [main] DEBUG n.t.c.u.PropertiesFileLocalPreferences - serenity.console.headings=normal

09:48:01.116 [main] DEBUG n.t.c.u.PropertiesFileLocalPreferences - serenity.console.colors=true

09:48:01.116 [main] DEBUG n.t.c.u.PropertiesFileLocalPreferences - serenity.restart.browser.for.each=NEVER

09:48:01.116 [main] DEBUG n.t.c.u.PropertiesFileLocalPreferences - serenity.use.unique.browser=true

09:48:01.116 [main] DEBUG n.t.c.u.PropertiesFileLocalPreferences - serenity.junit.retry.tests=true

09:48:01.117 [main] DEBUG n.t.c.u.PropertiesFileLocalPreferences - chrome_preferences.credentials_enable_service=false

09:48:01.117 [main] DEBUG n.t.c.u.PropertiesFileLocalPreferences - serenity.timeouts.implicitlywait=5000

09:48:01.117 [main] DEBUG n.t.c.u.PropertiesFileLocalPreferences - webdriver.driver=chrome

09:48:01.117 [main] DEBUG n.t.c.u.PropertiesFileLocalPreferences - chrome_preferences.download.default_directory=/my/downloads/

09:48:01.117 [main] DEBUG n.t.c.u.PropertiesFileLocalPreferences - serenity.logging=VERBOSE

09:48:01.117 [main] DEBUG n.t.c.u.PropertiesFileLocalPreferences - serenity.browser.height=1080

09:48:01.117 [main] DEBUG n.t.c.u.PropertiesFileLocalPreferences - environment=UAT

09:48:01.117 [main] DEBUG n.t.c.u.PropertiesFileLocalPreferences - chrome_preferences.profile.default_content_setting_values.geolocation=1

09:48:01.117 [main] DEBUG n.t.c.u.PropertiesFileLocalPreferences - headless.mode=false

09:48:01.719 [main] DEBUG n.t.c.u.PropertiesFileLocalPreferences - LOADING LOCAL PROPERTIES FROM C:\Users\Usuario\Desktop\AUTOMATIZACIONES\automation-cuponero-v2\serenity.properties 

09:48:01.754 [main] DEBUG n.t.c.u.PropertiesFileLocalPreferences - LOADING LOCAL PROPERTIES FROM C:\Users\Usuario\Desktop\AUTOMATIZACIONES\automation-cuponero-v2\serenity.properties 

09:48:01.755 [main] DEBUG n.t.c.u.PropertiesFileLocalPreferences - LOADING LOCAL PROPERTIES FROM C:\Users\Usuario\Desktop\AUTOMATIZACIONES\automation-cuponero-v2\serenity.properties 

09:48:01.757 [main] DEBUG n.t.c.u.PropertiesFileLocalPreferences - serenity.outputDirectory=src/target/site/reports

09:48:01.757 [main] DEBUG n.t.c.u.PropertiesFileLocalPreferences - serenity.test.root="net.serenitybdd.demos.todos.features"

09:48:01.758 [main] DEBUG n.t.c.u.PropertiesFileLocalPreferences - serenity.project.name="My Special Project"

09:48:01.758 [main] DEBUG n.t.c.u.PropertiesFileLocalPreferences - browserstack.name=[Serenity] Sample Test

09:48:01.759 [main] DEBUG n.t.c.u.PropertiesFileLocalPreferences - serenity.timeouts.fluentwait=10000

09:48:01.759 [main] DEBUG n.t.c.u.PropertiesFileLocalPreferences - chrome_experimental_options.excludeSwitches=enable-automation

09:48:01.760 [main] DEBUG n.t.c.u.PropertiesFileLocalPreferences - environments.PROD.home.page=https://cupomania-qa05.cindibyinkafarma.com/login

09:48:01.760 [main] DEBUG n.t.c.u.PropertiesFileLocalPreferences - serenity.reports.show.step.details=true

09:48:01.760 [main] DEBUG n.t.c.u.PropertiesFileLocalPreferences - webdriver.autodownload=true

09:48:01.760 [main] DEBUG n.t.c.u.PropertiesFileLocalPreferences - chrome_preferences.password_manager_enabled=false

09:48:01.760 [main] DEBUG n.t.c.u.PropertiesFileLocalPreferences - environments.UAT.home.page=https://cupomania-qa05.cindibyinkafarma.com/login

09:48:01.760 [main] DEBUG n.t.c.u.PropertiesFileLocalPreferences - chrome_preferences.profile.default_content_settings.popups=0

09:48:01.760 [main] DEBUG n.t.c.u.PropertiesFileLocalPreferences - serenity.report.show.manual.tests=true

09:48:01.760 [main] DEBUG n.t.c.u.PropertiesFileLocalPreferences - serenity.wait.for.timeout=10000

09:48:01.761 [main] DEBUG n.t.c.u.PropertiesFileLocalPreferences - environments.UAT.home.page1=https://conveniosci04.cindibyinkafarma.com/

09:48:01.761 [main] DEBUG n.t.c.u.PropertiesFileLocalPreferences - firefox.preferences=browser.download.dir=/tmp;browser.helperApps.alwaysAsk.force=false;browser.download.manager.showWhenStarting=false;browser.download.useDownloadDir=true;browser.download.folderList=2;permissions.default.desktop-notification=1

09:48:01.761 [main] DEBUG n.t.c.u.PropertiesFileLocalPreferences - serenity.browser.width=1920

09:48:01.761 [main] DEBUG n.t.c.u.PropertiesFileLocalPreferences - chrome_preferences.profile.default_content_setting_values.notifications=1

09:48:01.761 [main] DEBUG n.t.c.u.PropertiesFileLocalPreferences - serenity.verbose.screenshots.for.tasks=AFTER_EACH_STEP

09:48:01.761 [main] DEBUG n.t.c.u.PropertiesFileLocalPreferences - serenity.max.retries=2

09:48:01.761 [main] DEBUG n.t.c.u.PropertiesFileLocalPreferences - environments.default.home.page=https://cupomania-qa05.cindibyinkafarma.com/login

09:48:01.761 [main] DEBUG n.t.c.u.PropertiesFileLocalPreferences - serenity.take.screenshots.for.tasks=FOR_EACH_ACTION

09:48:01.762 [main] DEBUG n.t.c.u.PropertiesFileLocalPreferences - chrome_experimental_options.useAutomationExtension=false

09:48:01.762 [main] DEBUG n.t.c.u.PropertiesFileLocalPreferences - chrome.switches=--start-maximized;--test-type;--no-sandbox;--ignore-certificate-errors;--disable-popup-blocking;--disable-default-apps;--disable-extensions-file-access-check;--disable-download-notification;--disable-infobars,--disable-gpu

09:48:01.762 [main] DEBUG n.t.c.u.PropertiesFileLocalPreferences - serenity.console.headings=normal

09:48:01.762 [main] DEBUG n.t.c.u.PropertiesFileLocalPreferences - serenity.console.colors=true

09:48:01.762 [main] DEBUG n.t.c.u.PropertiesFileLocalPreferences - serenity.restart.browser.for.each=NEVER

09:48:01.762 [main] DEBUG n.t.c.u.PropertiesFileLocalPreferences - serenity.use.unique.browser=true

09:48:01.762 [main] DEBUG n.t.c.u.PropertiesFileLocalPreferences - serenity.junit.retry.tests=true

09:48:01.762 [main] DEBUG n.t.c.u.PropertiesFileLocalPreferences - chrome_preferences.credentials_enable_service=false

09:48:01.763 [main] DEBUG n.t.c.u.PropertiesFileLocalPreferences - serenity.timeouts.implicitlywait=5000

09:48:01.763 [main] DEBUG n.t.c.u.PropertiesFileLocalPreferences - webdriver.driver=chrome

09:48:01.763 [main] DEBUG n.t.c.u.PropertiesFileLocalPreferences - chrome_preferences.download.default_directory=/my/downloads/

09:48:01.763 [main] DEBUG n.t.c.u.PropertiesFileLocalPreferences - serenity.logging=VERBOSE

09:48:01.763 [main] DEBUG n.t.c.u.PropertiesFileLocalPreferences - serenity.browser.height=1080

09:48:01.763 [main] DEBUG n.t.c.u.PropertiesFileLocalPreferences - environment=UAT

09:48:01.763 [main] DEBUG n.t.c.u.PropertiesFileLocalPreferences - chrome_preferences.profile.default_content_setting_values.geolocation=1

09:48:01.764 [main] DEBUG n.t.c.u.PropertiesFileLocalPreferences - headless.mode=false

09:48:01.817 [main] INFO  i.c.core.plugin.SerenityReporter - Running feature from file:///C:/Users/Usuario/Desktop/AUTOMATIZACIONES/automation-cuponero-v2/src/test/resources/features/Coupons/categoryCoupon.feature

09:48:02.021 [main] DEBUG n.t.c.u.PropertiesFileLocalPreferences - LOADING LOCAL PROPERTIES FROM C:\Users\Usuario\Desktop\AUTOMATIZACIONES\automation-cuponero-v2\serenity.properties 

09:48:02.041 [main] DEBUG n.t.c.u.PropertiesFileLocalPreferences - LOADING LOCAL PROPERTIES FROM C:\Users\Usuario\Desktop\AUTOMATIZACIONES\automation-cuponero-v2\serenity.properties 

09:48:02.042 [main] DEBUG n.t.c.u.PropertiesFileLocalPreferences - LOADING LOCAL PROPERTIES FROM C:\Users\Usuario\Desktop\AUTOMATIZACIONES\automation-cuponero-v2\serenity.properties 

09:48:02.043 [main] DEBUG n.t.c.u.PropertiesFileLocalPreferences - serenity.outputDirectory=src/target/site/reports

09:48:02.044 [main] DEBUG n.t.c.u.PropertiesFileLocalPreferences - serenity.test.root="net.serenitybdd.demos.todos.features"

09:48:02.044 [main] DEBUG n.t.c.u.PropertiesFileLocalPreferences - serenity.project.name="My Special Project"

09:48:02.044 [main] DEBUG n.t.c.u.PropertiesFileLocalPreferences - browserstack.name=[Serenity] Sample Test

09:48:02.044 [main] DEBUG n.t.c.u.PropertiesFileLocalPreferences - serenity.timeouts.fluentwait=10000

09:48:02.045 [main] DEBUG n.t.c.u.PropertiesFileLocalPreferences - chrome_experimental_options.excludeSwitches=enable-automation

09:48:02.045 [main] DEBUG n.t.c.u.PropertiesFileLocalPreferences - environments.PROD.home.page=https://cupomania-qa05.cindibyinkafarma.com/login

09:48:02.045 [main] DEBUG n.t.c.u.PropertiesFileLocalPreferences - serenity.reports.show.step.details=true

09:48:02.045 [main] DEBUG n.t.c.u.PropertiesFileLocalPreferences - webdriver.autodownload=true

09:48:02.045 [main] DEBUG n.t.c.u.PropertiesFileLocalPreferences - chrome_preferences.password_manager_enabled=false

09:48:02.045 [main] DEBUG n.t.c.u.PropertiesFileLocalPreferences - environments.UAT.home.page=https://cupomania-qa05.cindibyinkafarma.com/login

09:48:02.045 [main] DEBUG n.t.c.u.PropertiesFileLocalPreferences - chrome_preferences.profile.default_content_settings.popups=0

09:48:02.045 [main] DEBUG n.t.c.u.PropertiesFileLocalPreferences - serenity.report.show.manual.tests=true

09:48:02.046 [main] DEBUG n.t.c.u.PropertiesFileLocalPreferences - serenity.wait.for.timeout=10000

09:48:02.046 [main] DEBUG n.t.c.u.PropertiesFileLocalPreferences - environments.UAT.home.page1=https://conveniosci04.cindibyinkafarma.com/

09:48:02.046 [main] DEBUG n.t.c.u.PropertiesFileLocalPreferences - firefox.preferences=browser.download.dir=/tmp;browser.helperApps.alwaysAsk.force=false;browser.download.manager.showWhenStarting=false;browser.download.useDownloadDir=true;browser.download.folderList=2;permissions.default.desktop-notification=1

09:48:02.046 [main] DEBUG n.t.c.u.PropertiesFileLocalPreferences - serenity.browser.width=1920

09:48:02.046 [main] DEBUG n.t.c.u.PropertiesFileLocalPreferences - chrome_preferences.profile.default_content_setting_values.notifications=1

09:48:02.046 [main] DEBUG n.t.c.u.PropertiesFileLocalPreferences - serenity.verbose.screenshots.for.tasks=AFTER_EACH_STEP

09:48:02.046 [main] DEBUG n.t.c.u.PropertiesFileLocalPreferences - serenity.max.retries=2

09:48:02.046 [main] DEBUG n.t.c.u.PropertiesFileLocalPreferences - environments.default.home.page=https://cupomania-qa05.cindibyinkafarma.com/login

09:48:02.046 [main] DEBUG n.t.c.u.PropertiesFileLocalPreferences - serenity.take.screenshots.for.tasks=FOR_EACH_ACTION

09:48:02.046 [main] DEBUG n.t.c.u.PropertiesFileLocalPreferences - chrome_experimental_options.useAutomationExtension=false

09:48:02.047 [main] DEBUG n.t.c.u.PropertiesFileLocalPreferences - chrome.switches=--start-maximized;--test-type;--no-sandbox;--ignore-certificate-errors;--disable-popup-blocking;--disable-default-apps;--disable-extensions-file-access-check;--disable-download-notification;--disable-infobars,--disable-gpu

09:48:02.047 [main] DEBUG n.t.c.u.PropertiesFileLocalPreferences - serenity.console.headings=normal

09:48:02.047 [main] DEBUG n.t.c.u.PropertiesFileLocalPreferences - serenity.console.colors=true

09:48:02.047 [main] DEBUG n.t.c.u.PropertiesFileLocalPreferences - serenity.restart.browser.for.each=NEVER

09:48:02.047 [main] DEBUG n.t.c.u.PropertiesFileLocalPreferences - serenity.use.unique.browser=true

09:48:02.047 [main] DEBUG n.t.c.u.PropertiesFileLocalPreferences - serenity.junit.retry.tests=true

09:48:02.047 [main] DEBUG n.t.c.u.PropertiesFileLocalPreferences - chrome_preferences.credentials_enable_service=false

09:48:02.047 [main] DEBUG n.t.c.u.PropertiesFileLocalPreferences - serenity.timeouts.implicitlywait=5000

09:48:02.047 [main] DEBUG n.t.c.u.PropertiesFileLocalPreferences - webdriver.driver=chrome

09:48:02.047 [main] DEBUG n.t.c.u.PropertiesFileLocalPreferences - chrome_preferences.download.default_directory=/my/downloads/

09:48:02.048 [main] DEBUG n.t.c.u.PropertiesFileLocalPreferences - serenity.logging=VERBOSE

09:48:02.048 [main] DEBUG n.t.c.u.PropertiesFileLocalPreferences - serenity.browser.height=1080

09:48:02.048 [main] DEBUG n.t.c.u.PropertiesFileLocalPreferences - environment=UAT

09:48:02.048 [main] DEBUG n.t.c.u.PropertiesFileLocalPreferences - chrome_preferences.profile.default_content_setting_values.geolocation=1

09:48:02.048 [main] DEBUG n.t.c.u.PropertiesFileLocalPreferences - headless.mode=false

09:48:02.057 [main] INFO   - &amp#27;[96m

-------------------------------------------------------------------------------------
     _______. _______ .______       _______ .__   __.  __  .___________.____    ____ 
    /       ||   ____||   _  \     |   ____||  \ |  | |  | |           |\   \  /   / 
   |   (----`|  |__   |  |_)  |    |  |__   |   \|  | |  | `---|  |----` \   \/   /  
    \   \    |   __|  |      /     |   __|  |  . `  | |  |     |  |       \_    _/   
.----)   |   |  |____ |  |\  \----.|  |____ |  |\   | |  |     |  |         |  |     
|_______/    |_______|| _| `._____||_______||__| \__| |__|     |__|         |__|    
                                                                                     
 News and tutorials at http://www.serenity-bdd.info                                  
 Documentation at https://wakaleo.gitbooks.io/the-serenity-book/content/             
 Join the Serenity Community on Gitter: https://gitter.im/serenity-bdd/serenity-core 
 Serenity BDD Support and Training at http://serenity-bdd.info/#/trainingandsupport  
-------------------------------------------------------------------------------------
&amp#27;[0m

09:48:02.060 [main] DEBUG n.thucydides.core.steps.StepEventBus - Test suite started for story net.thucydides.core.model.Story@5372edb0

09:48:02.062 [main] INFO   - Test Suite Started: category coupons

09:48:02.081 [main] INFO  i.c.core.plugin.SerenityReporter - Running feature from file:///C:/Users/Usuario/Desktop/AUTOMATIZACIONES/automation-cuponero-v2/src/test/resources/features/Coupons/couponBicanal.feature

09:48:02.090 [main] DEBUG n.thucydides.core.steps.StepEventBus - Test suite started for story net.thucydides.core.model.Story@75f8c307

09:48:02.093 [main] INFO   - Test Suite Started: Coupons

09:48:02.094 [main] INFO  i.c.core.plugin.SerenityReporter - Running feature from file:///C:/Users/Usuario/Desktop/AUTOMATIZACIONES/automation-cuponero-v2/src/test/resources/features/Coupons/couponFlash.feature

09:48:02.098 [main] DEBUG n.thucydides.core.steps.StepEventBus - Test suite started for story net.thucydides.core.model.Story@29deace3

09:48:02.099 [main] INFO   - Test Suite Started: Coupons

09:48:02.099 [main] INFO  i.c.core.plugin.SerenityReporter - Running feature from file:///C:/Users/Usuario/Desktop/AUTOMATIZACIONES/automation-cuponero-v2/src/test/resources/features/Coupons/couponMultiHook.feature

09:48:02.107 [main] DEBUG n.thucydides.core.steps.StepEventBus - Test suite started for story net.thucydides.core.model.Story@74dd7eef

09:48:02.108 [main] INFO   - Test Suite Started: Coupons

09:48:02.109 [main] INFO  i.c.core.plugin.SerenityReporter - Running feature from file:///C:/Users/Usuario/Desktop/AUTOMATIZACIONES/automation-cuponero-v2/src/test/resources/features/Coupons/couponNormal.feature

09:48:02.114 [main] DEBUG n.thucydides.core.steps.StepEventBus - Test suite started for story net.thucydides.core.model.Story@4406e32a

09:48:02.115 [main] INFO   - Test Suite Started: Coupons

09:48:02.115 [main] INFO  i.c.core.plugin.SerenityReporter - Running feature from file:///C:/Users/Usuario/Desktop/AUTOMATIZACIONES/automation-cuponero-v2/src/test/resources/features/Coupons/couponRecommend.feature

09:48:02.122 [main] DEBUG n.thucydides.core.steps.StepEventBus - Test suite started for story net.thucydides.core.model.Story@60a6d5af

09:48:02.123 [main] INFO   - Test Suite Started: Coupons

09:48:02.123 [main] INFO  i.c.core.plugin.SerenityReporter - Running feature from file:///C:/Users/Usuario/Desktop/AUTOMATIZACIONES/automation-cuponero-v2/src/test/resources/features/Coupons/searchCoupon.feature

09:48:02.132 [main] DEBUG n.thucydides.core.steps.StepEventBus - Test suite started for story net.thucydides.core.model.Story@1a5ea4d

09:48:02.133 [main] INFO   - Test Suite Started: Search Coupon

09:48:02.133 [main] INFO  i.c.core.plugin.SerenityReporter - Running feature from file:///C:/Users/Usuario/Desktop/AUTOMATIZACIONES/automation-cuponero-v2/src/test/resources/features/footer/footer.feature

09:48:02.141 [main] DEBUG n.thucydides.core.steps.StepEventBus - Test suite started for story net.thucydides.core.model.Story@5e33f65c

09:48:02.142 [main] INFO   - Test Suite Started: FOOTER

09:48:02.143 [main] INFO  i.c.core.plugin.SerenityReporter - Running feature from file:///C:/Users/Usuario/Desktop/AUTOMATIZACIONES/automation-cuponero-v2/src/test/resources/features/login/login.feature

09:48:02.160 [main] DEBUG n.thucydides.core.steps.StepEventBus - Test suite started for story net.thucydides.core.model.Story@94cad640

09:48:02.160 [main] INFO   - Test Suite Started: Login into the application

09:48:02.161 [main] INFO  i.c.core.plugin.SerenityReporter - Running feature from file:///C:/Users/Usuario/Desktop/AUTOMATIZACIONES/automation-cuponero-v2/src/test/resources/features/update/update.feature

09:48:02.169 [main] DEBUG n.thucydides.core.steps.StepEventBus - Test suite started for story net.thucydides.core.model.Story@877b492e

09:48:02.170 [main] INFO   - Test Suite Started: Update



1
 Scenarios (
&amp#27;[32m1 passed&amp#27;[0m
)

3
 Steps (
&amp#27;[32m3 passed&amp#27;[0m
)

0m
57.707s





09:48:59.525 [main] DEBUG n.t.core.reports.ReportService - Reporting formats: [JSON, HTML]

09:48:59.641 [main] DEBUG n.t.core.reports.ReportService - Reporting formats: [JSON, HTML]

09:48:59.666 [main] DEBUG n.t.core.reports.ReportService - Generating reports for 1 test outcomes using: net.thucydides.core.reports.json.JSONTestOutcomeReporter@66c83fc8

09:48:59.667 [pool-2-thread-1] DEBUG n.t.core.reports.ReportService - Processing test outcome Login into the application:successful login

09:48:59.668 [pool-2-thread-1] INFO  n.t.core.reports.ReportService - net.thucydides.core.reports.json.JSONTestOutcomeReporter@66c83fc8: Generating report for test outcome: Login into the application:successful login

09:48:59.672 [pool-2-thread-1] DEBUG n.t.c.r.json.JSONTestOutcomeReporter - Generating JSON report for successful login to file C:\Users\Usuario\Desktop\AUTOMATIZACIONES\automation-cuponero-v2\src\target\site\reports\187298ed932aa665ffb2485ff61c6540ca57808b33fdcdde8e1f508e15f27d8f.json (using temp file C:\Users\Usuario\Desktop\AUTOMATIZACIONES\automation-cuponero-v2\src\target\site\reports\187298ed932aa665ffb2485ff61c6540ca57808b33fdcdde8e1f508e15f27d8f.jsonba2fd92b-ac67-4862-9527-8f486c2e03fe)

09:48:59.727 [pool-2-thread-1] DEBUG n.t.core.reports.ReportService - Processing test outcome Login into the application:successful login done

09:48:59.728 [main] DEBUG n.t.core.reports.ReportService - Shutting down executor service

09:48:59.728 [main] DEBUG n.t.core.reports.ReportService - Reports generated in: 62 ms

09:48:59.728 [main] DEBUG n.t.core.reports.ReportService - Generating reports for 1 test outcomes using: net.thucydides.core.reports.html.HtmlAcceptanceTestReporter@2125ad3

09:48:59.729 [pool-3-thread-1] DEBUG n.t.core.reports.ReportService - Processing test outcome Login into the application:successful login

09:48:59.729 [pool-3-thread-1] INFO  n.t.core.reports.ReportService - net.thucydides.core.reports.html.HtmlAcceptanceTestReporter@2125ad3: Generating report for test outcome: Login into the application:successful login

09:48:59.767 [pool-3-thread-1] DEBUG n.t.c.r.PackageRequirementsTagProvider - Loading requirements from package requirements at: "net.serenitybdd.demos.todos.features"

09:49:01.217 [pool-3-thread-1] DEBUG n.t.c.r.m.cucumber.CucumberParser - Added feature category coupons

09:49:01.226 [pool-3-thread-1] DEBUG n.t.c.r.m.cucumber.CucumberParser - Added feature Coupons

09:49:01.233 [pool-3-thread-1] DEBUG n.t.c.r.m.cucumber.CucumberParser - Added feature Coupons

09:49:01.239 [pool-3-thread-1] DEBUG n.t.c.r.m.cucumber.CucumberParser - Added feature Coupons

09:49:01.248 [pool-3-thread-1] DEBUG n.t.c.r.m.cucumber.CucumberParser - Added feature Coupons

09:49:01.257 [pool-3-thread-1] DEBUG n.t.c.r.m.cucumber.CucumberParser - Added feature Coupons

09:49:01.271 [pool-3-thread-1] DEBUG n.t.c.r.m.cucumber.CucumberParser - Added feature Search Coupon

09:49:01.295 [pool-3-thread-1] DEBUG n.t.c.r.m.cucumber.CucumberParser - Added feature FOOTER

09:49:01.320 [pool-3-thread-1] DEBUG n.t.c.r.m.cucumber.CucumberParser - Added feature Login into the application

09:49:01.347 [pool-3-thread-1] DEBUG n.t.c.r.m.cucumber.CucumberParser - Added feature Update

09:49:01.362 [pool-3-thread-1] DEBUG n.t.c.r.BaseRequirementsService - Requirement found for test outcome successful login-[]: Optional[Requirement{name='Login into the application', type='feature' parent = 'Login', cardNumber='null'}]

09:49:01.367 [pool-3-thread-1] DEBUG n.t.c.r.BaseRequirementsService - Requirement found for test outcome successful login-[]: Optional[Requirement{name='Login into the application', type='feature' parent = 'Login', cardNumber='null'}]

09:49:01.395 [pool-3-thread-1] DEBUG n.t.c.r.BaseRequirementsService - Requirement found for test outcome successful login-[]: Optional[Requirement{name='Login into the application', type='feature' parent = 'Login', cardNumber='null'}]

09:49:01.397 [pool-3-thread-1] DEBUG n.t.c.r.BaseRequirementsService - Requirement found for test outcome successful login-[]: Optional[Requirement{name='Login into the application', type='feature' parent = 'Login', cardNumber='null'}]

09:49:01.402 [pool-3-thread-1] DEBUG serenity.reporting - Generating report in 187298ed932aa665ffb2485ff61c6540ca57808b33fdcdde8e1f508e15f27d8f_screenshots.html

09:49:01.993 [pool-3-thread-1] DEBUG serenity.reporting - Generated report 187298ed932aa665ffb2485ff61c6540ca57808b33fdcdde8e1f508e15f27d8f_screenshots.html in 591 ms

09:49:01.997 [pool-3-thread-1] INFO  serenity.reporting - 
-------------------------------
| TEST NAME:   &amp#27;[1msuccessful login&amp#27;[0m
| RESULT:      &amp#27;[92mPassing&amp#27;[0m
| REQUIREMENT: Login into the application
| REPORT:      &amp#27;[96mfile:///C:/Users/Usuario/Desktop/AUTOMATIZACIONES/automation-cuponero-v2/src/target/site/reports/187298ed932aa665ffb2485ff61c6540ca57808b33fdcdde8e1f508e15f27d8f.html&amp#27;[0m
-------------------------------

09:49:02.002 [pool-3-thread-1] DEBUG serenity.reporting - Generating report in 187298ed932aa665ffb2485ff61c6540ca57808b33fdcdde8e1f508e15f27d8f.html

09:49:02.400 [pool-3-thread-1] DEBUG serenity.reporting - Generated report 187298ed932aa665ffb2485ff61c6540ca57808b33fdcdde8e1f508e15f27d8f.html in 398 ms

09:49:02.400 [pool-3-thread-1] DEBUG n.t.core.reports.ReportService - Processing test outcome Login into the application:successful login done

09:49:02.401 [main] DEBUG n.t.core.reports.ReportService - Shutting down executor service

09:49:02.401 [main] DEBUG n.t.core.reports.ReportService - Reports generated in: 2673 ms

09:49:02.724 [main] INFO  i.c.core.plugin.SerenityReporter - Cleanup test resources for URI file:///C:/Users/Usuario/Desktop/AUTOMATIZACIONES/automation-cuponero-v2/src/test/resources/features/login/login.feature

09:49:02.725 [main] DEBUG n.s.core.photography.Darkroom - Closing darkroom


@loginSuccess
Scenario Outline: successful login        &amp#27;[90m# src/test/resources/features/login/login.feature:15&amp#27;[0m
09:48:02.582 [pool-2-thread-1] INFO  i.c.core.plugin.SerenityReporter - Running feature from file:///C:/Users/Usuario/Desktop/AUTOMATIZACIONES/automation-cuponero-v2/src/test/resources/features/login/login.feature
09:48:02.687 [pool-2-thread-1] INFO   - ----------------
- TEST STARTED -
----------------

successful login(login-into-the-application;successful-login)
----------------
09:48:02.763 [pool-2-thread-1] DEBUG n.t.c.r.m.cucumber.CucumberParser - Added feature category coupons
09:48:02.780 [pool-2-thread-1] DEBUG n.t.c.r.m.cucumber.CucumberParser - Added feature Coupons
09:48:02.786 [pool-2-thread-1] DEBUG n.t.c.r.m.cucumber.CucumberParser - Added feature Coupons
09:48:02.791 [pool-2-thread-1] DEBUG n.t.c.r.m.cucumber.CucumberParser - Added feature Coupons
09:48:02.795 [pool-2-thread-1] DEBUG n.t.c.r.m.cucumber.CucumberParser - Added feature Coupons
09:48:02.803 [pool-2-thread-1] DEBUG n.t.c.r.m.cucumber.CucumberParser - Added feature Coupons
09:48:02.810 [pool-2-thread-1] DEBUG n.t.c.r.m.cucumber.CucumberParser - Added feature Search Coupon
09:48:02.831 [pool-2-thread-1] DEBUG n.t.c.r.m.cucumber.CucumberParser - Added feature FOOTER
09:48:02.850 [pool-2-thread-1] DEBUG n.t.c.r.m.cucumber.CucumberParser - Added feature Login into the application
09:48:02.867 [pool-2-thread-1] DEBUG n.t.c.r.m.cucumber.CucumberParser - Added feature Update
&amp#27;[92m|-- 1: successful login ({number=72209308})&amp#27;[0m
&amp#27;[92m|---- Given User enters the coupon website&amp#27;[0m
&amp#27;[92m|------ User opens the home page&amp#27;[0m
09:48:03.315 [pool-2-thread-1] DEBUG n.t.core.steps.StepInterceptor - STARTING STEP: LoginSD.user_enters_the_coupon_website - !#title
&amp#27;[92m|-------- User opens the home.page page&amp#27;[0m
09:48:03.330 [pool-2-thread-1] DEBUG n.t.core.steps.StepInterceptor - STARTING STEP: LoginSD.user_enters_the_coupon_website - {0} opens the #pageName page
09:48:03.367 [pool-2-thread-1] INFO  n.s.c.w.d.ChromeDriverProvider - Using automatically driver download
09:48:03.735 [pool-2-thread-1] DEBUG i.g.b.wdm.cache.ResolutionCache - Removing resolution chrome=93 from cache (expired on Tue Sep 07 19:10:41 PET 2021)
09:48:03.752 [pool-2-thread-1] DEBUG o.a.h.c.h.i.c.InternalHttpClient - ex-00000001: preparing request execution
09:48:03.758 [pool-2-thread-1] DEBUG o.a.h.c.h.protocol.RequestAddCookies - Cookie spec selected: strict
09:48:03.763 [pool-2-thread-1] DEBUG o.a.h.c.h.protocol.RequestAuthCache - Auth cache not set in the context
09:48:03.763 [pool-2-thread-1] DEBUG o.a.h.c.h.impl.classic.ProtocolExec - ex-00000001: target auth state: UNCHALLENGED
09:48:03.764 [pool-2-thread-1] DEBUG o.a.h.c.h.impl.classic.ProtocolExec - ex-00000001: proxy auth state: UNCHALLENGED
09:48:03.764 [pool-2-thread-1] DEBUG o.a.h.c.h.impl.classic.ConnectExec - ex-00000001: acquiring connection with route {s}->https://raw.githubusercontent.com:443
09:48:03.764 [pool-2-thread-1] DEBUG o.a.h.c.h.i.c.InternalHttpClient - ex-00000001: acquiring endpoint (3 MINUTES)
09:48:03.765 [pool-2-thread-1] DEBUG o.a.h.c.h.i.i.PoolingHttpClientConnectionManager - ex-00000001: endpoint lease request (3 MINUTES) [route: {s}->https://raw.githubusercontent.com:443][total available: 0; route allocated: 0 of 5; total allocated: 0 of 25]
09:48:03.768 [pool-2-thread-1] DEBUG o.a.h.c.h.i.i.PoolingHttpClientConnectionManager - ex-00000001: endpoint leased [route: {s}->https://raw.githubusercontent.com:443][total available: 0; route allocated: 1 of 5; total allocated: 1 of 25]
09:48:03.775 [pool-2-thread-1] DEBUG o.a.h.c.h.i.i.PoolingHttpClientConnectionManager - ex-00000001: acquired ep-00000000
09:48:03.775 [pool-2-thread-1] DEBUG o.a.h.c.h.i.c.InternalHttpClient - ex-00000001: acquired endpoint ep-00000000
09:48:03.775 [pool-2-thread-1] DEBUG o.a.h.c.h.impl.classic.ConnectExec - ex-00000001: opening connection {s}->https://raw.githubusercontent.com:443
09:48:03.776 [pool-2-thread-1] DEBUG o.a.h.c.h.i.c.InternalHttpClient - ep-00000000: connecting endpoint (30 SECONDS)
09:48:03.776 [pool-2-thread-1] DEBUG o.a.h.c.h.i.i.PoolingHttpClientConnectionManager - ep-00000000: connecting endpoint to https://raw.githubusercontent.com:443 (30 SECONDS)
09:48:04.279 [pool-2-thread-1] DEBUG o.a.h.c.h.i.i.DefaultHttpClientConnectionOperator - http-outgoing-0: connecting to raw.githubusercontent.com/185.199.108.133:443
09:48:04.279 [pool-2-thread-1] DEBUG o.a.h.c.h.s.SSLConnectionSocketFactory - Connecting socket to raw.githubusercontent.com/185.199.108.133:443 with timeout 30 SECONDS
09:48:04.372 [pool-2-thread-1] DEBUG o.a.h.c.h.s.SSLConnectionSocketFactory - Enabled protocols: [TLSv1.3, TLSv1.2]
09:48:04.372 [pool-2-thread-1] DEBUG o.a.h.c.h.s.SSLConnectionSocketFactory - Enabled cipher suites: [TLS_AES_256_GCM_SHA384, TLS_AES_128_GCM_SHA256, TLS_CHACHA20_POLY1305_SHA256, TLS_ECDHE_ECDSA_WITH_AES_256_GCM_SHA384, TLS_ECDHE_ECDSA_WITH_AES_128_GCM_SHA256, TLS_ECDHE_ECDSA_WITH_CHACHA20_POLY1305_SHA256, TLS_ECDHE_RSA_WITH_AES_256_GCM_SHA384, TLS_ECDHE_RSA_WITH_CHACHA20_POLY1305_SHA256, TLS_ECDHE_RSA_WITH_AES_128_GCM_SHA256, TLS_DHE_RSA_WITH_AES_256_GCM_SHA384, TLS_DHE_RSA_WITH_CHACHA20_POLY1305_SHA256, TLS_DHE_DSS_WITH_AES_256_GCM_SHA384, TLS_DHE_RSA_WITH_AES_128_GCM_SHA256, TLS_DHE_DSS_WITH_AES_128_GCM_SHA256, TLS_ECDHE_ECDSA_WITH_AES_256_CBC_SHA384, TLS_ECDHE_RSA_WITH_AES_256_CBC_SHA384, TLS_ECDHE_ECDSA_WITH_AES_128_CBC_SHA256, TLS_ECDHE_RSA_WITH_AES_128_CBC_SHA256, TLS_DHE_RSA_WITH_AES_256_CBC_SHA256, TLS_DHE_DSS_WITH_AES_256_CBC_SHA256, TLS_DHE_RSA_WITH_AES_128_CBC_SHA256, TLS_DHE_DSS_WITH_AES_128_CBC_SHA256, TLS_ECDH_ECDSA_WITH_AES_256_GCM_SHA384, TLS_ECDH_RSA_WITH_AES_256_GCM_SHA384, TLS_ECDH_ECDSA_WITH_AES_128_GCM_SHA256, TLS_ECDH_RSA_WITH_AES_128_GCM_SHA256, TLS_ECDH_ECDSA_WITH_AES_256_CBC_SHA384, TLS_ECDH_RSA_WITH_AES_256_CBC_SHA384, TLS_ECDH_ECDSA_WITH_AES_128_CBC_SHA256, TLS_ECDH_RSA_WITH_AES_128_CBC_SHA256, TLS_ECDHE_ECDSA_WITH_AES_256_CBC_SHA, TLS_ECDHE_RSA_WITH_AES_256_CBC_SHA, TLS_ECDHE_ECDSA_WITH_AES_128_CBC_SHA, TLS_ECDHE_RSA_WITH_AES_128_CBC_SHA, TLS_DHE_RSA_WITH_AES_256_CBC_SHA, TLS_DHE_DSS_WITH_AES_256_CBC_SHA, TLS_DHE_RSA_WITH_AES_128_CBC_SHA, TLS_DHE_DSS_WITH_AES_128_CBC_SHA, TLS_ECDH_ECDSA_WITH_AES_256_CBC_SHA, TLS_ECDH_RSA_WITH_AES_256_CBC_SHA, TLS_ECDH_ECDSA_WITH_AES_128_CBC_SHA, TLS_ECDH_RSA_WITH_AES_128_CBC_SHA, TLS_RSA_WITH_AES_256_GCM_SHA384, TLS_RSA_WITH_AES_128_GCM_SHA256, TLS_RSA_WITH_AES_256_CBC_SHA256, TLS_RSA_WITH_AES_128_CBC_SHA256, TLS_RSA_WITH_AES_256_CBC_SHA, TLS_RSA_WITH_AES_128_CBC_SHA, TLS_EMPTY_RENEGOTIATION_INFO_SCSV]
09:48:04.372 [pool-2-thread-1] DEBUG o.a.h.c.h.s.SSLConnectionSocketFactory - Starting handshake
09:48:05.211 [pool-2-thread-1] DEBUG o.a.h.c.h.s.SSLConnectionSocketFactory - Secure session established
09:48:05.211 [pool-2-thread-1] DEBUG o.a.h.c.h.s.SSLConnectionSocketFactory -  negotiated protocol: TLSv1.3
09:48:05.211 [pool-2-thread-1] DEBUG o.a.h.c.h.s.SSLConnectionSocketFactory -  negotiated cipher suite: TLS_AES_256_GCM_SHA384
09:48:05.212 [pool-2-thread-1] DEBUG o.a.h.c.h.s.SSLConnectionSocketFactory -  peer principal: CN=www.github.com, O="GitHub, Inc.", L=San Francisco, ST=California, C=US
09:48:05.212 [pool-2-thread-1] DEBUG o.a.h.c.h.s.SSLConnectionSocketFactory -  peer alternative names: [www.github.com, *.github.com, github.com, *.github.io, github.io, *.githubusercontent.com, githubusercontent.com]
09:48:05.212 [pool-2-thread-1] DEBUG o.a.h.c.h.s.SSLConnectionSocketFactory -  issuer principal: CN=DigiCert SHA2 High Assurance Server CA, OU=www.digicert.com, O=DigiCert Inc, C=US
09:48:05.212 [pool-2-thread-1] DEBUG o.a.h.c.h.i.i.DefaultHttpClientConnectionOperator - http-outgoing-0: connection established 192.168.1.7:54122<->185.199.108.133:443
09:48:05.212 [pool-2-thread-1] DEBUG o.a.h.c.h.i.i.PoolingHttpClientConnectionManager - ep-00000000: connected http-outgoing-0
09:48:05.212 [pool-2-thread-1] DEBUG o.a.h.c.h.i.c.InternalHttpClient - ep-00000000: endpoint connected
09:48:05.214 [pool-2-thread-1] DEBUG o.a.h.c.h.i.classic.MainClientExec - ex-00000001: executing GET /bonigarcia/webdrivermanager/master/src/main/resources/commands.properties HTTP/1.1
09:48:05.214 [pool-2-thread-1] DEBUG o.a.h.c.h.i.c.InternalHttpClient - ep-00000000: start execution ex-00000001
09:48:05.214 [pool-2-thread-1] DEBUG o.a.h.c.h.i.i.PoolingHttpClientConnectionManager - ep-00000000: executing exchange ex-00000001 over http-outgoing-0
09:48:05.214 [pool-2-thread-1] DEBUG org.apache.hc.client5.http.headers - http-outgoing-0 >> GET /bonigarcia/webdrivermanager/master/src/main/resources/commands.properties HTTP/1.1
09:48:05.214 [pool-2-thread-1] DEBUG org.apache.hc.client5.http.headers - http-outgoing-0 >> user-agent: Apache-HttpClient/5.0
09:48:05.214 [pool-2-thread-1] DEBUG org.apache.hc.client5.http.headers - http-outgoing-0 >> accept-encoding: gzip, deflate, br
09:48:05.214 [pool-2-thread-1] DEBUG org.apache.hc.client5.http.headers - http-outgoing-0 >> cache-control: max-age=0
09:48:05.214 [pool-2-thread-1] DEBUG org.apache.hc.client5.http.headers - http-outgoing-0 >> connection: keep-alive
09:48:05.214 [pool-2-thread-1] DEBUG org.apache.hc.client5.http.headers - http-outgoing-0 >> Host: raw.githubusercontent.com
09:48:05.214 [pool-2-thread-1] DEBUG org.apache.hc.client5.http.wire - http-outgoing-0 >> "GET /bonigarcia/webdrivermanager/master/src/main/resources/commands.properties HTTP/1.1[\r][\n]"
09:48:05.214 [pool-2-thread-1] DEBUG org.apache.hc.client5.http.wire - http-outgoing-0 >> "user-agent: Apache-HttpClient/5.0[\r][\n]"
09:48:05.214 [pool-2-thread-1] DEBUG org.apache.hc.client5.http.wire - http-outgoing-0 >> "accept-encoding: gzip, deflate, br[\r][\n]"
09:48:05.214 [pool-2-thread-1] DEBUG org.apache.hc.client5.http.wire - http-outgoing-0 >> "cache-control: max-age=0[\r][\n]"
09:48:05.214 [pool-2-thread-1] DEBUG org.apache.hc.client5.http.wire - http-outgoing-0 >> "connection: keep-alive[\r][\n]"
09:48:05.214 [pool-2-thread-1] DEBUG org.apache.hc.client5.http.wire - http-outgoing-0 >> "Host: raw.githubusercontent.com[\r][\n]"
09:48:05.214 [pool-2-thread-1] DEBUG org.apache.hc.client5.http.wire - http-outgoing-0 >> "[\r][\n]"
09:48:05.524 [pool-2-thread-1] DEBUG org.apache.hc.client5.http.wire - http-outgoing-0 << "HTTP/1.1 200 OK[\r][\n]"
09:48:05.524 [pool-2-thread-1] DEBUG org.apache.hc.client5.http.wire - http-outgoing-0 << "Connection: keep-alive[\r][\n]"
09:48:05.524 [pool-2-thread-1] DEBUG org.apache.hc.client5.http.wire - http-outgoing-0 << "Content-Length: 728[\r][\n]"
09:48:05.524 [pool-2-thread-1] DEBUG org.apache.hc.client5.http.wire - http-outgoing-0 << "Cache-Control: max-age=300[\r][\n]"
09:48:05.524 [pool-2-thread-1] DEBUG org.apache.hc.client5.http.wire - http-outgoing-0 << "Content-Security-Policy: default-src 'none'; style-src 'unsafe-inline'; sandbox[\r][\n]"
09:48:05.524 [pool-2-thread-1] DEBUG org.apache.hc.client5.http.wire - http-outgoing-0 << "Content-Type: text/plain; charset=utf-8[\r][\n]"
09:48:05.524 [pool-2-thread-1] DEBUG org.apache.hc.client5.http.wire - http-outgoing-0 << "ETag: W/"f670816d6bfbef80584dadbb549bb9c4ccd5de869d5b63cc2a694a74613014b5"[\r][\n]"
09:48:05.524 [pool-2-thread-1] DEBUG org.apache.hc.client5.http.wire - http-outgoing-0 << "Strict-Transport-Security: max-age=31536000[\r][\n]"
09:48:05.524 [pool-2-thread-1] DEBUG org.apache.hc.client5.http.wire - http-outgoing-0 << "X-Content-Type-Options: nosniff[\r][\n]"
09:48:05.524 [pool-2-thread-1] DEBUG org.apache.hc.client5.http.wire - http-outgoing-0 << "X-Frame-Options: deny[\r][\n]"
09:48:05.525 [pool-2-thread-1] DEBUG org.apache.hc.client5.http.wire - http-outgoing-0 << "X-XSS-Protection: 1; mode=block[\r][\n]"
09:48:05.525 [pool-2-thread-1] DEBUG org.apache.hc.client5.http.wire - http-outgoing-0 << "X-GitHub-Request-Id: 28D0:7DB3:7EB06:C5E76:6138CD24[\r][\n]"
09:48:05.525 [pool-2-thread-1] DEBUG org.apache.hc.client5.http.wire - http-outgoing-0 << "Content-Encoding: gzip[\r][\n]"
09:48:05.525 [pool-2-thread-1] DEBUG org.apache.hc.client5.http.wire - http-outgoing-0 << "Accept-Ranges: bytes[\r][\n]"
09:48:05.525 [pool-2-thread-1] DEBUG org.apache.hc.client5.http.wire - http-outgoing-0 << "Date: Wed, 08 Sep 2021 14:48:04 GMT[\r][\n]"
09:48:05.525 [pool-2-thread-1] DEBUG org.apache.hc.client5.http.wire - http-outgoing-0 << "Via: 1.1 varnish[\r][\n]"
09:48:05.525 [pool-2-thread-1] DEBUG org.apache.hc.client5.http.wire - http-outgoing-0 << "X-Served-By: cache-lim12120-LIM[\r][\n]"
09:48:05.525 [pool-2-thread-1] DEBUG org.apache.hc.client5.http.wire - http-outgoing-0 << "X-Cache: MISS[\r][\n]"
09:48:05.525 [pool-2-thread-1] DEBUG org.apache.hc.client5.http.wire - http-outgoing-0 << "X-Cache-Hits: 0[\r][\n]"
09:48:05.525 [pool-2-thread-1] DEBUG org.apache.hc.client5.http.wire - http-outgoing-0 << "X-Timer: S1631112484.009125,VS0,VE215[\r][\n]"
09:48:05.525 [pool-2-thread-1] DEBUG org.apache.hc.client5.http.wire - http-outgoing-0 << "Vary: Authorization,Accept-Encoding[\r][\n]"
09:48:05.525 [pool-2-thread-1] DEBUG org.apache.hc.client5.http.wire - http-outgoing-0 << "Access-Control-Allow-Origin: *[\r][\n]"
09:48:05.525 [pool-2-thread-1] DEBUG org.apache.hc.client5.http.wire - http-outgoing-0 << "X-Fastly-Request-ID: a682572a71a1375513ad213fff7610dce4d5f929[\r][\n]"
09:48:05.525 [pool-2-thread-1] DEBUG org.apache.hc.client5.http.wire - http-outgoing-0 << "Expires: Wed, 08 Sep 2021 14:53:04 GMT[\r][\n]"
09:48:05.525 [pool-2-thread-1] DEBUG org.apache.hc.client5.http.wire - http-outgoing-0 << "Source-Age: 0[\r][\n]"
09:48:05.525 [pool-2-thread-1] DEBUG org.apache.hc.client5.http.wire - http-outgoing-0 << "[\r][\n]"
09:48:05.531 [pool-2-thread-1] DEBUG org.apache.hc.client5.http.headers - http-outgoing-0 << HTTP/1.1 200 OK
09:48:05.531 [pool-2-thread-1] DEBUG org.apache.hc.client5.http.headers - http-outgoing-0 << Connection: keep-alive
09:48:05.531 [pool-2-thread-1] DEBUG org.apache.hc.client5.http.headers - http-outgoing-0 << Content-Length: 728
09:48:05.531 [pool-2-thread-1] DEBUG org.apache.hc.client5.http.headers - http-outgoing-0 << Cache-Control: max-age=300
09:48:05.531 [pool-2-thread-1] DEBUG org.apache.hc.client5.http.headers - http-outgoing-0 << Content-Security-Policy: default-src 'none'; style-src 'unsafe-inline'; sandbox
09:48:05.531 [pool-2-thread-1] DEBUG org.apache.hc.client5.http.headers - http-outgoing-0 << Content-Type: text/plain; charset=utf-8
09:48:05.531 [pool-2-thread-1] DEBUG org.apache.hc.client5.http.headers - http-outgoing-0 << ETag: W/"f670816d6bfbef80584dadbb549bb9c4ccd5de869d5b63cc2a694a74613014b5"
09:48:05.531 [pool-2-thread-1] DEBUG org.apache.hc.client5.http.headers - http-outgoing-0 << Strict-Transport-Security: max-age=31536000
09:48:05.532 [pool-2-thread-1] DEBUG org.apache.hc.client5.http.headers - http-outgoing-0 << X-Content-Type-Options: nosniff
09:48:05.532 [pool-2-thread-1] DEBUG org.apache.hc.client5.http.headers - http-outgoing-0 << X-Frame-Options: deny
09:48:05.532 [pool-2-thread-1] DEBUG org.apache.hc.client5.http.headers - http-outgoing-0 << X-XSS-Protection: 1; mode=block
09:48:05.532 [pool-2-thread-1] DEBUG org.apache.hc.client5.http.headers - http-outgoing-0 << X-GitHub-Request-Id: 28D0:7DB3:7EB06:C5E76:6138CD24
09:48:05.532 [pool-2-thread-1] DEBUG org.apache.hc.client5.http.headers - http-outgoing-0 << Content-Encoding: gzip
09:48:05.532 [pool-2-thread-1] DEBUG org.apache.hc.client5.http.headers - http-outgoing-0 << Accept-Ranges: bytes
09:48:05.532 [pool-2-thread-1] DEBUG org.apache.hc.client5.http.headers - http-outgoing-0 << Date: Wed, 08 Sep 2021 14:48:04 GMT
09:48:05.532 [pool-2-thread-1] DEBUG org.apache.hc.client5.http.headers - http-outgoing-0 << Via: 1.1 varnish
09:48:05.532 [pool-2-thread-1] DEBUG org.apache.hc.client5.http.headers - http-outgoing-0 << X-Served-By: cache-lim12120-LIM
09:48:05.532 [pool-2-thread-1] DEBUG org.apache.hc.client5.http.headers - http-outgoing-0 << X-Cache: MISS
09:48:05.532 [pool-2-thread-1] DEBUG org.apache.hc.client5.http.headers - http-outgoing-0 << X-Cache-Hits: 0
09:48:05.532 [pool-2-thread-1] DEBUG org.apache.hc.client5.http.headers - http-outgoing-0 << X-Timer: S1631112484.009125,VS0,VE215
09:48:05.532 [pool-2-thread-1] DEBUG org.apache.hc.client5.http.headers - http-outgoing-0 << Vary: Authorization,Accept-Encoding
09:48:05.532 [pool-2-thread-1] DEBUG org.apache.hc.client5.http.headers - http-outgoing-0 << Access-Control-Allow-Origin: *
09:48:05.532 [pool-2-thread-1] DEBUG org.apache.hc.client5.http.headers - http-outgoing-0 << X-Fastly-Request-ID: a682572a71a1375513ad213fff7610dce4d5f929
09:48:05.532 [pool-2-thread-1] DEBUG org.apache.hc.client5.http.headers - http-outgoing-0 << Expires: Wed, 08 Sep 2021 14:53:04 GMT
09:48:05.532 [pool-2-thread-1] DEBUG org.apache.hc.client5.http.headers - http-outgoing-0 << Source-Age: 0
09:48:05.538 [pool-2-thread-1] DEBUG o.a.h.c.h.i.classic.MainClientExec - ex-00000001: connection can be kept alive for 3 MINUTES
09:48:05.548 [pool-2-thread-1] DEBUG org.apache.hc.client5.http.wire - http-outgoing-0 << "[0x1f][0xffffff8b][0x8][0x0][0x0][0x0][0x0][0x0][0x0][0x3][0xffffffb5]V]o[0xffffffda]0[0x14]}[0xffffffe7]W\[0xffffff81]*[0xffffffb5][0x12][0x1f][[M[0xffffffd3]$[0x1e]hF[0xffffffbb]i [0x18][0xffffffb4][0xffffffdd]&[0xfffffff9][0xffffffc5]Mn[0xffffff82][0xffffffa5]$Fv([0xffffffed]~[0xfffffffd]l[0xffffffe7]c$u[0x6]k[0xffffffe8][l_[0xffffff9f]s|[0xffffffef]q|;[0xffffffe0][0xfffffff0]([0xffffffa2][0xffffffb1]'[0xffffffc1][0xffffffa3][0x9]}[0xffffffa0][0x12][[0x1d][0xffffffb8]]1[0x9]>[0xb][0x11]\[0x1e]'[0xffffff94][0xffffffc5][0x12][0xffffff92][0xffffff95][0x1e]d[0xffffffa1][0x9][0xffffff87][0x7][0x4]|Bw[0xffffff93][0xffffffa0][0x7],6[0xffffffcb]r[0xffffff85]a[0xffffffa8][0x7]\x(t[0xffffff90][0xffffff87][0x9][0xffffffba][0xffffff89]Y|D![0x19]Wk>[0xffffffa0][0xfffffffa][0xe][0x4]b[0xc][0xf][0xffffff82]o[0xffffffa5]ZP[0xffffff94][0xffffffa7][0xffffffce]J[0xfffffff0][0x8][0xffffffbb]p[0xffffffcd][0x4][0xfffffffa][0xfffffffc][0xffffffa9][0xb][0xffffffb3]5[\n]"
09:48:05.549 [pool-2-thread-1] DEBUG org.apache.hc.client5.http.wire - http-outgoing-0 << "[0xffffffda][0xffffff85][0xffffffb1][0x17][0xffffffa8]Y[0xffffffb3][0xffffffca]6[0xffffffd1][0xffffff99][0xffffffc6][0xfffffff7][0xffffff98][0xffffffef][0xffffffa3][0xffffffc0]8[0x1][0xffffffae]c[0x12][0x16][0x7] [0xffffff9f]e[0xffffff82][0xffffff91][0xffffff84][0xffffffd3][0x1f],[0xfffffff6][0x14]j[0x17]&,[0xffffffde]([0xffffff98])ua[0xffffffb6]<k)[0xffffff8e][0xffffff94][0xffffffa2][0xffffff95][0x1d][0xffffffa3][0xffffffef][0xffffff9a]a[0x7f][0xffffff9b]n[0xffffffe8][0xffffffbf]{?t#[0xffffffaf][0xffffffaf]N[0x5][0x3][0x7][0xffffffb6][0x11]sMJL[0x1a][0xffffffb6]+[0xffffffc5][0x7]1[0xffffff8d]p[0xffffffd8]>[0xffffff99]/f7[0xffffff8b][0xffffffd1][0xfffffff4][0xfffffffa][0xffffffeb]d[0xffffffbc]<[0xfffffffd][0xfffffff9][0xfffffff1][0xffffffc3][0xffffffd9]'2$[0xffffffe4][0xffffff84][0xffffff90][0x1b][0xffffffce][0xffffff83][0x10][0x9]Iy[0x8][0x19][0xffffffad][0xffffffd7]!s[0xffffff95]>[0x1e][0x13][0xffffff92][0xffffffb1])[0xfffffff8]6[0x4][0xffffff98][0xffffffc0]}[0xffffff96][0xffffff90][0xffffffc1]#[\r]7[0xfffffff5][0xffffffa2][0xffffffce][0xf][0x14]5[0xffffff99]9[0xffffffa3][0xffffffc9]h>[0xffffffff]<[0xffffffba][0x1d][0xffffffbd][0xffffffa5][0xffffff9e][0xffffff8b]W$[0xffffffe9]-[0xfffffff5]\[0xe][0x17][0xffffffe3][0x1b][0xfffffff8]~7^[0xfffffffc][0xffffff82]/[0xffffffdf][0xffffff9c];[0xffffffb2][0xffffffe4]~[0xffffffb2][0xffffffa5][0x2]s[0xffffffb6][0xffffff8c][0xffffffec]jr[0xffffff85][0xffffffd4]5x[0xffffffb9][0x17][U[0xffffffd0]P;F[0xfffffffb] 0[{[0xffffffe9]4[0xfffffff4]zu[0x1b]"[0xffffffea][0xffffffea][0xfffffff0][0xffffffc1][0xffffffce]A[0xffffffe4] [0xffffffe5][0xffffffcd][0xffffffcc][0xffffffd6][0xffffffa7][0xffffffeb][0xfffffff5][0xffffffc0]Q[0xffffff97]H[0xffffffb9]U[0xe][0xffffff94][0x17]g[0xffffffcb]r[0xffffffc0].[0xffffffba][0xffffffb2]h[0xffffffe6][0xfffffffe][0xffffff82][0xffffffc8]O[0xffffffc7][0xffffffcd]L[0xffffff9a][0xffffffe7][0x7f][0xffffffca][0x7f][0xffffffb3]0[0xffffffa4]9[0x9]!9[0xfffffffa][0xffffffbe][0xffffffa4][0xffffffbf]Pq[0xffffffa8]+k[0xffffffaf][0xffffffca][0xfffffff1][0xffffffa4]\[0xffffffec][0x18][0xffffffa0]]v@FR%kk[0xf]8[0x1b][0xffffffa1][0xffffffff] [0xfffffff7][0xffffffd5][0xffffffca][0xffffffe6][0xfffffff8][0xffffff85][0x17][0xffffffb2][0x9][0xffffffe8]=[0xffffffbe][0xc][0xffffffb2][0xffffffd6]?c[0xffffffb1]U~[0x17]K[0x15][[0xffffffff][0xffffffda][\n]"
09:48:05.549 [pool-2-thread-1] DEBUG org.apache.hc.client5.http.wire - http-outgoing-0 << "LT[0xffffff83]#[0xfffffffe][0xffffff8b][0xffffffa6][0xffffffcc][0x15]\[0xffffffaa]L[0x10][0xffffffa2]i*[0xffffff97]-[0xffffff92][0xffffff86]n_[0xffffffb2][0xffffffcb][0xffffff9a]^S[0xfffffff4]7[0xffffff94]sQ{[0xfffffff3][0xffffffff][0xffffff92][0x19][0xffffffae][0x7f]^}[0xffffff83]Y[0x14];[0xffffffca]w[0xfffffff6][0xfffffff4][0xffffffbc][0xffffffed][0xffffffe6][0xffffff9b]xk[0xffffffdd][0xb]VSW[[0xfffffff9][0xffffffcb][0x11]P[0xffffffba][0xfffffff8][0xffffffe6][0xffffffb5]+X[0xffffffcc][0xffffffbb][0xfffffff6][0xffffffff]n[0xffffffb0]=[0x2]s[0xffffffc1][0x3]A#I[0xffffff88][0xffffffa1] $[0xffffffa4][0xffffff9b][0xffffffd8]U[0xffffffbb][0xfffffff6][0xffffffa6][0xffffffbb]"[0xffffffa2]I[0xfffffff9][0xffffff8f]&[0xffffffe2][0xffffffd0][0xffffffe7][0xffffffc7][0xffffff96][0xffffff89][0xffffff86][0xffffffd4][0xffffff97][\r][0xffffffce][0x7f](u[0xffffff85][0xffffffbb][0xfffffff0][0xffffffa5][0x19][0xffffffda][0xffffffec][0xffffff98][0xffffffc6]Y[0xfffffffd]h8m6[0xffffff9c]U[0xffffffc1][0xfffffff2][0xffffffd6]H[0xfffffff5]W[0xffffffe5][0x17]NM[0x1c][0xffffffc7][0xffffff84]9|[0xffffff83]7[0xffffffbf][0xffffffa4][0xffffffa5][0xfffffff1][0xfffffffb]slAM[0xffffffda][0xffffffa2]ck[0xffffffa9]o[0xffffff89][\n]"
09:48:05.549 [pool-2-thread-1] DEBUG org.apache.hc.client5.http.wire - http-outgoing-0 << "[0xffffffa6][0xfffffffd][0xffffffdd][0xffffff90]F,[0xffffffec][0xffffff97][0xffffffcf][0xfffffff4][0xffffffb2][0xffffff86]}[0xffffffc7]<u[0xffffff9b][0xffffffce][0xffffff8b]M[0xffffffb5][0xfffffffd][0xffffff93][0xffffff8e][0xffffffb6]:7[0xffffff97]i3[0xffffffaf]cA[0xffffffed][0xffffffc0][0xffffff92][0xfffffffa]T[0xffffffb0][0x2]^[0xffffff9a][0xffffffa1][0x1d]<[\r][0xffffffb5]A[0xffffffa7]+;[0xffffffc0][0x7f][0x0][0xffffffb2]$|[0xffffff88][0x1d][\r][0x0][0x0]"
09:48:05.552 [pool-2-thread-1] DEBUG o.a.h.c.h.i.c.InternalHttpClient - ep-00000000: releasing valid endpoint
09:48:05.552 [pool-2-thread-1] DEBUG o.a.h.c.h.i.i.PoolingHttpClientConnectionManager - ep-00000000: releasing endpoint
09:48:05.553 [pool-2-thread-1] DEBUG o.a.h.c.h.i.i.PoolingHttpClientConnectionManager - ep-00000000: connection http-outgoing-0 can be kept alive for 3 MINUTES
09:48:05.554 [pool-2-thread-1] DEBUG o.a.h.c.h.i.i.PoolingHttpClientConnectionManager - ep-00000000: connection released [route: {s}->https://raw.githubusercontent.com:443][total available: 1; route allocated: 1 of 5; total allocated: 1 of 25]
09:48:05.554 [pool-2-thread-1] DEBUG i.g.b.wdm.versions.VersionDetector - Detecting chrome version using online commands.properties
09:48:05.559 [pool-2-thread-1] DEBUG i.g.bonigarcia.wdm.versions.Shell - Running command on the shell: [cmd.exe, /C, wmic, datafile, where, name="%PROGRAMFILES(X86):\=\\%\\Google\\Chrome\\Application\\chrome.exe", get, Version, /value]
09:48:05.788 [pool-2-thread-1] DEBUG i.g.bonigarcia.wdm.versions.Shell - Result: 
09:48:05.788 [pool-2-thread-1] DEBUG i.g.bonigarcia.wdm.versions.Shell - Running command on the shell: [cmd.exe, /C, wmic, datafile, where, name="%LOCALAPPDATA:\=\\%\\Google\\Chrome\\Application\\chrome.exe", get, Version, /value]
09:48:05.991 [pool-2-thread-1] DEBUG i.g.bonigarcia.wdm.versions.Shell - Result: 
09:48:05.992 [pool-2-thread-1] DEBUG i.g.bonigarcia.wdm.versions.Shell - Running command on the shell: [cmd.exe, /C, wmic, datafile, where, name="%PROGRAMFILES:\=\\%\\Google\\Chrome\\Application\\chrome.exe", get, Version, /value]
09:48:06.210 [pool-2-thread-1] DEBUG i.g.bonigarcia.wdm.versions.Shell - Result: Version=93.0.4577.63
09:48:06.213 [pool-2-thread-1] DEBUG i.g.b.wdm.cache.ResolutionCache - Removing resolution chrome93=93.0.4577.15 from cache (expired on Wed Sep 08 09:45:02 PET 2021)
09:48:06.215 [pool-2-thread-1] DEBUG o.a.h.c.h.i.c.InternalHttpClient - ex-00000002: preparing request execution
09:48:06.215 [pool-2-thread-1] DEBUG o.a.h.c.h.protocol.RequestAddCookies - Cookie spec selected: strict
09:48:06.215 [pool-2-thread-1] DEBUG o.a.h.c.h.protocol.RequestAuthCache - Auth cache not set in the context
09:48:06.215 [pool-2-thread-1] DEBUG o.a.h.c.h.impl.classic.ProtocolExec - ex-00000002: target auth state: UNCHALLENGED
09:48:06.215 [pool-2-thread-1] DEBUG o.a.h.c.h.impl.classic.ProtocolExec - ex-00000002: proxy auth state: UNCHALLENGED
09:48:06.215 [pool-2-thread-1] DEBUG o.a.h.c.h.impl.classic.ConnectExec - ex-00000002: acquiring connection with route {s}->https://chromedriver.storage.googleapis.com:443
09:48:06.215 [pool-2-thread-1] DEBUG o.a.h.c.h.i.c.InternalHttpClient - ex-00000002: acquiring endpoint (3 MINUTES)
09:48:06.216 [pool-2-thread-1] DEBUG o.a.h.c.h.i.i.PoolingHttpClientConnectionManager - ex-00000002: endpoint lease request (3 MINUTES) [route: {s}->https://chromedriver.storage.googleapis.com:443][total available: 1; route allocated: 0 of 5; total allocated: 1 of 25]
09:48:06.216 [pool-2-thread-1] DEBUG o.a.h.c.h.i.i.PoolingHttpClientConnectionManager - ex-00000002: endpoint leased [route: {s}->https://chromedriver.storage.googleapis.com:443][total available: 1; route allocated: 1 of 5; total allocated: 2 of 25]
09:48:06.216 [pool-2-thread-1] DEBUG o.a.h.c.h.i.i.PoolingHttpClientConnectionManager - ex-00000002: acquired ep-00000001
09:48:06.216 [pool-2-thread-1] DEBUG o.a.h.c.h.i.c.InternalHttpClient - ex-00000002: acquired endpoint ep-00000001
09:48:06.216 [pool-2-thread-1] DEBUG o.a.h.c.h.impl.classic.ConnectExec - ex-00000002: opening connection {s}->https://chromedriver.storage.googleapis.com:443
09:48:06.216 [pool-2-thread-1] DEBUG o.a.h.c.h.i.c.InternalHttpClient - ep-00000001: connecting endpoint (30 SECONDS)
09:48:06.216 [pool-2-thread-1] DEBUG o.a.h.c.h.i.i.PoolingHttpClientConnectionManager - ep-00000001: connecting endpoint to https://chromedriver.storage.googleapis.com:443 (30 SECONDS)
09:48:06.554 [pool-2-thread-1] DEBUG o.a.h.c.h.i.i.DefaultHttpClientConnectionOperator - http-outgoing-1: connecting to chromedriver.storage.googleapis.com/172.217.192.128:443
09:48:06.554 [pool-2-thread-1] DEBUG o.a.h.c.h.s.SSLConnectionSocketFactory - Connecting socket to chromedriver.storage.googleapis.com/172.217.192.128:443 with timeout 30 SECONDS
09:48:06.878 [pool-2-thread-1] DEBUG o.a.h.c.h.s.SSLConnectionSocketFactory - Enabled protocols: [TLSv1.3, TLSv1.2]
09:48:06.878 [pool-2-thread-1] DEBUG o.a.h.c.h.s.SSLConnectionSocketFactory - Enabled cipher suites: [TLS_AES_256_GCM_SHA384, TLS_AES_128_GCM_SHA256, TLS_CHACHA20_POLY1305_SHA256, TLS_ECDHE_ECDSA_WITH_AES_256_GCM_SHA384, TLS_ECDHE_ECDSA_WITH_AES_128_GCM_SHA256, TLS_ECDHE_ECDSA_WITH_CHACHA20_POLY1305_SHA256, TLS_ECDHE_RSA_WITH_AES_256_GCM_SHA384, TLS_ECDHE_RSA_WITH_CHACHA20_POLY1305_SHA256, TLS_ECDHE_RSA_WITH_AES_128_GCM_SHA256, TLS_DHE_RSA_WITH_AES_256_GCM_SHA384, TLS_DHE_RSA_WITH_CHACHA20_POLY1305_SHA256, TLS_DHE_DSS_WITH_AES_256_GCM_SHA384, TLS_DHE_RSA_WITH_AES_128_GCM_SHA256, TLS_DHE_DSS_WITH_AES_128_GCM_SHA256, TLS_ECDHE_ECDSA_WITH_AES_256_CBC_SHA384, TLS_ECDHE_RSA_WITH_AES_256_CBC_SHA384, TLS_ECDHE_ECDSA_WITH_AES_128_CBC_SHA256, TLS_ECDHE_RSA_WITH_AES_128_CBC_SHA256, TLS_DHE_RSA_WITH_AES_256_CBC_SHA256, TLS_DHE_DSS_WITH_AES_256_CBC_SHA256, TLS_DHE_RSA_WITH_AES_128_CBC_SHA256, TLS_DHE_DSS_WITH_AES_128_CBC_SHA256, TLS_ECDH_ECDSA_WITH_AES_256_GCM_SHA384, TLS_ECDH_RSA_WITH_AES_256_GCM_SHA384, TLS_ECDH_ECDSA_WITH_AES_128_GCM_SHA256, TLS_ECDH_RSA_WITH_AES_128_GCM_SHA256, TLS_ECDH_ECDSA_WITH_AES_256_CBC_SHA384, TLS_ECDH_RSA_WITH_AES_256_CBC_SHA384, TLS_ECDH_ECDSA_WITH_AES_128_CBC_SHA256, TLS_ECDH_RSA_WITH_AES_128_CBC_SHA256, TLS_ECDHE_ECDSA_WITH_AES_256_CBC_SHA, TLS_ECDHE_RSA_WITH_AES_256_CBC_SHA, TLS_ECDHE_ECDSA_WITH_AES_128_CBC_SHA, TLS_ECDHE_RSA_WITH_AES_128_CBC_SHA, TLS_DHE_RSA_WITH_AES_256_CBC_SHA, TLS_DHE_DSS_WITH_AES_256_CBC_SHA, TLS_DHE_RSA_WITH_AES_128_CBC_SHA, TLS_DHE_DSS_WITH_AES_128_CBC_SHA, TLS_ECDH_ECDSA_WITH_AES_256_CBC_SHA, TLS_ECDH_RSA_WITH_AES_256_CBC_SHA, TLS_ECDH_ECDSA_WITH_AES_128_CBC_SHA, TLS_ECDH_RSA_WITH_AES_128_CBC_SHA, TLS_RSA_WITH_AES_256_GCM_SHA384, TLS_RSA_WITH_AES_128_GCM_SHA256, TLS_RSA_WITH_AES_256_CBC_SHA256, TLS_RSA_WITH_AES_128_CBC_SHA256, TLS_RSA_WITH_AES_256_CBC_SHA, TLS_RSA_WITH_AES_128_CBC_SHA, TLS_EMPTY_RENEGOTIATION_INFO_SCSV]
09:48:06.878 [pool-2-thread-1] DEBUG o.a.h.c.h.s.SSLConnectionSocketFactory - Starting handshake
09:48:07.258 [pool-2-thread-1] DEBUG o.a.h.c.h.s.SSLConnectionSocketFactory - Secure session established
09:48:07.258 [pool-2-thread-1] DEBUG o.a.h.c.h.s.SSLConnectionSocketFactory -  negotiated protocol: TLSv1.3
09:48:07.258 [pool-2-thread-1] DEBUG o.a.h.c.h.s.SSLConnectionSocketFactory -  negotiated cipher suite: TLS_AES_256_GCM_SHA384
09:48:07.258 [pool-2-thread-1] DEBUG o.a.h.c.h.s.SSLConnectionSocketFactory -  peer principal: CN=*.storage.googleapis.com, O=Google LLC, L=Mountain View, ST=California, C=US
09:48:07.258 [pool-2-thread-1] DEBUG o.a.h.c.h.s.SSLConnectionSocketFactory -  peer alternative names: [*.storage.googleapis.com, *.googleapis.com, commondatastorage.googleapis.com, *.commondatastorage.googleapis.com, storage.googleapis.com, storage.mtls.googleapis.com, *.appspot.com.storage.googleapis.com, *.content-storage.googleapis.com, *.content-storage-p2.googleapis.com, *.content-storage-upload.googleapis.com, *.content-storage-download.googleapis.com, *.storage-upload.googleapis.com, *.storage-download.googleapis.com]
09:48:07.258 [pool-2-thread-1] DEBUG o.a.h.c.h.s.SSLConnectionSocketFactory -  issuer principal: CN=GTS CA 1O1, O=Google Trust Services, C=US
09:48:07.259 [pool-2-thread-1] DEBUG o.a.h.c.h.i.i.DefaultHttpClientConnectionOperator - http-outgoing-1: connection established 192.168.1.7:50390<->172.217.192.128:443
09:48:07.259 [pool-2-thread-1] DEBUG o.a.h.c.h.i.i.PoolingHttpClientConnectionManager - ep-00000001: connected http-outgoing-1
09:48:07.259 [pool-2-thread-1] DEBUG o.a.h.c.h.i.c.InternalHttpClient - ep-00000001: endpoint connected
09:48:07.259 [pool-2-thread-1] DEBUG o.a.h.c.h.i.classic.MainClientExec - ex-00000002: executing GET /LATEST_RELEASE_93 HTTP/1.1
09:48:07.259 [pool-2-thread-1] DEBUG o.a.h.c.h.i.c.InternalHttpClient - ep-00000001: start execution ex-00000002
09:48:07.259 [pool-2-thread-1] DEBUG o.a.h.c.h.i.i.PoolingHttpClientConnectionManager - ep-00000001: executing exchange ex-00000002 over http-outgoing-1
09:48:07.260 [pool-2-thread-1] DEBUG org.apache.hc.client5.http.headers - http-outgoing-1 >> GET /LATEST_RELEASE_93 HTTP/1.1
09:48:07.260 [pool-2-thread-1] DEBUG org.apache.hc.client5.http.headers - http-outgoing-1 >> user-agent: Apache-HttpClient/5.0
09:48:07.260 [pool-2-thread-1] DEBUG org.apache.hc.client5.http.headers - http-outgoing-1 >> accept-encoding: gzip, deflate, br
09:48:07.260 [pool-2-thread-1] DEBUG org.apache.hc.client5.http.headers - http-outgoing-1 >> cache-control: max-age=0
09:48:07.260 [pool-2-thread-1] DEBUG org.apache.hc.client5.http.headers - http-outgoing-1 >> connection: keep-alive
09:48:07.260 [pool-2-thread-1] DEBUG org.apache.hc.client5.http.headers - http-outgoing-1 >> Host: chromedriver.storage.googleapis.com
09:48:07.260 [pool-2-thread-1] DEBUG org.apache.hc.client5.http.wire - http-outgoing-1 >> "GET /LATEST_RELEASE_93 HTTP/1.1[\r][\n]"
09:48:07.260 [pool-2-thread-1] DEBUG org.apache.hc.client5.http.wire - http-outgoing-1 >> "user-agent: Apache-HttpClient/5.0[\r][\n]"
09:48:07.260 [pool-2-thread-1] DEBUG org.apache.hc.client5.http.wire - http-outgoing-1 >> "accept-encoding: gzip, deflate, br[\r][\n]"
09:48:07.260 [pool-2-thread-1] DEBUG org.apache.hc.client5.http.wire - http-outgoing-1 >> "cache-control: max-age=0[\r][\n]"
09:48:07.260 [pool-2-thread-1] DEBUG org.apache.hc.client5.http.wire - http-outgoing-1 >> "connection: keep-alive[\r][\n]"
09:48:07.261 [pool-2-thread-1] DEBUG org.apache.hc.client5.http.wire - http-outgoing-1 >> "Host: chromedriver.storage.googleapis.com[\r][\n]"
09:48:07.261 [pool-2-thread-1] DEBUG org.apache.hc.client5.http.wire - http-outgoing-1 >> "[\r][\n]"
09:48:07.619 [pool-2-thread-1] DEBUG org.apache.hc.client5.http.wire - http-outgoing-1 << "HTTP/1.1 200 OK[\r][\n]"
09:48:07.619 [pool-2-thread-1] DEBUG org.apache.hc.client5.http.wire - http-outgoing-1 << "X-GUploader-UploadID: ADPycds4FPA8E0mMTNGgcWa5134Uq3xPR0Sw7n-7y-UDsolShYJJ_U007-FenHF7Eb5SZf9xQD4Qqf5whf7z2aminqo[\r][\n]"
09:48:07.619 [pool-2-thread-1] DEBUG org.apache.hc.client5.http.wire - http-outgoing-1 << "Expires: Wed, 08 Sep 2021 14:51:56 GMT[\r][\n]"
09:48:07.619 [pool-2-thread-1] DEBUG org.apache.hc.client5.http.wire - http-outgoing-1 << "Date: Wed, 08 Sep 2021 13:51:56 GMT[\r][\n]"
09:48:07.619 [pool-2-thread-1] DEBUG org.apache.hc.client5.http.wire - http-outgoing-1 << "Last-Modified: Thu, 29 Jul 2021 06:49:52 GMT[\r][\n]"
09:48:07.619 [pool-2-thread-1] DEBUG org.apache.hc.client5.http.wire - http-outgoing-1 << "ETag: "007b9e06879363d3a2554946d9314d43"[\r][\n]"
09:48:07.619 [pool-2-thread-1] DEBUG org.apache.hc.client5.http.wire - http-outgoing-1 << "x-goog-generation: 1627541392081992[\r][\n]"
09:48:07.619 [pool-2-thread-1] DEBUG org.apache.hc.client5.http.wire - http-outgoing-1 << "x-goog-metageneration: 1[\r][\n]"
09:48:07.619 [pool-2-thread-1] DEBUG org.apache.hc.client5.http.wire - http-outgoing-1 << "x-goog-stored-content-encoding: identity[\r][\n]"
09:48:07.619 [pool-2-thread-1] DEBUG org.apache.hc.client5.http.wire - http-outgoing-1 << "x-goog-stored-content-length: 12[\r][\n]"
09:48:07.619 [pool-2-thread-1] DEBUG org.apache.hc.client5.http.wire - http-outgoing-1 << "Content-Type: text/plain[\r][\n]"
09:48:07.619 [pool-2-thread-1] DEBUG org.apache.hc.client5.http.wire - http-outgoing-1 << "Content-Language: en[\r][\n]"
09:48:07.619 [pool-2-thread-1] DEBUG org.apache.hc.client5.http.wire - http-outgoing-1 << "x-goog-hash: crc32c=N8767g==[\r][\n]"
09:48:07.619 [pool-2-thread-1] DEBUG org.apache.hc.client5.http.wire - http-outgoing-1 << "x-goog-hash: md5=AHueBoeTY9OiVUlG2TFNQw==[\r][\n]"
09:48:07.619 [pool-2-thread-1] DEBUG org.apache.hc.client5.http.wire - http-outgoing-1 << "x-goog-storage-class: STANDARD[\r][\n]"
09:48:07.619 [pool-2-thread-1] DEBUG org.apache.hc.client5.http.wire - http-outgoing-1 << "Accept-Ranges: bytes[\r][\n]"
09:48:07.619 [pool-2-thread-1] DEBUG org.apache.hc.client5.http.wire - http-outgoing-1 << "Content-Length: 12[\r][\n]"
09:48:07.619 [pool-2-thread-1] DEBUG org.apache.hc.client5.http.wire - http-outgoing-1 << "Server: UploadServer[\r][\n]"
09:48:07.619 [pool-2-thread-1] DEBUG org.apache.hc.client5.http.wire - http-outgoing-1 << "Age: 3370[\r][\n]"
09:48:07.619 [pool-2-thread-1] DEBUG org.apache.hc.client5.http.wire - http-outgoing-1 << "Cache-Control: public, max-age=3600[\r][\n]"
09:48:07.620 [pool-2-thread-1] DEBUG org.apache.hc.client5.http.wire - http-outgoing-1 << "Alt-Svc: h3=":443"; ma=2592000,h3-29=":443"; ma=2592000,h3-T051=":443"; ma=2592000,h3-Q050=":443"; ma=2592000,h3-Q046=":443"; ma=2592000,h3-Q043=":443"; ma=2592000,quic=":443"; ma=2592000; v="46,43"[\r][\n]"
09:48:07.620 [pool-2-thread-1] DEBUG org.apache.hc.client5.http.wire - http-outgoing-1 << "[\r][\n]"
09:48:07.620 [pool-2-thread-1] DEBUG org.apache.hc.client5.http.wire - http-outgoing-1 << "93.0.4577.15"
09:48:07.620 [pool-2-thread-1] DEBUG org.apache.hc.client5.http.headers - http-outgoing-1 << HTTP/1.1 200 OK
09:48:07.620 [pool-2-thread-1] DEBUG org.apache.hc.client5.http.headers - http-outgoing-1 << X-GUploader-UploadID: ADPycds4FPA8E0mMTNGgcWa5134Uq3xPR0Sw7n-7y-UDsolShYJJ_U007-FenHF7Eb5SZf9xQD4Qqf5whf7z2aminqo
09:48:07.620 [pool-2-thread-1] DEBUG org.apache.hc.client5.http.headers - http-outgoing-1 << Expires: Wed, 08 Sep 2021 14:51:56 GMT
09:48:07.620 [pool-2-thread-1] DEBUG org.apache.hc.client5.http.headers - http-outgoing-1 << Date: Wed, 08 Sep 2021 13:51:56 GMT
09:48:07.620 [pool-2-thread-1] DEBUG org.apache.hc.client5.http.headers - http-outgoing-1 << Last-Modified: Thu, 29 Jul 2021 06:49:52 GMT
09:48:07.620 [pool-2-thread-1] DEBUG org.apache.hc.client5.http.headers - http-outgoing-1 << ETag: "007b9e06879363d3a2554946d9314d43"
09:48:07.620 [pool-2-thread-1] DEBUG org.apache.hc.client5.http.headers - http-outgoing-1 << x-goog-generation: 1627541392081992
09:48:07.620 [pool-2-thread-1] DEBUG org.apache.hc.client5.http.headers - http-outgoing-1 << x-goog-metageneration: 1
09:48:07.620 [pool-2-thread-1] DEBUG org.apache.hc.client5.http.headers - http-outgoing-1 << x-goog-stored-content-encoding: identity
09:48:07.620 [pool-2-thread-1] DEBUG org.apache.hc.client5.http.headers - http-outgoing-1 << x-goog-stored-content-length: 12
09:48:07.621 [pool-2-thread-1] DEBUG org.apache.hc.client5.http.headers - http-outgoing-1 << Content-Type: text/plain
09:48:07.621 [pool-2-thread-1] DEBUG org.apache.hc.client5.http.headers - http-outgoing-1 << Content-Language: en
09:48:07.621 [pool-2-thread-1] DEBUG org.apache.hc.client5.http.headers - http-outgoing-1 << x-goog-hash: crc32c=N8767g==
09:48:07.621 [pool-2-thread-1] DEBUG org.apache.hc.client5.http.headers - http-outgoing-1 << x-goog-hash: md5=AHueBoeTY9OiVUlG2TFNQw==
09:48:07.621 [pool-2-thread-1] DEBUG org.apache.hc.client5.http.headers - http-outgoing-1 << x-goog-storage-class: STANDARD
09:48:07.621 [pool-2-thread-1] DEBUG org.apache.hc.client5.http.headers - http-outgoing-1 << Accept-Ranges: bytes
09:48:07.621 [pool-2-thread-1] DEBUG org.apache.hc.client5.http.headers - http-outgoing-1 << Content-Length: 12
09:48:07.621 [pool-2-thread-1] DEBUG org.apache.hc.client5.http.headers - http-outgoing-1 << Server: UploadServer
09:48:07.621 [pool-2-thread-1] DEBUG org.apache.hc.client5.http.headers - http-outgoing-1 << Age: 3370
09:48:07.621 [pool-2-thread-1] DEBUG org.apache.hc.client5.http.headers - http-outgoing-1 << Cache-Control: public, max-age=3600
09:48:07.621 [pool-2-thread-1] DEBUG org.apache.hc.client5.http.headers - http-outgoing-1 << Alt-Svc: h3=":443"; ma=2592000,h3-29=":443"; ma=2592000,h3-T051=":443"; ma=2592000,h3-Q050=":443"; ma=2592000,h3-Q046=":443"; ma=2592000,h3-Q043=":443"; ma=2592000,quic=":443"; ma=2592000; v="46,43"
09:48:07.621 [pool-2-thread-1] DEBUG o.a.h.c.h.i.classic.MainClientExec - ex-00000002: connection can be kept alive for 3 MINUTES
09:48:07.622 [pool-2-thread-1] DEBUG o.a.h.c.h.i.c.InternalHttpClient - ep-00000001: releasing valid endpoint
09:48:07.622 [pool-2-thread-1] DEBUG o.a.h.c.h.i.i.PoolingHttpClientConnectionManager - ep-00000001: releasing endpoint
09:48:07.622 [pool-2-thread-1] DEBUG o.a.h.c.h.i.i.PoolingHttpClientConnectionManager - ep-00000001: connection http-outgoing-1 can be kept alive for 3 MINUTES
09:48:07.622 [pool-2-thread-1] DEBUG o.a.h.c.h.i.i.PoolingHttpClientConnectionManager - ep-00000001: connection released [route: {s}->https://chromedriver.storage.googleapis.com:443][total available: 2; route allocated: 1 of 5; total allocated: 2 of 25]
09:48:07.623 [pool-2-thread-1] DEBUG i.g.b.wdm.versions.VersionDetector - Latest version of chromedriver according to https://chromedriver.storage.googleapis.com/LATEST_RELEASE_93 is 93.0.4577.15
09:48:07.623 [pool-2-thread-1] INFO  i.g.bonigarcia.wdm.WebDriverManager - Using chromedriver 93.0.4577.15 (resolved driver for Chrome 93)
09:48:07.627 [pool-2-thread-1] DEBUG i.g.b.wdm.cache.ResolutionCache - Storing resolution chrome=93 in cache (valid until 10:48:07 08/09/2021 COT)
09:48:07.631 [pool-2-thread-1] DEBUG i.g.b.wdm.cache.ResolutionCache - Storing resolution chrome93=93.0.4577.15 in cache (valid until 09:48:07 09/09/2021 COT)
09:48:07.646 [pool-2-thread-1] DEBUG i.g.bonigarcia.wdm.WebDriverManager - Driver chromedriver 93.0.4577.15 found in cache
09:48:07.648 [pool-2-thread-1] INFO  i.g.bonigarcia.wdm.WebDriverManager - Exporting webdriver.chrome.driver as C:\Users\Usuario\.cache\selenium\chromedriver\win32\93.0.4577.15\chromedriver.exe
09:48:09.485 [pool-2-thread-1] INFO  n.s.c.w.d.ProvideNewDriver - Instantiating driver
09:48:09.490 [pool-2-thread-1] INFO  n.s.c.w.d.ProvideNewDriver - Driver capabilities: Capabilities {acceptInsecureCerts: false, browserName: chrome, chrome.switches: --start-maximized;--test-ty..., goog:chromeOptions: {args: [--start-maximized, --test-type, --no-sandbox, --ignore-certificate-errors, --disable-popup-blocking, --disable-default-apps, --disable-extensions-file-a..., --disable-download-notifica..., --disable-infobars, --disable-gpu], excludeSwitches: [--enable-automation], extensions: [], prefs: {credentials_enable_service: false, download.default_directory: /my/downloads/, password_manager_enabled: false, profile.default_content_setting_values.geolocation: 1, profile.default_content_setting_values.notifications: 1, profile.default_content_settings.popups: 0}, useAutomationExtension: false}, loggingPrefs: org.openqa.selenium.logging...}
09:48:30.571 [pool-2-thread-1] DEBUG n.s.core.photography.Darkroom - Opening darkroom
09:48:30.573 [Darkroom Processing Line] DEBUG n.s.c.p.DarkroomProcessingLine - Darkroom processing line starting up
09:48:31.323 [pool-2-thread-1] DEBUG n.s.core.photography.Darkroom - Send negative for processing for src\target\site\reports\94b81695c2ee6c09e1f53f552d7ea19f40bfd92a87f4884500dea4a84b77faf0.png
09:48:31.324 [Darkroom Processing Line] DEBUG n.s.c.p.DarkroomProcessingLine - Processing screenshot image in /var/screenshots/screenshot-4751793563961593153
09:48:31.324 [Darkroom Processing Line] DEBUG n.s.c.p.DarkroomProcessingLine - Saving screenshot to src\target\site\reports\94b81695c2ee6c09e1f53f552d7ea19f40bfd92a87f4884500dea4a84b77faf0.png
09:48:31.330 [pool-2-thread-1] DEBUG n.t.core.steps.StepInterceptor - STEP DONE: {0} opens the #pageName page
09:48:31.345 [pool-2-thread-1] DEBUG n.t.core.steps.StepInterceptor - STEP DONE: !#title
  &amp#27;[32mGiven &amp#27;[0m&amp#27;[32m&amp#27;[0m&amp#27;[32m&amp#27;[1mUser&amp#27;[0m&amp#27;[32m enters the coupon website&amp#27;[0m    &amp#27;[90m# steps.LoginSD.user_enters_the_coupon_website(net.serenitybdd.screenplay.Actor)&amp#27;[0m
09:48:41.783 [pool-2-thread-1] DEBUG n.s.core.photography.Darkroom - Send negative for processing for src\target\site\reports\2b91e20ae4c29ffa833b09c355b6864ad8be5a739262e784a4cf7c9516ae8318.png
09:48:41.785 [Darkroom Processing Line] DEBUG n.s.c.p.DarkroomProcessingLine - Processing screenshot image in /var/screenshots/screenshot-5617508089592109464
09:48:41.785 [Darkroom Processing Line] DEBUG n.s.c.p.DarkroomProcessingLine - Saving screenshot to src\target\site\reports\2b91e20ae4c29ffa833b09c355b6864ad8be5a739262e784a4cf7c9516ae8318.png
&amp#27;[92m|---- When sends number document 72209308&amp#27;[0m
09:48:42.184 [pool-2-thread-1] DEBUG n.s.core.photography.Darkroom - Send negative for processing for src\target\site\reports\2b91e20ae4c29ffa833b09c355b6864ad8be5a739262e784a4cf7c9516ae8318.png
&amp#27;[92m|------ Login&amp#27;[0m
09:48:42.185 [pool-2-thread-1] DEBUG n.t.core.steps.StepInterceptor - STARTING STEP: LoginSD.sends_number_document - !#title
09:48:42.195 [pool-2-thread-1] DEBUG n.s.s.targets.IFrameSwitcher - default content already selected for Input de numero de documento
09:48:42.945 [pool-2-thread-1] DEBUG n.s.core.photography.Darkroom - Send negative for processing for src\target\site\reports\85e637127127ccc8b7d34d5bb006d5711dec25b6bc1f5466d374d69ee7928e2f.png
09:48:42.946 [Darkroom Processing Line] DEBUG n.s.c.p.DarkroomProcessingLine - Processing screenshot image in /var/screenshots/screenshot-4573622357777829939
09:48:42.946 [Darkroom Processing Line] DEBUG n.s.c.p.DarkroomProcessingLine - Saving screenshot to src\target\site\reports\85e637127127ccc8b7d34d5bb006d5711dec25b6bc1f5466d374d69ee7928e2f.png
&amp#27;[92m|-------- User enters '72209308' into Input de numero de documento&amp#27;[0m
09:48:42.947 [pool-2-thread-1] DEBUG n.t.core.steps.StepInterceptor - STARTING STEP: LoginSD.sends_number_document - {0} enters #theTextAsAString into #target
09:48:42.949 [pool-2-thread-1] DEBUG n.s.s.targets.IFrameSwitcher - default content already selected for Input de numero de documento
09:48:43.751 [pool-2-thread-1] DEBUG n.s.core.photography.Darkroom - Send negative for processing for src\target\site\reports\aa3772f54240e13e2c3440cb38e8dea74b06fed08517f8874aeb7d397be4220c.png
09:48:43.752 [pool-2-thread-1] DEBUG n.t.core.steps.StepInterceptor - STEP DONE: {0} enters #theTextAsAString into #target
09:48:43.752 [Darkroom Processing Line] DEBUG n.s.c.p.DarkroomProcessingLine - Processing screenshot image in /var/screenshots/screenshot-6676417545962800895
09:48:43.752 [Darkroom Processing Line] DEBUG n.s.c.p.DarkroomProcessingLine - Saving screenshot to src\target\site\reports\aa3772f54240e13e2c3440cb38e8dea74b06fed08517f8874aeb7d397be4220c.png
09:48:43.755 [pool-2-thread-1] DEBUG n.s.s.targets.IFrameSwitcher - default content already selected for Boton ingresar
09:48:44.213 [pool-2-thread-1] DEBUG n.s.core.photography.Darkroom - Send negative for processing for src\target\site\reports\085019a4044db447f095842e53a680f585a36669e95538831b48f83916eb6441.png
&amp#27;[92m|-------- User clicks on Boton ingresar&amp#27;[0m
09:48:44.214 [Darkroom Processing Line] DEBUG n.s.c.p.DarkroomProcessingLine - Processing screenshot image in /var/screenshots/screenshot-11554942587610686524
09:48:44.214 [Darkroom Processing Line] DEBUG n.s.c.p.DarkroomProcessingLine - Saving screenshot to src\target\site\reports\085019a4044db447f095842e53a680f585a36669e95538831b48f83916eb6441.png
09:48:44.214 [pool-2-thread-1] DEBUG n.t.core.steps.StepInterceptor - STARTING STEP: LoginSD.sends_number_document - {0} clicks on #target
09:48:44.215 [pool-2-thread-1] DEBUG n.s.s.targets.IFrameSwitcher - default content already selected for Boton ingresar
09:48:44.720 [pool-2-thread-1] DEBUG n.s.core.photography.Darkroom - Send negative for processing for src\target\site\reports\07c8ec3b9601229490daacdb0e8047b977d8fd19dcdbef05be999cd440886367.png
09:48:44.720 [pool-2-thread-1] DEBUG n.t.core.steps.StepInterceptor - STEP DONE: {0} clicks on #target
09:48:44.721 [Darkroom Processing Line] DEBUG n.s.c.p.DarkroomProcessingLine - Processing screenshot image in /var/screenshots/screenshot-16526529463346634349
09:48:44.721 [Darkroom Processing Line] DEBUG n.s.c.p.DarkroomProcessingLine - Saving screenshot to src\target\site\reports\07c8ec3b9601229490daacdb0e8047b977d8fd19dcdbef05be999cd440886367.png
09:48:44.723 [pool-2-thread-1] DEBUG n.s.s.targets.IFrameSwitcher - default content already selected for NOMBRE DEL CLIENTE
09:48:47.061 [pool-2-thread-1] DEBUG n.s.core.photography.Darkroom - Send negative for processing for src\target\site\reports\be9c7cd2ba13cf71838583c5d7dcfbb3ca998fdab0eabd46b117a4d73b24ad65.png
09:48:47.062 [pool-2-thread-1] DEBUG n.t.core.steps.StepInterceptor - STEP DONE: !#title
09:48:47.062 [Darkroom Processing Line] DEBUG n.s.c.p.DarkroomProcessingLine - Processing screenshot image in /var/screenshots/screenshot-6031508780559206305
09:48:47.062 [Darkroom Processing Line] DEBUG n.s.c.p.DarkroomProcessingLine - Saving screenshot to src\target\site\reports\be9c7cd2ba13cf71838583c5d7dcfbb3ca998fdab0eabd46b117a4d73b24ad65.png
  &amp#27;[32mWhen &amp#27;[0m&amp#27;[32msends number document &amp#27;[0m&amp#27;[32m&amp#27;[1m72209308&amp#27;[0m     &amp#27;[90m# steps.LoginSD.sends_number_document(java.lang.String)&amp#27;[0m
09:48:52.520 [pool-2-thread-1] DEBUG n.s.core.photography.Darkroom - Send negative for processing for src\target\site\reports\670aca44ef9833db8e4e30e32b468984bb2ae2baaf979823488d0762046d9e64.png
09:48:52.521 [Darkroom Processing Line] DEBUG n.s.c.p.DarkroomProcessingLine - Processing screenshot image in /var/screenshots/screenshot-16782908823313872588
09:48:52.521 [Darkroom Processing Line] DEBUG n.s.c.p.DarkroomProcessingLine - Saving screenshot to src\target\site\reports\670aca44ef9833db8e4e30e32b468984bb2ae2baaf979823488d0762046d9e64.png
&amp#27;[92m|---- Then should be able to view her coupons&amp#27;[0m
09:48:52.541 [pool-2-thread-1] DEBUG n.s.s.targets.IFrameSwitcher - default content already selected for NOMBRE DEL CLIENTE
****MENSAJE DE BIENVENIDA*****:¡Hola Jose!
09:48:53.245 [pool-2-thread-1] DEBUG n.s.core.photography.Darkroom - Send negative for processing for src\target\site\reports\670aca44ef9833db8e4e30e32b468984bb2ae2baaf979823488d0762046d9e64.png
&amp#27;[92m|------ Then MENSAJE DE BIENVENIDA should be Predicates.equalTo(&iexcl;Hola Jose!)&amp#27;[0m
09:48:53.247 [pool-2-thread-1] DEBUG n.s.s.targets.IFrameSwitcher - default content already selected for NOMBRE DEL CLIENTE
09:48:53.876 [pool-2-thread-1] DEBUG n.s.core.photography.Darkroom - Send negative for processing for src\target\site\reports\670aca44ef9833db8e4e30e32b468984bb2ae2baaf979823488d0762046d9e64.png
  &amp#27;[32mThen &amp#27;[0m&amp#27;[32mshould be able to view her coupons&amp#27;[0m &amp#27;[90m# steps.LoginSD.should_be_able_to_view_her_coupons()&amp#27;[0m
09:48:59.289 [pool-2-thread-1] DEBUG n.s.core.photography.Darkroom - Send negative for processing for src\target\site\reports\670aca44ef9833db8e4e30e32b468984bb2ae2baaf979823488d0762046d9e64.png
09:48:59.509 [pool-2-thread-1] INFO   - &amp#27;[92m---------------
- TEST PASSED -
---------------

successful login
---------------&amp#27;[0m
09:49:02.725 [Darkroom Processing Line] DEBUG n.s.c.p.DarkroomProcessingLine - Darkroom processing line shutting down
]]></system-out>
    <system-err><![CDATA[Starting ChromeDriver 93.0.4577.15 (660fc11082ba57405eca2e8c49c3e1af756fbfae-refs/branch-heads/4577@{#203}) on port 46061
Only local connections are allowed.
Please see https://chromedriver.chromium.org/security-considerations for suggestions on keeping ChromeDriver safe.
ChromeDriver was started successfully.
[1631112490.217][WARNING]: Deprecated chrome option is ignored: useAutomationExtension
[1631112490.217][WARNING]: Deprecated chrome option is ignored: useAutomationExtension
set. 08, 2021 9:48:11 A. M. org.openqa.selenium.remote.ProtocolHandshake createSession
INFO: Detected dialect: W3C
]]></system-err>
  </testcase>
</testsuite>