<?xml version="1.0" encoding="UTF-8"?>
<testsuite xmlns:xsi="http://www.w3.org/2001/XMLSchema-instance" xsi:noNamespaceSchemaLocation="https://maven.apache.org/surefire/maven-failsafe-plugin/xsd/failsafe-test-report-3.0.xsd" version="3.0" name="Login into the application" time="79.776" tests="3" errors="0" skipped="0" failures="3">
  <properties>
[...]
</properties>
  <testcase name="successful login" classname="Login into the application" time="36.649">
    <failure message="predicate failed" type="java.lang.AssertionError"><![CDATA[java.lang.AssertionError: predicate failed
]]></failure>
    <system-out><![CDATA[12:40:50.632 [main] DEBUG n.t.c.u.PropertiesFileLocalPreferences - LOADING LOCAL PROPERTIES FROM C:\Users\Usuario\Desktop\AUTOMATIZACIONES\automation-cuponero-v2\serenity.properties 

12:40:50.698 [main] DEBUG n.t.c.u.PropertiesFileLocalPreferences - LOADING LOCAL PROPERTIES FROM C:\Users\Usuario\Desktop\AUTOMATIZACIONES\automation-cuponero-v2\serenity.properties 

12:40:50.699 [main] DEBUG n.t.c.u.PropertiesFileLocalPreferences - LOADING LOCAL PROPERTIES FROM C:\Users\Usuario\Desktop\AUTOMATIZACIONES\automation-cuponero-v2\serenity.properties 

12:40:50.710 [main] DEBUG n.t.c.u.PropertiesFileLocalPreferences - serenity.test.root="net.serenitybdd.demos.todos.features"

12:40:50.710 [main] DEBUG n.t.c.u.PropertiesFileLocalPreferences - serenity.project.name="My Special Project"

12:40:50.710 [main] DEBUG n.t.c.u.PropertiesFileLocalPreferences - browserstack.name=[Serenity] Sample Test

12:40:50.711 [main] DEBUG n.t.c.u.PropertiesFileLocalPreferences - serenity.timeouts.fluentwait=10000

12:40:50.711 [main] DEBUG n.t.c.u.PropertiesFileLocalPreferences - chrome_experimental_options.excludeSwitches=enable-automation

12:40:50.711 [main] DEBUG n.t.c.u.PropertiesFileLocalPreferences - environments.PROD.home.page=https://cupomania-qa05.cindibyinkafarma.com/login

12:40:50.711 [main] DEBUG n.t.c.u.PropertiesFileLocalPreferences - serenity.reports.show.step.details=true

12:40:50.711 [main] DEBUG n.t.c.u.PropertiesFileLocalPreferences - webdriver.autodownload=true

12:40:50.711 [main] DEBUG n.t.c.u.PropertiesFileLocalPreferences - chrome_preferences.password_manager_enabled=false

12:40:50.711 [main] DEBUG n.t.c.u.PropertiesFileLocalPreferences - environments.UAT.home.page=https://cupomania-qa05.cindibyinkafarma.com/login

12:40:50.711 [main] DEBUG n.t.c.u.PropertiesFileLocalPreferences - chrome_preferences.profile.default_content_settings.popups=0

12:40:50.711 [main] DEBUG n.t.c.u.PropertiesFileLocalPreferences - serenity.report.show.manual.tests=true

12:40:50.711 [main] DEBUG n.t.c.u.PropertiesFileLocalPreferences - serenity.wait.for.timeout=10000

12:40:50.711 [main] DEBUG n.t.c.u.PropertiesFileLocalPreferences - environments.UAT.home.page1=https://conveniosci04.cindibyinkafarma.com/

12:40:50.712 [main] DEBUG n.t.c.u.PropertiesFileLocalPreferences - firefox.preferences=browser.download.dir=/tmp;browser.helperApps.alwaysAsk.force=false;browser.download.manager.showWhenStarting=false;browser.download.useDownloadDir=true;browser.download.folderList=2;permissions.default.desktop-notification=1

12:40:50.712 [main] DEBUG n.t.c.u.PropertiesFileLocalPreferences - serenity.browser.width=1920

12:40:50.712 [main] DEBUG n.t.c.u.PropertiesFileLocalPreferences - chrome_preferences.profile.default_content_setting_values.notifications=1

12:40:50.712 [main] DEBUG n.t.c.u.PropertiesFileLocalPreferences - serenity.verbose.screenshots.for.tasks=AFTER_EACH_STEP

12:40:50.712 [main] DEBUG n.t.c.u.PropertiesFileLocalPreferences - serenity.max.retries=2

12:40:50.712 [main] DEBUG n.t.c.u.PropertiesFileLocalPreferences - environments.default.home.page=https://cupomania-qa05.cindibyinkafarma.com/login

12:40:50.712 [main] DEBUG n.t.c.u.PropertiesFileLocalPreferences - serenity.take.screenshots.for.tasks=FOR_EACH_ACTION

12:40:50.712 [main] DEBUG n.t.c.u.PropertiesFileLocalPreferences - chrome_experimental_options.useAutomationExtension=false

12:40:50.712 [main] DEBUG n.t.c.u.PropertiesFileLocalPreferences - chrome.switches=--start-maximized;--test-type;--no-sandbox;--ignore-certificate-errors;--disable-popup-blocking;--disable-default-apps;--disable-extensions-file-access-check;--disable-download-notification;--disable-infobars,--disable-gpu

12:40:50.712 [main] DEBUG n.t.c.u.PropertiesFileLocalPreferences - serenity.console.headings=normal

12:40:50.713 [main] DEBUG n.t.c.u.PropertiesFileLocalPreferences - serenity.console.colors=true

12:40:50.713 [main] DEBUG n.t.c.u.PropertiesFileLocalPreferences - serenity.restart.browser.for.each=NEVER

12:40:50.713 [main] DEBUG n.t.c.u.PropertiesFileLocalPreferences - serenity.use.unique.browser=true

12:40:50.713 [main] DEBUG n.t.c.u.PropertiesFileLocalPreferences - serenity.junit.retry.tests=true

12:40:50.713 [main] DEBUG n.t.c.u.PropertiesFileLocalPreferences - chrome_preferences.credentials_enable_service=false

12:40:50.713 [main] DEBUG n.t.c.u.PropertiesFileLocalPreferences - serenity.timeouts.implicitlywait=5000

12:40:50.713 [main] DEBUG n.t.c.u.PropertiesFileLocalPreferences - webdriver.driver=chrome

12:40:50.713 [main] DEBUG n.t.c.u.PropertiesFileLocalPreferences - chrome_preferences.download.default_directory=/my/downloads/

12:40:50.713 [main] DEBUG n.t.c.u.PropertiesFileLocalPreferences - serenity.logging=VERBOSE

12:40:50.713 [main] DEBUG n.t.c.u.PropertiesFileLocalPreferences - serenity.browser.height=1080

12:40:50.713 [main] DEBUG n.t.c.u.PropertiesFileLocalPreferences - environment=UAT

12:40:50.713 [main] DEBUG n.t.c.u.PropertiesFileLocalPreferences - chrome_preferences.profile.default_content_setting_values.geolocation=1

12:40:50.713 [main] DEBUG n.t.c.u.PropertiesFileLocalPreferences - headless.mode=false

12:40:51.046 [main] DEBUG n.t.c.u.PropertiesFileLocalPreferences - LOADING LOCAL PROPERTIES FROM C:\Users\Usuario\Desktop\AUTOMATIZACIONES\automation-cuponero-v2\serenity.properties 

12:40:51.061 [main] DEBUG n.t.c.u.PropertiesFileLocalPreferences - LOADING LOCAL PROPERTIES FROM C:\Users\Usuario\Desktop\AUTOMATIZACIONES\automation-cuponero-v2\serenity.properties 

12:40:51.062 [main] DEBUG n.t.c.u.PropertiesFileLocalPreferences - LOADING LOCAL PROPERTIES FROM C:\Users\Usuario\Desktop\AUTOMATIZACIONES\automation-cuponero-v2\serenity.properties 

12:40:51.062 [main] DEBUG n.t.c.u.PropertiesFileLocalPreferences - serenity.test.root="net.serenitybdd.demos.todos.features"

12:40:51.063 [main] DEBUG n.t.c.u.PropertiesFileLocalPreferences - serenity.project.name="My Special Project"

12:40:51.063 [main] DEBUG n.t.c.u.PropertiesFileLocalPreferences - browserstack.name=[Serenity] Sample Test

12:40:51.063 [main] DEBUG n.t.c.u.PropertiesFileLocalPreferences - serenity.timeouts.fluentwait=10000

12:40:51.063 [main] DEBUG n.t.c.u.PropertiesFileLocalPreferences - chrome_experimental_options.excludeSwitches=enable-automation

12:40:51.063 [main] DEBUG n.t.c.u.PropertiesFileLocalPreferences - environments.PROD.home.page=https://cupomania-qa05.cindibyinkafarma.com/login

12:40:51.063 [main] DEBUG n.t.c.u.PropertiesFileLocalPreferences - serenity.reports.show.step.details=true

12:40:51.063 [main] DEBUG n.t.c.u.PropertiesFileLocalPreferences - webdriver.autodownload=true

12:40:51.063 [main] DEBUG n.t.c.u.PropertiesFileLocalPreferences - chrome_preferences.password_manager_enabled=false

12:40:51.063 [main] DEBUG n.t.c.u.PropertiesFileLocalPreferences - environments.UAT.home.page=https://cupomania-qa05.cindibyinkafarma.com/login

12:40:51.063 [main] DEBUG n.t.c.u.PropertiesFileLocalPreferences - chrome_preferences.profile.default_content_settings.popups=0

12:40:51.063 [main] DEBUG n.t.c.u.PropertiesFileLocalPreferences - serenity.report.show.manual.tests=true

12:40:51.063 [main] DEBUG n.t.c.u.PropertiesFileLocalPreferences - serenity.wait.for.timeout=10000

12:40:51.064 [main] DEBUG n.t.c.u.PropertiesFileLocalPreferences - environments.UAT.home.page1=https://conveniosci04.cindibyinkafarma.com/

12:40:51.064 [main] DEBUG n.t.c.u.PropertiesFileLocalPreferences - firefox.preferences=browser.download.dir=/tmp;browser.helperApps.alwaysAsk.force=false;browser.download.manager.showWhenStarting=false;browser.download.useDownloadDir=true;browser.download.folderList=2;permissions.default.desktop-notification=1

12:40:51.064 [main] DEBUG n.t.c.u.PropertiesFileLocalPreferences - serenity.browser.width=1920

12:40:51.064 [main] DEBUG n.t.c.u.PropertiesFileLocalPreferences - chrome_preferences.profile.default_content_setting_values.notifications=1

12:40:51.064 [main] DEBUG n.t.c.u.PropertiesFileLocalPreferences - serenity.verbose.screenshots.for.tasks=AFTER_EACH_STEP

12:40:51.064 [main] DEBUG n.t.c.u.PropertiesFileLocalPreferences - serenity.max.retries=2

12:40:51.064 [main] DEBUG n.t.c.u.PropertiesFileLocalPreferences - environments.default.home.page=https://cupomania-qa05.cindibyinkafarma.com/login

12:40:51.064 [main] DEBUG n.t.c.u.PropertiesFileLocalPreferences - serenity.take.screenshots.for.tasks=FOR_EACH_ACTION

12:40:51.064 [main] DEBUG n.t.c.u.PropertiesFileLocalPreferences - chrome_experimental_options.useAutomationExtension=false

12:40:51.064 [main] DEBUG n.t.c.u.PropertiesFileLocalPreferences - chrome.switches=--start-maximized;--test-type;--no-sandbox;--ignore-certificate-errors;--disable-popup-blocking;--disable-default-apps;--disable-extensions-file-access-check;--disable-download-notification;--disable-infobars,--disable-gpu

12:40:51.064 [main] DEBUG n.t.c.u.PropertiesFileLocalPreferences - serenity.console.headings=normal

12:40:51.064 [main] DEBUG n.t.c.u.PropertiesFileLocalPreferences - serenity.console.colors=true

12:40:51.064 [main] DEBUG n.t.c.u.PropertiesFileLocalPreferences - serenity.restart.browser.for.each=NEVER

12:40:51.064 [main] DEBUG n.t.c.u.PropertiesFileLocalPreferences - serenity.use.unique.browser=true

12:40:51.064 [main] DEBUG n.t.c.u.PropertiesFileLocalPreferences - serenity.junit.retry.tests=true

12:40:51.065 [main] DEBUG n.t.c.u.PropertiesFileLocalPreferences - chrome_preferences.credentials_enable_service=false

12:40:51.065 [main] DEBUG n.t.c.u.PropertiesFileLocalPreferences - serenity.timeouts.implicitlywait=5000

12:40:51.065 [main] DEBUG n.t.c.u.PropertiesFileLocalPreferences - webdriver.driver=chrome

12:40:51.065 [main] DEBUG n.t.c.u.PropertiesFileLocalPreferences - chrome_preferences.download.default_directory=/my/downloads/

12:40:51.065 [main] DEBUG n.t.c.u.PropertiesFileLocalPreferences - serenity.logging=VERBOSE

12:40:51.065 [main] DEBUG n.t.c.u.PropertiesFileLocalPreferences - serenity.browser.height=1080

12:40:51.065 [main] DEBUG n.t.c.u.PropertiesFileLocalPreferences - environment=UAT

12:40:51.065 [main] DEBUG n.t.c.u.PropertiesFileLocalPreferences - chrome_preferences.profile.default_content_setting_values.geolocation=1

12:40:51.065 [main] DEBUG n.t.c.u.PropertiesFileLocalPreferences - headless.mode=false

12:40:51.088 [main] INFO  i.c.core.plugin.SerenityReporter - Running feature from file:///C:/Users/Usuario/Desktop/AUTOMATIZACIONES/automation-cuponero-v2/src/test/resources/features/Coupons/categoryCoupon.feature

12:40:51.221 [main] DEBUG n.t.c.u.PropertiesFileLocalPreferences - LOADING LOCAL PROPERTIES FROM C:\Users\Usuario\Desktop\AUTOMATIZACIONES\automation-cuponero-v2\serenity.properties 

12:40:51.233 [main] DEBUG n.t.c.u.PropertiesFileLocalPreferences - LOADING LOCAL PROPERTIES FROM C:\Users\Usuario\Desktop\AUTOMATIZACIONES\automation-cuponero-v2\serenity.properties 

12:40:51.233 [main] DEBUG n.t.c.u.PropertiesFileLocalPreferences - LOADING LOCAL PROPERTIES FROM C:\Users\Usuario\Desktop\AUTOMATIZACIONES\automation-cuponero-v2\serenity.properties 

12:40:51.234 [main] DEBUG n.t.c.u.PropertiesFileLocalPreferences - serenity.test.root="net.serenitybdd.demos.todos.features"

12:40:51.234 [main] DEBUG n.t.c.u.PropertiesFileLocalPreferences - serenity.project.name="My Special Project"

12:40:51.234 [main] DEBUG n.t.c.u.PropertiesFileLocalPreferences - browserstack.name=[Serenity] Sample Test

12:40:51.234 [main] DEBUG n.t.c.u.PropertiesFileLocalPreferences - serenity.timeouts.fluentwait=10000

12:40:51.234 [main] DEBUG n.t.c.u.PropertiesFileLocalPreferences - chrome_experimental_options.excludeSwitches=enable-automation

12:40:51.234 [main] DEBUG n.t.c.u.PropertiesFileLocalPreferences - environments.PROD.home.page=https://cupomania-qa05.cindibyinkafarma.com/login

12:40:51.234 [main] DEBUG n.t.c.u.PropertiesFileLocalPreferences - serenity.reports.show.step.details=true

12:40:51.234 [main] DEBUG n.t.c.u.PropertiesFileLocalPreferences - webdriver.autodownload=true

12:40:51.235 [main] DEBUG n.t.c.u.PropertiesFileLocalPreferences - chrome_preferences.password_manager_enabled=false

12:40:51.235 [main] DEBUG n.t.c.u.PropertiesFileLocalPreferences - environments.UAT.home.page=https://cupomania-qa05.cindibyinkafarma.com/login

12:40:51.235 [main] DEBUG n.t.c.u.PropertiesFileLocalPreferences - chrome_preferences.profile.default_content_settings.popups=0

12:40:51.235 [main] DEBUG n.t.c.u.PropertiesFileLocalPreferences - serenity.report.show.manual.tests=true

12:40:51.235 [main] DEBUG n.t.c.u.PropertiesFileLocalPreferences - serenity.wait.for.timeout=10000

12:40:51.235 [main] DEBUG n.t.c.u.PropertiesFileLocalPreferences - environments.UAT.home.page1=https://conveniosci04.cindibyinkafarma.com/

12:40:51.235 [main] DEBUG n.t.c.u.PropertiesFileLocalPreferences - firefox.preferences=browser.download.dir=/tmp;browser.helperApps.alwaysAsk.force=false;browser.download.manager.showWhenStarting=false;browser.download.useDownloadDir=true;browser.download.folderList=2;permissions.default.desktop-notification=1

12:40:51.235 [main] DEBUG n.t.c.u.PropertiesFileLocalPreferences - serenity.browser.width=1920

12:40:51.235 [main] DEBUG n.t.c.u.PropertiesFileLocalPreferences - chrome_preferences.profile.default_content_setting_values.notifications=1

12:40:51.235 [main] DEBUG n.t.c.u.PropertiesFileLocalPreferences - serenity.verbose.screenshots.for.tasks=AFTER_EACH_STEP

12:40:51.235 [main] DEBUG n.t.c.u.PropertiesFileLocalPreferences - serenity.max.retries=2

12:40:51.235 [main] DEBUG n.t.c.u.PropertiesFileLocalPreferences - environments.default.home.page=https://cupomania-qa05.cindibyinkafarma.com/login

12:40:51.235 [main] DEBUG n.t.c.u.PropertiesFileLocalPreferences - serenity.take.screenshots.for.tasks=FOR_EACH_ACTION

12:40:51.235 [main] DEBUG n.t.c.u.PropertiesFileLocalPreferences - chrome_experimental_options.useAutomationExtension=false

12:40:51.235 [main] DEBUG n.t.c.u.PropertiesFileLocalPreferences - chrome.switches=--start-maximized;--test-type;--no-sandbox;--ignore-certificate-errors;--disable-popup-blocking;--disable-default-apps;--disable-extensions-file-access-check;--disable-download-notification;--disable-infobars,--disable-gpu

12:40:51.235 [main] DEBUG n.t.c.u.PropertiesFileLocalPreferences - serenity.console.headings=normal

12:40:51.235 [main] DEBUG n.t.c.u.PropertiesFileLocalPreferences - serenity.console.colors=true

12:40:51.235 [main] DEBUG n.t.c.u.PropertiesFileLocalPreferences - serenity.restart.browser.for.each=NEVER

12:40:51.235 [main] DEBUG n.t.c.u.PropertiesFileLocalPreferences - serenity.use.unique.browser=true

12:40:51.235 [main] DEBUG n.t.c.u.PropertiesFileLocalPreferences - serenity.junit.retry.tests=true

12:40:51.235 [main] DEBUG n.t.c.u.PropertiesFileLocalPreferences - chrome_preferences.credentials_enable_service=false

12:40:51.236 [main] DEBUG n.t.c.u.PropertiesFileLocalPreferences - serenity.timeouts.implicitlywait=5000

12:40:51.236 [main] DEBUG n.t.c.u.PropertiesFileLocalPreferences - webdriver.driver=chrome

12:40:51.236 [main] DEBUG n.t.c.u.PropertiesFileLocalPreferences - chrome_preferences.download.default_directory=/my/downloads/

12:40:51.236 [main] DEBUG n.t.c.u.PropertiesFileLocalPreferences - serenity.logging=VERBOSE

12:40:51.236 [main] DEBUG n.t.c.u.PropertiesFileLocalPreferences - serenity.browser.height=1080

12:40:51.236 [main] DEBUG n.t.c.u.PropertiesFileLocalPreferences - environment=UAT

12:40:51.236 [main] DEBUG n.t.c.u.PropertiesFileLocalPreferences - chrome_preferences.profile.default_content_setting_values.geolocation=1

12:40:51.236 [main] DEBUG n.t.c.u.PropertiesFileLocalPreferences - headless.mode=false

12:40:51.243 [main] INFO   - &amp#27;[96m

-------------------------------------------------------------------------------------
     _______. _______ .______       _______ .__   __.  __  .___________.____    ____ 
    /       ||   ____||   _  \     |   ____||  \ |  | |  | |           |\   \  /   / 
   |   (----`|  |__   |  |_)  |    |  |__   |   \|  | |  | `---|  |----` \   \/   /  
    \   \    |   __|  |      /     |   __|  |  . `  | |  |     |  |       \_    _/   
.----)   |   |  |____ |  |\  \----.|  |____ |  |\   | |  |     |  |         |  |     
|_______/    |_______|| _| `._____||_______||__| \__| |__|     |__|         |__|    
                                                                                     
 News and tutorials at http://www.serenity-bdd.info                                  
 Documentation at https://wakaleo.gitbooks.io/the-serenity-book/content/             
 Join the Serenity Community on Gitter: https://gitter.im/serenity-bdd/serenity-core 
 Serenity BDD Support and Training at http://serenity-bdd.info/#/trainingandsupport  
-------------------------------------------------------------------------------------
&amp#27;[0m

12:40:51.246 [main] DEBUG n.thucydides.core.steps.StepEventBus - Test suite started for story net.thucydides.core.model.Story@5372edb0

12:40:51.247 [main] INFO   - Test Suite Started: category coupons

12:40:51.262 [main] INFO  i.c.core.plugin.SerenityReporter - Running feature from file:///C:/Users/Usuario/Desktop/AUTOMATIZACIONES/automation-cuponero-v2/src/test/resources/features/Coupons/couponBicanal.feature

12:40:51.267 [main] DEBUG n.thucydides.core.steps.StepEventBus - Test suite started for story net.thucydides.core.model.Story@75f8c307

12:40:51.269 [main] INFO   - Test Suite Started: Coupons

12:40:51.270 [main] INFO  i.c.core.plugin.SerenityReporter - Running feature from file:///C:/Users/Usuario/Desktop/AUTOMATIZACIONES/automation-cuponero-v2/src/test/resources/features/Coupons/couponFlash.feature

12:40:51.274 [main] DEBUG n.thucydides.core.steps.StepEventBus - Test suite started for story net.thucydides.core.model.Story@29deace3

12:40:51.275 [main] INFO   - Test Suite Started: Coupons

12:40:51.275 [main] INFO  i.c.core.plugin.SerenityReporter - Running feature from file:///C:/Users/Usuario/Desktop/AUTOMATIZACIONES/automation-cuponero-v2/src/test/resources/features/Coupons/couponMultiHook.feature

12:40:51.279 [main] DEBUG n.thucydides.core.steps.StepEventBus - Test suite started for story net.thucydides.core.model.Story@74dd7eef

12:40:51.280 [main] INFO   - Test Suite Started: Coupons

12:40:51.280 [main] INFO  i.c.core.plugin.SerenityReporter - Running feature from file:///C:/Users/Usuario/Desktop/AUTOMATIZACIONES/automation-cuponero-v2/src/test/resources/features/Coupons/couponNormal.feature

12:40:51.284 [main] DEBUG n.thucydides.core.steps.StepEventBus - Test suite started for story net.thucydides.core.model.Story@4406e32a

12:40:51.284 [main] INFO   - Test Suite Started: Coupons

12:40:51.284 [main] INFO  i.c.core.plugin.SerenityReporter - Running feature from file:///C:/Users/Usuario/Desktop/AUTOMATIZACIONES/automation-cuponero-v2/src/test/resources/features/Coupons/couponRecommend.feature

12:40:51.288 [main] DEBUG n.thucydides.core.steps.StepEventBus - Test suite started for story net.thucydides.core.model.Story@60a6d5af

12:40:51.289 [main] INFO   - Test Suite Started: Coupons

12:40:51.289 [main] INFO  i.c.core.plugin.SerenityReporter - Running feature from file:///C:/Users/Usuario/Desktop/AUTOMATIZACIONES/automation-cuponero-v2/src/test/resources/features/Coupons/searchCoupon.feature

12:40:51.296 [main] DEBUG n.thucydides.core.steps.StepEventBus - Test suite started for story net.thucydides.core.model.Story@1a5ea4d

12:40:51.296 [main] INFO   - Test Suite Started: Search Coupon

12:40:51.296 [main] INFO  i.c.core.plugin.SerenityReporter - Running feature from file:///C:/Users/Usuario/Desktop/AUTOMATIZACIONES/automation-cuponero-v2/src/test/resources/features/footer/footer.feature

12:40:51.302 [main] DEBUG n.thucydides.core.steps.StepEventBus - Test suite started for story net.thucydides.core.model.Story@5e33f65c

12:40:51.303 [main] INFO   - Test Suite Started: FOOTER

12:40:51.303 [main] INFO  i.c.core.plugin.SerenityReporter - Running feature from file:///C:/Users/Usuario/Desktop/AUTOMATIZACIONES/automation-cuponero-v2/src/test/resources/features/login/login.feature

12:40:51.309 [main] DEBUG n.thucydides.core.steps.StepEventBus - Test suite started for story net.thucydides.core.model.Story@94cad640

12:40:51.309 [main] INFO   - Test Suite Started: Login into the application

12:40:51.309 [main] INFO  i.c.core.plugin.SerenityReporter - Running feature from file:///C:/Users/Usuario/Desktop/AUTOMATIZACIONES/automation-cuponero-v2/src/test/resources/features/update/update.feature

12:40:51.314 [main] DEBUG n.thucydides.core.steps.StepEventBus - Test suite started for story net.thucydides.core.model.Story@877b492e

12:40:51.314 [main] INFO   - Test Suite Started: Update

12:41:27.974 [pool-2-thread-1] INFO   - &amp#27;[91mSTEP FAILURE: java.lang.AssertionError: predicate failed&amp#27;[0m

12:41:28.103 [pool-2-thread-1] ERROR  - &amp#27;[91m---------------
- TEST FAILED -
---------------

successful login
---------------&amp#27;[0m

12:41:28.105 [pool-2-thread-1] DEBUG  - RELATED ISSUES: 

12:41:28.170 [pool-2-thread-1] ERROR  - &amp#27;[91m    Test failed at step: Then MENSAJE DE BIENVENIDA should be Predicates.equalTo(¡Hola)&amp#27;[0m

12:41:28.170 [pool-2-thread-1] ERROR  - &amp#27;[91m    predicate failed&amp#27;[0m

12:41:51.567 [pool-2-thread-1] INFO   - &amp#27;[91mSTEP FAILURE: java.lang.AssertionError: 
Expected: an element that is visible
     but: no matching element found by id: txtDocumentNumber&amp#27;[0m

12:41:51.569 [pool-2-thread-1] ERROR  - &amp#27;[91m---------------
- TEST FAILED -
---------------

failed login
---------------&amp#27;[0m

12:41:51.570 [pool-2-thread-1] DEBUG  - RELATED ISSUES: 

12:41:51.570 [pool-2-thread-1] ERROR  - &amp#27;[91m    Test failed at step: login invalid&amp#27;[0m

12:41:51.570 [pool-2-thread-1] ERROR  - &amp#27;[91m    Expected: an element that is visible but: no matching element found by id: txtDocumentNumber&amp#27;[0m

12:42:11.097 [pool-2-thread-1] INFO   - &amp#27;[91mSTEP FAILURE: java.lang.AssertionError: 
Expected: an element that is visible
     but: no matching element found by id: txtDocumentNumber&amp#27;[0m

12:42:11.099 [pool-2-thread-1] ERROR  - &amp#27;[91m---------------
- TEST FAILED -
---------------

user not registered
---------------&amp#27;[0m

12:42:11.099 [pool-2-thread-1] DEBUG  - RELATED ISSUES: 

12:42:11.099 [pool-2-thread-1] ERROR  - &amp#27;[91m    Test failed at step: user no registred&amp#27;[0m

12:42:11.099 [pool-2-thread-1] ERROR  - &amp#27;[91m    Expected: an element that is visible but: no matching element found by id: txtDocumentNumber&amp#27;[0m



&amp#27;[31mFailed scenarios:&amp#27;[0m

file:///C:/Users/Usuario/Desktop/AUTOMATIZACIONES/automation-cuponero-v2/src/test/resources/features/login/login.feature:16 # successful login

file:///C:/Users/Usuario/Desktop/AUTOMATIZACIONES/automation-cuponero-v2/src/test/resources/features/login/login.feature:25 # failed login

file:///C:/Users/Usuario/Desktop/AUTOMATIZACIONES/automation-cuponero-v2/src/test/resources/features/login/login.feature:36 # user not registered



3
 Scenarios (
&amp#27;[31m3 failed&amp#27;[0m
)

9
 Steps (
&amp#27;[31m3 failed&amp#27;[0m
, 
&amp#27;[36m2 skipped&amp#27;[0m
, 
&amp#27;[32m4 passed&amp#27;[0m
)

1m
20.017s





java.lang.AssertionError: predicate failed

	at net.serenitybdd.screenplay.ErrorTally.throwSummaryExceptionFrom(ErrorTally.java:38)

	at net.serenitybdd.screenplay.ErrorTally.reportAnyErrors(ErrorTally.java:32)

	at net.serenitybdd.screenplay.Actor.should(Actor.java:322)

	at serenity.scrennplay@1.0-SNAPSHOT/steps.LoginSD.should_be_able_to_view_her_coupons(LoginSD.java:48)

	at ?.should be able to view her coupons(file:///C:/Users/Usuario/Desktop/AUTOMATIZACIONES/automation-cuponero-v2/src/test/resources/features/login/login.feature:13)



java.lang.AssertionError: 
Expected: an element that is visible
     but: no matching element found by id: txtDocumentNumber

	at net.serenitybdd.screenplay.ErrorTally.throwSummaryExceptionFrom(ErrorTally.java:38)

	at net.serenitybdd.screenplay.ErrorTally.reportAnyErrors(ErrorTally.java:32)

	at net.serenitybdd.screenplay.Actor.should(Actor.java:322)

	at net.serenitybdd.screenplay.waits.WaitUntilTargetIsReady.performAs(WaitUntilTargetIsReady.java:30)

	at net.serenitybdd.screenplay.waits.WaitUntilTargetIsReady$ByteBuddy$1JnVyLT7.performAs$accessor$JHjTApES(Unknown Source)

	at java.base/jdk.internal.reflect.NativeMethodAccessorImpl.invoke0(Native Method)

	at java.base/jdk.internal.reflect.NativeMethodAccessorImpl.invoke(NativeMethodAccessorImpl.java:78)

	at java.base/jdk.internal.reflect.DelegatingMethodAccessorImpl.invoke(DelegatingMethodAccessorImpl.java:43)

	at java.base/java.lang.reflect.Method.invoke(Method.java:567)

	at net.thucydides.core.steps.StepInterceptor.invokeMethod(StepInterceptor.java:492)

	at net.thucydides.core.steps.StepInterceptor.runBaseObjectMethod(StepInterceptor.java:389)

	at net.thucydides.core.steps.StepInterceptor.intercept(StepInterceptor.java:74)

	at net.thucydides.core.steps.ProxyConfiguration$InterceptorDispatcher.intercept(ProxyConfiguration.java:51)

	at net.serenitybdd.screenplay.waits.WaitUntilTargetIsReady$ByteBuddy$1JnVyLT7.performAs(Unknown Source)

	at net.serenitybdd.screenplay.Actor.performTask(Actor.java:252)

	at net.serenitybdd.screenplay.Actor.perform(Actor.java:233)

	at net.serenitybdd.screenplay.Actor.performSilently(Actor.java:213)

	at net.serenitybdd.screenplay.Actor.attemptsTo(Actor.java:174)

	at net.serenitybdd.screenplay.AnonymousPerformable.performAs(AnonymousPerformable.java:26)

	at net.serenitybdd.screenplay.AnonymousTask$ByteBuddy$Ntrc8vGQ.performAs$accessor$8rmg0fjI(Unknown Source)

	at java.base/jdk.internal.reflect.NativeMethodAccessorImpl.invoke0(Native Method)

	at java.base/jdk.internal.reflect.NativeMethodAccessorImpl.invoke(NativeMethodAccessorImpl.java:78)

	at java.base/jdk.internal.reflect.DelegatingMethodAccessorImpl.invoke(DelegatingMethodAccessorImpl.java:43)

	at java.base/java.lang.reflect.Method.invoke(Method.java:567)

	at net.thucydides.core.steps.StepInterceptor.invokeMethod(StepInterceptor.java:492)

	at net.thucydides.core.steps.StepInterceptor.executeTestStepMethod(StepInterceptor.java:472)

	at net.thucydides.core.steps.StepInterceptor.runTestStep(StepInterceptor.java:445)

	at net.thucydides.core.steps.StepInterceptor.runOrSkipMethod(StepInterceptor.java:201)

	at net.thucydides.core.steps.StepInterceptor.testStepResult(StepInterceptor.java:188)

	at net.thucydides.core.steps.StepInterceptor.intercept(StepInterceptor.java:76)

	at net.thucydides.core.steps.ProxyConfiguration$InterceptorDispatcher.intercept(ProxyConfiguration.java:51)

	at net.serenitybdd.screenplay.AnonymousTask$ByteBuddy$Ntrc8vGQ.performAs(Unknown Source)

	at net.serenitybdd.screenplay.Actor.performTask(Actor.java:252)

	at net.serenitybdd.screenplay.Actor.perform(Actor.java:233)

	at net.serenitybdd.screenplay.Actor.attemptsTo(Actor.java:178)

	at net.serenitybdd.screenplay.Actor.wasAbleTo(Actor.java:165)

	at serenity.scrennplay@1.0-SNAPSHOT/steps.LoginSD.sends_invalid_document(LoginSD.java:63)

	at ?.sends invalid document 000000(file:///C:/Users/Usuario/Desktop/AUTOMATIZACIONES/automation-cuponero-v2/src/test/resources/features/login/login.feature:21)



java.lang.AssertionError: 
Expected: an element that is visible
     but: no matching element found by id: txtDocumentNumber

	at net.serenitybdd.screenplay.ErrorTally.throwSummaryExceptionFrom(ErrorTally.java:38)

	at net.serenitybdd.screenplay.ErrorTally.reportAnyErrors(ErrorTally.java:32)

	at net.serenitybdd.screenplay.Actor.should(Actor.java:322)

	at net.serenitybdd.screenplay.waits.WaitUntilTargetIsReady.performAs(WaitUntilTargetIsReady.java:30)

	at net.serenitybdd.screenplay.waits.WaitUntilTargetIsReady$ByteBuddy$1JnVyLT7.performAs$accessor$JHjTApES(Unknown Source)

	at java.base/jdk.internal.reflect.NativeMethodAccessorImpl.invoke0(Native Method)

	at java.base/jdk.internal.reflect.NativeMethodAccessorImpl.invoke(NativeMethodAccessorImpl.java:78)

	at java.base/jdk.internal.reflect.DelegatingMethodAccessorImpl.invoke(DelegatingMethodAccessorImpl.java:43)

	at java.base/java.lang.reflect.Method.invoke(Method.java:567)

	at net.thucydides.core.steps.StepInterceptor.invokeMethod(StepInterceptor.java:492)

	at net.thucydides.core.steps.StepInterceptor.runBaseObjectMethod(StepInterceptor.java:389)

	at net.thucydides.core.steps.StepInterceptor.intercept(StepInterceptor.java:74)

	at net.thucydides.core.steps.ProxyConfiguration$InterceptorDispatcher.intercept(ProxyConfiguration.java:51)

	at net.serenitybdd.screenplay.waits.WaitUntilTargetIsReady$ByteBuddy$1JnVyLT7.performAs(Unknown Source)

	at net.serenitybdd.screenplay.Actor.performTask(Actor.java:252)

	at net.serenitybdd.screenplay.Actor.perform(Actor.java:233)

	at net.serenitybdd.screenplay.Actor.performSilently(Actor.java:213)

	at net.serenitybdd.screenplay.Actor.attemptsTo(Actor.java:174)

	at net.serenitybdd.screenplay.AnonymousPerformable.performAs(AnonymousPerformable.java:26)

	at net.serenitybdd.screenplay.AnonymousTask$ByteBuddy$Ntrc8vGQ.performAs$accessor$8rmg0fjI(Unknown Source)

	at java.base/jdk.internal.reflect.NativeMethodAccessorImpl.invoke0(Native Method)

	at java.base/jdk.internal.reflect.NativeMethodAccessorImpl.invoke(NativeMethodAccessorImpl.java:78)

	at java.base/jdk.internal.reflect.DelegatingMethodAccessorImpl.invoke(DelegatingMethodAccessorImpl.java:43)

	at java.base/java.lang.reflect.Method.invoke(Method.java:567)

	at net.thucydides.core.steps.StepInterceptor.invokeMethod(StepInterceptor.java:492)

	at net.thucydides.core.steps.StepInterceptor.executeTestStepMethod(StepInterceptor.java:472)

	at net.thucydides.core.steps.StepInterceptor.runTestStep(StepInterceptor.java:445)

	at net.thucydides.core.steps.StepInterceptor.runOrSkipMethod(StepInterceptor.java:201)

	at net.thucydides.core.steps.StepInterceptor.testStepResult(StepInterceptor.java:188)

	at net.thucydides.core.steps.StepInterceptor.intercept(StepInterceptor.java:76)

	at net.thucydides.core.steps.ProxyConfiguration$InterceptorDispatcher.intercept(ProxyConfiguration.java:51)

	at net.serenitybdd.screenplay.AnonymousTask$ByteBuddy$Ntrc8vGQ.performAs(Unknown Source)

	at net.serenitybdd.screenplay.Actor.performTask(Actor.java:252)

	at net.serenitybdd.screenplay.Actor.perform(Actor.java:233)

	at net.serenitybdd.screenplay.Actor.attemptsTo(Actor.java:178)

	at net.serenitybdd.screenplay.Actor.wasAbleTo(Actor.java:165)

	at serenity.scrennplay@1.0-SNAPSHOT/steps.LoginSD.sends_document(LoginSD.java:80)

	at ?.sends  document 00447711(file:///C:/Users/Usuario/Desktop/AUTOMATIZACIONES/automation-cuponero-v2/src/test/resources/features/login/login.feature:32)





12:42:11.108 [main] DEBUG n.t.core.reports.ReportService - Reporting formats: [JSON, HTML]

12:42:11.169 [main] DEBUG n.t.core.reports.ReportService - Reporting formats: [JSON, HTML]

12:42:11.185 [main] DEBUG n.t.core.reports.ReportService - Generating reports for 3 test outcomes using: net.thucydides.core.reports.json.JSONTestOutcomeReporter@66c83fc8

12:42:11.185 [pool-2-thread-1] DEBUG n.t.core.reports.ReportService - Processing test outcome Login into the application:successful login

12:42:11.185 [pool-2-thread-2] DEBUG n.t.core.reports.ReportService - Processing test outcome Login into the application:failed login

12:42:11.185 [pool-2-thread-1] INFO  n.t.core.reports.ReportService - net.thucydides.core.reports.json.JSONTestOutcomeReporter@66c83fc8: Generating report for test outcome: Login into the application:successful login

12:42:11.186 [pool-2-thread-2] INFO  n.t.core.reports.ReportService - net.thucydides.core.reports.json.JSONTestOutcomeReporter@66c83fc8: Generating report for test outcome: Login into the application:failed login

12:42:11.186 [pool-2-thread-3] DEBUG n.t.core.reports.ReportService - Processing test outcome Login into the application:user not registered

12:42:11.186 [pool-2-thread-3] INFO  n.t.core.reports.ReportService - net.thucydides.core.reports.json.JSONTestOutcomeReporter@66c83fc8: Generating report for test outcome: Login into the application:user not registered

12:42:11.188 [pool-2-thread-3] DEBUG n.t.c.r.json.JSONTestOutcomeReporter - Generating JSON report for user not registered to file C:\Users\Usuario\Desktop\AUTOMATIZACIONES\automation-cuponero-v2\target\site\serenity\d8b9535ca69ca8caf88dc5246d5cfbfae814efb91b5216ec34ba3e1360419100.json (using temp file C:\Users\Usuario\Desktop\AUTOMATIZACIONES\automation-cuponero-v2\target\site\serenity\d8b9535ca69ca8caf88dc5246d5cfbfae814efb91b5216ec34ba3e1360419100.json1465b9af-8d75-4dd8-a37b-3a372fa5ac35)

12:42:11.191 [pool-2-thread-1] DEBUG n.t.c.r.json.JSONTestOutcomeReporter - Generating JSON report for successful login to file C:\Users\Usuario\Desktop\AUTOMATIZACIONES\automation-cuponero-v2\target\site\serenity\187298ed932aa665ffb2485ff61c6540ca57808b33fdcdde8e1f508e15f27d8f.json (using temp file C:\Users\Usuario\Desktop\AUTOMATIZACIONES\automation-cuponero-v2\target\site\serenity\187298ed932aa665ffb2485ff61c6540ca57808b33fdcdde8e1f508e15f27d8f.json2ba7a535-42c5-4fa0-a979-e26d302995fc)

12:42:11.188 [pool-2-thread-2] DEBUG n.t.c.r.json.JSONTestOutcomeReporter - Generating JSON report for failed login to file C:\Users\Usuario\Desktop\AUTOMATIZACIONES\automation-cuponero-v2\target\site\serenity\ab71c13ef555b3593dbf8f9c2b5addc5f41d41145c422119aed1dceb64576d75.json (using temp file C:\Users\Usuario\Desktop\AUTOMATIZACIONES\automation-cuponero-v2\target\site\serenity\ab71c13ef555b3593dbf8f9c2b5addc5f41d41145c422119aed1dceb64576d75.json99b219cc-a568-46a8-b59d-a23266c08117)

12:42:11.236 [pool-2-thread-2] DEBUG n.t.core.reports.ReportService - Processing test outcome Login into the application:failed login done

12:42:11.236 [pool-2-thread-1] DEBUG n.t.core.reports.ReportService - Processing test outcome Login into the application:successful login done

12:42:11.236 [pool-2-thread-3] DEBUG n.t.core.reports.ReportService - Processing test outcome Login into the application:user not registered done

12:42:11.237 [main] DEBUG n.t.core.reports.ReportService - Shutting down executor service

12:42:11.237 [main] DEBUG n.t.core.reports.ReportService - Reports generated in: 52 ms

12:42:11.237 [main] DEBUG n.t.core.reports.ReportService - Generating reports for 3 test outcomes using: net.thucydides.core.reports.html.HtmlAcceptanceTestReporter@2125ad3

12:42:11.237 [pool-3-thread-1] DEBUG n.t.core.reports.ReportService - Processing test outcome Login into the application:successful login

12:42:11.237 [pool-3-thread-1] INFO  n.t.core.reports.ReportService - net.thucydides.core.reports.html.HtmlAcceptanceTestReporter@2125ad3: Generating report for test outcome: Login into the application:successful login

12:42:11.238 [pool-3-thread-2] DEBUG n.t.core.reports.ReportService - Processing test outcome Login into the application:failed login

12:42:11.238 [pool-3-thread-2] INFO  n.t.core.reports.ReportService - net.thucydides.core.reports.html.HtmlAcceptanceTestReporter@2125ad3: Generating report for test outcome: Login into the application:failed login

12:42:11.238 [pool-3-thread-3] DEBUG n.t.core.reports.ReportService - Processing test outcome Login into the application:user not registered

12:42:11.238 [pool-3-thread-3] INFO  n.t.core.reports.ReportService - net.thucydides.core.reports.html.HtmlAcceptanceTestReporter@2125ad3: Generating report for test outcome: Login into the application:user not registered

12:42:11.286 [pool-3-thread-3] DEBUG n.t.c.r.PackageRequirementsTagProvider - Loading requirements from package requirements at: "net.serenitybdd.demos.todos.features"

12:42:11.287 [pool-3-thread-2] DEBUG n.t.c.r.PackageRequirementsTagProvider - Loading requirements from package requirements at: "net.serenitybdd.demos.todos.features"

12:42:11.288 [pool-3-thread-1] DEBUG n.t.c.r.PackageRequirementsTagProvider - Loading requirements from package requirements at: "net.serenitybdd.demos.todos.features"

12:42:12.301 [pool-3-thread-3] DEBUG n.t.c.r.m.cucumber.CucumberParser - Added feature category coupons

12:42:12.310 [pool-3-thread-3] DEBUG n.t.c.r.m.cucumber.CucumberParser - Added feature Coupons

12:42:12.315 [pool-3-thread-3] DEBUG n.t.c.r.m.cucumber.CucumberParser - Added feature Coupons

12:42:12.326 [pool-3-thread-3] DEBUG n.t.c.r.m.cucumber.CucumberParser - Added feature Coupons

12:42:12.329 [pool-3-thread-1] DEBUG n.t.c.r.m.cucumber.CucumberParser - Added feature category coupons

12:42:12.332 [pool-3-thread-3] DEBUG n.t.c.r.m.cucumber.CucumberParser - Added feature Coupons

12:42:12.336 [pool-3-thread-1] DEBUG n.t.c.r.m.cucumber.CucumberParser - Added feature Coupons

12:42:12.338 [pool-3-thread-3] DEBUG n.t.c.r.m.cucumber.CucumberParser - Added feature Coupons

12:42:12.344 [pool-3-thread-1] DEBUG n.t.c.r.m.cucumber.CucumberParser - Added feature Coupons

12:42:12.348 [pool-3-thread-3] DEBUG n.t.c.r.m.cucumber.CucumberParser - Added feature Search Coupon

12:42:12.353 [pool-3-thread-1] DEBUG n.t.c.r.m.cucumber.CucumberParser - Added feature Coupons

12:42:12.370 [pool-3-thread-2] DEBUG n.t.c.r.m.cucumber.CucumberParser - Added feature category coupons

12:42:12.374 [pool-3-thread-1] DEBUG n.t.c.r.m.cucumber.CucumberParser - Added feature Coupons

12:42:12.374 [pool-3-thread-3] DEBUG n.t.c.r.m.cucumber.CucumberParser - Added feature FOOTER

12:42:12.377 [pool-3-thread-2] DEBUG n.t.c.r.m.cucumber.CucumberParser - Added feature Coupons

12:42:12.380 [pool-3-thread-1] DEBUG n.t.c.r.m.cucumber.CucumberParser - Added feature Coupons

12:42:12.392 [pool-3-thread-1] DEBUG n.t.c.r.m.cucumber.CucumberParser - Added feature Search Coupon

12:42:12.396 [pool-3-thread-2] DEBUG n.t.c.r.m.cucumber.CucumberParser - Added feature Coupons

12:42:12.399 [pool-3-thread-3] DEBUG n.t.c.r.m.cucumber.CucumberParser - Added feature Login into the application

12:42:12.401 [pool-3-thread-2] DEBUG n.t.c.r.m.cucumber.CucumberParser - Added feature Coupons

12:42:12.413 [pool-3-thread-2] DEBUG n.t.c.r.m.cucumber.CucumberParser - Added feature Coupons

12:42:12.416 [pool-3-thread-1] DEBUG n.t.c.r.m.cucumber.CucumberParser - Added feature FOOTER

12:42:12.419 [pool-3-thread-2] DEBUG n.t.c.r.m.cucumber.CucumberParser - Added feature Coupons

12:42:12.428 [pool-3-thread-2] DEBUG n.t.c.r.m.cucumber.CucumberParser - Added feature Search Coupon

12:42:12.440 [pool-3-thread-3] DEBUG n.t.c.r.m.cucumber.CucumberParser - Added feature Update

12:42:12.444 [pool-3-thread-2] DEBUG n.t.c.r.m.cucumber.CucumberParser - Added feature FOOTER

12:42:12.453 [pool-3-thread-1] DEBUG n.t.c.r.m.cucumber.CucumberParser - Added feature Login into the application

12:42:12.483 [pool-3-thread-2] DEBUG n.t.c.r.m.cucumber.CucumberParser - Added feature Login into the application

12:42:12.487 [pool-3-thread-1] DEBUG n.t.c.r.m.cucumber.CucumberParser - Added feature Update

12:42:12.500 [pool-3-thread-1] DEBUG n.t.c.r.BaseRequirementsService - Requirement found for test outcome successful login-[]: Optional[Requirement{name='Login into the application', type='feature' parent = 'Login', cardNumber='null'}]

12:42:12.500 [pool-3-thread-3] DEBUG n.t.c.r.BaseRequirementsService - Requirement found for test outcome user not registered-[]: Optional[Requirement{name='Login into the application', type='feature' parent = 'Login', cardNumber='null'}]

12:42:12.507 [pool-3-thread-3] DEBUG n.t.c.r.BaseRequirementsService - Requirement found for test outcome user not registered-[]: Optional[Requirement{name='Login into the application', type='feature' parent = 'Login', cardNumber='null'}]

12:42:12.518 [pool-3-thread-1] DEBUG n.t.c.r.BaseRequirementsService - Requirement found for test outcome successful login-[]: Optional[Requirement{name='Login into the application', type='feature' parent = 'Login', cardNumber='null'}]

12:42:12.527 [pool-3-thread-3] DEBUG n.t.c.r.BaseRequirementsService - Requirement found for test outcome user not registered-[]: Optional[Requirement{name='Login into the application', type='feature' parent = 'Login', cardNumber='null'}]

12:42:12.528 [pool-3-thread-3] DEBUG n.t.c.r.BaseRequirementsService - Requirement found for test outcome user not registered-[]: Optional[Requirement{name='Login into the application', type='feature' parent = 'Login', cardNumber='null'}]

12:42:12.533 [pool-3-thread-3] DEBUG serenity.reporting - Generating report in d8b9535ca69ca8caf88dc5246d5cfbfae814efb91b5216ec34ba3e1360419100_screenshots.html

12:42:12.535 [pool-3-thread-1] DEBUG n.t.c.r.BaseRequirementsService - Requirement found for test outcome successful login-[]: Optional[Requirement{name='Login into the application', type='feature' parent = 'Login', cardNumber='null'}]

12:42:12.536 [pool-3-thread-1] DEBUG n.t.c.r.BaseRequirementsService - Requirement found for test outcome successful login-[]: Optional[Requirement{name='Login into the application', type='feature' parent = 'Login', cardNumber='null'}]

12:42:12.537 [pool-3-thread-1] DEBUG serenity.reporting - Generating report in 187298ed932aa665ffb2485ff61c6540ca57808b33fdcdde8e1f508e15f27d8f_screenshots.html

12:42:12.556 [pool-3-thread-2] DEBUG n.t.c.r.m.cucumber.CucumberParser - Added feature Update

12:42:12.571 [pool-3-thread-2] DEBUG n.t.c.r.BaseRequirementsService - Requirement found for test outcome failed login-[]: Optional[Requirement{name='Login into the application', type='feature' parent = 'Login', cardNumber='null'}]

12:42:12.575 [pool-3-thread-2] DEBUG n.t.c.r.BaseRequirementsService - Requirement found for test outcome failed login-[]: Optional[Requirement{name='Login into the application', type='feature' parent = 'Login', cardNumber='null'}]

12:42:12.589 [pool-3-thread-2] DEBUG n.t.c.r.BaseRequirementsService - Requirement found for test outcome failed login-[]: Optional[Requirement{name='Login into the application', type='feature' parent = 'Login', cardNumber='null'}]

12:42:12.591 [pool-3-thread-2] DEBUG n.t.c.r.BaseRequirementsService - Requirement found for test outcome failed login-[]: Optional[Requirement{name='Login into the application', type='feature' parent = 'Login', cardNumber='null'}]

12:42:12.606 [pool-3-thread-2] DEBUG serenity.reporting - Generating report in ab71c13ef555b3593dbf8f9c2b5addc5f41d41145c422119aed1dceb64576d75_screenshots.html

12:42:13.287 [pool-3-thread-3] DEBUG serenity.reporting - Generated report d8b9535ca69ca8caf88dc5246d5cfbfae814efb91b5216ec34ba3e1360419100_screenshots.html in 754 ms

12:42:13.287 [pool-3-thread-2] DEBUG serenity.reporting - Generated report ab71c13ef555b3593dbf8f9c2b5addc5f41d41145c422119aed1dceb64576d75_screenshots.html in 681 ms

12:42:13.287 [pool-3-thread-1] DEBUG serenity.reporting - Generated report 187298ed932aa665ffb2485ff61c6540ca57808b33fdcdde8e1f508e15f27d8f_screenshots.html in 750 ms

12:42:13.290 [pool-3-thread-1] INFO  serenity.reporting - 
-------------------------------
| TEST NAME:   &amp#27;[1msuccessful login&amp#27;[0m
| RESULT:      &amp#27;[91mFailing&amp#27;[0m
| REQUIREMENT: Login into the application
| REPORT:      &amp#27;[96mfile:///C:/Users/Usuario/Desktop/AUTOMATIZACIONES/automation-cuponero-v2/target/site/serenity/187298ed932aa665ffb2485ff61c6540ca57808b33fdcdde8e1f508e15f27d8f.html&amp#27;[0m
-------------------------------

12:42:13.292 [pool-3-thread-3] INFO  serenity.reporting - 
----------------------------------
| TEST NAME:   &amp#27;[1muser not registered&amp#27;[0m
| RESULT:      &amp#27;[91mFailing&amp#27;[0m
| REQUIREMENT: Login into the application
| REPORT:      &amp#27;[96mfile:///C:/Users/Usuario/Desktop/AUTOMATIZACIONES/automation-cuponero-v2/target/site/serenity/d8b9535ca69ca8caf88dc5246d5cfbfae814efb91b5216ec34ba3e1360419100.html&amp#27;[0m
----------------------------------

12:42:13.299 [pool-3-thread-2] INFO  serenity.reporting - 
---------------------------
| TEST NAME:   &amp#27;[1mfailed login&amp#27;[0m
| RESULT:      &amp#27;[91mFailing&amp#27;[0m
| REQUIREMENT: Login into the application
| REPORT:      &amp#27;[96mfile:///C:/Users/Usuario/Desktop/AUTOMATIZACIONES/automation-cuponero-v2/target/site/serenity/ab71c13ef555b3593dbf8f9c2b5addc5f41d41145c422119aed1dceb64576d75.html&amp#27;[0m
---------------------------

12:42:13.303 [pool-3-thread-2] DEBUG serenity.reporting - Generating report in ab71c13ef555b3593dbf8f9c2b5addc5f41d41145c422119aed1dceb64576d75.html

12:42:13.654 [pool-3-thread-2] DEBUG serenity.reporting - Generated report ab71c13ef555b3593dbf8f9c2b5addc5f41d41145c422119aed1dceb64576d75.html in 351 ms

12:42:13.654 [pool-3-thread-2] DEBUG n.t.core.reports.ReportService - Processing test outcome Login into the application:failed login done

12:42:14.227 [pool-3-thread-1] DEBUG serenity.reporting - Generating report in 187298ed932aa665ffb2485ff61c6540ca57808b33fdcdde8e1f508e15f27d8f.html

12:42:14.227 [pool-3-thread-3] DEBUG serenity.reporting - Generating report in d8b9535ca69ca8caf88dc5246d5cfbfae814efb91b5216ec34ba3e1360419100.html

12:42:14.410 [pool-3-thread-3] DEBUG serenity.reporting - Generated report d8b9535ca69ca8caf88dc5246d5cfbfae814efb91b5216ec34ba3e1360419100.html in 183 ms

12:42:14.414 [pool-3-thread-3] DEBUG n.t.core.reports.ReportService - Processing test outcome Login into the application:user not registered done

12:42:14.524 [pool-3-thread-1] DEBUG serenity.reporting - Generated report 187298ed932aa665ffb2485ff61c6540ca57808b33fdcdde8e1f508e15f27d8f.html in 297 ms

12:42:14.524 [pool-3-thread-1] DEBUG n.t.core.reports.ReportService - Processing test outcome Login into the application:successful login done

12:42:14.527 [main] DEBUG n.t.core.reports.ReportService - Shutting down executor service

12:42:14.527 [main] DEBUG n.t.core.reports.ReportService - Reports generated in: 3290 ms

12:42:14.772 [main] INFO  i.c.core.plugin.SerenityReporter - Cleanup test resources for URI file:///C:/Users/Usuario/Desktop/AUTOMATIZACIONES/automation-cuponero-v2/src/test/resources/features/login/login.feature

12:42:14.774 [main] DEBUG n.s.core.photography.Darkroom - Closing darkroom


@login @loginSuccess
Scenario Outline: successful login        &amp#27;[90m# src/test/resources/features/login/login.feature:16&amp#27;[0m
12:40:51.653 [pool-2-thread-1] INFO  i.c.core.plugin.SerenityReporter - Running feature from file:///C:/Users/Usuario/Desktop/AUTOMATIZACIONES/automation-cuponero-v2/src/test/resources/features/login/login.feature
12:40:51.756 [pool-2-thread-1] INFO   - ----------------
- TEST STARTED -
----------------

successful login(login-into-the-application;successful-login)
----------------
12:40:51.840 [pool-2-thread-1] DEBUG n.t.c.r.m.cucumber.CucumberParser - Added feature category coupons
12:40:51.865 [pool-2-thread-1] DEBUG n.t.c.r.m.cucumber.CucumberParser - Added feature Coupons
12:40:51.872 [pool-2-thread-1] DEBUG n.t.c.r.m.cucumber.CucumberParser - Added feature Coupons
12:40:51.880 [pool-2-thread-1] DEBUG n.t.c.r.m.cucumber.CucumberParser - Added feature Coupons
12:40:51.886 [pool-2-thread-1] DEBUG n.t.c.r.m.cucumber.CucumberParser - Added feature Coupons
12:40:51.893 [pool-2-thread-1] DEBUG n.t.c.r.m.cucumber.CucumberParser - Added feature Coupons
12:40:51.903 [pool-2-thread-1] DEBUG n.t.c.r.m.cucumber.CucumberParser - Added feature Search Coupon
12:40:51.922 [pool-2-thread-1] DEBUG n.t.c.r.m.cucumber.CucumberParser - Added feature FOOTER
12:40:51.943 [pool-2-thread-1] DEBUG n.t.c.r.m.cucumber.CucumberParser - Added feature Login into the application
12:40:51.959 [pool-2-thread-1] DEBUG n.t.c.r.m.cucumber.CucumberParser - Added feature Update
&amp#27;[92m|-- 1: successful login ({number=72209308})&amp#27;[0m
&amp#27;[92m|---- Given User enters the coupon website&amp#27;[0m
&amp#27;[92m|------ User opens the home page&amp#27;[0m
12:40:52.361 [pool-2-thread-1] DEBUG n.t.core.steps.StepInterceptor - STARTING STEP: LoginSD.user_enters_the_coupon_website - !#title
&amp#27;[92m|-------- User opens the home.page page&amp#27;[0m
12:40:52.373 [pool-2-thread-1] DEBUG n.t.core.steps.StepInterceptor - STARTING STEP: LoginSD.user_enters_the_coupon_website - {0} opens the #pageName page
12:40:52.403 [pool-2-thread-1] INFO  n.s.c.w.d.ChromeDriverProvider - Using automatically driver download
12:40:52.664 [pool-2-thread-1] DEBUG i.g.b.wdm.cache.ResolutionCache - Resolution chrome=94 in cache (valid until 12:41:50 04/10/2021 COT)
12:40:52.665 [pool-2-thread-1] DEBUG i.g.b.wdm.cache.ResolutionCache - Resolution chrome94=94.0.4606.61 in cache (valid until 11:41:50 05/10/2021 COT)
12:40:52.665 [pool-2-thread-1] INFO  i.g.bonigarcia.wdm.WebDriverManager - Using chromedriver 94.0.4606.61 (resolved driver for Chrome 94)
12:40:52.672 [pool-2-thread-1] DEBUG i.g.bonigarcia.wdm.WebDriverManager - Driver chromedriver 94.0.4606.61 found in cache
12:40:52.672 [pool-2-thread-1] INFO  i.g.bonigarcia.wdm.WebDriverManager - Exporting webdriver.chrome.driver as C:\Users\Usuario\.cache\selenium\chromedriver\win32\94.0.4606.61\chromedriver.exe
12:40:53.495 [pool-2-thread-1] INFO  n.s.c.w.d.ProvideNewDriver - Instantiating driver
12:40:53.497 [pool-2-thread-1] INFO  n.s.c.w.d.ProvideNewDriver - Driver capabilities: Capabilities {acceptInsecureCerts: false, browserName: chrome, chrome.switches: --start-maximized;--test-ty..., goog:chromeOptions: {args: [--start-maximized, --test-type, --no-sandbox, --ignore-certificate-errors, --disable-popup-blocking, --disable-default-apps, --disable-extensions-file-a..., --disable-download-notifica..., --disable-infobars, --disable-gpu], excludeSwitches: [--enable-automation], extensions: [], prefs: {credentials_enable_service: false, download.default_directory: /my/downloads/, password_manager_enabled: false, profile.default_content_setting_values.geolocation: 1, profile.default_content_setting_values.notifications: 1, profile.default_content_settings.popups: 0}, useAutomationExtension: false}, loggingPrefs: org.openqa.selenium.logging...}
12:41:12.854 [pool-2-thread-1] DEBUG n.s.core.photography.Darkroom - Opening darkroom
12:41:12.855 [Darkroom Processing Line] DEBUG n.s.c.p.DarkroomProcessingLine - Darkroom processing line starting up
12:41:13.254 [pool-2-thread-1] DEBUG n.s.core.photography.Darkroom - Send negative for processing for target\site\serenity\02bc36f7d8099e060cb29acc80df4013b71510223b83e7e3f2cff43fecf7ece5.png
12:41:13.255 [Darkroom Processing Line] DEBUG n.s.c.p.DarkroomProcessingLine - Processing screenshot image in /var/screenshots/screenshot-12850608486027445831
12:41:13.255 [Darkroom Processing Line] DEBUG n.s.c.p.DarkroomProcessingLine - Saving screenshot to target\site\serenity\02bc36f7d8099e060cb29acc80df4013b71510223b83e7e3f2cff43fecf7ece5.png
12:41:13.257 [pool-2-thread-1] DEBUG n.t.core.steps.StepInterceptor - STEP DONE: {0} opens the #pageName page
12:41:13.271 [pool-2-thread-1] DEBUG n.t.core.steps.StepInterceptor - STEP DONE: !#title
  &amp#27;[32mGiven &amp#27;[0m&amp#27;[32m&amp#27;[0m&amp#27;[32m&amp#27;[1mUser&amp#27;[0m&amp#27;[32m enters the coupon website&amp#27;[0m    &amp#27;[90m# steps.LoginSD.user_enters_the_coupon_website(net.serenitybdd.screenplay.Actor)&amp#27;[0m
12:41:23.496 [pool-2-thread-1] DEBUG n.s.core.photography.Darkroom - Send negative for processing for target\site\serenity\d309b60ffb74e3eb9c65f0412c02cec28163a4a9907f81ef5e3d5219432536af.png
12:41:23.496 [Darkroom Processing Line] DEBUG n.s.c.p.DarkroomProcessingLine - Processing screenshot image in /var/screenshots/screenshot-6518703930175648146
12:41:23.497 [Darkroom Processing Line] DEBUG n.s.c.p.DarkroomProcessingLine - Saving screenshot to target\site\serenity\d309b60ffb74e3eb9c65f0412c02cec28163a4a9907f81ef5e3d5219432536af.png
&amp#27;[92m|---- When sends number document 72209308&amp#27;[0m
&amp#27;[92m|------ Login&amp#27;[0m
12:41:23.529 [pool-2-thread-1] DEBUG n.t.core.steps.StepInterceptor - STARTING STEP: LoginSD.sends_number_document - !#title
12:41:23.534 [pool-2-thread-1] DEBUG n.s.s.targets.IFrameSwitcher - default content already selected for Input de numero de documento
12:41:24.511 [pool-2-thread-1] DEBUG n.s.core.photography.Darkroom - Send negative for processing for target\site\serenity\f1e4b4098d4daef8dee7500d410add054ea12b735871eb34e23e6a9f479086c7.png
&amp#27;[92m|-------- User enters '72209308' into Input de numero de documento&amp#27;[0m
12:41:24.512 [Darkroom Processing Line] DEBUG n.s.c.p.DarkroomProcessingLine - Processing screenshot image in /var/screenshots/screenshot-7842981104033784170
12:41:24.512 [Darkroom Processing Line] DEBUG n.s.c.p.DarkroomProcessingLine - Saving screenshot to target\site\serenity\f1e4b4098d4daef8dee7500d410add054ea12b735871eb34e23e6a9f479086c7.png
12:41:24.512 [pool-2-thread-1] DEBUG n.t.core.steps.StepInterceptor - STARTING STEP: LoginSD.sends_number_document - {0} enters #theTextAsAString into #target
12:41:24.514 [pool-2-thread-1] DEBUG n.s.s.targets.IFrameSwitcher - default content already selected for Input de numero de documento
12:41:25.058 [pool-2-thread-1] DEBUG n.s.core.photography.Darkroom - Send negative for processing for target\site\serenity\31f47e52dd31511d4b1543ee1a68c6a9a93dd9018571b8be0e71113d176e8e92.png
12:41:25.059 [pool-2-thread-1] DEBUG n.t.core.steps.StepInterceptor - STEP DONE: {0} enters #theTextAsAString into #target
12:41:25.059 [Darkroom Processing Line] DEBUG n.s.c.p.DarkroomProcessingLine - Processing screenshot image in /var/screenshots/screenshot-15300378585765727443
12:41:25.059 [Darkroom Processing Line] DEBUG n.s.c.p.DarkroomProcessingLine - Saving screenshot to target\site\serenity\31f47e52dd31511d4b1543ee1a68c6a9a93dd9018571b8be0e71113d176e8e92.png
12:41:25.062 [pool-2-thread-1] DEBUG n.s.s.targets.IFrameSwitcher - default content already selected for Boton ingresar
12:41:25.371 [pool-2-thread-1] DEBUG n.s.core.photography.Darkroom - Send negative for processing for target\site\serenity\31f47e52dd31511d4b1543ee1a68c6a9a93dd9018571b8be0e71113d176e8e92.png
&amp#27;[92m|-------- User clicks on Boton ingresar&amp#27;[0m
12:41:25.371 [pool-2-thread-1] DEBUG n.t.core.steps.StepInterceptor - STARTING STEP: LoginSD.sends_number_document - {0} clicks on #target
12:41:25.372 [pool-2-thread-1] DEBUG n.s.s.targets.IFrameSwitcher - default content already selected for Boton ingresar
12:41:25.695 [pool-2-thread-1] DEBUG n.s.core.photography.Darkroom - Send negative for processing for target\site\serenity\6b94fd7fd22e457cc09788d3d75ff4e77d196ff05b6dea6c0c98727640359b87.png
12:41:25.695 [pool-2-thread-1] DEBUG n.t.core.steps.StepInterceptor - STEP DONE: {0} clicks on #target
12:41:25.695 [Darkroom Processing Line] DEBUG n.s.c.p.DarkroomProcessingLine - Processing screenshot image in /var/screenshots/screenshot-16891327035966275009
12:41:25.695 [Darkroom Processing Line] DEBUG n.s.c.p.DarkroomProcessingLine - Saving screenshot to target\site\serenity\6b94fd7fd22e457cc09788d3d75ff4e77d196ff05b6dea6c0c98727640359b87.png
12:41:25.697 [pool-2-thread-1] DEBUG n.s.s.targets.IFrameSwitcher - default content already selected for NOMBRE DEL CLIENTE
12:41:27.450 [pool-2-thread-1] DEBUG n.s.core.photography.Darkroom - Send negative for processing for target\site\serenity\79c9b0991d46f12ab75d5bac7b4ffbb5da875130c52379966adac69082d49a75.png
12:41:27.450 [pool-2-thread-1] DEBUG n.t.core.steps.StepInterceptor - STEP DONE: !#title
12:41:27.450 [Darkroom Processing Line] DEBUG n.s.c.p.DarkroomProcessingLine - Processing screenshot image in /var/screenshots/screenshot-12370752717582480974
12:41:27.450 [Darkroom Processing Line] DEBUG n.s.c.p.DarkroomProcessingLine - Saving screenshot to target\site\serenity\79c9b0991d46f12ab75d5bac7b4ffbb5da875130c52379966adac69082d49a75.png
  &amp#27;[32mWhen &amp#27;[0m&amp#27;[32msends number document &amp#27;[0m&amp#27;[32m&amp#27;[1m72209308&amp#27;[0m     &amp#27;[90m# steps.LoginSD.sends_number_document(java.lang.String)&amp#27;[0m
&amp#27;[92m|---- Then should be able to view her coupons&amp#27;[0m
12:41:27.462 [pool-2-thread-1] DEBUG n.s.s.targets.IFrameSwitcher - default content already selected for NOMBRE DEL CLIENTE
****MENSAJE DE BIENVENIDA*****:¡Hola
12:41:27.770 [pool-2-thread-1] DEBUG n.s.core.photography.Darkroom - Send negative for processing for target\site\serenity\79c9b0991d46f12ab75d5bac7b4ffbb5da875130c52379966adac69082d49a75.png
&amp#27;[92m|------ Then MENSAJE DE BIENVENIDA should be Predicates.equalTo(&iexcl;Hola)&amp#27;[0m
12:41:27.771 [pool-2-thread-1] DEBUG n.s.s.targets.IFrameSwitcher - default content already selected for NOMBRE DEL CLIENTE
12:41:27.947 [pool-2-thread-1] INFO   - &amp#27;[91mSTEP FAILURE: java.lang.AssertionError: predicate failed&amp#27;[0m
  &amp#27;[31mThen &amp#27;[0m&amp#27;[31mshould be able to view her coupons&amp#27;[0m &amp#27;[90m# steps.LoginSD.should_be_able_to_view_her_coupons()&amp#27;[0m
      &amp#27;[31mjava.lang.AssertionError: predicate failed
	at net.serenitybdd.screenplay.ErrorTally.throwSummaryExceptionFrom(ErrorTally.java:38)
	at net.serenitybdd.screenplay.ErrorTally.reportAnyErrors(ErrorTally.java:32)
	at net.serenitybdd.screenplay.Actor.should(Actor.java:322)
	at serenity.scrennplay@1.0-SNAPSHOT/steps.LoginSD.should_be_able_to_view_her_coupons(LoginSD.java:48)
	at âœ½.should be able to view her coupons(file:///C:/Users/Usuario/Desktop/AUTOMATIZACIONES/automation-cuponero-v2/src/test/resources/features/login/login.feature:13)
&amp#27;[0m
12:41:27.959 [pool-2-thread-1] INFO   - &amp#27;[91mSTEP FAILURE: java.lang.AssertionError: predicate failed&amp#27;[0m
12:41:28.427 [Darkroom Processing Line] DEBUG n.s.c.p.DarkroomProcessingLine - Processing screenshot image in /var/screenshots/screenshot-18398129934308395837
12:41:28.427 [Darkroom Processing Line] DEBUG n.s.c.p.DarkroomProcessingLine - Saving screenshot to target\site\serenity\08792241ef2e757c252c057b79b94054a458f78a7041fa5f4a36e11e5d381532.png
12:41:32.851 [Darkroom Processing Line] DEBUG n.s.c.p.DarkroomProcessingLine - Processing screenshot image in /var/screenshots/screenshot-5377012881562434385
12:41:32.851 [Darkroom Processing Line] DEBUG n.s.c.p.DarkroomProcessingLine - Saving screenshot to target\site\serenity\0801ea3ba713ff307dc8c56fa7e4bd911cdf95497cab4a15b7a2585dc04aa565.png
12:41:43.081 [Darkroom Processing Line] DEBUG n.s.c.p.DarkroomProcessingLine - Processing screenshot image in /var/screenshots/screenshot-4354012946070423048
12:41:43.081 [Darkroom Processing Line] DEBUG n.s.c.p.DarkroomProcessingLine - Saving screenshot to target\site\serenity\6c17aeb89d8e358171d5234d92dd0b83e6668104bad3458c2e1aef3da9b5ed3f.png
12:41:51.871 [Darkroom Processing Line] DEBUG n.s.c.p.DarkroomProcessingLine - Processing screenshot image in /var/screenshots/screenshot-13898951775136125423
12:41:51.871 [Darkroom Processing Line] DEBUG n.s.c.p.DarkroomProcessingLine - Saving screenshot to target\site\serenity\4ced038380f16660d93ee2e563190a0728a8364c7be23754420e6dd99f5f6ef7.png
12:41:52.405 [Darkroom Processing Line] DEBUG n.s.c.p.DarkroomProcessingLine - Processing screenshot image in /var/screenshots/screenshot-4976308929383899517
12:41:52.405 [Darkroom Processing Line] DEBUG n.s.c.p.DarkroomProcessingLine - Saving screenshot to target\site\serenity\f25618d97cacaf25d295d4a6aaf7d4b1e9c1c97414b78fbf09a8e5eadb86bd25.png
12:42:14.775 [Darkroom Processing Line] DEBUG n.s.c.p.DarkroomProcessingLine - Darkroom processing line shutting down
]]></system-out>
    <system-err><![CDATA[Starting ChromeDriver 94.0.4606.61 (418b78f5838ed0b1c69bb4e51ea0252171854915-refs/branch-heads/4606@{#1204}) on port 44665
Only local connections are allowed.
Please see https://chromedriver.chromium.org/security-considerations for suggestions on keeping ChromeDriver safe.
ChromeDriver was started successfully.
[1633369253.885][WARNING]: Deprecated chrome option is ignored: useAutomationExtension
[1633369253.885][WARNING]: Deprecated chrome option is ignored: useAutomationExtension
oct. 04, 2021 12:40:54 P. M. org.openqa.selenium.remote.ProtocolHandshake createSession
INFO: Detected dialect: W3C
]]></system-err>
  </testcase>
  <testcase name="failed login" classname="Login into the application" time="23.379">
    <failure message="&#10;Expected: an element that is visible&#10;     but: no matching element found by id: txtDocumentNumber" type="java.lang.AssertionError"><![CDATA[java.lang.AssertionError: 

Expected: an element that is visible
     but: no matching element found by id: txtDocumentNumber
]]></failure>
    <system-out><![CDATA[
@login @loginFailed
Scenario Outline: failed login             &amp#27;[90m# src/test/resources/features/login/login.feature:25&amp#27;[0m
12:41:28.185 [pool-2-thread-1] INFO  i.c.core.plugin.SerenityReporter - Running feature from file:///C:/Users/Usuario/Desktop/AUTOMATIZACIONES/automation-cuponero-v2/src/test/resources/features/login/login.feature
12:41:28.188 [pool-2-thread-1] INFO   - ----------------
- TEST STARTED -
----------------

failed login(login-into-the-application;failed-login)
----------------
12:41:28.426 [pool-2-thread-1] DEBUG n.s.core.photography.Darkroom - Send negative for processing for target\site\serenity\08792241ef2e757c252c057b79b94054a458f78a7041fa5f4a36e11e5d381532.png
&amp#27;[92m|-------- 1: failed login ({number=000000})&amp#27;[0m
&amp#27;[92m|---------- Given User enters the coupon website&amp#27;[0m
&amp#27;[92m|------------ User opens the home page&amp#27;[0m
12:41:28.445 [pool-2-thread-1] DEBUG n.t.core.steps.StepInterceptor - STARTING STEP: LoginSD.user_enters_the_coupon_website - !#title
&amp#27;[92m|-------------- User opens the home.page page&amp#27;[0m
12:41:28.453 [pool-2-thread-1] DEBUG n.t.core.steps.StepInterceptor - STARTING STEP: LoginSD.user_enters_the_coupon_website - {0} opens the #pageName page
12:41:32.851 [pool-2-thread-1] DEBUG n.s.core.photography.Darkroom - Send negative for processing for target\site\serenity\0801ea3ba713ff307dc8c56fa7e4bd911cdf95497cab4a15b7a2585dc04aa565.png
12:41:32.851 [pool-2-thread-1] DEBUG n.t.core.steps.StepInterceptor - STEP DONE: {0} opens the #pageName page
12:41:32.856 [pool-2-thread-1] DEBUG n.t.core.steps.StepInterceptor - STEP DONE: !#title
  &amp#27;[32mGiven &amp#27;[0m&amp#27;[32m&amp#27;[0m&amp#27;[32m&amp#27;[1mUser&amp#27;[0m&amp#27;[32m enters the coupon website&amp#27;[0m     &amp#27;[90m# steps.LoginSD.user_enters_the_coupon_website(net.serenitybdd.screenplay.Actor)&amp#27;[0m
12:41:43.080 [pool-2-thread-1] DEBUG n.s.core.photography.Darkroom - Send negative for processing for target\site\serenity\6c17aeb89d8e358171d5234d92dd0b83e6668104bad3458c2e1aef3da9b5ed3f.png
&amp#27;[92m|---------- When sends invalid document 000000&amp#27;[0m
&amp#27;[92m|------------ login invalid&amp#27;[0m
12:41:43.095 [pool-2-thread-1] DEBUG n.t.core.steps.StepInterceptor - STARTING STEP: LoginSD.sends_invalid_document - !#title
12:41:43.097 [pool-2-thread-1] DEBUG n.s.s.targets.IFrameSwitcher - default content already selected for Input de numero de documento
12:41:47.334 [pool-2-thread-1] DEBUG n.s.s.targets.IFrameSwitcher - default content already selected for Input de numero de documento
12:41:51.533 [pool-2-thread-1] INFO   - &amp#27;[91mSTEP FAILURE: java.lang.AssertionError: 
Expected: an element that is visible
     but: no matching element found by id: txtDocumentNumber&amp#27;[0m
12:41:51.536 [pool-2-thread-1] INFO   - &amp#27;[91mSTEP FAILURE: java.lang.AssertionError: 
Expected: an element that is visible
     but: no matching element found by id: txtDocumentNumber&amp#27;[0m
12:41:51.542 [pool-2-thread-1] INFO   - &amp#27;[91mSTEP FAILURE: java.lang.AssertionError: 
Expected: an element that is visible
     but: no matching element found by id: txtDocumentNumber&amp#27;[0m
12:41:51.545 [pool-2-thread-1] INFO   - &amp#27;[91mSTEP FAILURE: java.lang.AssertionError: 
Expected: an element that is visible
     but: no matching element found by id: txtDocumentNumber&amp#27;[0m
  &amp#27;[31mWhen &amp#27;[0m&amp#27;[31msends invalid document &amp#27;[0m&amp#27;[31m&amp#27;[1m000000&amp#27;[0m       &amp#27;[90m# steps.LoginSD.sends_invalid_document(java.lang.String)&amp#27;[0m
      &amp#27;[31mjava.lang.AssertionError: 
Expected: an element that is visible
     but: no matching element found by id: txtDocumentNumber
	at net.serenitybdd.screenplay.ErrorTally.throwSummaryExceptionFrom(ErrorTally.java:38)
	at net.serenitybdd.screenplay.ErrorTally.reportAnyErrors(ErrorTally.java:32)
	at net.serenitybdd.screenplay.Actor.should(Actor.java:322)
	at net.serenitybdd.screenplay.waits.WaitUntilTargetIsReady.performAs(WaitUntilTargetIsReady.java:30)
	at net.serenitybdd.screenplay.waits.WaitUntilTargetIsReady$ByteBuddy$1JnVyLT7.performAs$accessor$JHjTApES(Unknown Source)
	at java.base/jdk.internal.reflect.NativeMethodAccessorImpl.invoke0(Native Method)
	at java.base/jdk.internal.reflect.NativeMethodAccessorImpl.invoke(NativeMethodAccessorImpl.java:78)
	at java.base/jdk.internal.reflect.DelegatingMethodAccessorImpl.invoke(DelegatingMethodAccessorImpl.java:43)
	at java.base/java.lang.reflect.Method.invoke(Method.java:567)
	at net.thucydides.core.steps.StepInterceptor.invokeMethod(StepInterceptor.java:492)
	at net.thucydides.core.steps.StepInterceptor.runBaseObjectMethod(StepInterceptor.java:389)
	at net.thucydides.core.steps.StepInterceptor.intercept(StepInterceptor.java:74)
	at net.thucydides.core.steps.ProxyConfiguration$InterceptorDispatcher.intercept(ProxyConfiguration.java:51)
	at net.serenitybdd.screenplay.waits.WaitUntilTargetIsReady$ByteBuddy$1JnVyLT7.performAs(Unknown Source)
	at net.serenitybdd.screenplay.Actor.performTask(Actor.java:252)
	at net.serenitybdd.screenplay.Actor.perform(Actor.java:233)
	at net.serenitybdd.screenplay.Actor.performSilently(Actor.java:213)
	at net.serenitybdd.screenplay.Actor.attemptsTo(Actor.java:174)
	at net.serenitybdd.screenplay.AnonymousPerformable.performAs(AnonymousPerformable.java:26)
	at net.serenitybdd.screenplay.AnonymousTask$ByteBuddy$Ntrc8vGQ.performAs$accessor$8rmg0fjI(Unknown Source)
	at java.base/jdk.internal.reflect.NativeMethodAccessorImpl.invoke0(Native Method)
	at java.base/jdk.internal.reflect.NativeMethodAccessorImpl.invoke(NativeMethodAccessorImpl.java:78)
	at java.base/jdk.internal.reflect.DelegatingMethodAccessorImpl.invoke(DelegatingMethodAccessorImpl.java:43)
	at java.base/java.lang.reflect.Method.invoke(Method.java:567)
	at net.thucydides.core.steps.StepInterceptor.invokeMethod(StepInterceptor.java:492)
	at net.thucydides.core.steps.StepInterceptor.executeTestStepMethod(StepInterceptor.java:472)
	at net.thucydides.core.steps.StepInterceptor.runTestStep(StepInterceptor.java:445)
	at net.thucydides.core.steps.StepInterceptor.runOrSkipMethod(StepInterceptor.java:201)
	at net.thucydides.core.steps.StepInterceptor.testStepResult(StepInterceptor.java:188)
	at net.thucydides.core.steps.StepInterceptor.intercept(StepInterceptor.java:76)
	at net.thucydides.core.steps.ProxyConfiguration$InterceptorDispatcher.intercept(ProxyConfiguration.java:51)
	at net.serenitybdd.screenplay.AnonymousTask$ByteBuddy$Ntrc8vGQ.performAs(Unknown Source)
	at net.serenitybdd.screenplay.Actor.performTask(Actor.java:252)
	at net.serenitybdd.screenplay.Actor.perform(Actor.java:233)
	at net.serenitybdd.screenplay.Actor.attemptsTo(Actor.java:178)
	at net.serenitybdd.screenplay.Actor.wasAbleTo(Actor.java:165)
	at serenity.scrennplay@1.0-SNAPSHOT/steps.LoginSD.sends_invalid_document(LoginSD.java:63)
	at âœ½.sends invalid document 000000(file:///C:/Users/Usuario/Desktop/AUTOMATIZACIONES/automation-cuponero-v2/src/test/resources/features/login/login.feature:21)
&amp#27;[0m
&amp#27;[92m|-------------- Then should be able to see error message&amp#27;[0m
  &amp#27;[36mThen &amp#27;[0m&amp#27;[36mshould be able to see error message&amp#27;[0m &amp#27;[90m# steps.LoginSD.should_be_able_to_see_error_message()&amp#27;[0m
12:41:51.558 [pool-2-thread-1] INFO   - &amp#27;[33m      -> STEP IGNORED&amp#27;[0m
]]></system-out>
  </testcase>
  <testcase name="user not registered" classname="Login into the application" time="19.522">
    <failure message="&#10;Expected: an element that is visible&#10;     but: no matching element found by id: txtDocumentNumber" type="java.lang.AssertionError"><![CDATA[java.lang.AssertionError: 

Expected: an element that is visible
     but: no matching element found by id: txtDocumentNumber
]]></failure>
    <system-out><![CDATA[
@login @userNotRegistered
Scenario Outline: user not registered               &amp#27;[90m# src/test/resources/features/login/login.feature:36&amp#27;[0m
12:41:51.583 [pool-2-thread-1] INFO  i.c.core.plugin.SerenityReporter - Running feature from file:///C:/Users/Usuario/Desktop/AUTOMATIZACIONES/automation-cuponero-v2/src/test/resources/features/login/login.feature
12:41:51.587 [pool-2-thread-1] INFO   - ----------------
- TEST STARTED -
----------------

user not registered(login-into-the-application;user-not-registered)
----------------
12:41:51.871 [pool-2-thread-1] DEBUG n.s.core.photography.Darkroom - Send negative for processing for target\site\serenity\4ced038380f16660d93ee2e563190a0728a8364c7be23754420e6dd99f5f6ef7.png
&amp#27;[92m|-------------- 1: user not registered ({number=00447711})&amp#27;[0m
&amp#27;[92m|---------------- Given User enters the coupon website&amp#27;[0m
&amp#27;[92m|------------------ User opens the home page&amp#27;[0m
12:41:51.893 [pool-2-thread-1] DEBUG n.t.core.steps.StepInterceptor - STARTING STEP: LoginSD.user_enters_the_coupon_website - !#title
&amp#27;[92m|-------------------- User opens the home.page page&amp#27;[0m
12:41:51.902 [pool-2-thread-1] DEBUG n.t.core.steps.StepInterceptor - STARTING STEP: LoginSD.user_enters_the_coupon_website - {0} opens the #pageName page
12:41:52.405 [pool-2-thread-1] DEBUG n.s.core.photography.Darkroom - Send negative for processing for target\site\serenity\f25618d97cacaf25d295d4a6aaf7d4b1e9c1c97414b78fbf09a8e5eadb86bd25.png
12:41:52.405 [pool-2-thread-1] DEBUG n.t.core.steps.StepInterceptor - STEP DONE: {0} opens the #pageName page
12:41:52.411 [pool-2-thread-1] DEBUG n.t.core.steps.StepInterceptor - STEP DONE: !#title
  &amp#27;[32mGiven &amp#27;[0m&amp#27;[32m&amp#27;[0m&amp#27;[32m&amp#27;[1mUser&amp#27;[0m&amp#27;[32m enters the coupon website&amp#27;[0m              &amp#27;[90m# steps.LoginSD.user_enters_the_coupon_website(net.serenitybdd.screenplay.Actor)&amp#27;[0m
12:42:02.654 [pool-2-thread-1] DEBUG n.s.core.photography.Darkroom - Send negative for processing for target\site\serenity\0801ea3ba713ff307dc8c56fa7e4bd911cdf95497cab4a15b7a2585dc04aa565.png
&amp#27;[92m|---------------- When sends  document 00447711&amp#27;[0m
&amp#27;[92m|------------------ user no registred&amp#27;[0m
12:42:02.667 [pool-2-thread-1] DEBUG n.t.core.steps.StepInterceptor - STARTING STEP: LoginSD.sends_document - !#title
12:42:02.668 [pool-2-thread-1] DEBUG n.s.s.targets.IFrameSwitcher - default content already selected for Input de numero de documento
12:42:06.893 [pool-2-thread-1] DEBUG n.s.s.targets.IFrameSwitcher - default content already selected for Input de numero de documento
12:42:11.077 [pool-2-thread-1] INFO   - &amp#27;[91mSTEP FAILURE: java.lang.AssertionError: 
Expected: an element that is visible
     but: no matching element found by id: txtDocumentNumber&amp#27;[0m
12:42:11.081 [pool-2-thread-1] INFO   - &amp#27;[91mSTEP FAILURE: java.lang.AssertionError: 
Expected: an element that is visible
     but: no matching element found by id: txtDocumentNumber&amp#27;[0m
12:42:11.084 [pool-2-thread-1] INFO   - &amp#27;[91mSTEP FAILURE: java.lang.AssertionError: 
Expected: an element that is visible
     but: no matching element found by id: txtDocumentNumber&amp#27;[0m
12:42:11.085 [pool-2-thread-1] INFO   - &amp#27;[91mSTEP FAILURE: java.lang.AssertionError: 
Expected: an element that is visible
     but: no matching element found by id: txtDocumentNumber&amp#27;[0m
  &amp#27;[31mWhen &amp#27;[0m&amp#27;[31msends  document &amp#27;[0m&amp#27;[31m&amp#27;[1m00447711&amp#27;[0m                     &amp#27;[90m# steps.LoginSD.sends_document(java.lang.String)&amp#27;[0m
      &amp#27;[31mjava.lang.AssertionError: 
Expected: an element that is visible
     but: no matching element found by id: txtDocumentNumber
	at net.serenitybdd.screenplay.ErrorTally.throwSummaryExceptionFrom(ErrorTally.java:38)
	at net.serenitybdd.screenplay.ErrorTally.reportAnyErrors(ErrorTally.java:32)
	at net.serenitybdd.screenplay.Actor.should(Actor.java:322)
	at net.serenitybdd.screenplay.waits.WaitUntilTargetIsReady.performAs(WaitUntilTargetIsReady.java:30)
	at net.serenitybdd.screenplay.waits.WaitUntilTargetIsReady$ByteBuddy$1JnVyLT7.performAs$accessor$JHjTApES(Unknown Source)
	at java.base/jdk.internal.reflect.NativeMethodAccessorImpl.invoke0(Native Method)
	at java.base/jdk.internal.reflect.NativeMethodAccessorImpl.invoke(NativeMethodAccessorImpl.java:78)
	at java.base/jdk.internal.reflect.DelegatingMethodAccessorImpl.invoke(DelegatingMethodAccessorImpl.java:43)
	at java.base/java.lang.reflect.Method.invoke(Method.java:567)
	at net.thucydides.core.steps.StepInterceptor.invokeMethod(StepInterceptor.java:492)
	at net.thucydides.core.steps.StepInterceptor.runBaseObjectMethod(StepInterceptor.java:389)
	at net.thucydides.core.steps.StepInterceptor.intercept(StepInterceptor.java:74)
	at net.thucydides.core.steps.ProxyConfiguration$InterceptorDispatcher.intercept(ProxyConfiguration.java:51)
	at net.serenitybdd.screenplay.waits.WaitUntilTargetIsReady$ByteBuddy$1JnVyLT7.performAs(Unknown Source)
	at net.serenitybdd.screenplay.Actor.performTask(Actor.java:252)
	at net.serenitybdd.screenplay.Actor.perform(Actor.java:233)
	at net.serenitybdd.screenplay.Actor.performSilently(Actor.java:213)
	at net.serenitybdd.screenplay.Actor.attemptsTo(Actor.java:174)
	at net.serenitybdd.screenplay.AnonymousPerformable.performAs(AnonymousPerformable.java:26)
	at net.serenitybdd.screenplay.AnonymousTask$ByteBuddy$Ntrc8vGQ.performAs$accessor$8rmg0fjI(Unknown Source)
	at java.base/jdk.internal.reflect.NativeMethodAccessorImpl.invoke0(Native Method)
	at java.base/jdk.internal.reflect.NativeMethodAccessorImpl.invoke(NativeMethodAccessorImpl.java:78)
	at java.base/jdk.internal.reflect.DelegatingMethodAccessorImpl.invoke(DelegatingMethodAccessorImpl.java:43)
	at java.base/java.lang.reflect.Method.invoke(Method.java:567)
	at net.thucydides.core.steps.StepInterceptor.invokeMethod(StepInterceptor.java:492)
	at net.thucydides.core.steps.StepInterceptor.executeTestStepMethod(StepInterceptor.java:472)
	at net.thucydides.core.steps.StepInterceptor.runTestStep(StepInterceptor.java:445)
	at net.thucydides.core.steps.StepInterceptor.runOrSkipMethod(StepInterceptor.java:201)
	at net.thucydides.core.steps.StepInterceptor.testStepResult(StepInterceptor.java:188)
	at net.thucydides.core.steps.StepInterceptor.intercept(StepInterceptor.java:76)
	at net.thucydides.core.steps.ProxyConfiguration$InterceptorDispatcher.intercept(ProxyConfiguration.java:51)
	at net.serenitybdd.screenplay.AnonymousTask$ByteBuddy$Ntrc8vGQ.performAs(Unknown Source)
	at net.serenitybdd.screenplay.Actor.performTask(Actor.java:252)
	at net.serenitybdd.screenplay.Actor.perform(Actor.java:233)
	at net.serenitybdd.screenplay.Actor.attemptsTo(Actor.java:178)
	at net.serenitybdd.screenplay.Actor.wasAbleTo(Actor.java:165)
	at serenity.scrennplay@1.0-SNAPSHOT/steps.LoginSD.sends_document(LoginSD.java:80)
	at âœ½.sends  document 00447711(file:///C:/Users/Usuario/Desktop/AUTOMATIZACIONES/automation-cuponero-v2/src/test/resources/features/login/login.feature:32)
&amp#27;[0m
&amp#27;[92m|-------------------- Then should be able to see the registration modal&amp#27;[0m
  &amp#27;[36mThen &amp#27;[0m&amp#27;[36mshould be able to see the registration modal&amp#27;[0m &amp#27;[90m# steps.LoginSD.should_be_able_to_see_the_registration_modal()&amp#27;[0m
12:42:11.094 [pool-2-thread-1] INFO   - &amp#27;[33m      -> STEP IGNORED&amp#27;[0m
]]></system-out>
  </testcase>
</testsuite>