<?xml version="1.0" encoding="UTF-8"?>
<testsuite xmlns:xsi="http://www.w3.org/2001/XMLSchema-instance" xsi:noNamespaceSchemaLocation="https://maven.apache.org/surefire/maven-failsafe-plugin/xsd/failsafe-test-report-3.0.xsd" version="3.0" name="Login into the application" time="151.579" tests="3" errors="0" skipped="0" failures="0">
  <properties>
[...]
</properties>
  <testcase name="successful login" classname="Login into the application" time="42.389">
    <system-out><![CDATA[15:50:43.412 [main] DEBUG n.t.c.u.PropertiesFileLocalPreferences - LOADING LOCAL PROPERTIES FROM C:\Users\Usuario\Desktop\AUTOMATIZACIONES\automation-cuponero-v2\serenity.properties 

15:50:43.499 [main] DEBUG n.t.c.u.PropertiesFileLocalPreferences - LOADING LOCAL PROPERTIES FROM C:\Users\Usuario\Desktop\AUTOMATIZACIONES\automation-cuponero-v2\serenity.properties 

15:50:43.499 [main] DEBUG n.t.c.u.PropertiesFileLocalPreferences - LOADING LOCAL PROPERTIES FROM C:\Users\Usuario\Desktop\AUTOMATIZACIONES\automation-cuponero-v2\serenity.properties 

15:50:43.513 [main] DEBUG n.t.c.u.PropertiesFileLocalPreferences - serenity.test.root="net.serenitybdd.demos.todos.features"

15:50:43.513 [main] DEBUG n.t.c.u.PropertiesFileLocalPreferences - serenity.project.name="My Special Project"

15:50:43.513 [main] DEBUG n.t.c.u.PropertiesFileLocalPreferences - browserstack.name=[Serenity] Sample Test

15:50:43.514 [main] DEBUG n.t.c.u.PropertiesFileLocalPreferences - serenity.timeouts.fluentwait=10000

15:50:43.514 [main] DEBUG n.t.c.u.PropertiesFileLocalPreferences - chrome_experimental_options.excludeSwitches=enable-automation

15:50:43.514 [main] DEBUG n.t.c.u.PropertiesFileLocalPreferences - environments.PROD.home.page=https://cupomania-qa05.cindibyinkafarma.com/login

15:50:43.514 [main] DEBUG n.t.c.u.PropertiesFileLocalPreferences - serenity.reports.show.step.details=true

15:50:43.514 [main] DEBUG n.t.c.u.PropertiesFileLocalPreferences - webdriver.autodownload=true

15:50:43.514 [main] DEBUG n.t.c.u.PropertiesFileLocalPreferences - chrome_preferences.password_manager_enabled=false

15:50:43.514 [main] DEBUG n.t.c.u.PropertiesFileLocalPreferences - environments.UAT.home.page=https://cupomania-qa05.cindibyinkafarma.com/login

15:50:43.514 [main] DEBUG n.t.c.u.PropertiesFileLocalPreferences - chrome_preferences.profile.default_content_settings.popups=0

15:50:43.514 [main] DEBUG n.t.c.u.PropertiesFileLocalPreferences - serenity.report.show.manual.tests=true

15:50:43.514 [main] DEBUG n.t.c.u.PropertiesFileLocalPreferences - serenity.wait.for.timeout=10000

15:50:43.514 [main] DEBUG n.t.c.u.PropertiesFileLocalPreferences - environments.UAT.home.page1=https://conveniosci04.cindibyinkafarma.com/

15:50:43.514 [main] DEBUG n.t.c.u.PropertiesFileLocalPreferences - firefox.preferences=browser.download.dir=/tmp;browser.helperApps.alwaysAsk.force=false;browser.download.manager.showWhenStarting=false;browser.download.useDownloadDir=true;browser.download.folderList=2;permissions.default.desktop-notification=1

15:50:43.515 [main] DEBUG n.t.c.u.PropertiesFileLocalPreferences - serenity.browser.width=1920

15:50:43.515 [main] DEBUG n.t.c.u.PropertiesFileLocalPreferences - chrome_preferences.profile.default_content_setting_values.notifications=1

15:50:43.515 [main] DEBUG n.t.c.u.PropertiesFileLocalPreferences - serenity.verbose.screenshots.for.tasks=AFTER_EACH_STEP

15:50:43.515 [main] DEBUG n.t.c.u.PropertiesFileLocalPreferences - serenity.max.retries=2

15:50:43.515 [main] DEBUG n.t.c.u.PropertiesFileLocalPreferences - environments.default.home.page=https://cupomania-qa05.cindibyinkafarma.com/login

15:50:43.515 [main] DEBUG n.t.c.u.PropertiesFileLocalPreferences - serenity.take.screenshots.for.tasks=FOR_EACH_ACTION

15:50:43.515 [main] DEBUG n.t.c.u.PropertiesFileLocalPreferences - chrome_experimental_options.useAutomationExtension=false

15:50:43.516 [main] DEBUG n.t.c.u.PropertiesFileLocalPreferences - chrome.switches=--start-maximized;--test-type;--no-sandbox;--ignore-certificate-errors;--disable-popup-blocking;--disable-default-apps;--disable-extensions-file-access-check;--disable-download-notification;--disable-infobars,--disable-gpu

15:50:43.516 [main] DEBUG n.t.c.u.PropertiesFileLocalPreferences - serenity.console.headings=normal

15:50:43.516 [main] DEBUG n.t.c.u.PropertiesFileLocalPreferences - serenity.console.colors=true

15:50:43.516 [main] DEBUG n.t.c.u.PropertiesFileLocalPreferences - serenity.restart.browser.for.each=NEVER

15:50:43.516 [main] DEBUG n.t.c.u.PropertiesFileLocalPreferences - serenity.use.unique.browser=true

15:50:43.516 [main] DEBUG n.t.c.u.PropertiesFileLocalPreferences - serenity.junit.retry.tests=true

15:50:43.516 [main] DEBUG n.t.c.u.PropertiesFileLocalPreferences - chrome_preferences.credentials_enable_service=false

15:50:43.516 [main] DEBUG n.t.c.u.PropertiesFileLocalPreferences - serenity.timeouts.implicitlywait=5000

15:50:43.516 [main] DEBUG n.t.c.u.PropertiesFileLocalPreferences - webdriver.driver=chrome

15:50:43.517 [main] DEBUG n.t.c.u.PropertiesFileLocalPreferences - chrome_preferences.download.default_directory=/my/downloads/

15:50:43.517 [main] DEBUG n.t.c.u.PropertiesFileLocalPreferences - serenity.logging=VERBOSE

15:50:43.517 [main] DEBUG n.t.c.u.PropertiesFileLocalPreferences - serenity.browser.height=1080

15:50:43.517 [main] DEBUG n.t.c.u.PropertiesFileLocalPreferences - environment=UAT

15:50:43.517 [main] DEBUG n.t.c.u.PropertiesFileLocalPreferences - chrome_preferences.profile.default_content_setting_values.geolocation=1

15:50:43.517 [main] DEBUG n.t.c.u.PropertiesFileLocalPreferences - headless.mode=false

15:50:43.909 [main] DEBUG n.t.c.u.PropertiesFileLocalPreferences - LOADING LOCAL PROPERTIES FROM C:\Users\Usuario\Desktop\AUTOMATIZACIONES\automation-cuponero-v2\serenity.properties 

15:50:43.930 [main] DEBUG n.t.c.u.PropertiesFileLocalPreferences - LOADING LOCAL PROPERTIES FROM C:\Users\Usuario\Desktop\AUTOMATIZACIONES\automation-cuponero-v2\serenity.properties 

15:50:43.930 [main] DEBUG n.t.c.u.PropertiesFileLocalPreferences - LOADING LOCAL PROPERTIES FROM C:\Users\Usuario\Desktop\AUTOMATIZACIONES\automation-cuponero-v2\serenity.properties 

15:50:43.931 [main] DEBUG n.t.c.u.PropertiesFileLocalPreferences - serenity.test.root="net.serenitybdd.demos.todos.features"

15:50:43.931 [main] DEBUG n.t.c.u.PropertiesFileLocalPreferences - serenity.project.name="My Special Project"

15:50:43.931 [main] DEBUG n.t.c.u.PropertiesFileLocalPreferences - browserstack.name=[Serenity] Sample Test

15:50:43.931 [main] DEBUG n.t.c.u.PropertiesFileLocalPreferences - serenity.timeouts.fluentwait=10000

15:50:43.931 [main] DEBUG n.t.c.u.PropertiesFileLocalPreferences - chrome_experimental_options.excludeSwitches=enable-automation

15:50:43.931 [main] DEBUG n.t.c.u.PropertiesFileLocalPreferences - environments.PROD.home.page=https://cupomania-qa05.cindibyinkafarma.com/login

15:50:43.932 [main] DEBUG n.t.c.u.PropertiesFileLocalPreferences - serenity.reports.show.step.details=true

15:50:43.932 [main] DEBUG n.t.c.u.PropertiesFileLocalPreferences - webdriver.autodownload=true

15:50:43.932 [main] DEBUG n.t.c.u.PropertiesFileLocalPreferences - chrome_preferences.password_manager_enabled=false

15:50:43.932 [main] DEBUG n.t.c.u.PropertiesFileLocalPreferences - environments.UAT.home.page=https://cupomania-qa05.cindibyinkafarma.com/login

15:50:43.932 [main] DEBUG n.t.c.u.PropertiesFileLocalPreferences - chrome_preferences.profile.default_content_settings.popups=0

15:50:43.932 [main] DEBUG n.t.c.u.PropertiesFileLocalPreferences - serenity.report.show.manual.tests=true

15:50:43.932 [main] DEBUG n.t.c.u.PropertiesFileLocalPreferences - serenity.wait.for.timeout=10000

15:50:43.932 [main] DEBUG n.t.c.u.PropertiesFileLocalPreferences - environments.UAT.home.page1=https://conveniosci04.cindibyinkafarma.com/

15:50:43.932 [main] DEBUG n.t.c.u.PropertiesFileLocalPreferences - firefox.preferences=browser.download.dir=/tmp;browser.helperApps.alwaysAsk.force=false;browser.download.manager.showWhenStarting=false;browser.download.useDownloadDir=true;browser.download.folderList=2;permissions.default.desktop-notification=1

15:50:43.932 [main] DEBUG n.t.c.u.PropertiesFileLocalPreferences - serenity.browser.width=1920

15:50:43.932 [main] DEBUG n.t.c.u.PropertiesFileLocalPreferences - chrome_preferences.profile.default_content_setting_values.notifications=1

15:50:43.932 [main] DEBUG n.t.c.u.PropertiesFileLocalPreferences - serenity.verbose.screenshots.for.tasks=AFTER_EACH_STEP

15:50:43.932 [main] DEBUG n.t.c.u.PropertiesFileLocalPreferences - serenity.max.retries=2

15:50:43.932 [main] DEBUG n.t.c.u.PropertiesFileLocalPreferences - environments.default.home.page=https://cupomania-qa05.cindibyinkafarma.com/login

15:50:43.933 [main] DEBUG n.t.c.u.PropertiesFileLocalPreferences - serenity.take.screenshots.for.tasks=FOR_EACH_ACTION

15:50:43.933 [main] DEBUG n.t.c.u.PropertiesFileLocalPreferences - chrome_experimental_options.useAutomationExtension=false

15:50:43.933 [main] DEBUG n.t.c.u.PropertiesFileLocalPreferences - chrome.switches=--start-maximized;--test-type;--no-sandbox;--ignore-certificate-errors;--disable-popup-blocking;--disable-default-apps;--disable-extensions-file-access-check;--disable-download-notification;--disable-infobars,--disable-gpu

15:50:43.933 [main] DEBUG n.t.c.u.PropertiesFileLocalPreferences - serenity.console.headings=normal

15:50:43.933 [main] DEBUG n.t.c.u.PropertiesFileLocalPreferences - serenity.console.colors=true

15:50:43.933 [main] DEBUG n.t.c.u.PropertiesFileLocalPreferences - serenity.restart.browser.for.each=NEVER

15:50:43.933 [main] DEBUG n.t.c.u.PropertiesFileLocalPreferences - serenity.use.unique.browser=true

15:50:43.933 [main] DEBUG n.t.c.u.PropertiesFileLocalPreferences - serenity.junit.retry.tests=true

15:50:43.933 [main] DEBUG n.t.c.u.PropertiesFileLocalPreferences - chrome_preferences.credentials_enable_service=false

15:50:43.933 [main] DEBUG n.t.c.u.PropertiesFileLocalPreferences - serenity.timeouts.implicitlywait=5000

15:50:43.933 [main] DEBUG n.t.c.u.PropertiesFileLocalPreferences - webdriver.driver=chrome

15:50:43.933 [main] DEBUG n.t.c.u.PropertiesFileLocalPreferences - chrome_preferences.download.default_directory=/my/downloads/

15:50:43.933 [main] DEBUG n.t.c.u.PropertiesFileLocalPreferences - serenity.logging=VERBOSE

15:50:43.933 [main] DEBUG n.t.c.u.PropertiesFileLocalPreferences - serenity.browser.height=1080

15:50:43.933 [main] DEBUG n.t.c.u.PropertiesFileLocalPreferences - environment=UAT

15:50:43.934 [main] DEBUG n.t.c.u.PropertiesFileLocalPreferences - chrome_preferences.profile.default_content_setting_values.geolocation=1

15:50:43.934 [main] DEBUG n.t.c.u.PropertiesFileLocalPreferences - headless.mode=false

15:50:43.964 [main] INFO  i.c.core.plugin.SerenityReporter - Running feature from file:///C:/Users/Usuario/Desktop/AUTOMATIZACIONES/automation-cuponero-v2/src/test/resources/features/Coupons/categoryCoupon.feature

15:50:44.117 [main] DEBUG n.t.c.u.PropertiesFileLocalPreferences - LOADING LOCAL PROPERTIES FROM C:\Users\Usuario\Desktop\AUTOMATIZACIONES\automation-cuponero-v2\serenity.properties 

15:50:44.130 [main] DEBUG n.t.c.u.PropertiesFileLocalPreferences - LOADING LOCAL PROPERTIES FROM C:\Users\Usuario\Desktop\AUTOMATIZACIONES\automation-cuponero-v2\serenity.properties 

15:50:44.131 [main] DEBUG n.t.c.u.PropertiesFileLocalPreferences - LOADING LOCAL PROPERTIES FROM C:\Users\Usuario\Desktop\AUTOMATIZACIONES\automation-cuponero-v2\serenity.properties 

15:50:44.132 [main] DEBUG n.t.c.u.PropertiesFileLocalPreferences - serenity.test.root="net.serenitybdd.demos.todos.features"

15:50:44.132 [main] DEBUG n.t.c.u.PropertiesFileLocalPreferences - serenity.project.name="My Special Project"

15:50:44.132 [main] DEBUG n.t.c.u.PropertiesFileLocalPreferences - browserstack.name=[Serenity] Sample Test

15:50:44.132 [main] DEBUG n.t.c.u.PropertiesFileLocalPreferences - serenity.timeouts.fluentwait=10000

15:50:44.132 [main] DEBUG n.t.c.u.PropertiesFileLocalPreferences - chrome_experimental_options.excludeSwitches=enable-automation

15:50:44.132 [main] DEBUG n.t.c.u.PropertiesFileLocalPreferences - environments.PROD.home.page=https://cupomania-qa05.cindibyinkafarma.com/login

15:50:44.132 [main] DEBUG n.t.c.u.PropertiesFileLocalPreferences - serenity.reports.show.step.details=true

15:50:44.132 [main] DEBUG n.t.c.u.PropertiesFileLocalPreferences - webdriver.autodownload=true

15:50:44.132 [main] DEBUG n.t.c.u.PropertiesFileLocalPreferences - chrome_preferences.password_manager_enabled=false

15:50:44.132 [main] DEBUG n.t.c.u.PropertiesFileLocalPreferences - environments.UAT.home.page=https://cupomania-qa05.cindibyinkafarma.com/login

15:50:44.133 [main] DEBUG n.t.c.u.PropertiesFileLocalPreferences - chrome_preferences.profile.default_content_settings.popups=0

15:50:44.133 [main] DEBUG n.t.c.u.PropertiesFileLocalPreferences - serenity.report.show.manual.tests=true

15:50:44.133 [main] DEBUG n.t.c.u.PropertiesFileLocalPreferences - serenity.wait.for.timeout=10000

15:50:44.133 [main] DEBUG n.t.c.u.PropertiesFileLocalPreferences - environments.UAT.home.page1=https://conveniosci04.cindibyinkafarma.com/

15:50:44.133 [main] DEBUG n.t.c.u.PropertiesFileLocalPreferences - firefox.preferences=browser.download.dir=/tmp;browser.helperApps.alwaysAsk.force=false;browser.download.manager.showWhenStarting=false;browser.download.useDownloadDir=true;browser.download.folderList=2;permissions.default.desktop-notification=1

15:50:44.133 [main] DEBUG n.t.c.u.PropertiesFileLocalPreferences - serenity.browser.width=1920

15:50:44.133 [main] DEBUG n.t.c.u.PropertiesFileLocalPreferences - chrome_preferences.profile.default_content_setting_values.notifications=1

15:50:44.133 [main] DEBUG n.t.c.u.PropertiesFileLocalPreferences - serenity.verbose.screenshots.for.tasks=AFTER_EACH_STEP

15:50:44.133 [main] DEBUG n.t.c.u.PropertiesFileLocalPreferences - serenity.max.retries=2

15:50:44.133 [main] DEBUG n.t.c.u.PropertiesFileLocalPreferences - environments.default.home.page=https://cupomania-qa05.cindibyinkafarma.com/login

15:50:44.133 [main] DEBUG n.t.c.u.PropertiesFileLocalPreferences - serenity.take.screenshots.for.tasks=FOR_EACH_ACTION

15:50:44.133 [main] DEBUG n.t.c.u.PropertiesFileLocalPreferences - chrome_experimental_options.useAutomationExtension=false

15:50:44.133 [main] DEBUG n.t.c.u.PropertiesFileLocalPreferences - chrome.switches=--start-maximized;--test-type;--no-sandbox;--ignore-certificate-errors;--disable-popup-blocking;--disable-default-apps;--disable-extensions-file-access-check;--disable-download-notification;--disable-infobars,--disable-gpu

15:50:44.133 [main] DEBUG n.t.c.u.PropertiesFileLocalPreferences - serenity.console.headings=normal

15:50:44.133 [main] DEBUG n.t.c.u.PropertiesFileLocalPreferences - serenity.console.colors=true

15:50:44.134 [main] DEBUG n.t.c.u.PropertiesFileLocalPreferences - serenity.restart.browser.for.each=NEVER

15:50:44.134 [main] DEBUG n.t.c.u.PropertiesFileLocalPreferences - serenity.use.unique.browser=true

15:50:44.134 [main] DEBUG n.t.c.u.PropertiesFileLocalPreferences - serenity.junit.retry.tests=true

15:50:44.134 [main] DEBUG n.t.c.u.PropertiesFileLocalPreferences - chrome_preferences.credentials_enable_service=false

15:50:44.134 [main] DEBUG n.t.c.u.PropertiesFileLocalPreferences - serenity.timeouts.implicitlywait=5000

15:50:44.134 [main] DEBUG n.t.c.u.PropertiesFileLocalPreferences - webdriver.driver=chrome

15:50:44.134 [main] DEBUG n.t.c.u.PropertiesFileLocalPreferences - chrome_preferences.download.default_directory=/my/downloads/

15:50:44.134 [main] DEBUG n.t.c.u.PropertiesFileLocalPreferences - serenity.logging=VERBOSE

15:50:44.134 [main] DEBUG n.t.c.u.PropertiesFileLocalPreferences - serenity.browser.height=1080

15:50:44.134 [main] DEBUG n.t.c.u.PropertiesFileLocalPreferences - environment=UAT

15:50:44.134 [main] DEBUG n.t.c.u.PropertiesFileLocalPreferences - chrome_preferences.profile.default_content_setting_values.geolocation=1

15:50:44.134 [main] DEBUG n.t.c.u.PropertiesFileLocalPreferences - headless.mode=false

15:50:44.142 [main] INFO   - &amp#27;[96m

-------------------------------------------------------------------------------------
     _______. _______ .______       _______ .__   __.  __  .___________.____    ____ 
    /       ||   ____||   _  \     |   ____||  \ |  | |  | |           |\   \  /   / 
   |   (----`|  |__   |  |_)  |    |  |__   |   \|  | |  | `---|  |----` \   \/   /  
    \   \    |   __|  |      /     |   __|  |  . `  | |  |     |  |       \_    _/   
.----)   |   |  |____ |  |\  \----.|  |____ |  |\   | |  |     |  |         |  |     
|_______/    |_______|| _| `._____||_______||__| \__| |__|     |__|         |__|    
                                                                                     
 News and tutorials at http://www.serenity-bdd.info                                  
 Documentation at https://wakaleo.gitbooks.io/the-serenity-book/content/             
 Join the Serenity Community on Gitter: https://gitter.im/serenity-bdd/serenity-core 
 Serenity BDD Support and Training at http://serenity-bdd.info/#/trainingandsupport  
-------------------------------------------------------------------------------------
&amp#27;[0m

15:50:44.145 [main] DEBUG n.thucydides.core.steps.StepEventBus - Test suite started for story net.thucydides.core.model.Story@5372edb0

15:50:44.148 [main] INFO   - Test Suite Started: category coupons

15:50:44.163 [main] INFO  i.c.core.plugin.SerenityReporter - Running feature from file:///C:/Users/Usuario/Desktop/AUTOMATIZACIONES/automation-cuponero-v2/src/test/resources/features/Coupons/couponBicanal.feature

15:50:44.169 [main] DEBUG n.thucydides.core.steps.StepEventBus - Test suite started for story net.thucydides.core.model.Story@75f8c307

15:50:44.173 [main] INFO   - Test Suite Started: Coupons

15:50:44.173 [main] INFO  i.c.core.plugin.SerenityReporter - Running feature from file:///C:/Users/Usuario/Desktop/AUTOMATIZACIONES/automation-cuponero-v2/src/test/resources/features/Coupons/couponFlash.feature

15:50:44.178 [main] DEBUG n.thucydides.core.steps.StepEventBus - Test suite started for story net.thucydides.core.model.Story@29deace3

15:50:44.178 [main] INFO   - Test Suite Started: Coupons

15:50:44.179 [main] INFO  i.c.core.plugin.SerenityReporter - Running feature from file:///C:/Users/Usuario/Desktop/AUTOMATIZACIONES/automation-cuponero-v2/src/test/resources/features/Coupons/couponMultiHook.feature

15:50:44.184 [main] DEBUG n.thucydides.core.steps.StepEventBus - Test suite started for story net.thucydides.core.model.Story@74dd7eef

15:50:44.185 [main] INFO   - Test Suite Started: Coupons

15:50:44.185 [main] INFO  i.c.core.plugin.SerenityReporter - Running feature from file:///C:/Users/Usuario/Desktop/AUTOMATIZACIONES/automation-cuponero-v2/src/test/resources/features/Coupons/couponNormal.feature

15:50:44.189 [main] DEBUG n.thucydides.core.steps.StepEventBus - Test suite started for story net.thucydides.core.model.Story@4406e32a

15:50:44.190 [main] INFO   - Test Suite Started: Coupons

15:50:44.190 [main] INFO  i.c.core.plugin.SerenityReporter - Running feature from file:///C:/Users/Usuario/Desktop/AUTOMATIZACIONES/automation-cuponero-v2/src/test/resources/features/Coupons/couponRecommend.feature

15:50:44.196 [main] DEBUG n.thucydides.core.steps.StepEventBus - Test suite started for story net.thucydides.core.model.Story@60a6d5af

15:50:44.197 [main] INFO   - Test Suite Started: Coupons

15:50:44.197 [main] INFO  i.c.core.plugin.SerenityReporter - Running feature from file:///C:/Users/Usuario/Desktop/AUTOMATIZACIONES/automation-cuponero-v2/src/test/resources/features/Coupons/searchCoupon.feature

15:50:44.204 [main] DEBUG n.thucydides.core.steps.StepEventBus - Test suite started for story net.thucydides.core.model.Story@1a5ea4d

15:50:44.205 [main] INFO   - Test Suite Started: Search Coupon

15:50:44.205 [main] INFO  i.c.core.plugin.SerenityReporter - Running feature from file:///C:/Users/Usuario/Desktop/AUTOMATIZACIONES/automation-cuponero-v2/src/test/resources/features/footer/footer.feature

15:50:44.210 [main] DEBUG n.thucydides.core.steps.StepEventBus - Test suite started for story net.thucydides.core.model.Story@5e33f65c

15:50:44.211 [main] INFO   - Test Suite Started: FOOTER

15:50:44.212 [main] INFO  i.c.core.plugin.SerenityReporter - Running feature from file:///C:/Users/Usuario/Desktop/AUTOMATIZACIONES/automation-cuponero-v2/src/test/resources/features/login/login.feature

15:50:44.220 [main] DEBUG n.thucydides.core.steps.StepEventBus - Test suite started for story net.thucydides.core.model.Story@94cad640

15:50:44.220 [main] INFO   - Test Suite Started: Login into the application

15:50:44.221 [main] INFO  i.c.core.plugin.SerenityReporter - Running feature from file:///C:/Users/Usuario/Desktop/AUTOMATIZACIONES/automation-cuponero-v2/src/test/resources/features/update/update.feature

15:50:44.227 [main] DEBUG n.thucydides.core.steps.StepEventBus - Test suite started for story net.thucydides.core.model.Story@877b492e

15:50:44.228 [main] INFO   - Test Suite Started: Update



3
 Scenarios (
&amp#27;[32m3 passed&amp#27;[0m
)

9
 Steps (
&amp#27;[32m9 passed&amp#27;[0m
)

2m
31.852s





15:53:15.815 [main] DEBUG n.t.core.reports.ReportService - Reporting formats: [JSON, HTML]

15:53:15.866 [main] DEBUG n.t.core.reports.ReportService - Reporting formats: [JSON, HTML]

15:53:15.878 [main] DEBUG n.t.core.reports.ReportService - Generating reports for 3 test outcomes using: net.thucydides.core.reports.json.JSONTestOutcomeReporter@66c83fc8

15:53:15.879 [pool-2-thread-2] DEBUG n.t.core.reports.ReportService - Processing test outcome Login into the application:failed login

15:53:15.879 [pool-2-thread-3] DEBUG n.t.core.reports.ReportService - Processing test outcome Login into the application:user not registered

15:53:15.879 [pool-2-thread-1] DEBUG n.t.core.reports.ReportService - Processing test outcome Login into the application:successful login

15:53:15.879 [pool-2-thread-3] INFO  n.t.core.reports.ReportService - net.thucydides.core.reports.json.JSONTestOutcomeReporter@66c83fc8: Generating report for test outcome: Login into the application:user not registered

15:53:15.880 [pool-2-thread-1] INFO  n.t.core.reports.ReportService - net.thucydides.core.reports.json.JSONTestOutcomeReporter@66c83fc8: Generating report for test outcome: Login into the application:successful login

15:53:15.879 [pool-2-thread-2] INFO  n.t.core.reports.ReportService - net.thucydides.core.reports.json.JSONTestOutcomeReporter@66c83fc8: Generating report for test outcome: Login into the application:failed login

15:53:15.882 [pool-2-thread-1] DEBUG n.t.c.r.json.JSONTestOutcomeReporter - Generating JSON report for successful login to file C:\Users\Usuario\Desktop\AUTOMATIZACIONES\automation-cuponero-v2\target\site\serenity\187298ed932aa665ffb2485ff61c6540ca57808b33fdcdde8e1f508e15f27d8f.json (using temp file C:\Users\Usuario\Desktop\AUTOMATIZACIONES\automation-cuponero-v2\target\site\serenity\187298ed932aa665ffb2485ff61c6540ca57808b33fdcdde8e1f508e15f27d8f.jsond110234b-82c9-4932-8bfe-bce26e8f0865)

15:53:15.882 [pool-2-thread-2] DEBUG n.t.c.r.json.JSONTestOutcomeReporter - Generating JSON report for failed login to file C:\Users\Usuario\Desktop\AUTOMATIZACIONES\automation-cuponero-v2\target\site\serenity\ab71c13ef555b3593dbf8f9c2b5addc5f41d41145c422119aed1dceb64576d75.json (using temp file C:\Users\Usuario\Desktop\AUTOMATIZACIONES\automation-cuponero-v2\target\site\serenity\ab71c13ef555b3593dbf8f9c2b5addc5f41d41145c422119aed1dceb64576d75.jsond0da6f11-0d56-47f0-9e8a-27e4c8c5e023)

15:53:15.882 [pool-2-thread-3] DEBUG n.t.c.r.json.JSONTestOutcomeReporter - Generating JSON report for user not registered to file C:\Users\Usuario\Desktop\AUTOMATIZACIONES\automation-cuponero-v2\target\site\serenity\d8b9535ca69ca8caf88dc5246d5cfbfae814efb91b5216ec34ba3e1360419100.json (using temp file C:\Users\Usuario\Desktop\AUTOMATIZACIONES\automation-cuponero-v2\target\site\serenity\d8b9535ca69ca8caf88dc5246d5cfbfae814efb91b5216ec34ba3e1360419100.json4952d63f-21a4-41d3-a35c-ff1fc300edbb)

15:53:15.914 [pool-2-thread-1] DEBUG n.t.core.reports.ReportService - Processing test outcome Login into the application:successful login done

15:53:15.914 [pool-2-thread-2] DEBUG n.t.core.reports.ReportService - Processing test outcome Login into the application:failed login done

15:53:15.915 [pool-2-thread-3] DEBUG n.t.core.reports.ReportService - Processing test outcome Login into the application:user not registered done

15:53:15.915 [main] DEBUG n.t.core.reports.ReportService - Shutting down executor service

15:53:15.915 [main] DEBUG n.t.core.reports.ReportService - Reports generated in: 37 ms

15:53:15.915 [main] DEBUG n.t.core.reports.ReportService - Generating reports for 3 test outcomes using: net.thucydides.core.reports.html.HtmlAcceptanceTestReporter@2125ad3

15:53:15.915 [pool-3-thread-1] DEBUG n.t.core.reports.ReportService - Processing test outcome Login into the application:successful login

15:53:15.915 [pool-3-thread-1] INFO  n.t.core.reports.ReportService - net.thucydides.core.reports.html.HtmlAcceptanceTestReporter@2125ad3: Generating report for test outcome: Login into the application:successful login

15:53:15.915 [pool-3-thread-2] DEBUG n.t.core.reports.ReportService - Processing test outcome Login into the application:failed login

15:53:15.916 [pool-3-thread-3] DEBUG n.t.core.reports.ReportService - Processing test outcome Login into the application:user not registered

15:53:15.916 [pool-3-thread-2] INFO  n.t.core.reports.ReportService - net.thucydides.core.reports.html.HtmlAcceptanceTestReporter@2125ad3: Generating report for test outcome: Login into the application:failed login

15:53:15.916 [pool-3-thread-3] INFO  n.t.core.reports.ReportService - net.thucydides.core.reports.html.HtmlAcceptanceTestReporter@2125ad3: Generating report for test outcome: Login into the application:user not registered

15:53:15.942 [pool-3-thread-3] DEBUG n.t.c.r.PackageRequirementsTagProvider - Loading requirements from package requirements at: "net.serenitybdd.demos.todos.features"

15:53:15.943 [pool-3-thread-1] DEBUG n.t.c.r.PackageRequirementsTagProvider - Loading requirements from package requirements at: "net.serenitybdd.demos.todos.features"

15:53:15.944 [pool-3-thread-2] DEBUG n.t.c.r.PackageRequirementsTagProvider - Loading requirements from package requirements at: "net.serenitybdd.demos.todos.features"

15:53:16.473 [pool-3-thread-1] DEBUG n.t.c.r.m.cucumber.CucumberParser - Added feature category coupons

15:53:16.473 [pool-3-thread-2] DEBUG n.t.c.r.m.cucumber.CucumberParser - Added feature category coupons

15:53:16.473 [pool-3-thread-3] DEBUG n.t.c.r.m.cucumber.CucumberParser - Added feature category coupons

15:53:16.478 [pool-3-thread-3] DEBUG n.t.c.r.m.cucumber.CucumberParser - Added feature Coupons

15:53:16.478 [pool-3-thread-1] DEBUG n.t.c.r.m.cucumber.CucumberParser - Added feature Coupons

15:53:16.478 [pool-3-thread-2] DEBUG n.t.c.r.m.cucumber.CucumberParser - Added feature Coupons

15:53:16.482 [pool-3-thread-3] DEBUG n.t.c.r.m.cucumber.CucumberParser - Added feature Coupons

15:53:16.482 [pool-3-thread-2] DEBUG n.t.c.r.m.cucumber.CucumberParser - Added feature Coupons

15:53:16.482 [pool-3-thread-1] DEBUG n.t.c.r.m.cucumber.CucumberParser - Added feature Coupons

15:53:16.489 [pool-3-thread-1] DEBUG n.t.c.r.m.cucumber.CucumberParser - Added feature Coupons

15:53:16.489 [pool-3-thread-3] DEBUG n.t.c.r.m.cucumber.CucumberParser - Added feature Coupons

15:53:16.490 [pool-3-thread-2] DEBUG n.t.c.r.m.cucumber.CucumberParser - Added feature Coupons

15:53:16.494 [pool-3-thread-1] DEBUG n.t.c.r.m.cucumber.CucumberParser - Added feature Coupons

15:53:16.495 [pool-3-thread-3] DEBUG n.t.c.r.m.cucumber.CucumberParser - Added feature Coupons

15:53:16.495 [pool-3-thread-2] DEBUG n.t.c.r.m.cucumber.CucumberParser - Added feature Coupons

15:53:16.499 [pool-3-thread-1] DEBUG n.t.c.r.m.cucumber.CucumberParser - Added feature Coupons

15:53:16.500 [pool-3-thread-2] DEBUG n.t.c.r.m.cucumber.CucumberParser - Added feature Coupons

15:53:16.500 [pool-3-thread-3] DEBUG n.t.c.r.m.cucumber.CucumberParser - Added feature Coupons

15:53:16.507 [pool-3-thread-1] DEBUG n.t.c.r.m.cucumber.CucumberParser - Added feature Search Coupon

15:53:16.507 [pool-3-thread-2] DEBUG n.t.c.r.m.cucumber.CucumberParser - Added feature Search Coupon

15:53:16.509 [pool-3-thread-3] DEBUG n.t.c.r.m.cucumber.CucumberParser - Added feature Search Coupon

15:53:16.519 [pool-3-thread-3] DEBUG n.t.c.r.m.cucumber.CucumberParser - Added feature FOOTER

15:53:16.519 [pool-3-thread-1] DEBUG n.t.c.r.m.cucumber.CucumberParser - Added feature FOOTER

15:53:16.519 [pool-3-thread-2] DEBUG n.t.c.r.m.cucumber.CucumberParser - Added feature FOOTER

15:53:16.529 [pool-3-thread-3] DEBUG n.t.c.r.m.cucumber.CucumberParser - Added feature Login into the application

15:53:16.533 [pool-3-thread-2] DEBUG n.t.c.r.m.cucumber.CucumberParser - Added feature Login into the application

15:53:16.533 [pool-3-thread-1] DEBUG n.t.c.r.m.cucumber.CucumberParser - Added feature Login into the application

15:53:16.539 [pool-3-thread-3] DEBUG n.t.c.r.m.cucumber.CucumberParser - Added feature Update

15:53:16.544 [pool-3-thread-2] DEBUG n.t.c.r.m.cucumber.CucumberParser - Added feature Update

15:53:16.544 [pool-3-thread-1] DEBUG n.t.c.r.m.cucumber.CucumberParser - Added feature Update

15:53:16.554 [pool-3-thread-3] DEBUG n.t.c.r.BaseRequirementsService - Requirement found for test outcome user not registered-[]: Optional[Requirement{name='Login into the application', type='feature' parent = 'Login', cardNumber='null'}]

15:53:16.554 [pool-3-thread-1] DEBUG n.t.c.r.BaseRequirementsService - Requirement found for test outcome successful login-[]: Optional[Requirement{name='Login into the application', type='feature' parent = 'Login', cardNumber='null'}]

15:53:16.554 [pool-3-thread-2] DEBUG n.t.c.r.BaseRequirementsService - Requirement found for test outcome failed login-[]: Optional[Requirement{name='Login into the application', type='feature' parent = 'Login', cardNumber='null'}]

15:53:16.557 [pool-3-thread-2] DEBUG n.t.c.r.BaseRequirementsService - Requirement found for test outcome failed login-[]: Optional[Requirement{name='Login into the application', type='feature' parent = 'Login', cardNumber='null'}]

15:53:16.557 [pool-3-thread-1] DEBUG n.t.c.r.BaseRequirementsService - Requirement found for test outcome successful login-[]: Optional[Requirement{name='Login into the application', type='feature' parent = 'Login', cardNumber='null'}]

15:53:16.557 [pool-3-thread-3] DEBUG n.t.c.r.BaseRequirementsService - Requirement found for test outcome user not registered-[]: Optional[Requirement{name='Login into the application', type='feature' parent = 'Login', cardNumber='null'}]

15:53:16.573 [pool-3-thread-2] DEBUG n.t.c.r.BaseRequirementsService - Requirement found for test outcome failed login-[]: Optional[Requirement{name='Login into the application', type='feature' parent = 'Login', cardNumber='null'}]

15:53:16.574 [pool-3-thread-3] DEBUG n.t.c.r.BaseRequirementsService - Requirement found for test outcome user not registered-[]: Optional[Requirement{name='Login into the application', type='feature' parent = 'Login', cardNumber='null'}]

15:53:16.575 [pool-3-thread-2] DEBUG n.t.c.r.BaseRequirementsService - Requirement found for test outcome failed login-[]: Optional[Requirement{name='Login into the application', type='feature' parent = 'Login', cardNumber='null'}]

15:53:16.575 [pool-3-thread-1] DEBUG n.t.c.r.BaseRequirementsService - Requirement found for test outcome successful login-[]: Optional[Requirement{name='Login into the application', type='feature' parent = 'Login', cardNumber='null'}]

15:53:16.576 [pool-3-thread-3] DEBUG n.t.c.r.BaseRequirementsService - Requirement found for test outcome user not registered-[]: Optional[Requirement{name='Login into the application', type='feature' parent = 'Login', cardNumber='null'}]

15:53:16.576 [pool-3-thread-1] DEBUG n.t.c.r.BaseRequirementsService - Requirement found for test outcome successful login-[]: Optional[Requirement{name='Login into the application', type='feature' parent = 'Login', cardNumber='null'}]

15:53:16.578 [pool-3-thread-2] DEBUG serenity.reporting - Generating report in ab71c13ef555b3593dbf8f9c2b5addc5f41d41145c422119aed1dceb64576d75_screenshots.html

15:53:16.578 [pool-3-thread-3] DEBUG serenity.reporting - Generating report in d8b9535ca69ca8caf88dc5246d5cfbfae814efb91b5216ec34ba3e1360419100_screenshots.html

15:53:16.578 [pool-3-thread-1] DEBUG serenity.reporting - Generating report in 187298ed932aa665ffb2485ff61c6540ca57808b33fdcdde8e1f508e15f27d8f_screenshots.html

15:53:16.926 [pool-3-thread-3] DEBUG serenity.reporting - Generated report d8b9535ca69ca8caf88dc5246d5cfbfae814efb91b5216ec34ba3e1360419100_screenshots.html in 348 ms

15:53:16.926 [pool-3-thread-1] DEBUG serenity.reporting - Generated report 187298ed932aa665ffb2485ff61c6540ca57808b33fdcdde8e1f508e15f27d8f_screenshots.html in 348 ms

15:53:16.926 [pool-3-thread-2] DEBUG serenity.reporting - Generated report ab71c13ef555b3593dbf8f9c2b5addc5f41d41145c422119aed1dceb64576d75_screenshots.html in 348 ms

15:53:16.928 [pool-3-thread-3] INFO  serenity.reporting - 
----------------------------------
| TEST NAME:   &amp#27;[1muser not registered&amp#27;[0m
| RESULT:      &amp#27;[92mPassing&amp#27;[0m
| REQUIREMENT: Login into the application
| REPORT:      &amp#27;[96mfile:///C:/Users/Usuario/Desktop/AUTOMATIZACIONES/automation-cuponero-v2/target/site/serenity/d8b9535ca69ca8caf88dc5246d5cfbfae814efb91b5216ec34ba3e1360419100.html&amp#27;[0m
----------------------------------

15:53:16.928 [pool-3-thread-2] INFO  serenity.reporting - 
---------------------------
| TEST NAME:   &amp#27;[1mfailed login&amp#27;[0m
| RESULT:      &amp#27;[92mPassing&amp#27;[0m
| REQUIREMENT: Login into the application
| REPORT:      &amp#27;[96mfile:///C:/Users/Usuario/Desktop/AUTOMATIZACIONES/automation-cuponero-v2/target/site/serenity/ab71c13ef555b3593dbf8f9c2b5addc5f41d41145c422119aed1dceb64576d75.html&amp#27;[0m
---------------------------

15:53:16.928 [pool-3-thread-1] INFO  serenity.reporting - 
-------------------------------
| TEST NAME:   &amp#27;[1msuccessful login&amp#27;[0m
| RESULT:      &amp#27;[92mPassing&amp#27;[0m
| REQUIREMENT: Login into the application
| REPORT:      &amp#27;[96mfile:///C:/Users/Usuario/Desktop/AUTOMATIZACIONES/automation-cuponero-v2/target/site/serenity/187298ed932aa665ffb2485ff61c6540ca57808b33fdcdde8e1f508e15f27d8f.html&amp#27;[0m
-------------------------------

15:53:17.608 [pool-3-thread-3] DEBUG serenity.reporting - Generating report in d8b9535ca69ca8caf88dc5246d5cfbfae814efb91b5216ec34ba3e1360419100.html

15:53:17.608 [pool-3-thread-1] DEBUG serenity.reporting - Generating report in 187298ed932aa665ffb2485ff61c6540ca57808b33fdcdde8e1f508e15f27d8f.html

15:53:17.608 [pool-3-thread-2] DEBUG serenity.reporting - Generating report in ab71c13ef555b3593dbf8f9c2b5addc5f41d41145c422119aed1dceb64576d75.html

15:53:17.884 [pool-3-thread-2] DEBUG serenity.reporting - Generated report ab71c13ef555b3593dbf8f9c2b5addc5f41d41145c422119aed1dceb64576d75.html in 276 ms

15:53:17.884 [pool-3-thread-2] DEBUG n.t.core.reports.ReportService - Processing test outcome Login into the application:failed login done

15:53:17.937 [pool-3-thread-1] DEBUG serenity.reporting - Generated report 187298ed932aa665ffb2485ff61c6540ca57808b33fdcdde8e1f508e15f27d8f.html in 329 ms

15:53:17.937 [pool-3-thread-1] DEBUG n.t.core.reports.ReportService - Processing test outcome Login into the application:successful login done

15:53:17.949 [pool-3-thread-3] DEBUG serenity.reporting - Generated report d8b9535ca69ca8caf88dc5246d5cfbfae814efb91b5216ec34ba3e1360419100.html in 341 ms

15:53:17.950 [pool-3-thread-3] DEBUG n.t.core.reports.ReportService - Processing test outcome Login into the application:user not registered done

15:53:17.950 [main] DEBUG n.t.core.reports.ReportService - Shutting down executor service

15:53:17.950 [main] DEBUG n.t.core.reports.ReportService - Reports generated in: 2035 ms

15:53:18.090 [main] INFO  i.c.core.plugin.SerenityReporter - Cleanup test resources for URI file:///C:/Users/Usuario/Desktop/AUTOMATIZACIONES/automation-cuponero-v2/src/test/resources/features/login/login.feature

15:53:18.091 [main] DEBUG n.s.core.photography.Darkroom - Closing darkroom


@login @loginSuccess
Scenario Outline: successful login        &amp#27;[90m# src/test/resources/features/login/login.feature:16&amp#27;[0m
15:50:44.574 [pool-2-thread-1] INFO  i.c.core.plugin.SerenityReporter - Running feature from file:///C:/Users/Usuario/Desktop/AUTOMATIZACIONES/automation-cuponero-v2/src/test/resources/features/login/login.feature
15:50:44.682 [pool-2-thread-1] INFO   - ----------------
- TEST STARTED -
----------------

successful login(login-into-the-application;successful-login)
----------------
15:50:44.752 [pool-2-thread-1] DEBUG n.t.c.r.m.cucumber.CucumberParser - Added feature category coupons
15:50:44.765 [pool-2-thread-1] DEBUG n.t.c.r.m.cucumber.CucumberParser - Added feature Coupons
15:50:44.770 [pool-2-thread-1] DEBUG n.t.c.r.m.cucumber.CucumberParser - Added feature Coupons
15:50:44.775 [pool-2-thread-1] DEBUG n.t.c.r.m.cucumber.CucumberParser - Added feature Coupons
15:50:44.779 [pool-2-thread-1] DEBUG n.t.c.r.m.cucumber.CucumberParser - Added feature Coupons
15:50:44.783 [pool-2-thread-1] DEBUG n.t.c.r.m.cucumber.CucumberParser - Added feature Coupons
15:50:44.790 [pool-2-thread-1] DEBUG n.t.c.r.m.cucumber.CucumberParser - Added feature Search Coupon
15:50:44.804 [pool-2-thread-1] DEBUG n.t.c.r.m.cucumber.CucumberParser - Added feature FOOTER
15:50:44.817 [pool-2-thread-1] DEBUG n.t.c.r.m.cucumber.CucumberParser - Added feature Login into the application
15:50:44.830 [pool-2-thread-1] DEBUG n.t.c.r.m.cucumber.CucumberParser - Added feature Update
&amp#27;[92m|-- 1: successful login ({number=72209308})&amp#27;[0m
&amp#27;[92m|---- Given User enters the coupon website&amp#27;[0m
&amp#27;[92m|------ User opens the home page&amp#27;[0m
15:50:45.303 [pool-2-thread-1] DEBUG n.t.core.steps.StepInterceptor - STARTING STEP: LoginSD.user_enters_the_coupon_website - !#title
&amp#27;[92m|-------- User opens the home.page page&amp#27;[0m
15:50:45.321 [pool-2-thread-1] DEBUG n.t.core.steps.StepInterceptor - STARTING STEP: LoginSD.user_enters_the_coupon_website - {0} opens the #pageName page
15:50:45.363 [pool-2-thread-1] INFO  n.s.c.w.d.ChromeDriverProvider - Using automatically driver download
15:50:45.698 [pool-2-thread-1] DEBUG i.g.b.wdm.cache.ResolutionCache - Resolution chrome=94 in cache (valid until 16:43:54 30/09/2021 COT)
15:50:45.699 [pool-2-thread-1] DEBUG i.g.b.wdm.cache.ResolutionCache - Resolution chrome94=94.0.4606.61 in cache (valid until 15:43:54 01/10/2021 COT)
15:50:45.700 [pool-2-thread-1] INFO  i.g.bonigarcia.wdm.WebDriverManager - Using chromedriver 94.0.4606.61 (resolved driver for Chrome 94)
15:50:45.707 [pool-2-thread-1] DEBUG i.g.bonigarcia.wdm.WebDriverManager - Driver chromedriver 94.0.4606.61 found in cache
15:50:45.708 [pool-2-thread-1] INFO  i.g.bonigarcia.wdm.WebDriverManager - Exporting webdriver.chrome.driver as C:\Users\Usuario\.cache\selenium\chromedriver\win32\94.0.4606.61\chromedriver.exe
15:50:46.631 [pool-2-thread-1] INFO  n.s.c.w.d.ProvideNewDriver - Instantiating driver
15:50:46.633 [pool-2-thread-1] INFO  n.s.c.w.d.ProvideNewDriver - Driver capabilities: Capabilities {acceptInsecureCerts: false, browserName: chrome, chrome.switches: --start-maximized;--test-ty..., goog:chromeOptions: {args: [--start-maximized, --test-type, --no-sandbox, --ignore-certificate-errors, --disable-popup-blocking, --disable-default-apps, --disable-extensions-file-a..., --disable-download-notifica..., --disable-infobars, --disable-gpu], excludeSwitches: [--enable-automation], extensions: [], prefs: {credentials_enable_service: false, download.default_directory: /my/downloads/, password_manager_enabled: false, profile.default_content_setting_values.geolocation: 1, profile.default_content_setting_values.notifications: 1, profile.default_content_settings.popups: 0}, useAutomationExtension: false}, loggingPrefs: org.openqa.selenium.logging...}
15:51:06.514 [pool-2-thread-1] DEBUG n.s.core.photography.Darkroom - Opening darkroom
15:51:06.515 [Darkroom Processing Line] DEBUG n.s.c.p.DarkroomProcessingLine - Darkroom processing line starting up
15:51:06.865 [pool-2-thread-1] DEBUG n.s.core.photography.Darkroom - Send negative for processing for target\site\serenity\560544e66e85cea31e2ef458d79ba0d1d19276b0aa48dcde5b01c5f432c61d14.png
15:51:06.866 [Darkroom Processing Line] DEBUG n.s.c.p.DarkroomProcessingLine - Processing screenshot image in /var/screenshots/screenshot-7901421113426365119
15:51:06.866 [Darkroom Processing Line] DEBUG n.s.c.p.DarkroomProcessingLine - Saving screenshot to target\site\serenity\560544e66e85cea31e2ef458d79ba0d1d19276b0aa48dcde5b01c5f432c61d14.png
15:51:06.869 [pool-2-thread-1] DEBUG n.t.core.steps.StepInterceptor - STEP DONE: {0} opens the #pageName page
15:51:06.876 [pool-2-thread-1] DEBUG n.t.core.steps.StepInterceptor - STEP DONE: !#title
  &amp#27;[32mGiven &amp#27;[0m&amp#27;[32m&amp#27;[0m&amp#27;[32m&amp#27;[1mUser&amp#27;[0m&amp#27;[32m enters the coupon website&amp#27;[0m    &amp#27;[90m# steps.LoginSD.user_enters_the_coupon_website(net.serenitybdd.screenplay.Actor)&amp#27;[0m
15:51:17.060 [pool-2-thread-1] DEBUG n.s.core.photography.Darkroom - Send negative for processing for target\site\serenity\8a5bb969bb080ace4f6f68f38c2772401ba4f9fbff3011d8a895edf3f25de7a3.png
15:51:17.060 [Darkroom Processing Line] DEBUG n.s.c.p.DarkroomProcessingLine - Processing screenshot image in /var/screenshots/screenshot-15728966126972480261
15:51:17.060 [Darkroom Processing Line] DEBUG n.s.c.p.DarkroomProcessingLine - Saving screenshot to target\site\serenity\8a5bb969bb080ace4f6f68f38c2772401ba4f9fbff3011d8a895edf3f25de7a3.png
&amp#27;[92m|---- When sends number document 72209308&amp#27;[0m
&amp#27;[92m|------ Login&amp#27;[0m
15:51:17.098 [pool-2-thread-1] DEBUG n.t.core.steps.StepInterceptor - STARTING STEP: LoginSD.sends_number_document - !#title
15:51:17.103 [pool-2-thread-1] DEBUG n.s.s.targets.IFrameSwitcher - default content already selected for Input de numero de documento
15:51:17.395 [pool-2-thread-1] DEBUG n.s.core.photography.Darkroom - Send negative for processing for target\site\serenity\8a5bb969bb080ace4f6f68f38c2772401ba4f9fbff3011d8a895edf3f25de7a3.png
&amp#27;[92m|-------- User enters '72209308' into Input de numero de documento&amp#27;[0m
15:51:17.396 [pool-2-thread-1] DEBUG n.t.core.steps.StepInterceptor - STARTING STEP: LoginSD.sends_number_document - {0} enters #theTextAsAString into #target
15:51:17.398 [pool-2-thread-1] DEBUG n.s.s.targets.IFrameSwitcher - default content already selected for Input de numero de documento
15:51:17.811 [pool-2-thread-1] DEBUG n.s.core.photography.Darkroom - Send negative for processing for target\site\serenity\04378c19433ec4acb4234bc9e0736ff7852bb0a707d7ddaccee39b891facc250.png
15:51:17.811 [pool-2-thread-1] DEBUG n.t.core.steps.StepInterceptor - STEP DONE: {0} enters #theTextAsAString into #target
15:51:17.811 [Darkroom Processing Line] DEBUG n.s.c.p.DarkroomProcessingLine - Processing screenshot image in /var/screenshots/screenshot-2447632724136273668
15:51:17.811 [Darkroom Processing Line] DEBUG n.s.c.p.DarkroomProcessingLine - Saving screenshot to target\site\serenity\04378c19433ec4acb4234bc9e0736ff7852bb0a707d7ddaccee39b891facc250.png
15:51:17.813 [pool-2-thread-1] DEBUG n.s.s.targets.IFrameSwitcher - default content already selected for Boton ingresar
15:51:18.086 [pool-2-thread-1] DEBUG n.s.core.photography.Darkroom - Send negative for processing for target\site\serenity\04378c19433ec4acb4234bc9e0736ff7852bb0a707d7ddaccee39b891facc250.png
&amp#27;[92m|-------- User clicks on Boton ingresar&amp#27;[0m
15:51:18.087 [pool-2-thread-1] DEBUG n.t.core.steps.StepInterceptor - STARTING STEP: LoginSD.sends_number_document - {0} clicks on #target
15:51:18.087 [pool-2-thread-1] DEBUG n.s.s.targets.IFrameSwitcher - default content already selected for Boton ingresar
15:51:18.381 [pool-2-thread-1] DEBUG n.s.core.photography.Darkroom - Send negative for processing for target\site\serenity\39f7209aa965a1873d9ee8a1a8d02517573945fa923a4cb0827a3b0029e9f250.png
15:51:18.381 [pool-2-thread-1] DEBUG n.t.core.steps.StepInterceptor - STEP DONE: {0} clicks on #target
15:51:18.382 [Darkroom Processing Line] DEBUG n.s.c.p.DarkroomProcessingLine - Processing screenshot image in /var/screenshots/screenshot-17884324075742151176
15:51:18.382 [Darkroom Processing Line] DEBUG n.s.c.p.DarkroomProcessingLine - Saving screenshot to target\site\serenity\39f7209aa965a1873d9ee8a1a8d02517573945fa923a4cb0827a3b0029e9f250.png
15:51:18.383 [pool-2-thread-1] DEBUG n.s.s.targets.IFrameSwitcher - default content already selected for NOMBRE DEL CLIENTE
15:51:20.170 [pool-2-thread-1] DEBUG n.s.core.photography.Darkroom - Send negative for processing for target\site\serenity\6282f81746604ed2908018f8fc1a1c746c06200b7572aa06040acc35e75339d1.png
15:51:20.170 [pool-2-thread-1] DEBUG n.t.core.steps.StepInterceptor - STEP DONE: !#title
15:51:20.171 [Darkroom Processing Line] DEBUG n.s.c.p.DarkroomProcessingLine - Processing screenshot image in /var/screenshots/screenshot-8102288558090474371
15:51:20.171 [Darkroom Processing Line] DEBUG n.s.c.p.DarkroomProcessingLine - Saving screenshot to target\site\serenity\6282f81746604ed2908018f8fc1a1c746c06200b7572aa06040acc35e75339d1.png
  &amp#27;[32mWhen &amp#27;[0m&amp#27;[32msends number document &amp#27;[0m&amp#27;[32m&amp#27;[1m72209308&amp#27;[0m     &amp#27;[90m# steps.LoginSD.sends_number_document(java.lang.String)&amp#27;[0m
&amp#27;[92m|---- Then should be able to view her coupons&amp#27;[0m
15:51:20.181 [pool-2-thread-1] DEBUG n.s.s.targets.IFrameSwitcher - default content already selected for NOMBRE DEL CLIENTE
****MENSAJE DE BIENVENIDA*****:¡Hola Jose!
15:51:20.508 [pool-2-thread-1] DEBUG n.s.core.photography.Darkroom - Send negative for processing for target\site\serenity\18c5748c9d6ed7566b5d5ff1a2dee148f5167093179f242cbe9044d2a0e16f35.png
&amp#27;[92m|------ Then MENSAJE DE BIENVENIDA should be Predicates.equalTo(&iexcl;Hola Jose!)&amp#27;[0m
15:51:20.510 [Darkroom Processing Line] DEBUG n.s.c.p.DarkroomProcessingLine - Processing screenshot image in /var/screenshots/screenshot-15360272429722246974
15:51:20.510 [Darkroom Processing Line] DEBUG n.s.c.p.DarkroomProcessingLine - Saving screenshot to target\site\serenity\18c5748c9d6ed7566b5d5ff1a2dee148f5167093179f242cbe9044d2a0e16f35.png
15:51:20.511 [pool-2-thread-1] DEBUG n.s.s.targets.IFrameSwitcher - default content already selected for NOMBRE DEL CLIENTE
15:51:25.795 [pool-2-thread-1] DEBUG n.s.core.photography.Darkroom - Send negative for processing for target\site\serenity\dee54e7898122133d69f1111d1193468563315136037b63d327c5cb321359e7f.png
15:51:25.796 [Darkroom Processing Line] DEBUG n.s.c.p.DarkroomProcessingLine - Processing screenshot image in /var/screenshots/screenshot-106467858327539267
15:51:25.796 [Darkroom Processing Line] DEBUG n.s.c.p.DarkroomProcessingLine - Saving screenshot to target\site\serenity\dee54e7898122133d69f1111d1193468563315136037b63d327c5cb321359e7f.png
&amp#27;[92m|------ cerrar sesion&amp#27;[0m
15:51:25.796 [pool-2-thread-1] DEBUG n.t.core.steps.StepInterceptor - STARTING STEP: LoginSD.should_be_able_to_view_her_coupons - !#title
15:51:25.800 [pool-2-thread-1] DEBUG n.s.s.targets.IFrameSwitcher - default content already selected for Cerrar sesion
15:51:26.151 [pool-2-thread-1] DEBUG n.s.core.photography.Darkroom - Send negative for processing for target\site\serenity\fcb096d2af7195be23edb27ca1cefc90cc118a705c31bc1c8435c0f1531d6b01.png
&amp#27;[92m|-------- User clicks on Cerrar sesion&amp#27;[0m
15:51:26.151 [Darkroom Processing Line] DEBUG n.s.c.p.DarkroomProcessingLine - Processing screenshot image in /var/screenshots/screenshot-10468947283817663344
15:51:26.152 [Darkroom Processing Line] DEBUG n.s.c.p.DarkroomProcessingLine - Saving screenshot to target\site\serenity\fcb096d2af7195be23edb27ca1cefc90cc118a705c31bc1c8435c0f1531d6b01.png
15:51:26.152 [pool-2-thread-1] DEBUG n.t.core.steps.StepInterceptor - STARTING STEP: LoginSD.should_be_able_to_view_her_coupons - {0} clicks on #target
15:51:26.152 [pool-2-thread-1] DEBUG n.s.s.targets.IFrameSwitcher - default content already selected for Cerrar sesion
15:51:26.503 [pool-2-thread-1] DEBUG n.s.core.photography.Darkroom - Send negative for processing for target\site\serenity\ad98c489e6bb0c5419dd663a7815c9679d9a013eba0eedac1984e5a362d9e325.png
15:51:26.503 [pool-2-thread-1] DEBUG n.t.core.steps.StepInterceptor - STEP DONE: {0} clicks on #target
15:51:26.504 [Darkroom Processing Line] DEBUG n.s.c.p.DarkroomProcessingLine - Processing screenshot image in /var/screenshots/screenshot-11402963878980599704
15:51:26.504 [Darkroom Processing Line] DEBUG n.s.c.p.DarkroomProcessingLine - Saving screenshot to target\site\serenity\ad98c489e6bb0c5419dd663a7815c9679d9a013eba0eedac1984e5a362d9e325.png
15:51:26.507 [pool-2-thread-1] DEBUG n.t.core.steps.StepInterceptor - STEP DONE: !#title
  &amp#27;[32mThen &amp#27;[0m&amp#27;[32mshould be able to view her coupons&amp#27;[0m &amp#27;[90m# steps.LoginSD.should_be_able_to_view_her_coupons()&amp#27;[0m
15:51:26.618 [pool-2-thread-1] INFO   - &amp#27;[92m---------------
- TEST PASSED -
---------------

successful login
---------------&amp#27;[0m
15:51:27.167 [Darkroom Processing Line] DEBUG n.s.c.p.DarkroomProcessingLine - Processing screenshot image in /var/screenshots/screenshot-14191950952544862663
15:51:27.167 [Darkroom Processing Line] DEBUG n.s.c.p.DarkroomProcessingLine - Saving screenshot to target\site\serenity\10e9b99f0ce07b1930b98d21ee813591efe85439d3f9b1b1cfb69db4630db43e.png
15:51:33.183 [Darkroom Processing Line] DEBUG n.s.c.p.DarkroomProcessingLine - Processing screenshot image in /var/screenshots/screenshot-13333958970343576966
15:51:33.183 [Darkroom Processing Line] DEBUG n.s.c.p.DarkroomProcessingLine - Saving screenshot to target\site\serenity\b16d9ba916ad592414c0b918f1956c773724a0305a9e77c62cce9383486fb5e0.png
15:51:43.592 [Darkroom Processing Line] DEBUG n.s.c.p.DarkroomProcessingLine - Processing screenshot image in /var/screenshots/screenshot-14088550704441849623
15:51:43.592 [Darkroom Processing Line] DEBUG n.s.c.p.DarkroomProcessingLine - Saving screenshot to target\site\serenity\5fc4649f18f9bf52f5986599ad4a4106ebdab108aa4f3ff10aff4d77016889c1.png
15:51:44.768 [Darkroom Processing Line] DEBUG n.s.c.p.DarkroomProcessingLine - Processing screenshot image in /var/screenshots/screenshot-16982566176455018759
15:51:44.768 [Darkroom Processing Line] DEBUG n.s.c.p.DarkroomProcessingLine - Saving screenshot to target\site\serenity\e8345e3227ea5522f2e2a519d05ab44a3b0ba0d6df7b1c2e6964443695f52f37.png
15:51:55.225 [Darkroom Processing Line] DEBUG n.s.c.p.DarkroomProcessingLine - Processing screenshot image in /var/screenshots/screenshot-15544600120227226850
15:51:55.225 [Darkroom Processing Line] DEBUG n.s.c.p.DarkroomProcessingLine - Saving screenshot to target\site\serenity\84a35dd2f6910f6d7d09615e0145f63d52463bde3cd4a67ea7f41142a5a804bf.png
15:51:55.590 [Darkroom Processing Line] DEBUG n.s.c.p.DarkroomProcessingLine - Processing screenshot image in /var/screenshots/screenshot-3376991172489990048
15:51:55.590 [Darkroom Processing Line] DEBUG n.s.c.p.DarkroomProcessingLine - Saving screenshot to target\site\serenity\13bfbb8e5f1217627c1093606a8ea93bb9cd3e0406a2ebb34e1103df3814cda4.png
15:51:55.969 [Darkroom Processing Line] DEBUG n.s.c.p.DarkroomProcessingLine - Processing screenshot image in /var/screenshots/screenshot-12603957745262715691
15:51:55.969 [Darkroom Processing Line] DEBUG n.s.c.p.DarkroomProcessingLine - Saving screenshot to target\site\serenity\c76713ff0229c288e3a5c395f1fb69ff73b5cbc60bff14951bdf2cd200b48dce.png
15:51:57.171 [Darkroom Processing Line] DEBUG n.s.c.p.DarkroomProcessingLine - Processing screenshot image in /var/screenshots/screenshot-7802367321061856663
15:51:57.171 [Darkroom Processing Line] DEBUG n.s.c.p.DarkroomProcessingLine - Saving screenshot to target\site\serenity\272c8fd5e08df866261efc2870733ea359ec28a5bd24b99fb2455eed22ec3ca5.png
15:52:07.537 [Darkroom Processing Line] DEBUG n.s.c.p.DarkroomProcessingLine - Processing screenshot image in /var/screenshots/screenshot-2581956991547493790
15:52:07.537 [Darkroom Processing Line] DEBUG n.s.c.p.DarkroomProcessingLine - Saving screenshot to target\site\serenity\c98c62e7288f18e0270b5ba941f48dff0dff3fbbe95db89ca90040443a438332.png
15:52:08.618 [Darkroom Processing Line] DEBUG n.s.c.p.DarkroomProcessingLine - Processing screenshot image in /var/screenshots/screenshot-16069352353603623826
15:52:08.618 [Darkroom Processing Line] DEBUG n.s.c.p.DarkroomProcessingLine - Saving screenshot to target\site\serenity\c0ae17168253b2a382cb9806596a631853d3e1ba79b2aa9c1324eb606173f3d5.png
15:52:09.525 [Darkroom Processing Line] DEBUG n.s.c.p.DarkroomProcessingLine - Processing screenshot image in /var/screenshots/screenshot-8436655971855839500
15:52:09.526 [Darkroom Processing Line] DEBUG n.s.c.p.DarkroomProcessingLine - Saving screenshot to target\site\serenity\e8f414782372dbf138e5ad9c3b254a48faee18ccedd3356dc8a8d7eeff673036.png
15:52:11.661 [Darkroom Processing Line] DEBUG n.s.c.p.DarkroomProcessingLine - Processing screenshot image in /var/screenshots/screenshot-5886902834362186992
15:52:11.661 [Darkroom Processing Line] DEBUG n.s.c.p.DarkroomProcessingLine - Saving screenshot to target\site\serenity\b7491e5684aa4981375818346b2ecd804f96c8e503821f361e6ae3a67300eb8f.png
15:52:12.148 [Darkroom Processing Line] DEBUG n.s.c.p.DarkroomProcessingLine - Processing screenshot image in /var/screenshots/screenshot-16649818640595792100
15:52:12.148 [Darkroom Processing Line] DEBUG n.s.c.p.DarkroomProcessingLine - Saving screenshot to target\site\serenity\5f943040ae07926843008dc27d0510f37f33e6bdb774efa62a371bb45d870a14.png
15:52:12.497 [Darkroom Processing Line] DEBUG n.s.c.p.DarkroomProcessingLine - Processing screenshot image in /var/screenshots/screenshot-4257561543042423481
15:52:12.497 [Darkroom Processing Line] DEBUG n.s.c.p.DarkroomProcessingLine - Saving screenshot to target\site\serenity\1b125dc71564ca03319a3f02a477f12c8c3bd7fb98df07a26ddf194ad05a3859.png
15:52:17.860 [Darkroom Processing Line] DEBUG n.s.c.p.DarkroomProcessingLine - Processing screenshot image in /var/screenshots/screenshot-1230020122441909146
15:52:17.860 [Darkroom Processing Line] DEBUG n.s.c.p.DarkroomProcessingLine - Saving screenshot to target\site\serenity\d0da8f213666fc79476dcd49dd8f7f085cf57361166aa1b6a3bd44d59467e77f.png
15:53:15.803 [Darkroom Processing Line] DEBUG n.s.c.p.DarkroomProcessingLine - Processing screenshot image in /var/screenshots/screenshot-10173167776075285403
15:53:15.803 [Darkroom Processing Line] DEBUG n.s.c.p.DarkroomProcessingLine - Saving screenshot to target\site\serenity\fa2588b1f1b328e9734c37b955cc71bd473ba4320ac210e10004a77cdc474192.png
15:53:18.091 [Darkroom Processing Line] DEBUG n.s.c.p.DarkroomProcessingLine - Darkroom processing line shutting down
]]></system-out>
    <system-err><![CDATA[Starting ChromeDriver 94.0.4606.61 (418b78f5838ed0b1c69bb4e51ea0252171854915-refs/branch-heads/4606@{#1204}) on port 32917
Only local connections are allowed.
Please see https://chromedriver.chromium.org/security-considerations for suggestions on keeping ChromeDriver safe.
ChromeDriver was started successfully.
[1633035047.028][WARNING]: Deprecated chrome option is ignored: useAutomationExtension
[1633035047.028][WARNING]: Deprecated chrome option is ignored: useAutomationExtension
set. 30, 2021 3:50:47 P. M. org.openqa.selenium.remote.ProtocolHandshake createSession
INFO: Detected dialect: W3C
]]></system-err>
  </testcase>
  <testcase name="failed login" classname="Login into the application" time="29.014">
    <system-out><![CDATA[
@login @loginFailed
Scenario Outline: failed login             &amp#27;[90m# src/test/resources/features/login/login.feature:25&amp#27;[0m
15:51:26.627 [pool-2-thread-1] INFO  i.c.core.plugin.SerenityReporter - Running feature from file:///C:/Users/Usuario/Desktop/AUTOMATIZACIONES/automation-cuponero-v2/src/test/resources/features/login/login.feature
15:51:26.630 [pool-2-thread-1] INFO   - ----------------
- TEST STARTED -
----------------

failed login(login-into-the-application;failed-login)
----------------
15:51:27.167 [pool-2-thread-1] DEBUG n.s.core.photography.Darkroom - Send negative for processing for target\site\serenity\10e9b99f0ce07b1930b98d21ee813591efe85439d3f9b1b1cfb69db4630db43e.png
&amp#27;[92m|-- 1: failed login ({number=000000})&amp#27;[0m
&amp#27;[92m|---- Given User enters the coupon website&amp#27;[0m
&amp#27;[92m|------ User opens the home page&amp#27;[0m
15:51:27.178 [pool-2-thread-1] DEBUG n.t.core.steps.StepInterceptor - STARTING STEP: LoginSD.user_enters_the_coupon_website - !#title
&amp#27;[92m|-------- User opens the home.page page&amp#27;[0m
15:51:27.183 [pool-2-thread-1] DEBUG n.t.core.steps.StepInterceptor - STARTING STEP: LoginSD.user_enters_the_coupon_website - {0} opens the #pageName page
15:51:33.183 [pool-2-thread-1] DEBUG n.s.core.photography.Darkroom - Send negative for processing for target\site\serenity\b16d9ba916ad592414c0b918f1956c773724a0305a9e77c62cce9383486fb5e0.png
15:51:33.183 [pool-2-thread-1] DEBUG n.t.core.steps.StepInterceptor - STEP DONE: {0} opens the #pageName page
15:51:33.187 [pool-2-thread-1] DEBUG n.t.core.steps.StepInterceptor - STEP DONE: !#title
  &amp#27;[32mGiven &amp#27;[0m&amp#27;[32m&amp#27;[0m&amp#27;[32m&amp#27;[1mUser&amp#27;[0m&amp#27;[32m enters the coupon website&amp#27;[0m     &amp#27;[90m# steps.LoginSD.user_enters_the_coupon_website(net.serenitybdd.screenplay.Actor)&amp#27;[0m
15:51:43.590 [pool-2-thread-1] DEBUG n.s.core.photography.Darkroom - Send negative for processing for target\site\serenity\5fc4649f18f9bf52f5986599ad4a4106ebdab108aa4f3ff10aff4d77016889c1.png
&amp#27;[92m|---- When sends invalid document 000000&amp#27;[0m
&amp#27;[92m|------ login invalid&amp#27;[0m
15:51:43.603 [pool-2-thread-1] DEBUG n.t.core.steps.StepInterceptor - STARTING STEP: LoginSD.sends_invalid_document - !#title
15:51:43.604 [pool-2-thread-1] DEBUG n.s.s.targets.IFrameSwitcher - default content already selected for Input de numero de documento
15:51:44.125 [pool-2-thread-1] DEBUG n.s.core.photography.Darkroom - Send negative for processing for target\site\serenity\5fc4649f18f9bf52f5986599ad4a4106ebdab108aa4f3ff10aff4d77016889c1.png
&amp#27;[92m|-------- User enters '000000' into Input de numero de documento&amp#27;[0m
15:51:44.125 [pool-2-thread-1] DEBUG n.t.core.steps.StepInterceptor - STARTING STEP: LoginSD.sends_invalid_document - {0} enters #theTextAsAString into #target
15:51:44.126 [pool-2-thread-1] DEBUG n.s.s.targets.IFrameSwitcher - default content already selected for Input de numero de documento
15:51:44.767 [pool-2-thread-1] DEBUG n.s.core.photography.Darkroom - Send negative for processing for target\site\serenity\e8345e3227ea5522f2e2a519d05ab44a3b0ba0d6df7b1c2e6964443695f52f37.png
15:51:44.768 [pool-2-thread-1] DEBUG n.t.core.steps.StepInterceptor - STEP DONE: {0} enters #theTextAsAString into #target
15:51:44.772 [pool-2-thread-1] DEBUG n.t.core.steps.StepInterceptor - STEP DONE: !#title
  &amp#27;[32mWhen &amp#27;[0m&amp#27;[32msends invalid document &amp#27;[0m&amp#27;[32m&amp#27;[1m000000&amp#27;[0m       &amp#27;[90m# steps.LoginSD.sends_invalid_document(java.lang.String)&amp#27;[0m
15:51:55.224 [pool-2-thread-1] DEBUG n.s.core.photography.Darkroom - Send negative for processing for target\site\serenity\84a35dd2f6910f6d7d09615e0145f63d52463bde3cd4a67ea7f41142a5a804bf.png
&amp#27;[92m|---- Then should be able to see error message&amp#27;[0m
15:51:55.230 [pool-2-thread-1] DEBUG n.s.s.targets.IFrameSwitcher - default content already selected for Número de documento inválido
****MENSAJE DE ERROR*****:Número de documento inválido
15:51:55.589 [pool-2-thread-1] DEBUG n.s.core.photography.Darkroom - Send negative for processing for target\site\serenity\13bfbb8e5f1217627c1093606a8ea93bb9cd3e0406a2ebb34e1103df3814cda4.png
&amp#27;[92m|------ Then MENSAJE DE ERROR should be Predicates.equalTo(N&uacute;mero de documento inv&aacute;lido)&amp#27;[0m
15:51:55.590 [pool-2-thread-1] DEBUG n.s.s.targets.IFrameSwitcher - default content already selected for Número de documento inválido
  &amp#27;[32mThen &amp#27;[0m&amp#27;[32mshould be able to see error message&amp#27;[0m &amp#27;[90m# steps.LoginSD.should_be_able_to_see_error_message()&amp#27;[0m
15:51:55.634 [pool-2-thread-1] INFO   - &amp#27;[92m---------------
- TEST PASSED -
---------------

failed login
---------------&amp#27;[0m
]]></system-out>
  </testcase>
  <testcase name="user not registered" classname="Login into the application" time="80.176">
    <system-out><![CDATA[
@login @userNotRegistered
Scenario Outline: user not registered               &amp#27;[90m# src/test/resources/features/login/login.feature:36&amp#27;[0m
15:51:55.638 [pool-2-thread-1] INFO  i.c.core.plugin.SerenityReporter - Running feature from file:///C:/Users/Usuario/Desktop/AUTOMATIZACIONES/automation-cuponero-v2/src/test/resources/features/login/login.feature
15:51:55.640 [pool-2-thread-1] INFO   - ----------------
- TEST STARTED -
----------------

user not registered(login-into-the-application;user-not-registered)
----------------
15:51:55.968 [pool-2-thread-1] DEBUG n.s.core.photography.Darkroom - Send negative for processing for target\site\serenity\c76713ff0229c288e3a5c395f1fb69ff73b5cbc60bff14951bdf2cd200b48dce.png
&amp#27;[92m|-- 1: user not registered ({number=00447711})&amp#27;[0m
&amp#27;[92m|---- Given User enters the coupon website&amp#27;[0m
&amp#27;[92m|------ User opens the home page&amp#27;[0m
15:51:55.979 [pool-2-thread-1] DEBUG n.t.core.steps.StepInterceptor - STARTING STEP: LoginSD.user_enters_the_coupon_website - !#title
&amp#27;[92m|-------- User opens the home.page page&amp#27;[0m
15:51:55.991 [pool-2-thread-1] DEBUG n.t.core.steps.StepInterceptor - STARTING STEP: LoginSD.user_enters_the_coupon_website - {0} opens the #pageName page
15:51:57.170 [pool-2-thread-1] DEBUG n.s.core.photography.Darkroom - Send negative for processing for target\site\serenity\272c8fd5e08df866261efc2870733ea359ec28a5bd24b99fb2455eed22ec3ca5.png
15:51:57.170 [pool-2-thread-1] DEBUG n.t.core.steps.StepInterceptor - STEP DONE: {0} opens the #pageName page
15:51:57.174 [pool-2-thread-1] DEBUG n.t.core.steps.StepInterceptor - STEP DONE: !#title
  &amp#27;[32mGiven &amp#27;[0m&amp#27;[32m&amp#27;[0m&amp#27;[32m&amp#27;[1mUser&amp#27;[0m&amp#27;[32m enters the coupon website&amp#27;[0m              &amp#27;[90m# steps.LoginSD.user_enters_the_coupon_website(net.serenitybdd.screenplay.Actor)&amp#27;[0m
15:52:07.537 [pool-2-thread-1] DEBUG n.s.core.photography.Darkroom - Send negative for processing for target\site\serenity\c98c62e7288f18e0270b5ba941f48dff0dff3fbbe95db89ca90040443a438332.png
&amp#27;[92m|---- When sends  document 00447711&amp#27;[0m
&amp#27;[92m|------ user no registred&amp#27;[0m
15:52:07.547 [pool-2-thread-1] DEBUG n.t.core.steps.StepInterceptor - STARTING STEP: LoginSD.sends_document - !#title
15:52:07.548 [pool-2-thread-1] DEBUG n.s.s.targets.IFrameSwitcher - default content already selected for Input de numero de documento
15:52:08.023 [pool-2-thread-1] DEBUG n.s.core.photography.Darkroom - Send negative for processing for target\site\serenity\c98c62e7288f18e0270b5ba941f48dff0dff3fbbe95db89ca90040443a438332.png
&amp#27;[92m|-------- User enters '00447711' into Input de numero de documento&amp#27;[0m
15:52:08.024 [pool-2-thread-1] DEBUG n.t.core.steps.StepInterceptor - STARTING STEP: LoginSD.sends_document - {0} enters #theTextAsAString into #target
15:52:08.025 [pool-2-thread-1] DEBUG n.s.s.targets.IFrameSwitcher - default content already selected for Input de numero de documento
15:52:08.617 [pool-2-thread-1] DEBUG n.s.core.photography.Darkroom - Send negative for processing for target\site\serenity\c0ae17168253b2a382cb9806596a631853d3e1ba79b2aa9c1324eb606173f3d5.png
15:52:08.618 [pool-2-thread-1] DEBUG n.t.core.steps.StepInterceptor - STEP DONE: {0} enters #theTextAsAString into #target
15:52:08.619 [pool-2-thread-1] DEBUG n.s.s.targets.IFrameSwitcher - default content already selected for Boton ingresar
15:52:09.058 [pool-2-thread-1] DEBUG n.s.core.photography.Darkroom - Send negative for processing for target\site\serenity\c0ae17168253b2a382cb9806596a631853d3e1ba79b2aa9c1324eb606173f3d5.png
&amp#27;[92m|-------- User clicks on Boton ingresar&amp#27;[0m
15:52:09.059 [pool-2-thread-1] DEBUG n.t.core.steps.StepInterceptor - STARTING STEP: LoginSD.sends_document - {0} clicks on #target
15:52:09.060 [pool-2-thread-1] DEBUG n.s.s.targets.IFrameSwitcher - default content already selected for Boton ingresar
15:52:09.525 [pool-2-thread-1] DEBUG n.s.core.photography.Darkroom - Send negative for processing for target\site\serenity\e8f414782372dbf138e5ad9c3b254a48faee18ccedd3356dc8a8d7eeff673036.png
15:52:09.525 [pool-2-thread-1] DEBUG n.t.core.steps.StepInterceptor - STEP DONE: {0} clicks on #target
15:52:09.526 [pool-2-thread-1] DEBUG n.s.s.targets.IFrameSwitcher - default content already selected for MODAL DE REGISTRO A CUPONERO
15:52:11.660 [pool-2-thread-1] DEBUG n.s.core.photography.Darkroom - Send negative for processing for target\site\serenity\b7491e5684aa4981375818346b2ecd804f96c8e503821f361e6ae3a67300eb8f.png
&amp#27;[92m|-------- User clicks on Link de registro a cuponero&amp#27;[0m
15:52:11.661 [pool-2-thread-1] DEBUG n.t.core.steps.StepInterceptor - STARTING STEP: LoginSD.sends_document - {0} clicks on #target
15:52:11.662 [pool-2-thread-1] DEBUG n.s.s.targets.IFrameSwitcher - default content already selected for Link de registro a cuponero
15:52:12.147 [pool-2-thread-1] DEBUG n.s.core.photography.Darkroom - Send negative for processing for target\site\serenity\5f943040ae07926843008dc27d0510f37f33e6bdb774efa62a371bb45d870a14.png
15:52:12.148 [pool-2-thread-1] DEBUG n.t.core.steps.StepInterceptor - STEP DONE: {0} clicks on #target
15:52:12.150 [pool-2-thread-1] DEBUG n.t.core.steps.StepInterceptor - STEP DONE: !#title
  &amp#27;[32mWhen &amp#27;[0m&amp#27;[32msends  document &amp#27;[0m&amp#27;[32m&amp#27;[1m00447711&amp#27;[0m                     &amp#27;[90m# steps.LoginSD.sends_document(java.lang.String)&amp#27;[0m
&amp#27;[92m|---- Then should be able to see the registration modal&amp#27;[0m
15:52:12.159 [pool-2-thread-1] DEBUG n.s.s.targets.IFrameSwitcher - default content already selected for MODAL DE REGISTRO A CUPONERO
******DESCRIPCION DE MODAL DE REGISTRO************:Para ver tus cupones, debes ser Socio del Monedero del Ahorro. Ingresa a Registro de afiliación para afiliarte.
15:52:12.497 [pool-2-thread-1] DEBUG n.s.core.photography.Darkroom - Send negative for processing for target\site\serenity\1b125dc71564ca03319a3f02a477f12c8c3bd7fb98df07a26ddf194ad05a3859.png
&amp#27;[92m|------ Then DESCRIPCION MODAL DE REGISTRO***** should be Predicates.equalTo(Para ver tus cupones, debes ser Socio del Monedero del Ahorro. Ingresa a Registro de afiliaci&oacute;n para afiliarte.)&amp#27;[0m
15:52:12.498 [pool-2-thread-1] DEBUG n.s.s.targets.IFrameSwitcher - default content already selected for MODAL DE REGISTRO A CUPONERO
15:52:17.860 [pool-2-thread-1] DEBUG n.s.core.photography.Darkroom - Send negative for processing for target\site\serenity\d0da8f213666fc79476dcd49dd8f7f085cf57361166aa1b6a3bd44d59467e77f.png
&amp#27;[92m|------ User switches to new window&amp#27;[0m
15:52:17.860 [pool-2-thread-1] DEBUG n.t.core.steps.StepInterceptor - STARTING STEP: LoginSD.should_be_able_to_see_the_registration_modal - {0} switches to new window
15:52:17.869 [pool-2-thread-1] DEBUG n.s.s.actions.SwitchToNewWindow - open windows: 2
15:52:17.902 [pool-2-thread-1] DEBUG n.s.s.actions.SwitchToNewWindow - current window: Mifarma | Cuponero del ahorro, at: https://cupomania-qa05.cindibyinkafarma.com/login
15:53:15.378 [pool-2-thread-1] DEBUG n.s.s.actions.SwitchToNewWindow - new window: Ahorrando en Mifarma, at: https://mifarmapromos.com.pe/afiliate
15:53:15.803 [pool-2-thread-1] DEBUG n.s.core.photography.Darkroom - Send negative for processing for target\site\serenity\fa2588b1f1b328e9734c37b955cc71bd473ba4320ac210e10004a77cdc474192.png
15:53:15.803 [pool-2-thread-1] DEBUG n.t.core.steps.StepInterceptor - STEP DONE: {0} switches to new window
  &amp#27;[32mThen &amp#27;[0m&amp#27;[32mshould be able to see the registration modal&amp#27;[0m &amp#27;[90m# steps.LoginSD.should_be_able_to_see_the_registration_modal()&amp#27;[0m
15:53:15.810 [pool-2-thread-1] INFO   - &amp#27;[92m---------------
- TEST PASSED -
---------------

user not registered
---------------&amp#27;[0m
]]></system-out>
  </testcase>
</testsuite>