<?xml version="1.0" encoding="UTF-8"?>
<testsuite xmlns:xsi="http://www.w3.org/2001/XMLSchema-instance" xsi:noNamespaceSchemaLocation="https://maven.apache.org/surefire/maven-failsafe-plugin/xsd/failsafe-test-report-3.0.xsd" version="3.0" name="Login into the application" time="110.356" tests="3" errors="0" skipped="0" failures="0">
  <properties>
[...]
</properties>
  <testcase name="successful login" classname="Login into the application" time="50.97">
    <system-out><![CDATA[11:41:42.936 [main] DEBUG n.t.c.u.PropertiesFileLocalPreferences - LOADING LOCAL PROPERTIES FROM C:\Users\Usuario\Desktop\AUTOMATIZACIONES\automation-cuponero-v2\serenity.properties 

11:41:43.000 [main] DEBUG n.t.c.u.PropertiesFileLocalPreferences - LOADING LOCAL PROPERTIES FROM C:\Users\Usuario\Desktop\AUTOMATIZACIONES\automation-cuponero-v2\serenity.properties 

11:41:43.001 [main] DEBUG n.t.c.u.PropertiesFileLocalPreferences - LOADING LOCAL PROPERTIES FROM C:\Users\Usuario\Desktop\AUTOMATIZACIONES\automation-cuponero-v2\serenity.properties 

11:41:43.010 [main] DEBUG n.t.c.u.PropertiesFileLocalPreferences - serenity.test.root="net.serenitybdd.demos.todos.features"

11:41:43.011 [main] DEBUG n.t.c.u.PropertiesFileLocalPreferences - serenity.project.name="My Special Project"

11:41:43.011 [main] DEBUG n.t.c.u.PropertiesFileLocalPreferences - browserstack.name=[Serenity] Sample Test

11:41:43.011 [main] DEBUG n.t.c.u.PropertiesFileLocalPreferences - serenity.timeouts.fluentwait=10000

11:41:43.011 [main] DEBUG n.t.c.u.PropertiesFileLocalPreferences - chrome_experimental_options.excludeSwitches=enable-automation

11:41:43.011 [main] DEBUG n.t.c.u.PropertiesFileLocalPreferences - environments.PROD.home.page=https://cupomania-qa05.cindibyinkafarma.com/login

11:41:43.011 [main] DEBUG n.t.c.u.PropertiesFileLocalPreferences - serenity.reports.show.step.details=true

11:41:43.012 [main] DEBUG n.t.c.u.PropertiesFileLocalPreferences - webdriver.autodownload=true

11:41:43.012 [main] DEBUG n.t.c.u.PropertiesFileLocalPreferences - chrome_preferences.password_manager_enabled=false

11:41:43.012 [main] DEBUG n.t.c.u.PropertiesFileLocalPreferences - environments.UAT.home.page=https://cupomania-qa05.cindibyinkafarma.com/login

11:41:43.012 [main] DEBUG n.t.c.u.PropertiesFileLocalPreferences - chrome_preferences.profile.default_content_settings.popups=0

11:41:43.012 [main] DEBUG n.t.c.u.PropertiesFileLocalPreferences - serenity.report.show.manual.tests=true

11:41:43.012 [main] DEBUG n.t.c.u.PropertiesFileLocalPreferences - serenity.wait.for.timeout=10000

11:41:43.012 [main] DEBUG n.t.c.u.PropertiesFileLocalPreferences - environments.UAT.home.page1=https://conveniosci04.cindibyinkafarma.com/

11:41:43.012 [main] DEBUG n.t.c.u.PropertiesFileLocalPreferences - firefox.preferences=browser.download.dir=/tmp;browser.helperApps.alwaysAsk.force=false;browser.download.manager.showWhenStarting=false;browser.download.useDownloadDir=true;browser.download.folderList=2;permissions.default.desktop-notification=1

11:41:43.012 [main] DEBUG n.t.c.u.PropertiesFileLocalPreferences - serenity.browser.width=1920

11:41:43.012 [main] DEBUG n.t.c.u.PropertiesFileLocalPreferences - chrome_preferences.profile.default_content_setting_values.notifications=1

11:41:43.012 [main] DEBUG n.t.c.u.PropertiesFileLocalPreferences - serenity.verbose.screenshots.for.tasks=AFTER_EACH_STEP

11:41:43.012 [main] DEBUG n.t.c.u.PropertiesFileLocalPreferences - serenity.max.retries=2

11:41:43.012 [main] DEBUG n.t.c.u.PropertiesFileLocalPreferences - environments.default.home.page=https://cupomania-qa05.cindibyinkafarma.com/login

11:41:43.013 [main] DEBUG n.t.c.u.PropertiesFileLocalPreferences - serenity.take.screenshots.for.tasks=FOR_EACH_ACTION

11:41:43.013 [main] DEBUG n.t.c.u.PropertiesFileLocalPreferences - chrome_experimental_options.useAutomationExtension=false

11:41:43.013 [main] DEBUG n.t.c.u.PropertiesFileLocalPreferences - chrome.switches=--start-maximized;--test-type;--no-sandbox;--ignore-certificate-errors;--disable-popup-blocking;--disable-default-apps;--disable-extensions-file-access-check;--disable-download-notification;--disable-infobars,--disable-gpu

11:41:43.013 [main] DEBUG n.t.c.u.PropertiesFileLocalPreferences - serenity.console.headings=normal

11:41:43.013 [main] DEBUG n.t.c.u.PropertiesFileLocalPreferences - serenity.console.colors=true

11:41:43.013 [main] DEBUG n.t.c.u.PropertiesFileLocalPreferences - serenity.restart.browser.for.each=NEVER

11:41:43.013 [main] DEBUG n.t.c.u.PropertiesFileLocalPreferences - serenity.use.unique.browser=true

11:41:43.013 [main] DEBUG n.t.c.u.PropertiesFileLocalPreferences - serenity.junit.retry.tests=true

11:41:43.013 [main] DEBUG n.t.c.u.PropertiesFileLocalPreferences - chrome_preferences.credentials_enable_service=false

11:41:43.013 [main] DEBUG n.t.c.u.PropertiesFileLocalPreferences - serenity.timeouts.implicitlywait=5000

11:41:43.013 [main] DEBUG n.t.c.u.PropertiesFileLocalPreferences - webdriver.driver=chrome

11:41:43.013 [main] DEBUG n.t.c.u.PropertiesFileLocalPreferences - chrome_preferences.download.default_directory=/my/downloads/

11:41:43.013 [main] DEBUG n.t.c.u.PropertiesFileLocalPreferences - serenity.logging=VERBOSE

11:41:43.013 [main] DEBUG n.t.c.u.PropertiesFileLocalPreferences - serenity.browser.height=1080

11:41:43.013 [main] DEBUG n.t.c.u.PropertiesFileLocalPreferences - environment=UAT

11:41:43.014 [main] DEBUG n.t.c.u.PropertiesFileLocalPreferences - chrome_preferences.profile.default_content_setting_values.geolocation=1

11:41:43.014 [main] DEBUG n.t.c.u.PropertiesFileLocalPreferences - headless.mode=false

11:41:43.340 [main] DEBUG n.t.c.u.PropertiesFileLocalPreferences - LOADING LOCAL PROPERTIES FROM C:\Users\Usuario\Desktop\AUTOMATIZACIONES\automation-cuponero-v2\serenity.properties 

11:41:43.354 [main] DEBUG n.t.c.u.PropertiesFileLocalPreferences - LOADING LOCAL PROPERTIES FROM C:\Users\Usuario\Desktop\AUTOMATIZACIONES\automation-cuponero-v2\serenity.properties 

11:41:43.355 [main] DEBUG n.t.c.u.PropertiesFileLocalPreferences - LOADING LOCAL PROPERTIES FROM C:\Users\Usuario\Desktop\AUTOMATIZACIONES\automation-cuponero-v2\serenity.properties 

11:41:43.355 [main] DEBUG n.t.c.u.PropertiesFileLocalPreferences - serenity.test.root="net.serenitybdd.demos.todos.features"

11:41:43.355 [main] DEBUG n.t.c.u.PropertiesFileLocalPreferences - serenity.project.name="My Special Project"

11:41:43.355 [main] DEBUG n.t.c.u.PropertiesFileLocalPreferences - browserstack.name=[Serenity] Sample Test

11:41:43.356 [main] DEBUG n.t.c.u.PropertiesFileLocalPreferences - serenity.timeouts.fluentwait=10000

11:41:43.356 [main] DEBUG n.t.c.u.PropertiesFileLocalPreferences - chrome_experimental_options.excludeSwitches=enable-automation

11:41:43.356 [main] DEBUG n.t.c.u.PropertiesFileLocalPreferences - environments.PROD.home.page=https://cupomania-qa05.cindibyinkafarma.com/login

11:41:43.356 [main] DEBUG n.t.c.u.PropertiesFileLocalPreferences - serenity.reports.show.step.details=true

11:41:43.356 [main] DEBUG n.t.c.u.PropertiesFileLocalPreferences - webdriver.autodownload=true

11:41:43.356 [main] DEBUG n.t.c.u.PropertiesFileLocalPreferences - chrome_preferences.password_manager_enabled=false

11:41:43.356 [main] DEBUG n.t.c.u.PropertiesFileLocalPreferences - environments.UAT.home.page=https://cupomania-qa05.cindibyinkafarma.com/login

11:41:43.356 [main] DEBUG n.t.c.u.PropertiesFileLocalPreferences - chrome_preferences.profile.default_content_settings.popups=0

11:41:43.356 [main] DEBUG n.t.c.u.PropertiesFileLocalPreferences - serenity.report.show.manual.tests=true

11:41:43.356 [main] DEBUG n.t.c.u.PropertiesFileLocalPreferences - serenity.wait.for.timeout=10000

11:41:43.356 [main] DEBUG n.t.c.u.PropertiesFileLocalPreferences - environments.UAT.home.page1=https://conveniosci04.cindibyinkafarma.com/

11:41:43.356 [main] DEBUG n.t.c.u.PropertiesFileLocalPreferences - firefox.preferences=browser.download.dir=/tmp;browser.helperApps.alwaysAsk.force=false;browser.download.manager.showWhenStarting=false;browser.download.useDownloadDir=true;browser.download.folderList=2;permissions.default.desktop-notification=1

11:41:43.356 [main] DEBUG n.t.c.u.PropertiesFileLocalPreferences - serenity.browser.width=1920

11:41:43.356 [main] DEBUG n.t.c.u.PropertiesFileLocalPreferences - chrome_preferences.profile.default_content_setting_values.notifications=1

11:41:43.357 [main] DEBUG n.t.c.u.PropertiesFileLocalPreferences - serenity.verbose.screenshots.for.tasks=AFTER_EACH_STEP

11:41:43.357 [main] DEBUG n.t.c.u.PropertiesFileLocalPreferences - serenity.max.retries=2

11:41:43.357 [main] DEBUG n.t.c.u.PropertiesFileLocalPreferences - environments.default.home.page=https://cupomania-qa05.cindibyinkafarma.com/login

11:41:43.357 [main] DEBUG n.t.c.u.PropertiesFileLocalPreferences - serenity.take.screenshots.for.tasks=FOR_EACH_ACTION

11:41:43.357 [main] DEBUG n.t.c.u.PropertiesFileLocalPreferences - chrome_experimental_options.useAutomationExtension=false

11:41:43.357 [main] DEBUG n.t.c.u.PropertiesFileLocalPreferences - chrome.switches=--start-maximized;--test-type;--no-sandbox;--ignore-certificate-errors;--disable-popup-blocking;--disable-default-apps;--disable-extensions-file-access-check;--disable-download-notification;--disable-infobars,--disable-gpu

11:41:43.357 [main] DEBUG n.t.c.u.PropertiesFileLocalPreferences - serenity.console.headings=normal

11:41:43.357 [main] DEBUG n.t.c.u.PropertiesFileLocalPreferences - serenity.console.colors=true

11:41:43.357 [main] DEBUG n.t.c.u.PropertiesFileLocalPreferences - serenity.restart.browser.for.each=NEVER

11:41:43.357 [main] DEBUG n.t.c.u.PropertiesFileLocalPreferences - serenity.use.unique.browser=true

11:41:43.357 [main] DEBUG n.t.c.u.PropertiesFileLocalPreferences - serenity.junit.retry.tests=true

11:41:43.357 [main] DEBUG n.t.c.u.PropertiesFileLocalPreferences - chrome_preferences.credentials_enable_service=false

11:41:43.357 [main] DEBUG n.t.c.u.PropertiesFileLocalPreferences - serenity.timeouts.implicitlywait=5000

11:41:43.357 [main] DEBUG n.t.c.u.PropertiesFileLocalPreferences - webdriver.driver=chrome

11:41:43.357 [main] DEBUG n.t.c.u.PropertiesFileLocalPreferences - chrome_preferences.download.default_directory=/my/downloads/

11:41:43.357 [main] DEBUG n.t.c.u.PropertiesFileLocalPreferences - serenity.logging=VERBOSE

11:41:43.358 [main] DEBUG n.t.c.u.PropertiesFileLocalPreferences - serenity.browser.height=1080

11:41:43.358 [main] DEBUG n.t.c.u.PropertiesFileLocalPreferences - environment=UAT

11:41:43.358 [main] DEBUG n.t.c.u.PropertiesFileLocalPreferences - chrome_preferences.profile.default_content_setting_values.geolocation=1

11:41:43.358 [main] DEBUG n.t.c.u.PropertiesFileLocalPreferences - headless.mode=false

11:41:43.384 [main] INFO  i.c.core.plugin.SerenityReporter - Running feature from file:///C:/Users/Usuario/Desktop/AUTOMATIZACIONES/automation-cuponero-v2/src/test/resources/features/Coupons/categoryCoupon.feature

11:41:43.527 [main] DEBUG n.t.c.u.PropertiesFileLocalPreferences - LOADING LOCAL PROPERTIES FROM C:\Users\Usuario\Desktop\AUTOMATIZACIONES\automation-cuponero-v2\serenity.properties 

11:41:43.538 [main] DEBUG n.t.c.u.PropertiesFileLocalPreferences - LOADING LOCAL PROPERTIES FROM C:\Users\Usuario\Desktop\AUTOMATIZACIONES\automation-cuponero-v2\serenity.properties 

11:41:43.539 [main] DEBUG n.t.c.u.PropertiesFileLocalPreferences - LOADING LOCAL PROPERTIES FROM C:\Users\Usuario\Desktop\AUTOMATIZACIONES\automation-cuponero-v2\serenity.properties 

11:41:43.540 [main] DEBUG n.t.c.u.PropertiesFileLocalPreferences - serenity.test.root="net.serenitybdd.demos.todos.features"

11:41:43.540 [main] DEBUG n.t.c.u.PropertiesFileLocalPreferences - serenity.project.name="My Special Project"

11:41:43.540 [main] DEBUG n.t.c.u.PropertiesFileLocalPreferences - browserstack.name=[Serenity] Sample Test

11:41:43.540 [main] DEBUG n.t.c.u.PropertiesFileLocalPreferences - serenity.timeouts.fluentwait=10000

11:41:43.540 [main] DEBUG n.t.c.u.PropertiesFileLocalPreferences - chrome_experimental_options.excludeSwitches=enable-automation

11:41:43.540 [main] DEBUG n.t.c.u.PropertiesFileLocalPreferences - environments.PROD.home.page=https://cupomania-qa05.cindibyinkafarma.com/login

11:41:43.540 [main] DEBUG n.t.c.u.PropertiesFileLocalPreferences - serenity.reports.show.step.details=true

11:41:43.540 [main] DEBUG n.t.c.u.PropertiesFileLocalPreferences - webdriver.autodownload=true

11:41:43.540 [main] DEBUG n.t.c.u.PropertiesFileLocalPreferences - chrome_preferences.password_manager_enabled=false

11:41:43.540 [main] DEBUG n.t.c.u.PropertiesFileLocalPreferences - environments.UAT.home.page=https://cupomania-qa05.cindibyinkafarma.com/login

11:41:43.540 [main] DEBUG n.t.c.u.PropertiesFileLocalPreferences - chrome_preferences.profile.default_content_settings.popups=0

11:41:43.540 [main] DEBUG n.t.c.u.PropertiesFileLocalPreferences - serenity.report.show.manual.tests=true

11:41:43.540 [main] DEBUG n.t.c.u.PropertiesFileLocalPreferences - serenity.wait.for.timeout=10000

11:41:43.540 [main] DEBUG n.t.c.u.PropertiesFileLocalPreferences - environments.UAT.home.page1=https://conveniosci04.cindibyinkafarma.com/

11:41:43.541 [main] DEBUG n.t.c.u.PropertiesFileLocalPreferences - firefox.preferences=browser.download.dir=/tmp;browser.helperApps.alwaysAsk.force=false;browser.download.manager.showWhenStarting=false;browser.download.useDownloadDir=true;browser.download.folderList=2;permissions.default.desktop-notification=1

11:41:43.541 [main] DEBUG n.t.c.u.PropertiesFileLocalPreferences - serenity.browser.width=1920

11:41:43.541 [main] DEBUG n.t.c.u.PropertiesFileLocalPreferences - chrome_preferences.profile.default_content_setting_values.notifications=1

11:41:43.541 [main] DEBUG n.t.c.u.PropertiesFileLocalPreferences - serenity.verbose.screenshots.for.tasks=AFTER_EACH_STEP

11:41:43.541 [main] DEBUG n.t.c.u.PropertiesFileLocalPreferences - serenity.max.retries=2

11:41:43.541 [main] DEBUG n.t.c.u.PropertiesFileLocalPreferences - environments.default.home.page=https://cupomania-qa05.cindibyinkafarma.com/login

11:41:43.541 [main] DEBUG n.t.c.u.PropertiesFileLocalPreferences - serenity.take.screenshots.for.tasks=FOR_EACH_ACTION

11:41:43.541 [main] DEBUG n.t.c.u.PropertiesFileLocalPreferences - chrome_experimental_options.useAutomationExtension=false

11:41:43.541 [main] DEBUG n.t.c.u.PropertiesFileLocalPreferences - chrome.switches=--start-maximized;--test-type;--no-sandbox;--ignore-certificate-errors;--disable-popup-blocking;--disable-default-apps;--disable-extensions-file-access-check;--disable-download-notification;--disable-infobars,--disable-gpu

11:41:43.541 [main] DEBUG n.t.c.u.PropertiesFileLocalPreferences - serenity.console.headings=normal

11:41:43.541 [main] DEBUG n.t.c.u.PropertiesFileLocalPreferences - serenity.console.colors=true

11:41:43.541 [main] DEBUG n.t.c.u.PropertiesFileLocalPreferences - serenity.restart.browser.for.each=NEVER

11:41:43.541 [main] DEBUG n.t.c.u.PropertiesFileLocalPreferences - serenity.use.unique.browser=true

11:41:43.541 [main] DEBUG n.t.c.u.PropertiesFileLocalPreferences - serenity.junit.retry.tests=true

11:41:43.541 [main] DEBUG n.t.c.u.PropertiesFileLocalPreferences - chrome_preferences.credentials_enable_service=false

11:41:43.541 [main] DEBUG n.t.c.u.PropertiesFileLocalPreferences - serenity.timeouts.implicitlywait=5000

11:41:43.541 [main] DEBUG n.t.c.u.PropertiesFileLocalPreferences - webdriver.driver=chrome

11:41:43.541 [main] DEBUG n.t.c.u.PropertiesFileLocalPreferences - chrome_preferences.download.default_directory=/my/downloads/

11:41:43.542 [main] DEBUG n.t.c.u.PropertiesFileLocalPreferences - serenity.logging=VERBOSE

11:41:43.542 [main] DEBUG n.t.c.u.PropertiesFileLocalPreferences - serenity.browser.height=1080

11:41:43.542 [main] DEBUG n.t.c.u.PropertiesFileLocalPreferences - environment=UAT

11:41:43.542 [main] DEBUG n.t.c.u.PropertiesFileLocalPreferences - chrome_preferences.profile.default_content_setting_values.geolocation=1

11:41:43.542 [main] DEBUG n.t.c.u.PropertiesFileLocalPreferences - headless.mode=false

11:41:43.547 [main] INFO   - &amp#27;[96m

-------------------------------------------------------------------------------------
     _______. _______ .______       _______ .__   __.  __  .___________.____    ____ 
    /       ||   ____||   _  \     |   ____||  \ |  | |  | |           |\   \  /   / 
   |   (----`|  |__   |  |_)  |    |  |__   |   \|  | |  | `---|  |----` \   \/   /  
    \   \    |   __|  |      /     |   __|  |  . `  | |  |     |  |       \_    _/   
.----)   |   |  |____ |  |\  \----.|  |____ |  |\   | |  |     |  |         |  |     
|_______/    |_______|| _| `._____||_______||__| \__| |__|     |__|         |__|    
                                                                                     
 News and tutorials at http://www.serenity-bdd.info                                  
 Documentation at https://wakaleo.gitbooks.io/the-serenity-book/content/             
 Join the Serenity Community on Gitter: https://gitter.im/serenity-bdd/serenity-core 
 Serenity BDD Support and Training at http://serenity-bdd.info/#/trainingandsupport  
-------------------------------------------------------------------------------------
&amp#27;[0m

11:41:43.550 [main] DEBUG n.thucydides.core.steps.StepEventBus - Test suite started for story net.thucydides.core.model.Story@5372edb0

11:41:43.552 [main] INFO   - Test Suite Started: category coupons

11:41:43.567 [main] INFO  i.c.core.plugin.SerenityReporter - Running feature from file:///C:/Users/Usuario/Desktop/AUTOMATIZACIONES/automation-cuponero-v2/src/test/resources/features/Coupons/couponBicanal.feature

11:41:43.573 [main] DEBUG n.thucydides.core.steps.StepEventBus - Test suite started for story net.thucydides.core.model.Story@75f8c307

11:41:43.575 [main] INFO   - Test Suite Started: Coupons

11:41:43.576 [main] INFO  i.c.core.plugin.SerenityReporter - Running feature from file:///C:/Users/Usuario/Desktop/AUTOMATIZACIONES/automation-cuponero-v2/src/test/resources/features/Coupons/couponFlash.feature

11:41:43.581 [main] DEBUG n.thucydides.core.steps.StepEventBus - Test suite started for story net.thucydides.core.model.Story@29deace3

11:41:43.582 [main] INFO   - Test Suite Started: Coupons

11:41:43.582 [main] INFO  i.c.core.plugin.SerenityReporter - Running feature from file:///C:/Users/Usuario/Desktop/AUTOMATIZACIONES/automation-cuponero-v2/src/test/resources/features/Coupons/couponMultiHook.feature

11:41:43.588 [main] DEBUG n.thucydides.core.steps.StepEventBus - Test suite started for story net.thucydides.core.model.Story@74dd7eef

11:41:43.589 [main] INFO   - Test Suite Started: Coupons

11:41:43.589 [main] INFO  i.c.core.plugin.SerenityReporter - Running feature from file:///C:/Users/Usuario/Desktop/AUTOMATIZACIONES/automation-cuponero-v2/src/test/resources/features/Coupons/couponNormal.feature

11:41:43.593 [main] DEBUG n.thucydides.core.steps.StepEventBus - Test suite started for story net.thucydides.core.model.Story@4406e32a

11:41:43.594 [main] INFO   - Test Suite Started: Coupons

11:41:43.594 [main] INFO  i.c.core.plugin.SerenityReporter - Running feature from file:///C:/Users/Usuario/Desktop/AUTOMATIZACIONES/automation-cuponero-v2/src/test/resources/features/Coupons/couponRecommend.feature

11:41:43.599 [main] DEBUG n.thucydides.core.steps.StepEventBus - Test suite started for story net.thucydides.core.model.Story@60a6d5af

11:41:43.600 [main] INFO   - Test Suite Started: Coupons

11:41:43.600 [main] INFO  i.c.core.plugin.SerenityReporter - Running feature from file:///C:/Users/Usuario/Desktop/AUTOMATIZACIONES/automation-cuponero-v2/src/test/resources/features/Coupons/searchCoupon.feature

11:41:43.605 [main] DEBUG n.thucydides.core.steps.StepEventBus - Test suite started for story net.thucydides.core.model.Story@1a5ea4d

11:41:43.606 [main] INFO   - Test Suite Started: Search Coupon

11:41:43.606 [main] INFO  i.c.core.plugin.SerenityReporter - Running feature from file:///C:/Users/Usuario/Desktop/AUTOMATIZACIONES/automation-cuponero-v2/src/test/resources/features/footer/footer.feature

11:41:43.611 [main] DEBUG n.thucydides.core.steps.StepEventBus - Test suite started for story net.thucydides.core.model.Story@5e33f65c

11:41:43.612 [main] INFO   - Test Suite Started: FOOTER

11:41:43.612 [main] INFO  i.c.core.plugin.SerenityReporter - Running feature from file:///C:/Users/Usuario/Desktop/AUTOMATIZACIONES/automation-cuponero-v2/src/test/resources/features/login/login.feature

11:41:43.619 [main] DEBUG n.thucydides.core.steps.StepEventBus - Test suite started for story net.thucydides.core.model.Story@94cad640

11:41:43.620 [main] INFO   - Test Suite Started: Login into the application

11:41:43.620 [main] INFO  i.c.core.plugin.SerenityReporter - Running feature from file:///C:/Users/Usuario/Desktop/AUTOMATIZACIONES/automation-cuponero-v2/src/test/resources/features/update/update.feature

11:41:43.625 [main] DEBUG n.thucydides.core.steps.StepEventBus - Test suite started for story net.thucydides.core.model.Story@877b492e

11:41:43.626 [main] INFO   - Test Suite Started: Update



3
 Scenarios (
&amp#27;[32m3 passed&amp#27;[0m
)

9
 Steps (
&amp#27;[32m9 passed&amp#27;[0m
)

1m
50.608s





11:43:33.988 [main] DEBUG n.t.core.reports.ReportService - Reporting formats: [JSON, HTML]

11:43:34.036 [main] DEBUG n.t.core.reports.ReportService - Reporting formats: [JSON, HTML]

11:43:34.046 [main] DEBUG n.t.core.reports.ReportService - Generating reports for 3 test outcomes using: net.thucydides.core.reports.json.JSONTestOutcomeReporter@66c83fc8

11:43:34.047 [pool-2-thread-2] DEBUG n.t.core.reports.ReportService - Processing test outcome Login into the application:failed login

11:43:34.047 [pool-2-thread-2] INFO  n.t.core.reports.ReportService - net.thucydides.core.reports.json.JSONTestOutcomeReporter@66c83fc8: Generating report for test outcome: Login into the application:failed login

11:43:34.047 [pool-2-thread-3] DEBUG n.t.core.reports.ReportService - Processing test outcome Login into the application:user not registered

11:43:34.047 [pool-2-thread-1] DEBUG n.t.core.reports.ReportService - Processing test outcome Login into the application:successful login

11:43:34.048 [pool-2-thread-1] INFO  n.t.core.reports.ReportService - net.thucydides.core.reports.json.JSONTestOutcomeReporter@66c83fc8: Generating report for test outcome: Login into the application:successful login

11:43:34.048 [pool-2-thread-3] INFO  n.t.core.reports.ReportService - net.thucydides.core.reports.json.JSONTestOutcomeReporter@66c83fc8: Generating report for test outcome: Login into the application:user not registered

11:43:34.050 [pool-2-thread-2] DEBUG n.t.c.r.json.JSONTestOutcomeReporter - Generating JSON report for failed login to file C:\Users\Usuario\Desktop\AUTOMATIZACIONES\automation-cuponero-v2\target\site\serenity\ab71c13ef555b3593dbf8f9c2b5addc5f41d41145c422119aed1dceb64576d75.json (using temp file C:\Users\Usuario\Desktop\AUTOMATIZACIONES\automation-cuponero-v2\target\site\serenity\ab71c13ef555b3593dbf8f9c2b5addc5f41d41145c422119aed1dceb64576d75.json177dab0e-b064-4d65-b777-14f783f031d1)

11:43:34.050 [pool-2-thread-3] DEBUG n.t.c.r.json.JSONTestOutcomeReporter - Generating JSON report for user not registered to file C:\Users\Usuario\Desktop\AUTOMATIZACIONES\automation-cuponero-v2\target\site\serenity\d8b9535ca69ca8caf88dc5246d5cfbfae814efb91b5216ec34ba3e1360419100.json (using temp file C:\Users\Usuario\Desktop\AUTOMATIZACIONES\automation-cuponero-v2\target\site\serenity\d8b9535ca69ca8caf88dc5246d5cfbfae814efb91b5216ec34ba3e1360419100.json94a5b91c-0fe0-4baa-88a3-234c94fa47d2)

11:43:34.050 [pool-2-thread-1] DEBUG n.t.c.r.json.JSONTestOutcomeReporter - Generating JSON report for successful login to file C:\Users\Usuario\Desktop\AUTOMATIZACIONES\automation-cuponero-v2\target\site\serenity\187298ed932aa665ffb2485ff61c6540ca57808b33fdcdde8e1f508e15f27d8f.json (using temp file C:\Users\Usuario\Desktop\AUTOMATIZACIONES\automation-cuponero-v2\target\site\serenity\187298ed932aa665ffb2485ff61c6540ca57808b33fdcdde8e1f508e15f27d8f.json358330a2-b088-4515-a56e-07df987abc89)

11:43:34.080 [pool-2-thread-2] DEBUG n.t.core.reports.ReportService - Processing test outcome Login into the application:failed login done

11:43:34.080 [pool-2-thread-3] DEBUG n.t.core.reports.ReportService - Processing test outcome Login into the application:user not registered done

11:43:34.080 [pool-2-thread-1] DEBUG n.t.core.reports.ReportService - Processing test outcome Login into the application:successful login done

11:43:34.080 [main] DEBUG n.t.core.reports.ReportService - Shutting down executor service

11:43:34.080 [main] DEBUG n.t.core.reports.ReportService - Reports generated in: 34 ms

11:43:34.080 [main] DEBUG n.t.core.reports.ReportService - Generating reports for 3 test outcomes using: net.thucydides.core.reports.html.HtmlAcceptanceTestReporter@2125ad3

11:43:34.081 [pool-3-thread-1] DEBUG n.t.core.reports.ReportService - Processing test outcome Login into the application:successful login

11:43:34.081 [pool-3-thread-3] DEBUG n.t.core.reports.ReportService - Processing test outcome Login into the application:user not registered

11:43:34.081 [pool-3-thread-3] INFO  n.t.core.reports.ReportService - net.thucydides.core.reports.html.HtmlAcceptanceTestReporter@2125ad3: Generating report for test outcome: Login into the application:user not registered

11:43:34.081 [pool-3-thread-2] DEBUG n.t.core.reports.ReportService - Processing test outcome Login into the application:failed login

11:43:34.081 [pool-3-thread-1] INFO  n.t.core.reports.ReportService - net.thucydides.core.reports.html.HtmlAcceptanceTestReporter@2125ad3: Generating report for test outcome: Login into the application:successful login

11:43:34.081 [pool-3-thread-2] INFO  n.t.core.reports.ReportService - net.thucydides.core.reports.html.HtmlAcceptanceTestReporter@2125ad3: Generating report for test outcome: Login into the application:failed login

11:43:34.107 [pool-3-thread-2] DEBUG n.t.c.r.PackageRequirementsTagProvider - Loading requirements from package requirements at: "net.serenitybdd.demos.todos.features"

11:43:34.107 [pool-3-thread-3] DEBUG n.t.c.r.PackageRequirementsTagProvider - Loading requirements from package requirements at: "net.serenitybdd.demos.todos.features"

11:43:34.107 [pool-3-thread-1] DEBUG n.t.c.r.PackageRequirementsTagProvider - Loading requirements from package requirements at: "net.serenitybdd.demos.todos.features"

11:43:34.974 [pool-3-thread-2] DEBUG n.t.c.r.m.cucumber.CucumberParser - Added feature category coupons

11:43:34.974 [pool-3-thread-1] DEBUG n.t.c.r.m.cucumber.CucumberParser - Added feature category coupons

11:43:34.974 [pool-3-thread-3] DEBUG n.t.c.r.m.cucumber.CucumberParser - Added feature category coupons

11:43:34.979 [pool-3-thread-2] DEBUG n.t.c.r.m.cucumber.CucumberParser - Added feature Coupons

11:43:34.979 [pool-3-thread-3] DEBUG n.t.c.r.m.cucumber.CucumberParser - Added feature Coupons

11:43:34.980 [pool-3-thread-1] DEBUG n.t.c.r.m.cucumber.CucumberParser - Added feature Coupons

11:43:34.984 [pool-3-thread-2] DEBUG n.t.c.r.m.cucumber.CucumberParser - Added feature Coupons

11:43:34.984 [pool-3-thread-1] DEBUG n.t.c.r.m.cucumber.CucumberParser - Added feature Coupons

11:43:34.984 [pool-3-thread-3] DEBUG n.t.c.r.m.cucumber.CucumberParser - Added feature Coupons

11:43:34.989 [pool-3-thread-2] DEBUG n.t.c.r.m.cucumber.CucumberParser - Added feature Coupons

11:43:34.989 [pool-3-thread-1] DEBUG n.t.c.r.m.cucumber.CucumberParser - Added feature Coupons

11:43:34.989 [pool-3-thread-3] DEBUG n.t.c.r.m.cucumber.CucumberParser - Added feature Coupons

11:43:34.994 [pool-3-thread-2] DEBUG n.t.c.r.m.cucumber.CucumberParser - Added feature Coupons

11:43:34.994 [pool-3-thread-1] DEBUG n.t.c.r.m.cucumber.CucumberParser - Added feature Coupons

11:43:34.994 [pool-3-thread-3] DEBUG n.t.c.r.m.cucumber.CucumberParser - Added feature Coupons

11:43:34.999 [pool-3-thread-2] DEBUG n.t.c.r.m.cucumber.CucumberParser - Added feature Coupons

11:43:34.999 [pool-3-thread-3] DEBUG n.t.c.r.m.cucumber.CucumberParser - Added feature Coupons

11:43:34.999 [pool-3-thread-1] DEBUG n.t.c.r.m.cucumber.CucumberParser - Added feature Coupons

11:43:35.008 [pool-3-thread-2] DEBUG n.t.c.r.m.cucumber.CucumberParser - Added feature Search Coupon

11:43:35.008 [pool-3-thread-3] DEBUG n.t.c.r.m.cucumber.CucumberParser - Added feature Search Coupon

11:43:35.008 [pool-3-thread-1] DEBUG n.t.c.r.m.cucumber.CucumberParser - Added feature Search Coupon

11:43:35.018 [pool-3-thread-2] DEBUG n.t.c.r.m.cucumber.CucumberParser - Added feature FOOTER

11:43:35.022 [pool-3-thread-3] DEBUG n.t.c.r.m.cucumber.CucumberParser - Added feature FOOTER

11:43:35.022 [pool-3-thread-1] DEBUG n.t.c.r.m.cucumber.CucumberParser - Added feature FOOTER

11:43:35.033 [pool-3-thread-2] DEBUG n.t.c.r.m.cucumber.CucumberParser - Added feature Login into the application

11:43:35.035 [pool-3-thread-1] DEBUG n.t.c.r.m.cucumber.CucumberParser - Added feature Login into the application

11:43:35.036 [pool-3-thread-3] DEBUG n.t.c.r.m.cucumber.CucumberParser - Added feature Login into the application

11:43:35.048 [pool-3-thread-2] DEBUG n.t.c.r.m.cucumber.CucumberParser - Added feature Update

11:43:35.051 [pool-3-thread-1] DEBUG n.t.c.r.m.cucumber.CucumberParser - Added feature Update

11:43:35.053 [pool-3-thread-3] DEBUG n.t.c.r.m.cucumber.CucumberParser - Added feature Update

11:43:35.062 [pool-3-thread-2] DEBUG n.t.c.r.BaseRequirementsService - Requirement found for test outcome failed login-[]: Optional[Requirement{name='Login into the application', type='feature' parent = 'Login', cardNumber='null'}]

11:43:35.062 [pool-3-thread-1] DEBUG n.t.c.r.BaseRequirementsService - Requirement found for test outcome successful login-[]: Optional[Requirement{name='Login into the application', type='feature' parent = 'Login', cardNumber='null'}]

11:43:35.063 [pool-3-thread-3] DEBUG n.t.c.r.BaseRequirementsService - Requirement found for test outcome user not registered-[]: Optional[Requirement{name='Login into the application', type='feature' parent = 'Login', cardNumber='null'}]

11:43:35.066 [pool-3-thread-1] DEBUG n.t.c.r.BaseRequirementsService - Requirement found for test outcome successful login-[]: Optional[Requirement{name='Login into the application', type='feature' parent = 'Login', cardNumber='null'}]

11:43:35.066 [pool-3-thread-3] DEBUG n.t.c.r.BaseRequirementsService - Requirement found for test outcome user not registered-[]: Optional[Requirement{name='Login into the application', type='feature' parent = 'Login', cardNumber='null'}]

11:43:35.066 [pool-3-thread-2] DEBUG n.t.c.r.BaseRequirementsService - Requirement found for test outcome failed login-[]: Optional[Requirement{name='Login into the application', type='feature' parent = 'Login', cardNumber='null'}]

11:43:35.084 [pool-3-thread-2] DEBUG n.t.c.r.BaseRequirementsService - Requirement found for test outcome failed login-[]: Optional[Requirement{name='Login into the application', type='feature' parent = 'Login', cardNumber='null'}]

11:43:35.084 [pool-3-thread-1] DEBUG n.t.c.r.BaseRequirementsService - Requirement found for test outcome successful login-[]: Optional[Requirement{name='Login into the application', type='feature' parent = 'Login', cardNumber='null'}]

11:43:35.085 [pool-3-thread-3] DEBUG n.t.c.r.BaseRequirementsService - Requirement found for test outcome user not registered-[]: Optional[Requirement{name='Login into the application', type='feature' parent = 'Login', cardNumber='null'}]

11:43:35.085 [pool-3-thread-2] DEBUG n.t.c.r.BaseRequirementsService - Requirement found for test outcome failed login-[]: Optional[Requirement{name='Login into the application', type='feature' parent = 'Login', cardNumber='null'}]

11:43:35.085 [pool-3-thread-1] DEBUG n.t.c.r.BaseRequirementsService - Requirement found for test outcome successful login-[]: Optional[Requirement{name='Login into the application', type='feature' parent = 'Login', cardNumber='null'}]

11:43:35.086 [pool-3-thread-3] DEBUG n.t.c.r.BaseRequirementsService - Requirement found for test outcome user not registered-[]: Optional[Requirement{name='Login into the application', type='feature' parent = 'Login', cardNumber='null'}]

11:43:35.088 [pool-3-thread-3] DEBUG serenity.reporting - Generating report in d8b9535ca69ca8caf88dc5246d5cfbfae814efb91b5216ec34ba3e1360419100_screenshots.html

11:43:35.088 [pool-3-thread-2] DEBUG serenity.reporting - Generating report in ab71c13ef555b3593dbf8f9c2b5addc5f41d41145c422119aed1dceb64576d75_screenshots.html

11:43:35.088 [pool-3-thread-1] DEBUG serenity.reporting - Generating report in 187298ed932aa665ffb2485ff61c6540ca57808b33fdcdde8e1f508e15f27d8f_screenshots.html

11:43:35.598 [pool-3-thread-1] DEBUG serenity.reporting - Generated report 187298ed932aa665ffb2485ff61c6540ca57808b33fdcdde8e1f508e15f27d8f_screenshots.html in 510 ms

11:43:35.598 [pool-3-thread-2] DEBUG serenity.reporting - Generated report ab71c13ef555b3593dbf8f9c2b5addc5f41d41145c422119aed1dceb64576d75_screenshots.html in 510 ms

11:43:35.609 [pool-3-thread-2] INFO  serenity.reporting - 
---------------------------
| TEST NAME:   &amp#27;[1mfailed login&amp#27;[0m
| RESULT:      &amp#27;[92mPassing&amp#27;[0m
| REQUIREMENT: Login into the application
| REPORT:      &amp#27;[96mfile:///C:/Users/Usuario/Desktop/AUTOMATIZACIONES/automation-cuponero-v2/target/site/serenity/ab71c13ef555b3593dbf8f9c2b5addc5f41d41145c422119aed1dceb64576d75.html&amp#27;[0m
---------------------------

11:43:35.609 [pool-3-thread-1] INFO  serenity.reporting - 
-------------------------------
| TEST NAME:   &amp#27;[1msuccessful login&amp#27;[0m
| RESULT:      &amp#27;[92mPassing&amp#27;[0m
| REQUIREMENT: Login into the application
| REPORT:      &amp#27;[96mfile:///C:/Users/Usuario/Desktop/AUTOMATIZACIONES/automation-cuponero-v2/target/site/serenity/187298ed932aa665ffb2485ff61c6540ca57808b33fdcdde8e1f508e15f27d8f.html&amp#27;[0m
-------------------------------

11:43:35.610 [pool-3-thread-3] DEBUG serenity.reporting - Generated report d8b9535ca69ca8caf88dc5246d5cfbfae814efb91b5216ec34ba3e1360419100_screenshots.html in 522 ms

11:43:35.613 [pool-3-thread-1] DEBUG serenity.reporting - Generating report in 187298ed932aa665ffb2485ff61c6540ca57808b33fdcdde8e1f508e15f27d8f.html

11:43:35.614 [pool-3-thread-3] INFO  serenity.reporting - 
----------------------------------
| TEST NAME:   &amp#27;[1muser not registered&amp#27;[0m
| RESULT:      &amp#27;[92mPassing&amp#27;[0m
| REQUIREMENT: Login into the application
| REPORT:      &amp#27;[96mfile:///C:/Users/Usuario/Desktop/AUTOMATIZACIONES/automation-cuponero-v2/target/site/serenity/d8b9535ca69ca8caf88dc5246d5cfbfae814efb91b5216ec34ba3e1360419100.html&amp#27;[0m
----------------------------------

11:43:35.614 [pool-3-thread-3] DEBUG serenity.reporting - Generating report in d8b9535ca69ca8caf88dc5246d5cfbfae814efb91b5216ec34ba3e1360419100.html

11:43:35.983 [pool-3-thread-1] DEBUG serenity.reporting - Generated report 187298ed932aa665ffb2485ff61c6540ca57808b33fdcdde8e1f508e15f27d8f.html in 370 ms

11:43:35.983 [pool-3-thread-1] DEBUG n.t.core.reports.ReportService - Processing test outcome Login into the application:successful login done

11:43:36.040 [pool-3-thread-3] DEBUG serenity.reporting - Generated report d8b9535ca69ca8caf88dc5246d5cfbfae814efb91b5216ec34ba3e1360419100.html in 426 ms

11:43:36.041 [pool-3-thread-3] DEBUG n.t.core.reports.ReportService - Processing test outcome Login into the application:user not registered done

11:43:36.188 [pool-3-thread-2] DEBUG serenity.reporting - Generating report in ab71c13ef555b3593dbf8f9c2b5addc5f41d41145c422119aed1dceb64576d75.html

11:43:36.304 [pool-3-thread-2] DEBUG serenity.reporting - Generated report ab71c13ef555b3593dbf8f9c2b5addc5f41d41145c422119aed1dceb64576d75.html in 116 ms

11:43:36.304 [pool-3-thread-2] DEBUG n.t.core.reports.ReportService - Processing test outcome Login into the application:failed login done

11:43:36.304 [main] DEBUG n.t.core.reports.ReportService - Shutting down executor service

11:43:36.305 [main] DEBUG n.t.core.reports.ReportService - Reports generated in: 2225 ms

11:43:36.430 [main] INFO  i.c.core.plugin.SerenityReporter - Cleanup test resources for URI file:///C:/Users/Usuario/Desktop/AUTOMATIZACIONES/automation-cuponero-v2/src/test/resources/features/login/login.feature

11:43:36.430 [main] DEBUG n.s.core.photography.Darkroom - Closing darkroom


@login @loginSuccess
Scenario Outline: successful login        &amp#27;[90m# src/test/resources/features/login/login.feature:16&amp#27;[0m
11:41:43.917 [pool-2-thread-1] INFO  i.c.core.plugin.SerenityReporter - Running feature from file:///C:/Users/Usuario/Desktop/AUTOMATIZACIONES/automation-cuponero-v2/src/test/resources/features/login/login.feature
11:41:43.994 [pool-2-thread-1] INFO   - ----------------
- TEST STARTED -
----------------

successful login(login-into-the-application;successful-login)
----------------
11:41:44.075 [pool-2-thread-1] DEBUG n.t.c.r.m.cucumber.CucumberParser - Added feature category coupons
11:41:44.091 [pool-2-thread-1] DEBUG n.t.c.r.m.cucumber.CucumberParser - Added feature Coupons
11:41:44.097 [pool-2-thread-1] DEBUG n.t.c.r.m.cucumber.CucumberParser - Added feature Coupons
11:41:44.103 [pool-2-thread-1] DEBUG n.t.c.r.m.cucumber.CucumberParser - Added feature Coupons
11:41:44.109 [pool-2-thread-1] DEBUG n.t.c.r.m.cucumber.CucumberParser - Added feature Coupons
11:41:44.116 [pool-2-thread-1] DEBUG n.t.c.r.m.cucumber.CucumberParser - Added feature Coupons
11:41:44.124 [pool-2-thread-1] DEBUG n.t.c.r.m.cucumber.CucumberParser - Added feature Search Coupon
11:41:44.140 [pool-2-thread-1] DEBUG n.t.c.r.m.cucumber.CucumberParser - Added feature FOOTER
11:41:44.156 [pool-2-thread-1] DEBUG n.t.c.r.m.cucumber.CucumberParser - Added feature Login into the application
11:41:44.168 [pool-2-thread-1] DEBUG n.t.c.r.m.cucumber.CucumberParser - Added feature Update
&amp#27;[92m|-- 1: successful login ({number=72209308})&amp#27;[0m
&amp#27;[92m|---- Given User enters the coupon website&amp#27;[0m
&amp#27;[92m|------ User opens the home page&amp#27;[0m
11:41:44.568 [pool-2-thread-1] DEBUG n.t.core.steps.StepInterceptor - STARTING STEP: LoginSD.user_enters_the_coupon_website - !#title
&amp#27;[92m|-------- User opens the home.page page&amp#27;[0m
11:41:44.580 [pool-2-thread-1] DEBUG n.t.core.steps.StepInterceptor - STARTING STEP: LoginSD.user_enters_the_coupon_website - {0} opens the #pageName page
11:41:44.609 [pool-2-thread-1] INFO  n.s.c.w.d.ChromeDriverProvider - Using automatically driver download
11:41:44.997 [pool-2-thread-1] DEBUG i.g.b.wdm.cache.ResolutionCache - Removing resolution chrome=94 from cache (expired on Thu Sep 30 16:43:54 PET 2021)
11:41:45.010 [pool-2-thread-1] DEBUG o.a.h.c.h.i.c.InternalHttpClient - ex-00000001: preparing request execution
11:41:45.015 [pool-2-thread-1] DEBUG o.a.h.c.h.protocol.RequestAddCookies - Cookie spec selected: strict
11:41:45.019 [pool-2-thread-1] DEBUG o.a.h.c.h.protocol.RequestAuthCache - Auth cache not set in the context
11:41:45.019 [pool-2-thread-1] DEBUG o.a.h.c.h.impl.classic.ProtocolExec - ex-00000001: target auth state: UNCHALLENGED
11:41:45.020 [pool-2-thread-1] DEBUG o.a.h.c.h.impl.classic.ProtocolExec - ex-00000001: proxy auth state: UNCHALLENGED
11:41:45.020 [pool-2-thread-1] DEBUG o.a.h.c.h.impl.classic.ConnectExec - ex-00000001: acquiring connection with route {s}->https://raw.githubusercontent.com:443
11:41:45.020 [pool-2-thread-1] DEBUG o.a.h.c.h.i.c.InternalHttpClient - ex-00000001: acquiring endpoint (3 MINUTES)
11:41:45.021 [pool-2-thread-1] DEBUG o.a.h.c.h.i.i.PoolingHttpClientConnectionManager - ex-00000001: endpoint lease request (3 MINUTES) [route: {s}->https://raw.githubusercontent.com:443][total available: 0; route allocated: 0 of 5; total allocated: 0 of 25]
11:41:45.024 [pool-2-thread-1] DEBUG o.a.h.c.h.i.i.PoolingHttpClientConnectionManager - ex-00000001: endpoint leased [route: {s}->https://raw.githubusercontent.com:443][total available: 0; route allocated: 1 of 5; total allocated: 1 of 25]
11:41:45.032 [pool-2-thread-1] DEBUG o.a.h.c.h.i.i.PoolingHttpClientConnectionManager - ex-00000001: acquired ep-00000000
11:41:45.032 [pool-2-thread-1] DEBUG o.a.h.c.h.i.c.InternalHttpClient - ex-00000001: acquired endpoint ep-00000000
11:41:45.032 [pool-2-thread-1] DEBUG o.a.h.c.h.impl.classic.ConnectExec - ex-00000001: opening connection {s}->https://raw.githubusercontent.com:443
11:41:45.032 [pool-2-thread-1] DEBUG o.a.h.c.h.i.c.InternalHttpClient - ep-00000000: connecting endpoint (30 SECONDS)
11:41:45.032 [pool-2-thread-1] DEBUG o.a.h.c.h.i.i.PoolingHttpClientConnectionManager - ep-00000000: connecting endpoint to https://raw.githubusercontent.com:443 (30 SECONDS)
11:41:45.252 [pool-2-thread-1] DEBUG o.a.h.c.h.i.i.DefaultHttpClientConnectionOperator - http-outgoing-0: connecting to raw.githubusercontent.com/185.199.111.133:443
11:41:45.252 [pool-2-thread-1] DEBUG o.a.h.c.h.s.SSLConnectionSocketFactory - Connecting socket to raw.githubusercontent.com/185.199.111.133:443 with timeout 30 SECONDS
11:41:46.700 [pool-2-thread-1] DEBUG o.a.h.c.h.s.SSLConnectionSocketFactory - Enabled protocols: [TLSv1.3, TLSv1.2]
11:41:46.700 [pool-2-thread-1] DEBUG o.a.h.c.h.s.SSLConnectionSocketFactory - Enabled cipher suites: [TLS_AES_256_GCM_SHA384, TLS_AES_128_GCM_SHA256, TLS_CHACHA20_POLY1305_SHA256, TLS_ECDHE_ECDSA_WITH_AES_256_GCM_SHA384, TLS_ECDHE_ECDSA_WITH_AES_128_GCM_SHA256, TLS_ECDHE_ECDSA_WITH_CHACHA20_POLY1305_SHA256, TLS_ECDHE_RSA_WITH_AES_256_GCM_SHA384, TLS_ECDHE_RSA_WITH_CHACHA20_POLY1305_SHA256, TLS_ECDHE_RSA_WITH_AES_128_GCM_SHA256, TLS_DHE_RSA_WITH_AES_256_GCM_SHA384, TLS_DHE_RSA_WITH_CHACHA20_POLY1305_SHA256, TLS_DHE_DSS_WITH_AES_256_GCM_SHA384, TLS_DHE_RSA_WITH_AES_128_GCM_SHA256, TLS_DHE_DSS_WITH_AES_128_GCM_SHA256, TLS_ECDHE_ECDSA_WITH_AES_256_CBC_SHA384, TLS_ECDHE_RSA_WITH_AES_256_CBC_SHA384, TLS_ECDHE_ECDSA_WITH_AES_128_CBC_SHA256, TLS_ECDHE_RSA_WITH_AES_128_CBC_SHA256, TLS_DHE_RSA_WITH_AES_256_CBC_SHA256, TLS_DHE_DSS_WITH_AES_256_CBC_SHA256, TLS_DHE_RSA_WITH_AES_128_CBC_SHA256, TLS_DHE_DSS_WITH_AES_128_CBC_SHA256, TLS_ECDH_ECDSA_WITH_AES_256_GCM_SHA384, TLS_ECDH_RSA_WITH_AES_256_GCM_SHA384, TLS_ECDH_ECDSA_WITH_AES_128_GCM_SHA256, TLS_ECDH_RSA_WITH_AES_128_GCM_SHA256, TLS_ECDH_ECDSA_WITH_AES_256_CBC_SHA384, TLS_ECDH_RSA_WITH_AES_256_CBC_SHA384, TLS_ECDH_ECDSA_WITH_AES_128_CBC_SHA256, TLS_ECDH_RSA_WITH_AES_128_CBC_SHA256, TLS_ECDHE_ECDSA_WITH_AES_256_CBC_SHA, TLS_ECDHE_RSA_WITH_AES_256_CBC_SHA, TLS_ECDHE_ECDSA_WITH_AES_128_CBC_SHA, TLS_ECDHE_RSA_WITH_AES_128_CBC_SHA, TLS_DHE_RSA_WITH_AES_256_CBC_SHA, TLS_DHE_DSS_WITH_AES_256_CBC_SHA, TLS_DHE_RSA_WITH_AES_128_CBC_SHA, TLS_DHE_DSS_WITH_AES_128_CBC_SHA, TLS_ECDH_ECDSA_WITH_AES_256_CBC_SHA, TLS_ECDH_RSA_WITH_AES_256_CBC_SHA, TLS_ECDH_ECDSA_WITH_AES_128_CBC_SHA, TLS_ECDH_RSA_WITH_AES_128_CBC_SHA, TLS_RSA_WITH_AES_256_GCM_SHA384, TLS_RSA_WITH_AES_128_GCM_SHA256, TLS_RSA_WITH_AES_256_CBC_SHA256, TLS_RSA_WITH_AES_128_CBC_SHA256, TLS_RSA_WITH_AES_256_CBC_SHA, TLS_RSA_WITH_AES_128_CBC_SHA, TLS_EMPTY_RENEGOTIATION_INFO_SCSV]
11:41:46.700 [pool-2-thread-1] DEBUG o.a.h.c.h.s.SSLConnectionSocketFactory - Starting handshake
11:41:47.432 [pool-2-thread-1] DEBUG o.a.h.c.h.s.SSLConnectionSocketFactory - Secure session established
11:41:47.432 [pool-2-thread-1] DEBUG o.a.h.c.h.s.SSLConnectionSocketFactory -  negotiated protocol: TLSv1.3
11:41:47.432 [pool-2-thread-1] DEBUG o.a.h.c.h.s.SSLConnectionSocketFactory -  negotiated cipher suite: TLS_AES_256_GCM_SHA384
11:41:47.435 [pool-2-thread-1] DEBUG o.a.h.c.h.s.SSLConnectionSocketFactory -  peer principal: CN=www.github.com, O="GitHub, Inc.", L=San Francisco, ST=California, C=US
11:41:47.436 [pool-2-thread-1] DEBUG o.a.h.c.h.s.SSLConnectionSocketFactory -  peer alternative names: [www.github.com, *.github.com, github.com, *.github.io, github.io, *.githubusercontent.com, githubusercontent.com]
11:41:47.436 [pool-2-thread-1] DEBUG o.a.h.c.h.s.SSLConnectionSocketFactory -  issuer principal: CN=DigiCert SHA2 High Assurance Server CA, OU=www.digicert.com, O=DigiCert Inc, C=US
11:41:47.438 [pool-2-thread-1] DEBUG o.a.h.c.h.i.i.DefaultHttpClientConnectionOperator - http-outgoing-0: connection established 192.168.1.7:58127<->185.199.111.133:443
11:41:47.438 [pool-2-thread-1] DEBUG o.a.h.c.h.i.i.PoolingHttpClientConnectionManager - ep-00000000: connected http-outgoing-0
11:41:47.438 [pool-2-thread-1] DEBUG o.a.h.c.h.i.c.InternalHttpClient - ep-00000000: endpoint connected
11:41:47.439 [pool-2-thread-1] DEBUG o.a.h.c.h.i.classic.MainClientExec - ex-00000001: executing GET /bonigarcia/webdrivermanager/master/src/main/resources/commands.properties HTTP/1.1
11:41:47.440 [pool-2-thread-1] DEBUG o.a.h.c.h.i.c.InternalHttpClient - ep-00000000: start execution ex-00000001
11:41:47.440 [pool-2-thread-1] DEBUG o.a.h.c.h.i.i.PoolingHttpClientConnectionManager - ep-00000000: executing exchange ex-00000001 over http-outgoing-0
11:41:47.440 [pool-2-thread-1] DEBUG org.apache.hc.client5.http.headers - http-outgoing-0 >> GET /bonigarcia/webdrivermanager/master/src/main/resources/commands.properties HTTP/1.1
11:41:47.440 [pool-2-thread-1] DEBUG org.apache.hc.client5.http.headers - http-outgoing-0 >> user-agent: Apache-HttpClient/5.0
11:41:47.441 [pool-2-thread-1] DEBUG org.apache.hc.client5.http.headers - http-outgoing-0 >> accept-encoding: gzip, deflate, br
11:41:47.441 [pool-2-thread-1] DEBUG org.apache.hc.client5.http.headers - http-outgoing-0 >> cache-control: max-age=0
11:41:47.441 [pool-2-thread-1] DEBUG org.apache.hc.client5.http.headers - http-outgoing-0 >> connection: keep-alive
11:41:47.441 [pool-2-thread-1] DEBUG org.apache.hc.client5.http.headers - http-outgoing-0 >> Host: raw.githubusercontent.com
11:41:47.441 [pool-2-thread-1] DEBUG org.apache.hc.client5.http.wire - http-outgoing-0 >> "GET /bonigarcia/webdrivermanager/master/src/main/resources/commands.properties HTTP/1.1[\r][\n]"
11:41:47.441 [pool-2-thread-1] DEBUG org.apache.hc.client5.http.wire - http-outgoing-0 >> "user-agent: Apache-HttpClient/5.0[\r][\n]"
11:41:47.441 [pool-2-thread-1] DEBUG org.apache.hc.client5.http.wire - http-outgoing-0 >> "accept-encoding: gzip, deflate, br[\r][\n]"
11:41:47.441 [pool-2-thread-1] DEBUG org.apache.hc.client5.http.wire - http-outgoing-0 >> "cache-control: max-age=0[\r][\n]"
11:41:47.441 [pool-2-thread-1] DEBUG org.apache.hc.client5.http.wire - http-outgoing-0 >> "connection: keep-alive[\r][\n]"
11:41:47.441 [pool-2-thread-1] DEBUG org.apache.hc.client5.http.wire - http-outgoing-0 >> "Host: raw.githubusercontent.com[\r][\n]"
11:41:47.441 [pool-2-thread-1] DEBUG org.apache.hc.client5.http.wire - http-outgoing-0 >> "[\r][\n]"
11:41:48.584 [pool-2-thread-1] DEBUG org.apache.hc.client5.http.wire - http-outgoing-0 << "HTTP/1.1 200 OK[\r][\n]"
11:41:48.584 [pool-2-thread-1] DEBUG org.apache.hc.client5.http.wire - http-outgoing-0 << "Connection: keep-alive[\r][\n]"
11:41:48.584 [pool-2-thread-1] DEBUG org.apache.hc.client5.http.wire - http-outgoing-0 << "Content-Length: 728[\r][\n]"
11:41:48.585 [pool-2-thread-1] DEBUG org.apache.hc.client5.http.wire - http-outgoing-0 << "Cache-Control: max-age=300[\r][\n]"
11:41:48.585 [pool-2-thread-1] DEBUG org.apache.hc.client5.http.wire - http-outgoing-0 << "Content-Security-Policy: default-src 'none'; style-src 'unsafe-inline'; sandbox[\r][\n]"
11:41:48.585 [pool-2-thread-1] DEBUG org.apache.hc.client5.http.wire - http-outgoing-0 << "Content-Type: text/plain; charset=utf-8[\r][\n]"
11:41:48.585 [pool-2-thread-1] DEBUG org.apache.hc.client5.http.wire - http-outgoing-0 << "ETag: W/"f670816d6bfbef80584dadbb549bb9c4ccd5de869d5b63cc2a694a74613014b5"[\r][\n]"
11:41:48.585 [pool-2-thread-1] DEBUG org.apache.hc.client5.http.wire - http-outgoing-0 << "Strict-Transport-Security: max-age=31536000[\r][\n]"
11:41:48.585 [pool-2-thread-1] DEBUG org.apache.hc.client5.http.wire - http-outgoing-0 << "X-Content-Type-Options: nosniff[\r][\n]"
11:41:48.585 [pool-2-thread-1] DEBUG org.apache.hc.client5.http.wire - http-outgoing-0 << "X-Frame-Options: deny[\r][\n]"
11:41:48.585 [pool-2-thread-1] DEBUG org.apache.hc.client5.http.wire - http-outgoing-0 << "X-XSS-Protection: 1; mode=block[\r][\n]"
11:41:48.585 [pool-2-thread-1] DEBUG org.apache.hc.client5.http.wire - http-outgoing-0 << "X-GitHub-Request-Id: F7C2:144E:3F2DCB:4FBE77:615B2ECB[\r][\n]"
11:41:48.585 [pool-2-thread-1] DEBUG org.apache.hc.client5.http.wire - http-outgoing-0 << "Content-Encoding: gzip[\r][\n]"
11:41:48.585 [pool-2-thread-1] DEBUG org.apache.hc.client5.http.wire - http-outgoing-0 << "Accept-Ranges: bytes[\r][\n]"
11:41:48.585 [pool-2-thread-1] DEBUG org.apache.hc.client5.http.wire - http-outgoing-0 << "Date: Mon, 04 Oct 2021 16:41:47 GMT[\r][\n]"
11:41:48.585 [pool-2-thread-1] DEBUG org.apache.hc.client5.http.wire - http-outgoing-0 << "Via: 1.1 varnish[\r][\n]"
11:41:48.585 [pool-2-thread-1] DEBUG org.apache.hc.client5.http.wire - http-outgoing-0 << "X-Served-By: cache-lim12124-LIM[\r][\n]"
11:41:48.585 [pool-2-thread-1] DEBUG org.apache.hc.client5.http.wire - http-outgoing-0 << "X-Cache: MISS[\r][\n]"
11:41:48.585 [pool-2-thread-1] DEBUG org.apache.hc.client5.http.wire - http-outgoing-0 << "X-Cache-Hits: 0[\r][\n]"
11:41:48.585 [pool-2-thread-1] DEBUG org.apache.hc.client5.http.wire - http-outgoing-0 << "X-Timer: S1633365708.718065,VS0,VE211[\r][\n]"
11:41:48.585 [pool-2-thread-1] DEBUG org.apache.hc.client5.http.wire - http-outgoing-0 << "Vary: Authorization,Accept-Encoding,Origin[\r][\n]"
11:41:48.585 [pool-2-thread-1] DEBUG org.apache.hc.client5.http.wire - http-outgoing-0 << "Access-Control-Allow-Origin: *[\r][\n]"
11:41:48.585 [pool-2-thread-1] DEBUG org.apache.hc.client5.http.wire - http-outgoing-0 << "X-Fastly-Request-ID: 7527cb3511c7eac544aa2cf64d66913099d1f5b9[\r][\n]"
11:41:48.585 [pool-2-thread-1] DEBUG org.apache.hc.client5.http.wire - http-outgoing-0 << "Expires: Mon, 04 Oct 2021 16:46:47 GMT[\r][\n]"
11:41:48.585 [pool-2-thread-1] DEBUG org.apache.hc.client5.http.wire - http-outgoing-0 << "Source-Age: 0[\r][\n]"
11:41:48.585 [pool-2-thread-1] DEBUG org.apache.hc.client5.http.wire - http-outgoing-0 << "[\r][\n]"
11:41:48.587 [pool-2-thread-1] DEBUG org.apache.hc.client5.http.headers - http-outgoing-0 << HTTP/1.1 200 OK
11:41:48.587 [pool-2-thread-1] DEBUG org.apache.hc.client5.http.headers - http-outgoing-0 << Connection: keep-alive
11:41:48.587 [pool-2-thread-1] DEBUG org.apache.hc.client5.http.headers - http-outgoing-0 << Content-Length: 728
11:41:48.587 [pool-2-thread-1] DEBUG org.apache.hc.client5.http.headers - http-outgoing-0 << Cache-Control: max-age=300
11:41:48.587 [pool-2-thread-1] DEBUG org.apache.hc.client5.http.headers - http-outgoing-0 << Content-Security-Policy: default-src 'none'; style-src 'unsafe-inline'; sandbox
11:41:48.587 [pool-2-thread-1] DEBUG org.apache.hc.client5.http.headers - http-outgoing-0 << Content-Type: text/plain; charset=utf-8
11:41:48.587 [pool-2-thread-1] DEBUG org.apache.hc.client5.http.headers - http-outgoing-0 << ETag: W/"f670816d6bfbef80584dadbb549bb9c4ccd5de869d5b63cc2a694a74613014b5"
11:41:48.587 [pool-2-thread-1] DEBUG org.apache.hc.client5.http.headers - http-outgoing-0 << Strict-Transport-Security: max-age=31536000
11:41:48.587 [pool-2-thread-1] DEBUG org.apache.hc.client5.http.headers - http-outgoing-0 << X-Content-Type-Options: nosniff
11:41:48.587 [pool-2-thread-1] DEBUG org.apache.hc.client5.http.headers - http-outgoing-0 << X-Frame-Options: deny
11:41:48.587 [pool-2-thread-1] DEBUG org.apache.hc.client5.http.headers - http-outgoing-0 << X-XSS-Protection: 1; mode=block
11:41:48.587 [pool-2-thread-1] DEBUG org.apache.hc.client5.http.headers - http-outgoing-0 << X-GitHub-Request-Id: F7C2:144E:3F2DCB:4FBE77:615B2ECB
11:41:48.587 [pool-2-thread-1] DEBUG org.apache.hc.client5.http.headers - http-outgoing-0 << Content-Encoding: gzip
11:41:48.587 [pool-2-thread-1] DEBUG org.apache.hc.client5.http.headers - http-outgoing-0 << Accept-Ranges: bytes
11:41:48.587 [pool-2-thread-1] DEBUG org.apache.hc.client5.http.headers - http-outgoing-0 << Date: Mon, 04 Oct 2021 16:41:47 GMT
11:41:48.587 [pool-2-thread-1] DEBUG org.apache.hc.client5.http.headers - http-outgoing-0 << Via: 1.1 varnish
11:41:48.587 [pool-2-thread-1] DEBUG org.apache.hc.client5.http.headers - http-outgoing-0 << X-Served-By: cache-lim12124-LIM
11:41:48.587 [pool-2-thread-1] DEBUG org.apache.hc.client5.http.headers - http-outgoing-0 << X-Cache: MISS
11:41:48.587 [pool-2-thread-1] DEBUG org.apache.hc.client5.http.headers - http-outgoing-0 << X-Cache-Hits: 0
11:41:48.587 [pool-2-thread-1] DEBUG org.apache.hc.client5.http.headers - http-outgoing-0 << X-Timer: S1633365708.718065,VS0,VE211
11:41:48.587 [pool-2-thread-1] DEBUG org.apache.hc.client5.http.headers - http-outgoing-0 << Vary: Authorization,Accept-Encoding,Origin
11:41:48.587 [pool-2-thread-1] DEBUG org.apache.hc.client5.http.headers - http-outgoing-0 << Access-Control-Allow-Origin: *
11:41:48.587 [pool-2-thread-1] DEBUG org.apache.hc.client5.http.headers - http-outgoing-0 << X-Fastly-Request-ID: 7527cb3511c7eac544aa2cf64d66913099d1f5b9
11:41:48.587 [pool-2-thread-1] DEBUG org.apache.hc.client5.http.headers - http-outgoing-0 << Expires: Mon, 04 Oct 2021 16:46:47 GMT
11:41:48.587 [pool-2-thread-1] DEBUG org.apache.hc.client5.http.headers - http-outgoing-0 << Source-Age: 0
11:41:48.590 [pool-2-thread-1] DEBUG o.a.h.c.h.i.classic.MainClientExec - ex-00000001: connection can be kept alive for 3 MINUTES
11:41:48.593 [pool-2-thread-1] DEBUG org.apache.hc.client5.http.wire - http-outgoing-0 << "[0x1f][0xffffff8b][0x8][0x0][0x0][0x0][0x0][0x0][0x0][0x3][0xffffffb5]V]o[0xffffffda]0[0x14]}[0xffffffe7]W\[0xffffff81]*[0xffffffb5][0x12][0x1f][[M[0xffffffd3]$[0x1e]hF[0xffffffbb]i [0x18][0xffffffb4][0xffffffdd]&[0xfffffff9][0xffffffc5]Mn[0xffffff82][0xffffffa5]$Fv([0xffffffed]~[0xfffffffd]l[0xffffffe7]c$u[0x6]k[0xffffffe8][l_[0xffffff9f]s|[0xffffffef]q|;[0xffffffe0][0xfffffff0]([0xffffffa2][0xffffffb1]'[0xffffffc1][0xffffffa3][0x9]}[0xffffffa0][0x12][[0x1d][0xffffffb8]]1[0x9]>[0xb][0x11]\[0x1e]'[0xffffff94][0xffffffc5][0x12][0xffffff92][0xffffff95][0x1e]d[0xffffffa1][0x9][0xffffff87][0x7][0x4]|Bw[0xffffff93][0xffffffa0][0x7],6[0xffffffcb]r[0xffffff85]a[0xffffffa8][0x7]\x(t[0xffffff90][0xffffff87][0x9][0xffffffba][0xffffff89]Y|D![0x19]Wk>[0xffffffa0][0xfffffffa][0xe][0x4]b[0xc][0xf][0xffffff82]o[0xffffffa5]ZP[0xffffff94][0xffffffa7][0xffffffce]J[0xfffffff0][0x8][0xffffffbb]p[0xffffffcd][0x4][0xfffffffa][0xfffffffc][0xffffffa9][0xb][0xffffffb3]5[\n]"
11:41:48.593 [pool-2-thread-1] DEBUG org.apache.hc.client5.http.wire - http-outgoing-0 << "[0xffffffda][0xffffff85][0xffffffb1][0x17][0xffffffa8]Y[0xffffffb3][0xffffffca]6[0xffffffd1][0xffffff99][0xffffffc6][0xfffffff7][0xffffff98][0xffffffef][0xffffffa3][0xffffffc0]8[0x1][0xffffffae]c[0x12][0x16][0x7] [0xffffff9f]e[0xffffff82][0xffffff91][0xffffff84][0xffffffd3][0x1f],[0xfffffff6][0x14]j[0x17]&,[0xffffffde]([0xffffff98])ua[0xffffffb6]<k)[0xffffff8e][0xffffff94][0xffffffa2][0xffffff95][0x1d][0xffffffa3][0xffffffef][0xffffff9a]a[0x7f][0xffffff9b]n[0xffffffe8][0xffffffbf]{?t#[0xffffffaf][0xffffffaf]N[0x5][0x3][0x7][0xffffffb6][0x11]sMJL[0x1a][0xffffffb6]+[0xffffffc5][0x7]1[0xffffff8d]p[0xffffffd8]>[0xffffff99]/f7[0xffffff8b][0xffffffd1][0xfffffff4][0xfffffffa][0xffffffeb]d[0xffffffbc]<[0xfffffffd][0xfffffff9][0xfffffff1][0xffffffc3][0xffffffd9]'2$[0xffffffe4][0xffffff84][0xffffff90][0x1b][0xffffffce][0xffffff83][0x10][0x9]Iy[0x8][0x19][0xffffffad][0xffffffd7]!s[0xffffff95]>[0x1e][0x13][0xffffff92][0xffffffb1])[0xfffffff8]6[0x4][0xffffff98][0xffffffc0]}[0xffffff96][0xffffff90][0xffffffc1]#[\r]7[0xfffffff5][0xffffffa2][0xffffffce][0xf][0x14]5[0xffffff99]9[0xffffffa3][0xffffffc9]h>[0xffffffff]<[0xffffffba][0x1d][0xffffffbd][0xffffffa5][0xffffff9e][0xffffff8b]W$[0xffffffe9]-[0xfffffff5]\[0xe][0x17][0xffffffe3][0x1b][0xfffffff8]~7^[0xfffffffc][0xffffff82]/[0xffffffdf][0xffffff9c];[0xffffffb2][0xffffffe4]~[0xffffffb2][0xffffffa5][0x2]s[0xffffffb6][0xffffff8c][0xffffffec]jr[0xffffff85][0xffffffd4]5x[0xffffffb9][0x17][U[0xffffffd0]P;F[0xfffffffb] 0[{[0xffffffe9]4[0xfffffff4]zu[0x1b]"[0xffffffea][0xffffffea][0xfffffff0][0xffffffc1][0xffffffce]A[0xffffffe4] [0xffffffe5][0xffffffcd][0xffffffcc][0xffffffd6][0xffffffa7][0xffffffeb][0xfffffff5][0xffffffc0]Q[0xffffff97]H[0xffffffb9]U[0xe][0xffffff94][0x17]g[0xffffffcb]r[0xffffffc0].[0xffffffba][0xffffffb2]h[0xffffffe6][0xfffffffe][0xffffff82][0xffffffc8]O[0xffffffc7][0xffffffcd]L[0xffffff9a][0xffffffe7][0x7f][0xffffffca][0x7f][0xffffffb3]0[0xffffffa4]9[0x9]!9[0xfffffffa][0xffffffbe][0xffffffa4][0xffffffbf]Pq[0xffffffa8]+k[0xffffffaf][0xffffffca][0xfffffff1][0xffffffa4]\[0xffffffec][0x18][0xffffffa0]]v@FR%kk[0xf]8[0x1b][0xffffffa1][0xffffffff] [0xfffffff7][0xffffffd5][0xffffffca][0xffffffe6][0xfffffff8][0xffffff85][0x17][0xffffffb2][0x9][0xffffffe8]=[0xffffffbe][0xc][0xffffffb2][0xffffffd6]?c[0xffffffb1]U~[0x17]K[0x15][[0xffffffff][0xffffffda][\n]"
11:41:48.593 [pool-2-thread-1] DEBUG org.apache.hc.client5.http.wire - http-outgoing-0 << "LT[0xffffff83]#[0xfffffffe][0xffffff8b][0xffffffa6][0xffffffcc][0x15]\[0xffffffaa]L[0x10][0xffffffa2]i*[0xffffff97]-[0xffffff92][0xffffff86]n_[0xffffffb2][0xffffffcb][0xffffff9a]^S[0xfffffff4]7[0xffffff94]sQ{[0xfffffff3][0xffffffff][0xffffff92][0x19][0xffffffae][0x7f]^}[0xffffff83]Y[0x14];[0xffffffca]w[0xfffffff6][0xfffffff4][0xffffffbc][0xffffffed][0xffffffe6][0xffffff9b]xk[0xffffffdd][0xb]VSW[[0xfffffff9][0xffffffcb][0x11]P[0xffffffba][0xfffffff8][0xffffffe6][0xffffffb5]+X[0xffffffcc][0xffffffbb][0xfffffff6][0xffffffff]n[0xffffffb0]=[0x2]s[0xffffffc1][0x3]A#I[0xffffff88][0xffffffa1] $[0xffffffa4][0xffffff9b][0xffffffd8]U[0xffffffbb][0xfffffff6][0xffffffa6][0xffffffbb]"[0xffffffa2]I[0xfffffff9][0xffffff8f]&[0xffffffe2][0xffffffd0][0xffffffe7][0xffffffc7][0xffffff96][0xffffff89][0xffffff86][0xffffffd4][0xffffff97][\r][0xffffffce][0x7f](u[0xffffff85][0xffffffbb][0xfffffff0][0xffffffa5][0x19][0xffffffda][0xffffffec][0xffffff98][0xffffffc6]Y[0xfffffffd]h8m6[0xffffff9c]U[0xffffffc1][0xfffffff2][0xffffffd6]H[0xfffffff5]W[0xffffffe5][0x17]NM[0x1c][0xffffffc7][0xffffff84]9|[0xffffff83]7[0xffffffbf][0xffffffa4][0xffffffa5][0xfffffff1][0xfffffffb]slAM[0xffffffda][0xffffffa2]ck[0xffffffa9]o[0xffffff89][\n]"
11:41:48.593 [pool-2-thread-1] DEBUG org.apache.hc.client5.http.wire - http-outgoing-0 << "[0xffffffa6][0xfffffffd][0xffffffdd][0xffffff90]F,[0xffffffec][0xffffff97][0xffffffcf][0xfffffff4][0xffffffb2][0xffffff86]}[0xffffffc7]<u[0xffffff9b][0xffffffce][0xffffff8b]M[0xffffffb5][0xfffffffd][0xffffff93][0xffffff8e][0xffffffb6]:7[0xffffff97]i3[0xffffffaf]cA[0xffffffed][0xffffffc0][0xffffff92][0xfffffffa]T[0xffffffb0][0x2]^[0xffffff9a][0xffffffa1][0x1d]<[\r][0xffffffb5]A[0xffffffa7]+;[0xffffffc0][0x7f][0x0][0xffffffb2]$|[0xffffff88][0x1d][\r][0x0][0x0]"
11:41:48.595 [pool-2-thread-1] DEBUG o.a.h.c.h.i.c.InternalHttpClient - ep-00000000: releasing valid endpoint
11:41:48.595 [pool-2-thread-1] DEBUG o.a.h.c.h.i.i.PoolingHttpClientConnectionManager - ep-00000000: releasing endpoint
11:41:48.595 [pool-2-thread-1] DEBUG o.a.h.c.h.i.i.PoolingHttpClientConnectionManager - ep-00000000: connection http-outgoing-0 can be kept alive for 3 MINUTES
11:41:48.596 [pool-2-thread-1] DEBUG o.a.h.c.h.i.i.PoolingHttpClientConnectionManager - ep-00000000: connection released [route: {s}->https://raw.githubusercontent.com:443][total available: 1; route allocated: 1 of 5; total allocated: 1 of 25]
11:41:48.596 [pool-2-thread-1] DEBUG i.g.b.wdm.versions.VersionDetector - Detecting chrome version using online commands.properties
11:41:48.598 [pool-2-thread-1] DEBUG i.g.bonigarcia.wdm.versions.Shell - Running command on the shell: [cmd.exe, /C, wmic, datafile, where, name="%PROGRAMFILES(X86):\=\\%\\Google\\Chrome\\Application\\chrome.exe", get, Version, /value]
11:41:48.782 [pool-2-thread-1] DEBUG i.g.bonigarcia.wdm.versions.Shell - Result: 
11:41:48.783 [pool-2-thread-1] DEBUG i.g.bonigarcia.wdm.versions.Shell - Running command on the shell: [cmd.exe, /C, wmic, datafile, where, name="%LOCALAPPDATA:\=\\%\\Google\\Chrome\\Application\\chrome.exe", get, Version, /value]
11:41:48.903 [pool-2-thread-1] DEBUG i.g.bonigarcia.wdm.versions.Shell - Result: 
11:41:48.903 [pool-2-thread-1] DEBUG i.g.bonigarcia.wdm.versions.Shell - Running command on the shell: [cmd.exe, /C, wmic, datafile, where, name="%PROGRAMFILES:\=\\%\\Google\\Chrome\\Application\\chrome.exe", get, Version, /value]
11:41:49.017 [pool-2-thread-1] DEBUG i.g.bonigarcia.wdm.versions.Shell - Result: Version=94.0.4606.71
11:41:49.019 [pool-2-thread-1] DEBUG i.g.b.wdm.cache.ResolutionCache - Removing resolution chrome94=94.0.4606.61 from cache (expired on Fri Oct 01 15:43:54 PET 2021)
11:41:49.021 [pool-2-thread-1] DEBUG o.a.h.c.h.i.c.InternalHttpClient - ex-00000002: preparing request execution
11:41:49.021 [pool-2-thread-1] DEBUG o.a.h.c.h.protocol.RequestAddCookies - Cookie spec selected: strict
11:41:49.021 [pool-2-thread-1] DEBUG o.a.h.c.h.protocol.RequestAuthCache - Auth cache not set in the context
11:41:49.021 [pool-2-thread-1] DEBUG o.a.h.c.h.impl.classic.ProtocolExec - ex-00000002: target auth state: UNCHALLENGED
11:41:49.021 [pool-2-thread-1] DEBUG o.a.h.c.h.impl.classic.ProtocolExec - ex-00000002: proxy auth state: UNCHALLENGED
11:41:49.021 [pool-2-thread-1] DEBUG o.a.h.c.h.impl.classic.ConnectExec - ex-00000002: acquiring connection with route {s}->https://chromedriver.storage.googleapis.com:443
11:41:49.021 [pool-2-thread-1] DEBUG o.a.h.c.h.i.c.InternalHttpClient - ex-00000002: acquiring endpoint (3 MINUTES)
11:41:49.021 [pool-2-thread-1] DEBUG o.a.h.c.h.i.i.PoolingHttpClientConnectionManager - ex-00000002: endpoint lease request (3 MINUTES) [route: {s}->https://chromedriver.storage.googleapis.com:443][total available: 1; route allocated: 0 of 5; total allocated: 1 of 25]
11:41:49.021 [pool-2-thread-1] DEBUG o.a.h.c.h.i.i.PoolingHttpClientConnectionManager - ex-00000002: endpoint leased [route: {s}->https://chromedriver.storage.googleapis.com:443][total available: 1; route allocated: 1 of 5; total allocated: 2 of 25]
11:41:49.021 [pool-2-thread-1] DEBUG o.a.h.c.h.i.i.PoolingHttpClientConnectionManager - ex-00000002: acquired ep-00000001
11:41:49.021 [pool-2-thread-1] DEBUG o.a.h.c.h.i.c.InternalHttpClient - ex-00000002: acquired endpoint ep-00000001
11:41:49.021 [pool-2-thread-1] DEBUG o.a.h.c.h.impl.classic.ConnectExec - ex-00000002: opening connection {s}->https://chromedriver.storage.googleapis.com:443
11:41:49.021 [pool-2-thread-1] DEBUG o.a.h.c.h.i.c.InternalHttpClient - ep-00000001: connecting endpoint (30 SECONDS)
11:41:49.021 [pool-2-thread-1] DEBUG o.a.h.c.h.i.i.PoolingHttpClientConnectionManager - ep-00000001: connecting endpoint to https://chromedriver.storage.googleapis.com:443 (30 SECONDS)
11:41:49.929 [pool-2-thread-1] DEBUG o.a.h.c.h.i.i.DefaultHttpClientConnectionOperator - http-outgoing-1: connecting to chromedriver.storage.googleapis.com/172.217.192.128:443
11:41:49.929 [pool-2-thread-1] DEBUG o.a.h.c.h.s.SSLConnectionSocketFactory - Connecting socket to chromedriver.storage.googleapis.com/172.217.192.128:443 with timeout 30 SECONDS
11:41:49.991 [pool-2-thread-1] DEBUG o.a.h.c.h.s.SSLConnectionSocketFactory - Enabled protocols: [TLSv1.3, TLSv1.2]
11:41:49.991 [pool-2-thread-1] DEBUG o.a.h.c.h.s.SSLConnectionSocketFactory - Enabled cipher suites: [TLS_AES_256_GCM_SHA384, TLS_AES_128_GCM_SHA256, TLS_CHACHA20_POLY1305_SHA256, TLS_ECDHE_ECDSA_WITH_AES_256_GCM_SHA384, TLS_ECDHE_ECDSA_WITH_AES_128_GCM_SHA256, TLS_ECDHE_ECDSA_WITH_CHACHA20_POLY1305_SHA256, TLS_ECDHE_RSA_WITH_AES_256_GCM_SHA384, TLS_ECDHE_RSA_WITH_CHACHA20_POLY1305_SHA256, TLS_ECDHE_RSA_WITH_AES_128_GCM_SHA256, TLS_DHE_RSA_WITH_AES_256_GCM_SHA384, TLS_DHE_RSA_WITH_CHACHA20_POLY1305_SHA256, TLS_DHE_DSS_WITH_AES_256_GCM_SHA384, TLS_DHE_RSA_WITH_AES_128_GCM_SHA256, TLS_DHE_DSS_WITH_AES_128_GCM_SHA256, TLS_ECDHE_ECDSA_WITH_AES_256_CBC_SHA384, TLS_ECDHE_RSA_WITH_AES_256_CBC_SHA384, TLS_ECDHE_ECDSA_WITH_AES_128_CBC_SHA256, TLS_ECDHE_RSA_WITH_AES_128_CBC_SHA256, TLS_DHE_RSA_WITH_AES_256_CBC_SHA256, TLS_DHE_DSS_WITH_AES_256_CBC_SHA256, TLS_DHE_RSA_WITH_AES_128_CBC_SHA256, TLS_DHE_DSS_WITH_AES_128_CBC_SHA256, TLS_ECDH_ECDSA_WITH_AES_256_GCM_SHA384, TLS_ECDH_RSA_WITH_AES_256_GCM_SHA384, TLS_ECDH_ECDSA_WITH_AES_128_GCM_SHA256, TLS_ECDH_RSA_WITH_AES_128_GCM_SHA256, TLS_ECDH_ECDSA_WITH_AES_256_CBC_SHA384, TLS_ECDH_RSA_WITH_AES_256_CBC_SHA384, TLS_ECDH_ECDSA_WITH_AES_128_CBC_SHA256, TLS_ECDH_RSA_WITH_AES_128_CBC_SHA256, TLS_ECDHE_ECDSA_WITH_AES_256_CBC_SHA, TLS_ECDHE_RSA_WITH_AES_256_CBC_SHA, TLS_ECDHE_ECDSA_WITH_AES_128_CBC_SHA, TLS_ECDHE_RSA_WITH_AES_128_CBC_SHA, TLS_DHE_RSA_WITH_AES_256_CBC_SHA, TLS_DHE_DSS_WITH_AES_256_CBC_SHA, TLS_DHE_RSA_WITH_AES_128_CBC_SHA, TLS_DHE_DSS_WITH_AES_128_CBC_SHA, TLS_ECDH_ECDSA_WITH_AES_256_CBC_SHA, TLS_ECDH_RSA_WITH_AES_256_CBC_SHA, TLS_ECDH_ECDSA_WITH_AES_128_CBC_SHA, TLS_ECDH_RSA_WITH_AES_128_CBC_SHA, TLS_RSA_WITH_AES_256_GCM_SHA384, TLS_RSA_WITH_AES_128_GCM_SHA256, TLS_RSA_WITH_AES_256_CBC_SHA256, TLS_RSA_WITH_AES_128_CBC_SHA256, TLS_RSA_WITH_AES_256_CBC_SHA, TLS_RSA_WITH_AES_128_CBC_SHA, TLS_EMPTY_RENEGOTIATION_INFO_SCSV]
11:41:49.991 [pool-2-thread-1] DEBUG o.a.h.c.h.s.SSLConnectionSocketFactory - Starting handshake
11:41:50.383 [pool-2-thread-1] DEBUG o.a.h.c.h.s.SSLConnectionSocketFactory - Secure session established
11:41:50.384 [pool-2-thread-1] DEBUG o.a.h.c.h.s.SSLConnectionSocketFactory -  negotiated protocol: TLSv1.3
11:41:50.384 [pool-2-thread-1] DEBUG o.a.h.c.h.s.SSLConnectionSocketFactory -  negotiated cipher suite: TLS_AES_256_GCM_SHA384
11:41:50.384 [pool-2-thread-1] DEBUG o.a.h.c.h.s.SSLConnectionSocketFactory -  peer principal: CN=*.storage.googleapis.com
11:41:50.384 [pool-2-thread-1] DEBUG o.a.h.c.h.s.SSLConnectionSocketFactory -  peer alternative names: [*.storage.googleapis.com, *.googleapis.com, commondatastorage.googleapis.com, *.commondatastorage.googleapis.com, storage.googleapis.com, storage.mtls.googleapis.com, *.appspot.com.storage.googleapis.com, *.content-storage.googleapis.com, *.content-storage-p2.googleapis.com, *.content-storage-upload.googleapis.com, *.content-storage-download.googleapis.com, *.storage-upload.googleapis.com, *.storage-download.googleapis.com]
11:41:50.384 [pool-2-thread-1] DEBUG o.a.h.c.h.s.SSLConnectionSocketFactory -  issuer principal: CN=GTS CA 1C3, O=Google Trust Services LLC, C=US
11:41:50.384 [pool-2-thread-1] DEBUG o.a.h.c.h.i.i.DefaultHttpClientConnectionOperator - http-outgoing-1: connection established 192.168.1.7:58129<->172.217.192.128:443
11:41:50.384 [pool-2-thread-1] DEBUG o.a.h.c.h.i.i.PoolingHttpClientConnectionManager - ep-00000001: connected http-outgoing-1
11:41:50.384 [pool-2-thread-1] DEBUG o.a.h.c.h.i.c.InternalHttpClient - ep-00000001: endpoint connected
11:41:50.384 [pool-2-thread-1] DEBUG o.a.h.c.h.i.classic.MainClientExec - ex-00000002: executing GET /LATEST_RELEASE_94 HTTP/1.1
11:41:50.384 [pool-2-thread-1] DEBUG o.a.h.c.h.i.c.InternalHttpClient - ep-00000001: start execution ex-00000002
11:41:50.384 [pool-2-thread-1] DEBUG o.a.h.c.h.i.i.PoolingHttpClientConnectionManager - ep-00000001: executing exchange ex-00000002 over http-outgoing-1
11:41:50.384 [pool-2-thread-1] DEBUG org.apache.hc.client5.http.headers - http-outgoing-1 >> GET /LATEST_RELEASE_94 HTTP/1.1
11:41:50.384 [pool-2-thread-1] DEBUG org.apache.hc.client5.http.headers - http-outgoing-1 >> user-agent: Apache-HttpClient/5.0
11:41:50.384 [pool-2-thread-1] DEBUG org.apache.hc.client5.http.headers - http-outgoing-1 >> accept-encoding: gzip, deflate, br
11:41:50.384 [pool-2-thread-1] DEBUG org.apache.hc.client5.http.headers - http-outgoing-1 >> cache-control: max-age=0
11:41:50.384 [pool-2-thread-1] DEBUG org.apache.hc.client5.http.headers - http-outgoing-1 >> connection: keep-alive
11:41:50.384 [pool-2-thread-1] DEBUG org.apache.hc.client5.http.headers - http-outgoing-1 >> Host: chromedriver.storage.googleapis.com
11:41:50.384 [pool-2-thread-1] DEBUG org.apache.hc.client5.http.wire - http-outgoing-1 >> "GET /LATEST_RELEASE_94 HTTP/1.1[\r][\n]"
11:41:50.384 [pool-2-thread-1] DEBUG org.apache.hc.client5.http.wire - http-outgoing-1 >> "user-agent: Apache-HttpClient/5.0[\r][\n]"
11:41:50.384 [pool-2-thread-1] DEBUG org.apache.hc.client5.http.wire - http-outgoing-1 >> "accept-encoding: gzip, deflate, br[\r][\n]"
11:41:50.384 [pool-2-thread-1] DEBUG org.apache.hc.client5.http.wire - http-outgoing-1 >> "cache-control: max-age=0[\r][\n]"
11:41:50.384 [pool-2-thread-1] DEBUG org.apache.hc.client5.http.wire - http-outgoing-1 >> "connection: keep-alive[\r][\n]"
11:41:50.384 [pool-2-thread-1] DEBUG org.apache.hc.client5.http.wire - http-outgoing-1 >> "Host: chromedriver.storage.googleapis.com[\r][\n]"
11:41:50.384 [pool-2-thread-1] DEBUG org.apache.hc.client5.http.wire - http-outgoing-1 >> "[\r][\n]"
11:41:50.740 [pool-2-thread-1] DEBUG org.apache.hc.client5.http.wire - http-outgoing-1 << "HTTP/1.1 200 OK[\r][\n]"
11:41:50.740 [pool-2-thread-1] DEBUG org.apache.hc.client5.http.wire - http-outgoing-1 << "X-GUploader-UploadID: ADPycdv4jXuKc6Z012ZhQ6TvuSkENCWXnEel-fG0vC09YbmlRbaVF20q5iNe-XZIbhnZM3DgQhQwAHvlU5p_6IUnGiMhZhFo3A[\r][\n]"
11:41:50.740 [pool-2-thread-1] DEBUG org.apache.hc.client5.http.wire - http-outgoing-1 << "Expires: Mon, 04 Oct 2021 17:08:53 GMT[\r][\n]"
11:41:50.740 [pool-2-thread-1] DEBUG org.apache.hc.client5.http.wire - http-outgoing-1 << "Date: Mon, 04 Oct 2021 16:08:53 GMT[\r][\n]"
11:41:50.740 [pool-2-thread-1] DEBUG org.apache.hc.client5.http.wire - http-outgoing-1 << "Last-Modified: Mon, 27 Sep 2021 13:10:41 GMT[\r][\n]"
11:41:50.740 [pool-2-thread-1] DEBUG org.apache.hc.client5.http.wire - http-outgoing-1 << "ETag: "7c5ba0dccb252b6128c9e357dec544d0"[\r][\n]"
11:41:50.740 [pool-2-thread-1] DEBUG org.apache.hc.client5.http.wire - http-outgoing-1 << "x-goog-generation: 1632748241362160[\r][\n]"
11:41:50.740 [pool-2-thread-1] DEBUG org.apache.hc.client5.http.wire - http-outgoing-1 << "x-goog-metageneration: 1[\r][\n]"
11:41:50.740 [pool-2-thread-1] DEBUG org.apache.hc.client5.http.wire - http-outgoing-1 << "x-goog-stored-content-encoding: identity[\r][\n]"
11:41:50.740 [pool-2-thread-1] DEBUG org.apache.hc.client5.http.wire - http-outgoing-1 << "x-goog-stored-content-length: 12[\r][\n]"
11:41:50.740 [pool-2-thread-1] DEBUG org.apache.hc.client5.http.wire - http-outgoing-1 << "Content-Type: text/plain[\r][\n]"
11:41:50.740 [pool-2-thread-1] DEBUG org.apache.hc.client5.http.wire - http-outgoing-1 << "Content-Language: en[\r][\n]"
11:41:50.740 [pool-2-thread-1] DEBUG org.apache.hc.client5.http.wire - http-outgoing-1 << "x-goog-hash: crc32c=IdeXxg==[\r][\n]"
11:41:50.740 [pool-2-thread-1] DEBUG org.apache.hc.client5.http.wire - http-outgoing-1 << "x-goog-hash: md5=fFug3MslK2EoyeNX3sVE0A==[\r][\n]"
11:41:50.740 [pool-2-thread-1] DEBUG org.apache.hc.client5.http.wire - http-outgoing-1 << "x-goog-storage-class: STANDARD[\r][\n]"
11:41:50.740 [pool-2-thread-1] DEBUG org.apache.hc.client5.http.wire - http-outgoing-1 << "Accept-Ranges: bytes[\r][\n]"
11:41:50.740 [pool-2-thread-1] DEBUG org.apache.hc.client5.http.wire - http-outgoing-1 << "Content-Length: 12[\r][\n]"
11:41:50.740 [pool-2-thread-1] DEBUG org.apache.hc.client5.http.wire - http-outgoing-1 << "Server: UploadServer[\r][\n]"
11:41:50.740 [pool-2-thread-1] DEBUG org.apache.hc.client5.http.wire - http-outgoing-1 << "Age: 1977[\r][\n]"
11:41:50.740 [pool-2-thread-1] DEBUG org.apache.hc.client5.http.wire - http-outgoing-1 << "Cache-Control: public, max-age=3600[\r][\n]"
11:41:50.740 [pool-2-thread-1] DEBUG org.apache.hc.client5.http.wire - http-outgoing-1 << "Alt-Svc: h3=":443"; ma=2592000,h3-29=":443"; ma=2592000,h3-T051=":443"; ma=2592000,h3-Q050=":443"; ma=2592000,h3-Q046=":443"; ma=2592000,h3-Q043=":443"; ma=2592000,quic=":443"; ma=2592000; v="46,43"[\r][\n]"
11:41:50.740 [pool-2-thread-1] DEBUG org.apache.hc.client5.http.wire - http-outgoing-1 << "[\r][\n]"
11:41:50.740 [pool-2-thread-1] DEBUG org.apache.hc.client5.http.wire - http-outgoing-1 << "94.0.4606.61"
11:41:50.741 [pool-2-thread-1] DEBUG org.apache.hc.client5.http.headers - http-outgoing-1 << HTTP/1.1 200 OK
11:41:50.741 [pool-2-thread-1] DEBUG org.apache.hc.client5.http.headers - http-outgoing-1 << X-GUploader-UploadID: ADPycdv4jXuKc6Z012ZhQ6TvuSkENCWXnEel-fG0vC09YbmlRbaVF20q5iNe-XZIbhnZM3DgQhQwAHvlU5p_6IUnGiMhZhFo3A
11:41:50.741 [pool-2-thread-1] DEBUG org.apache.hc.client5.http.headers - http-outgoing-1 << Expires: Mon, 04 Oct 2021 17:08:53 GMT
11:41:50.741 [pool-2-thread-1] DEBUG org.apache.hc.client5.http.headers - http-outgoing-1 << Date: Mon, 04 Oct 2021 16:08:53 GMT
11:41:50.741 [pool-2-thread-1] DEBUG org.apache.hc.client5.http.headers - http-outgoing-1 << Last-Modified: Mon, 27 Sep 2021 13:10:41 GMT
11:41:50.741 [pool-2-thread-1] DEBUG org.apache.hc.client5.http.headers - http-outgoing-1 << ETag: "7c5ba0dccb252b6128c9e357dec544d0"
11:41:50.741 [pool-2-thread-1] DEBUG org.apache.hc.client5.http.headers - http-outgoing-1 << x-goog-generation: 1632748241362160
11:41:50.741 [pool-2-thread-1] DEBUG org.apache.hc.client5.http.headers - http-outgoing-1 << x-goog-metageneration: 1
11:41:50.741 [pool-2-thread-1] DEBUG org.apache.hc.client5.http.headers - http-outgoing-1 << x-goog-stored-content-encoding: identity
11:41:50.741 [pool-2-thread-1] DEBUG org.apache.hc.client5.http.headers - http-outgoing-1 << x-goog-stored-content-length: 12
11:41:50.741 [pool-2-thread-1] DEBUG org.apache.hc.client5.http.headers - http-outgoing-1 << Content-Type: text/plain
11:41:50.741 [pool-2-thread-1] DEBUG org.apache.hc.client5.http.headers - http-outgoing-1 << Content-Language: en
11:41:50.741 [pool-2-thread-1] DEBUG org.apache.hc.client5.http.headers - http-outgoing-1 << x-goog-hash: crc32c=IdeXxg==
11:41:50.741 [pool-2-thread-1] DEBUG org.apache.hc.client5.http.headers - http-outgoing-1 << x-goog-hash: md5=fFug3MslK2EoyeNX3sVE0A==
11:41:50.741 [pool-2-thread-1] DEBUG org.apache.hc.client5.http.headers - http-outgoing-1 << x-goog-storage-class: STANDARD
11:41:50.741 [pool-2-thread-1] DEBUG org.apache.hc.client5.http.headers - http-outgoing-1 << Accept-Ranges: bytes
11:41:50.741 [pool-2-thread-1] DEBUG org.apache.hc.client5.http.headers - http-outgoing-1 << Content-Length: 12
11:41:50.741 [pool-2-thread-1] DEBUG org.apache.hc.client5.http.headers - http-outgoing-1 << Server: UploadServer
11:41:50.741 [pool-2-thread-1] DEBUG org.apache.hc.client5.http.headers - http-outgoing-1 << Age: 1977
11:41:50.741 [pool-2-thread-1] DEBUG org.apache.hc.client5.http.headers - http-outgoing-1 << Cache-Control: public, max-age=3600
11:41:50.741 [pool-2-thread-1] DEBUG org.apache.hc.client5.http.headers - http-outgoing-1 << Alt-Svc: h3=":443"; ma=2592000,h3-29=":443"; ma=2592000,h3-T051=":443"; ma=2592000,h3-Q050=":443"; ma=2592000,h3-Q046=":443"; ma=2592000,h3-Q043=":443"; ma=2592000,quic=":443"; ma=2592000; v="46,43"
11:41:50.741 [pool-2-thread-1] DEBUG o.a.h.c.h.i.classic.MainClientExec - ex-00000002: connection can be kept alive for 3 MINUTES
11:41:50.741 [pool-2-thread-1] DEBUG o.a.h.c.h.i.c.InternalHttpClient - ep-00000001: releasing valid endpoint
11:41:50.741 [pool-2-thread-1] DEBUG o.a.h.c.h.i.i.PoolingHttpClientConnectionManager - ep-00000001: releasing endpoint
11:41:50.742 [pool-2-thread-1] DEBUG o.a.h.c.h.i.i.PoolingHttpClientConnectionManager - ep-00000001: connection http-outgoing-1 can be kept alive for 3 MINUTES
11:41:50.742 [pool-2-thread-1] DEBUG o.a.h.c.h.i.i.PoolingHttpClientConnectionManager - ep-00000001: connection released [route: {s}->https://chromedriver.storage.googleapis.com:443][total available: 2; route allocated: 1 of 5; total allocated: 2 of 25]
11:41:50.742 [pool-2-thread-1] DEBUG i.g.b.wdm.versions.VersionDetector - Latest version of chromedriver according to https://chromedriver.storage.googleapis.com/LATEST_RELEASE_94 is 94.0.4606.61
11:41:50.742 [pool-2-thread-1] INFO  i.g.bonigarcia.wdm.WebDriverManager - Using chromedriver 94.0.4606.61 (resolved driver for Chrome 94)
11:41:50.744 [pool-2-thread-1] DEBUG i.g.b.wdm.cache.ResolutionCache - Storing resolution chrome=94 in cache (valid until 12:41:50 04/10/2021 COT)
11:41:50.746 [pool-2-thread-1] DEBUG i.g.b.wdm.cache.ResolutionCache - Storing resolution chrome94=94.0.4606.61 in cache (valid until 11:41:50 05/10/2021 COT)
11:41:50.754 [pool-2-thread-1] DEBUG i.g.bonigarcia.wdm.WebDriverManager - Driver chromedriver 94.0.4606.61 found in cache
11:41:50.755 [pool-2-thread-1] INFO  i.g.bonigarcia.wdm.WebDriverManager - Exporting webdriver.chrome.driver as C:\Users\Usuario\.cache\selenium\chromedriver\win32\94.0.4606.61\chromedriver.exe
11:41:51.674 [pool-2-thread-1] INFO  n.s.c.w.d.ProvideNewDriver - Instantiating driver
11:41:51.677 [pool-2-thread-1] INFO  n.s.c.w.d.ProvideNewDriver - Driver capabilities: Capabilities {acceptInsecureCerts: false, browserName: chrome, chrome.switches: --start-maximized;--test-ty..., goog:chromeOptions: {args: [--start-maximized, --test-type, --no-sandbox, --ignore-certificate-errors, --disable-popup-blocking, --disable-default-apps, --disable-extensions-file-a..., --disable-download-notifica..., --disable-infobars, --disable-gpu], excludeSwitches: [--enable-automation], extensions: [], prefs: {credentials_enable_service: false, download.default_directory: /my/downloads/, password_manager_enabled: false, profile.default_content_setting_values.geolocation: 1, profile.default_content_setting_values.notifications: 1, profile.default_content_settings.popups: 0}, useAutomationExtension: false}, loggingPrefs: org.openqa.selenium.logging...}
11:42:11.918 [pool-2-thread-1] DEBUG n.s.core.photography.Darkroom - Opening darkroom
11:42:11.919 [Darkroom Processing Line] DEBUG n.s.c.p.DarkroomProcessingLine - Darkroom processing line starting up
11:42:12.798 [pool-2-thread-1] DEBUG n.s.core.photography.Darkroom - Send negative for processing for target\site\serenity\e9a87683b1b6228ea765f05ad8ad40b1637f53e89d547e64937fa93e263754dc.png
11:42:12.799 [Darkroom Processing Line] DEBUG n.s.c.p.DarkroomProcessingLine - Processing screenshot image in /var/screenshots/screenshot-13061207072661818140
11:42:12.799 [Darkroom Processing Line] DEBUG n.s.c.p.DarkroomProcessingLine - Saving screenshot to target\site\serenity\e9a87683b1b6228ea765f05ad8ad40b1637f53e89d547e64937fa93e263754dc.png
11:42:12.802 [pool-2-thread-1] DEBUG n.t.core.steps.StepInterceptor - STEP DONE: {0} opens the #pageName page
11:42:12.809 [pool-2-thread-1] DEBUG n.t.core.steps.StepInterceptor - STEP DONE: !#title
  &amp#27;[32mGiven &amp#27;[0m&amp#27;[32m&amp#27;[0m&amp#27;[32m&amp#27;[1mUser&amp#27;[0m&amp#27;[32m enters the coupon website&amp#27;[0m    &amp#27;[90m# steps.LoginSD.user_enters_the_coupon_website(net.serenitybdd.screenplay.Actor)&amp#27;[0m
11:42:23.018 [pool-2-thread-1] DEBUG n.s.core.photography.Darkroom - Send negative for processing for target\site\serenity\24ad3aa4524a8fdb7ff445f829ad338549cd8bd6c4e3194d5a7c2b60e83910de.png
11:42:23.019 [Darkroom Processing Line] DEBUG n.s.c.p.DarkroomProcessingLine - Processing screenshot image in /var/screenshots/screenshot-14152891455622249165
11:42:23.019 [Darkroom Processing Line] DEBUG n.s.c.p.DarkroomProcessingLine - Saving screenshot to target\site\serenity\24ad3aa4524a8fdb7ff445f829ad338549cd8bd6c4e3194d5a7c2b60e83910de.png
&amp#27;[92m|---- When sends number document 72209308&amp#27;[0m
&amp#27;[92m|------ Login&amp#27;[0m
11:42:23.058 [pool-2-thread-1] DEBUG n.t.core.steps.StepInterceptor - STARTING STEP: LoginSD.sends_number_document - !#title
11:42:23.065 [pool-2-thread-1] DEBUG n.s.s.targets.IFrameSwitcher - default content already selected for Input de numero de documento
11:42:23.411 [pool-2-thread-1] DEBUG n.s.core.photography.Darkroom - Send negative for processing for target\site\serenity\24ad3aa4524a8fdb7ff445f829ad338549cd8bd6c4e3194d5a7c2b60e83910de.png
[...]
11:42:34.130 [pool-2-thread-1] DEBUG n.s.core.photography.Darkroom - Send negative for processing for target\site\serenity\42043c10d8a4ba171601a63dbbcae50fe83fb4e0787c89a92e2f87ddb789c384.png
&amp#27;[92m|-------- User clicks on Cerrar sesion&amp#27;[0m
11:42:34.131 [Darkroom Processing Line] DEBUG n.s.c.p.DarkroomProcessingLine - Processing screenshot image in /var/screenshots/screenshot-4175272266140084131
11:42:34.131 [Darkroom Processing Line] DEBUG n.s.c.p.DarkroomProcessingLine - Saving screenshot to target\site\serenity\42043c10d8a4ba171601a63dbbcae50fe83fb4e0787c89a92e2f87ddb789c384.png
11:42:34.131 [pool-2-thread-1] DEBUG n.t.core.steps.StepInterceptor - STARTING STEP: LoginSD.should_be_able_to_view_her_coupons - {0} clicks on #target
11:42:34.132 [pool-2-thread-1] DEBUG n.s.s.targets.IFrameSwitcher - default content already selected for Cerrar sesion
11:42:34.497 [pool-2-thread-1] DEBUG n.s.core.photography.Darkroom - Send negative for processing for target\site\serenity\f2ce90149b9ee477e81810f3f95212748a7575d9d2b63d109f47fb37ddde3a88.png
11:42:34.497 [pool-2-thread-1] DEBUG n.t.core.steps.StepInterceptor - STEP DONE: {0} clicks on #target
11:42:34.498 [Darkroom Processing Line] DEBUG n.s.c.p.DarkroomProcessingLine - Processing screenshot image in /var/screenshots/screenshot-13366379034654076069
11:42:34.498 [Darkroom Processing Line] DEBUG n.s.c.p.DarkroomProcessingLine - Saving screenshot to target\site\serenity\f2ce90149b9ee477e81810f3f95212748a7575d9d2b63d109f47fb37ddde3a88.png
11:42:34.500 [pool-2-thread-1] DEBUG n.t.core.steps.StepInterceptor - STEP DONE: !#title
  &amp#27;[32mThen &amp#27;[0m&amp#27;[32mshould be able to view her coupons&amp#27;[0m &amp#27;[90m# steps.LoginSD.should_be_able_to_view_her_coupons()&amp#27;[0m
11:42:34.597 [pool-2-thread-1] INFO   - &amp#27;[92m---------------
- TEST PASSED -
---------------

successful login
---------------&amp#27;[0m
11:42:34.811 [Darkroom Processing Line] DEBUG n.s.c.p.DarkroomProcessingLine - Processing screenshot image in /var/screenshots/screenshot-11843349408997490875
11:42:34.811 [Darkroom Processing Line] DEBUG n.s.c.p.DarkroomProcessingLine - Saving screenshot to target\site\serenity\49316220fec5d271f4a5e78a9cefad19ff455868ccfb4b5787f84e85dd8b1ff9.png
11:42:35.714 [Darkroom Processing Line] DEBUG n.s.c.p.DarkroomProcessingLine - Processing screenshot image in /var/screenshots/screenshot-8907456655697057645
11:42:35.714 [Darkroom Processing Line] DEBUG n.s.c.p.DarkroomProcessingLine - Saving screenshot to target\site\serenity\2c75fa3cf47067b1973620ed7a2cb661ebb62b498ec257c2dab0ce978a5507b0.png
11:42:45.916 [Darkroom Processing Line] DEBUG n.s.c.p.DarkroomProcessingLine - Processing screenshot image in /var/screenshots/screenshot-15794463029337858158
11:42:45.916 [Darkroom Processing Line] DEBUG n.s.c.p.DarkroomProcessingLine - Saving screenshot to target\site\serenity\b398a90c1115e2eab095c0be325ef3fd9e33b3e066ef18e3390e5ca482a0177c.png
11:42:46.652 [Darkroom Processing Line] DEBUG n.s.c.p.DarkroomProcessingLine - Processing screenshot image in /var/screenshots/screenshot-11063955124278542557
11:42:46.652 [Darkroom Processing Line] DEBUG n.s.c.p.DarkroomProcessingLine - Saving screenshot to target\site\serenity\a8572d8153f8685134635a95bbbd5739c7fc5419e4652098aa2b2f89dbfe26a3.png
11:42:56.879 [Darkroom Processing Line] DEBUG n.s.c.p.DarkroomProcessingLine - Processing screenshot image in /var/screenshots/screenshot-2969825473746413374
11:42:56.879 [Darkroom Processing Line] DEBUG n.s.c.p.DarkroomProcessingLine - Saving screenshot to target\site\serenity\ed1f46db5acb7ae0a1aa537b037903f5a719094813f66e18ad7f58fe58b9fa5e.png
11:42:57.291 [Darkroom Processing Line] DEBUG n.s.c.p.DarkroomProcessingLine - Processing screenshot image in /var/screenshots/screenshot-3657654007998468241
11:42:57.291 [Darkroom Processing Line] DEBUG n.s.c.p.DarkroomProcessingLine - Saving screenshot to target\site\serenity\df367db06373b7229803cd179d9e8c3dd392ab5650e5934428f72abbb55369a3.png
11:42:58.604 [Darkroom Processing Line] DEBUG n.s.c.p.DarkroomProcessingLine - Processing screenshot image in /var/screenshots/screenshot-2783784663439908745
11:42:58.604 [Darkroom Processing Line] DEBUG n.s.c.p.DarkroomProcessingLine - Saving screenshot to target\site\serenity\b42f622a1aa42f0a5276e906389c9b74fd46763bf80a1c3555a837d88775e9b1.png
11:43:09.496 [Darkroom Processing Line] DEBUG n.s.c.p.DarkroomProcessingLine - Processing screenshot image in /var/screenshots/screenshot-12714397477171615380
11:43:09.497 [Darkroom Processing Line] DEBUG n.s.c.p.DarkroomProcessingLine - Saving screenshot to target\site\serenity\397b1310196cb4f8872e1e53bddf47e4fc480eb809fda5cf7238ece2edef2c5d.png
11:43:10.058 [Darkroom Processing Line] DEBUG n.s.c.p.DarkroomProcessingLine - Processing screenshot image in /var/screenshots/screenshot-3048285091269204886
11:43:10.058 [Darkroom Processing Line] DEBUG n.s.c.p.DarkroomProcessingLine - Saving screenshot to target\site\serenity\8273f9d9ab684c7a316d46daae2c83dbdaf745c562d185183913cbeefc4d3f3d.png
11:43:10.774 [Darkroom Processing Line] DEBUG n.s.c.p.DarkroomProcessingLine - Processing screenshot image in /var/screenshots/screenshot-11480593107299285648
11:43:10.775 [Darkroom Processing Line] DEBUG n.s.c.p.DarkroomProcessingLine - Saving screenshot to target\site\serenity\f185f65dd0f523500d756d8d612a30093e851fbadc26b127de2a545a7506278a.png
11:43:11.127 [Darkroom Processing Line] DEBUG n.s.c.p.DarkroomProcessingLine - Processing screenshot image in /var/screenshots/screenshot-12410446509857670869
11:43:11.127 [Darkroom Processing Line] DEBUG n.s.c.p.DarkroomProcessingLine - Saving screenshot to target\site\serenity\ee81aea3e056e2deb709f4a83c91381a83b1cde85611f588842dad9980cb106a.png
11:43:33.979 [Darkroom Processing Line] DEBUG n.s.c.p.DarkroomProcessingLine - Processing screenshot image in /var/screenshots/screenshot-5470149190166053244
11:43:33.979 [Darkroom Processing Line] DEBUG n.s.c.p.DarkroomProcessingLine - Saving screenshot to target\site\serenity\fa2588b1f1b328e9734c37b955cc71bd473ba4320ac210e10004a77cdc474192.png
11:43:36.431 [Darkroom Processing Line] DEBUG n.s.c.p.DarkroomProcessingLine - Darkroom processing line shutting down
]]></system-out>
    <system-err><![CDATA[Starting ChromeDriver 94.0.4606.61 (418b78f5838ed0b1c69bb4e51ea0252171854915-refs/branch-heads/4606@{#1204}) on port 25680
Only local connections are allowed.
Please see https://chromedriver.chromium.org/security-considerations for suggestions on keeping ChromeDriver safe.
ChromeDriver was started successfully.
[1633365712.125][WARNING]: Deprecated chrome option is ignored: useAutomationExtension
[1633365712.125][WARNING]: Deprecated chrome option is ignored: useAutomationExtension
oct. 04, 2021 11:41:52 A. M. org.openqa.selenium.remote.ProtocolHandshake createSession
INFO: Detected dialect: W3C
]]></system-err>
  </testcase>
  <testcase name="failed login" classname="Login into the application" time="22.517">
    <system-out><![CDATA[
@login @loginFailed
Scenario Outline: failed login             &amp#27;[90m# src/test/resources/features/login/login.feature:25&amp#27;[0m
11:42:34.603 [pool-2-thread-1] INFO  i.c.core.plugin.SerenityReporter - Running feature from file:///C:/Users/Usuario/Desktop/AUTOMATIZACIONES/automation-cuponero-v2/src/test/resources/features/login/login.feature
11:42:34.605 [pool-2-thread-1] INFO   - ----------------
- TEST STARTED -
----------------

failed login(login-into-the-application;failed-login)
----------------
11:42:34.810 [pool-2-thread-1] DEBUG n.s.core.photography.Darkroom - Send negative for processing for target\site\serenity\49316220fec5d271f4a5e78a9cefad19ff455868ccfb4b5787f84e85dd8b1ff9.png
&amp#27;[92m|-- 1: failed login ({number=000000})&amp#27;[0m
&amp#27;[92m|---- Given User enters the coupon website&amp#27;[0m
&amp#27;[92m|------ User opens the home page&amp#27;[0m
11:42:34.828 [pool-2-thread-1] DEBUG n.t.core.steps.StepInterceptor - STARTING STEP: LoginSD.user_enters_the_coupon_website - !#title
&amp#27;[92m|-------- User opens the home.page page&amp#27;[0m
11:42:34.835 [pool-2-thread-1] DEBUG n.t.core.steps.StepInterceptor - STARTING STEP: LoginSD.user_enters_the_coupon_website - {0} opens the #pageName page
11:42:35.714 [pool-2-thread-1] DEBUG n.s.core.photography.Darkroom - Send negative for processing for target\site\serenity\2c75fa3cf47067b1973620ed7a2cb661ebb62b498ec257c2dab0ce978a5507b0.png
11:42:35.714 [pool-2-thread-1] DEBUG n.t.core.steps.StepInterceptor - STEP DONE: {0} opens the #pageName page
11:42:35.717 [pool-2-thread-1] DEBUG n.t.core.steps.StepInterceptor - STEP DONE: !#title
  &amp#27;[32mGiven &amp#27;[0m&amp#27;[32m&amp#27;[0m&amp#27;[32m&amp#27;[1mUser&amp#27;[0m&amp#27;[32m enters the coupon website&amp#27;[0m     &amp#27;[90m# steps.LoginSD.user_enters_the_coupon_website(net.serenitybdd.screenplay.Actor)&amp#27;[0m
11:42:45.915 [pool-2-thread-1] DEBUG n.s.core.photography.Darkroom - Send negative for processing for target\site\serenity\b398a90c1115e2eab095c0be325ef3fd9e33b3e066ef18e3390e5ca482a0177c.png
&amp#27;[92m|---- When sends invalid document 000000&amp#27;[0m
&amp#27;[92m|------ login invalid&amp#27;[0m
11:42:45.927 [pool-2-thread-1] DEBUG n.t.core.steps.StepInterceptor - STARTING STEP: LoginSD.sends_invalid_document - !#title
11:42:45.929 [pool-2-thread-1] DEBUG n.s.s.targets.IFrameSwitcher - default content already selected for Input de numero de documento
11:42:46.215 [pool-2-thread-1] DEBUG n.s.core.photography.Darkroom - Send negative for processing for target\site\serenity\b398a90c1115e2eab095c0be325ef3fd9e33b3e066ef18e3390e5ca482a0177c.png
&amp#27;[92m|-------- User enters '000000' into Input de numero de documento&amp#27;[0m
11:42:46.215 [pool-2-thread-1] DEBUG n.t.core.steps.StepInterceptor - STARTING STEP: LoginSD.sends_invalid_document - {0} enters #theTextAsAString into #target
11:42:46.216 [pool-2-thread-1] DEBUG n.s.s.targets.IFrameSwitcher - default content already selected for Input de numero de documento
11:42:46.652 [pool-2-thread-1] DEBUG n.s.core.photography.Darkroom - Send negative for processing for target\site\serenity\a8572d8153f8685134635a95bbbd5739c7fc5419e4652098aa2b2f89dbfe26a3.png
11:42:46.652 [pool-2-thread-1] DEBUG n.t.core.steps.StepInterceptor - STEP DONE: {0} enters #theTextAsAString into #target
11:42:46.654 [pool-2-thread-1] DEBUG n.t.core.steps.StepInterceptor - STEP DONE: !#title
  &amp#27;[32mWhen &amp#27;[0m&amp#27;[32msends invalid document &amp#27;[0m&amp#27;[32m&amp#27;[1m000000&amp#27;[0m       &amp#27;[90m# steps.LoginSD.sends_invalid_document(java.lang.String)&amp#27;[0m
11:42:56.879 [pool-2-thread-1] DEBUG n.s.core.photography.Darkroom - Send negative for processing for target\site\serenity\ed1f46db5acb7ae0a1aa537b037903f5a719094813f66e18ad7f58fe58b9fa5e.png
&amp#27;[92m|---- Then should be able to see error message&amp#27;[0m
11:42:56.884 [pool-2-thread-1] DEBUG n.s.s.targets.IFrameSwitcher - default content already selected for Número de documento inválido
****MENSAJE DE ERROR*****:Número de documento inválido
11:42:57.080 [pool-2-thread-1] DEBUG n.s.core.photography.Darkroom - Send negative for processing for target\site\serenity\ed1f46db5acb7ae0a1aa537b037903f5a719094813f66e18ad7f58fe58b9fa5e.png
&amp#27;[92m|------ Then MENSAJE DE ERROR should be Predicates.equalTo(N&uacute;mero de documento inv&aacute;lido)&amp#27;[0m
11:42:57.081 [pool-2-thread-1] DEBUG n.s.s.targets.IFrameSwitcher - default content already selected for Número de documento inválido
  &amp#27;[32mThen &amp#27;[0m&amp#27;[32mshould be able to see error message&amp#27;[0m &amp#27;[90m# steps.LoginSD.should_be_able_to_see_error_message()&amp#27;[0m
11:42:57.116 [pool-2-thread-1] INFO   - &amp#27;[92m---------------
- TEST PASSED -
---------------

failed login
---------------&amp#27;[0m
]]></system-out>
  </testcase>
  <testcase name="user not registered" classname="Login into the application" time="36.869">
    <system-out><![CDATA[
@login @userNotRegistered
Scenario Outline: user not registered               &amp#27;[90m# src/test/resources/features/login/login.feature:36&amp#27;[0m
11:42:57.120 [pool-2-thread-1] INFO  i.c.core.plugin.SerenityReporter - Running feature from file:///C:/Users/Usuario/Desktop/AUTOMATIZACIONES/automation-cuponero-v2/src/test/resources/features/login/login.feature
11:42:57.123 [pool-2-thread-1] INFO   - ----------------
- TEST STARTED -
----------------

user not registered(login-into-the-application;user-not-registered)
----------------
11:42:57.290 [pool-2-thread-1] DEBUG n.s.core.photography.Darkroom - Send negative for processing for target\site\serenity\df367db06373b7229803cd179d9e8c3dd392ab5650e5934428f72abbb55369a3.png
&amp#27;[92m|-- 1: user not registered ({number=00447711})&amp#27;[0m
&amp#27;[92m|---- Given User enters the coupon website&amp#27;[0m
&amp#27;[92m|------ User opens the home page&amp#27;[0m
11:42:57.299 [pool-2-thread-1] DEBUG n.t.core.steps.StepInterceptor - STARTING STEP: LoginSD.user_enters_the_coupon_website - !#title
&amp#27;[92m|-------- User opens the home.page page&amp#27;[0m
11:42:57.304 [pool-2-thread-1] DEBUG n.t.core.steps.StepInterceptor - STARTING STEP: LoginSD.user_enters_the_coupon_website - {0} opens the #pageName page
11:42:58.603 [pool-2-thread-1] DEBUG n.s.core.photography.Darkroom - Send negative for processing for target\site\serenity\b42f622a1aa42f0a5276e906389c9b74fd46763bf80a1c3555a837d88775e9b1.png
11:42:58.603 [pool-2-thread-1] DEBUG n.t.core.steps.StepInterceptor - STEP DONE: {0} opens the #pageName page
11:42:58.606 [pool-2-thread-1] DEBUG n.t.core.steps.StepInterceptor - STEP DONE: !#title
  &amp#27;[32mGiven &amp#27;[0m&amp#27;[32m&amp#27;[0m&amp#27;[32m&amp#27;[1mUser&amp#27;[0m&amp#27;[32m enters the coupon website&amp#27;[0m              &amp#27;[90m# steps.LoginSD.user_enters_the_coupon_website(net.serenitybdd.screenplay.Actor)&amp#27;[0m
11:43:08.779 [pool-2-thread-1] DEBUG n.s.core.photography.Darkroom - Send negative for processing for target\site\serenity\b398a90c1115e2eab095c0be325ef3fd9e33b3e066ef18e3390e5ca482a0177c.png
&amp#27;[92m|---- When sends  document 00447711&amp#27;[0m
&amp#27;[92m|------ user no registred&amp#27;[0m
11:43:08.788 [pool-2-thread-1] DEBUG n.t.core.steps.StepInterceptor - STARTING STEP: LoginSD.sends_document - !#title
11:43:08.789 [pool-2-thread-1] DEBUG n.s.s.targets.IFrameSwitcher - default content already selected for Input de numero de documento
11:43:09.063 [pool-2-thread-1] DEBUG n.s.core.photography.Darkroom - Send negative for processing for target\site\serenity\b398a90c1115e2eab095c0be325ef3fd9e33b3e066ef18e3390e5ca482a0177c.png
&amp#27;[92m|-------- User enters '00447711' into Input de numero de documento&amp#27;[0m
11:43:09.064 [pool-2-thread-1] DEBUG n.t.core.steps.StepInterceptor - STARTING STEP: LoginSD.sends_document - {0} enters #theTextAsAString into #target
11:43:09.064 [pool-2-thread-1] DEBUG n.s.s.targets.IFrameSwitcher - default content already selected for Input de numero de documento
11:43:09.496 [pool-2-thread-1] DEBUG n.s.core.photography.Darkroom - Send negative for processing for target\site\serenity\397b1310196cb4f8872e1e53bddf47e4fc480eb809fda5cf7238ece2edef2c5d.png
11:43:09.496 [pool-2-thread-1] DEBUG n.t.core.steps.StepInterceptor - STEP DONE: {0} enters #theTextAsAString into #target
11:43:09.498 [pool-2-thread-1] DEBUG n.s.s.targets.IFrameSwitcher - default content already selected for Boton ingresar
11:43:09.764 [pool-2-thread-1] DEBUG n.s.core.photography.Darkroom - Send negative for processing for target\site\serenity\397b1310196cb4f8872e1e53bddf47e4fc480eb809fda5cf7238ece2edef2c5d.png
&amp#27;[92m|-------- User clicks on Boton ingresar&amp#27;[0m
11:43:09.764 [pool-2-thread-1] DEBUG n.t.core.steps.StepInterceptor - STARTING STEP: LoginSD.sends_document - {0} clicks on #target
11:43:09.765 [pool-2-thread-1] DEBUG n.s.s.targets.IFrameSwitcher - default content already selected for Boton ingresar
11:43:10.058 [pool-2-thread-1] DEBUG n.s.core.photography.Darkroom - Send negative for processing for target\site\serenity\8273f9d9ab684c7a316d46daae2c83dbdaf745c562d185183913cbeefc4d3f3d.png
11:43:10.058 [pool-2-thread-1] DEBUG n.t.core.steps.StepInterceptor - STEP DONE: {0} clicks on #target
11:43:10.060 [pool-2-thread-1] DEBUG n.s.s.targets.IFrameSwitcher - default content already selected for MODAL DE REGISTRO A CUPONERO
11:43:10.774 [pool-2-thread-1] DEBUG n.s.core.photography.Darkroom - Send negative for processing for target\site\serenity\f185f65dd0f523500d756d8d612a30093e851fbadc26b127de2a545a7506278a.png
&amp#27;[92m|-------- User clicks on Link de registro a cuponero&amp#27;[0m
11:43:10.775 [pool-2-thread-1] DEBUG n.t.core.steps.StepInterceptor - STARTING STEP: LoginSD.sends_document - {0} clicks on #target
11:43:10.775 [pool-2-thread-1] DEBUG n.s.s.targets.IFrameSwitcher - default content already selected for Link de registro a cuponero
11:43:11.127 [pool-2-thread-1] DEBUG n.s.core.photography.Darkroom - Send negative for processing for target\site\serenity\ee81aea3e056e2deb709f4a83c91381a83b1cde85611f588842dad9980cb106a.png
11:43:11.127 [pool-2-thread-1] DEBUG n.t.core.steps.StepInterceptor - STEP DONE: {0} clicks on #target
11:43:11.130 [pool-2-thread-1] DEBUG n.t.core.steps.StepInterceptor - STEP DONE: !#title
  &amp#27;[32mWhen &amp#27;[0m&amp#27;[32msends  document &amp#27;[0m&amp#27;[32m&amp#27;[1m00447711&amp#27;[0m                     &amp#27;[90m# steps.LoginSD.sends_document(java.lang.String)&amp#27;[0m
&amp#27;[92m|---- Then should be able to see the registration modal&amp#27;[0m
11:43:11.135 [pool-2-thread-1] DEBUG n.s.s.targets.IFrameSwitcher - default content already selected for MODAL DE REGISTRO A CUPONERO
******DESCRIPCION DE MODAL DE REGISTRO************:Para ver tus cupones, debes ser Socio del Monedero del Ahorro. Ingresa a Registro de afiliación para afiliarte.
&amp#27;[92m|------ Then DESCRIPCION MODAL DE REGISTRO***** should be Predicates.equalTo(Para ver tus cupones, debes ser Socio del Monedero del Ahorro. Ingresa a Registro de afiliaci&oacute;n para afiliarte.)&amp#27;[0m
11:43:11.177 [pool-2-thread-1] DEBUG n.s.s.targets.IFrameSwitcher - default content already selected for MODAL DE REGISTRO A CUPONERO
11:43:11.378 [pool-2-thread-1] DEBUG n.s.core.photography.Darkroom - Send negative for processing for target\site\serenity\ee81aea3e056e2deb709f4a83c91381a83b1cde85611f588842dad9980cb106a.png
11:43:16.587 [pool-2-thread-1] DEBUG n.s.core.photography.Darkroom - Send negative for processing for target\site\serenity\ee81aea3e056e2deb709f4a83c91381a83b1cde85611f588842dad9980cb106a.png
&amp#27;[92m|------ User switches to new window&amp#27;[0m
11:43:16.588 [pool-2-thread-1] DEBUG n.t.core.steps.StepInterceptor - STARTING STEP: LoginSD.should_be_able_to_see_the_registration_modal - {0} switches to new window
11:43:16.597 [pool-2-thread-1] DEBUG n.s.s.actions.SwitchToNewWindow - open windows: 2
11:43:16.623 [pool-2-thread-1] DEBUG n.s.s.actions.SwitchToNewWindow - current window: Mifarma | Cuponero del ahorro, at: https://cupomania-qa05.cindibyinkafarma.com/login
11:43:33.538 [pool-2-thread-1] DEBUG n.s.s.actions.SwitchToNewWindow - new window: Ahorrando en Mifarma, at: https://mifarmapromos.com.pe/afiliate
11:43:33.976 [pool-2-thread-1] DEBUG n.s.core.photography.Darkroom - Send negative for processing for target\site\serenity\fa2588b1f1b328e9734c37b955cc71bd473ba4320ac210e10004a77cdc474192.png
11:43:33.977 [pool-2-thread-1] DEBUG n.t.core.steps.StepInterceptor - STEP DONE: {0} switches to new window
  &amp#27;[32mThen &amp#27;[0m&amp#27;[32mshould be able to see the registration modal&amp#27;[0m &amp#27;[90m# steps.LoginSD.should_be_able_to_see_the_registration_modal()&amp#27;[0m
11:43:33.984 [pool-2-thread-1] INFO   - &amp#27;[92m---------------
- TEST PASSED -
---------------

user not registered
---------------&amp#27;[0m
]]></system-out>
  </testcase>
</testsuite>