<?xml version="1.0" encoding="UTF-8"?><testsuite errors="0" failures="3" name="Login into the application" skipped="0" tests="3" time="79.25" timestamp="2021-10-04 12:40:51"><testcase name="successful login"><failure message="predicate failed" type="java.lang.AssertionError">predicate failed</failure><system-err>predicate failed&#13;
serenity.scrennplay@1.0-SNAPSHOT/steps.LoginSD.should_be_able_to_view_her_coupons(LoginSD.java:48)&#13;
âœ½.should be able to view her coupons(file:///C:/Users/Usuario/Desktop/AUTOMATIZACIONES/automation-cuponero-v2/src/test/resources/features/login/login.feature:13)&#13;
</system-err></testcase><testcase name="failed login"><failure message="&#13;&#10;Expected: an element that is visible&#13;&#10;     but: no matching element found by id: txtDocumentNumber" type="java.lang.AssertionError">&#13;
Expected: an element that is visible&#13;
     but: no matching element found by id: txtDocumentNumber</failure><system-err>&#13;
Expected: an element that is visible&#13;
     but: no matching element found by id: txtDocumentNumber&#13;
serenity.scrennplay@1.0-SNAPSHOT/steps.LoginSD.sends_invalid_document(LoginSD.java:63)&#13;
io.cucumber.java.Invoker.doInvoke(Invoker.java:66)&#13;
io.cucumber.java.Invoker.invoke(Invoker.java:24)&#13;
io.cucumber.java.AbstractGlueDefinition.invokeMethod(AbstractGlueDefinition.java:47)&#13;
io.cucumber.java.JavaStepDefinition.execute(JavaStepDefinition.java:29)&#13;
io.cucumber.core.runner.CoreStepDefinition.execute(CoreStepDefinition.java:66)&#13;
io.cucumber.core.runner.PickleStepDefinitionMatch.runStep(PickleStepDefinitionMatch.java:63)&#13;
io.cucumber.core.runner.TestStep.executeStep(TestStep.java:92)&#13;
io.cucumber.core.runner.TestStep.run(TestStep.java:64)&#13;
io.cucumber.core.runner.PickleStepTestStep.run(PickleStepTestStep.java:51)&#13;
io.cucumber.core.runner.TestCase.run(TestCase.java:104)&#13;
io.cucumber.core.runner.Runner.runPickle(Runner.java:73)&#13;
io.cucumber.junit.FeatureRunner.runChild(FeatureRunner.java:135)&#13;
io.cucumber.junit.FeatureRunner.runChild(FeatureRunner.java:27)&#13;
io.cucumber.junit.CucumberSerenityRunner.runChild(CucumberSerenityRunner.java:258)&#13;
io.cucumber.junit.CucumberSerenityRunner.runChild(CucumberSerenityRunner.java:57)&#13;
</system-err></testcase><testcase name="user not registered"><failure message="&#13;&#10;Expected: an element that is visible&#13;&#10;     but: no matching element found by id: txtDocumentNumber" type="java.lang.AssertionError">&#13;
Expected: an element that is visible&#13;
     but: no matching element found by id: txtDocumentNumber</failure><system-err>&#13;
Expected: an element that is visible&#13;
     but: no matching element found by id: txtDocumentNumber&#13;
serenity.scrennplay@1.0-SNAPSHOT/steps.LoginSD.sends_document(LoginSD.java:80)&#13;
io.cucumber.java.Invoker.doInvoke(Invoker.java:66)&#13;
io.cucumber.java.Invoker.invoke(Invoker.java:24)&#13;
io.cucumber.java.AbstractGlueDefinition.invokeMethod(AbstractGlueDefinition.java:47)&#13;
io.cucumber.java.JavaStepDefinition.execute(JavaStepDefinition.java:29)&#13;
io.cucumber.core.runner.CoreStepDefinition.execute(CoreStepDefinition.java:66)&#13;
io.cucumber.core.runner.PickleStepDefinitionMatch.runStep(PickleStepDefinitionMatch.java:63)&#13;
io.cucumber.core.runner.TestStep.executeStep(TestStep.java:92)&#13;
io.cucumber.core.runner.TestStep.run(TestStep.java:64)&#13;
io.cucumber.core.runner.PickleStepTestStep.run(PickleStepTestStep.java:51)&#13;
io.cucumber.core.runner.TestCase.run(TestCase.java:104)&#13;
io.cucumber.core.runner.Runner.runPickle(Runner.java:73)&#13;
io.cucumber.junit.FeatureRunner.runChild(FeatureRunner.java:135)&#13;
io.cucumber.junit.FeatureRunner.runChild(FeatureRunner.java:27)&#13;
io.cucumber.junit.CucumberSerenityRunner.runChild(CucumberSerenityRunner.java:258)&#13;
io.cucumber.junit.CucumberSerenityRunner.runChild(CucumberSerenityRunner.java:57)&#13;
</system-err></testcase></testsuite>